<?xml version="1.0" encoding="UTF-8"?>
<!-- Generated by org.testng.reporters.JUnitXMLReporter -->
<testsuite ignored="0" hostname="LAPTOP-HFRRK7QD" failures="1" tests="18" name="Testing on Chrome" time="607.268" errors="0" timestamp="2024-10-24T11:28:13 CDT">
  <testcase classname="Amazon_Project.Final.Test_1" name="newUserRegistration" time="13.701"/>
  <testcase classname="Amazon_Project.Final.Test_2" name="login" time="5.756"/>
  <testcase classname="Amazon_Project.Final.Test_3" name="incorrectlogin" time="2.698"/>
  <testcase classname="Amazon_Project.Final.Test_4" name="editprofileinfo" time="22.465"/>
  <testcase classname="Amazon_Project.Final.Test_5" name="searchshoe" time="2.875"/>
  <testcase classname="Amazon_Project.Final.Test_6" name="categoryPriceRange" time="21.401"/>
  <testcase classname="Amazon_Project.Final.Test_7" name="productpagedisplay" time="7.639"/>
  <testcase classname="Amazon_Project.Final.Test_8" name="productpagedisplay" time="34.933"/>
  <testcase classname="Amazon_Project.Final.Test_9" name="productAddedToCart" time="30.315">
    <skipped/>
  </testcase> <!-- productAddedToCart -->
  <testcase classname="Amazon_Project.Final.Test_9" name="productAddedToCart" time="26.993">
    <skipped/>
  </testcase> <!-- productAddedToCart -->
  <testcase classname="Amazon_Project.Final.Test_9" name="productAddedToCart" time="30.878">
    <failure type="java.lang.AssertionError" message="Test Case 9 Failed-Particular item was not added to cart expected [Campus Mens Oxyfit (N) Walking Sh] but found [Campus Men&amp;apos;s OXYFIT (N) BLK/Gold ]">
      <![CDATA[java.lang.AssertionError: Test Case 9 Failed-Particular item was not added to cart expected [Campus Mens Oxyfit (N) Walking Sh] but found [Campus Men's OXYFIT (N) BLK/Gold ]
at Amazon_Project.Final.Amz_CartPage.producttitleincart(Amz_CartPage.java:81)
at Amazon_Project.Final.Test_9.productAddedToCart(Test_9.java:29)
at java.base/java.util.ArrayList.forEach(ArrayList.java:1511)
... Removed 36 stack frames]]>
    </failure>
  </testcase> <!-- productAddedToCart -->
  <testcase classname="Amazon_Project.Final.Test10" name="CartQuantityandDeletion" time="40.781">
    <skipped/>
  </testcase> <!-- CartQuantityandDeletion -->
  <testcase classname="Amazon_Project.Final.Test10" name="CartQuantityandDeletion" time="36.416"/>
  <testcase classname="Amazon_Project.Final.Test11" name="checkoutProcess" time="73.706"/>
  <testcase classname="Amazon_Project.Final.Test12" name="selectVariousPayementMethod" time="37.212"/>
  <testcase classname="Amazon_Project.Final.Test13" name="selectCoupon" time="12.08"/>
  <testcase classname="Amazon_Project.Final.Test14" name="orderRating" time="8.926"/>
  <testcase classname="Amazon_Project.Final.Test15" name="cartWithoutlogging" time="11.497"/>
</testsuite> <!-- Testing on Chrome -->
