<html>
<head>
<title>TestNG:  Testing on Chrome</title>
<link href="../testng.css" rel="stylesheet" type="text/css" />
<link href="../my-testng.css" rel="stylesheet" type="text/css" />

<style type="text/css">
.log { display: none;} 
.stack-trace { display: none;} 
</style>
<script type="text/javascript">
<!--
function flip(e) {
  current = e.style.display;
  if (current == 'block') {
    e.style.display = 'none';
    return 0;
  }
  else {
    e.style.display = 'block';
    return 1;
  }
}

function toggleBox(szDivId, elem, msg1, msg2)
{
  var res = -1;  if (document.getElementById) {
    res = flip(document.getElementById(szDivId));
  }
  else if (document.all) {
    // this is the way old msie versions work
    res = flip(document.all[szDivId]);
  }
  if(elem) {
    if(res == 0) elem.innerHTML = msg1; else elem.innerHTML = msg2;
  }

}

function toggleAllBoxes() {
  if (document.getElementsByTagName) {
    d = document.getElementsByTagName('div');
    for (i = 0; i < d.length; i++) {
      if (d[i].className == 'log') {
        flip(d[i]);
      }
    }
  }
}

// -->
</script>

</head>
<body>
<h2 align='center'>Testing on Chrome</h2><table border='1' align="center">
<tr>
<td>Tests passed/Failed/Skipped:</td><td>14/1/3</td>
</tr><tr>
<td>Started on:</td><td>Thu Oct 24 11:18:06 CDT 2024</td>
</tr>
<tr><td>Total time:</td><td>607 seconds (607268 ms)</td>
</tr><tr>
<td>Included groups:</td><td></td>
</tr><tr>
<td>Excluded groups:</td><td></td>
</tr>
</table><p/>
<small><i>(Hover the method name to see the test class name)</i></small><p/>
<table width='100%' border='1' class='invocation-failed'>
<tr><td colspan='4' align='center'><b>FAILED TESTS</b></td></tr>
<tr><td><b>Test method</b></td>
<td><b>Attribute(s)</b></td>
<td width="30%"><b>Exception</b></td>
<td width="10%"><b>Time (seconds)</b></td>
<td><b>Instance</b></td>
</tr>
<tr>
<td title='Amazon_Project.Final.Test_9.productAddedToCart()'><b>productAddedToCart</b><br>Test class: Amazon_Project.Final.Test_9</td>
<td><div><pre>java.lang.AssertionError: Test Case 9 Failed-Particular item was not added to cart expected [Campus Mens Oxyfit (N) Walking Sh] but found [Campus Men&apos;s OXYFIT (N) BLK/Gold ]
	at Amazon_Project.Final.Amz_CartPage.producttitleincart(Amz_CartPage.java:81)
	at Amazon_Project.Final.Test_9.productAddedToCart(Test_9.java:29)
	at java.base/java.util.ArrayList.forEach(ArrayList.java:1511)
... Removed 36 stack frames</pre></div><a href='#' onClick='toggleBox("stack-trace63178138", this, "Click to show all stack frames", "Click to hide stack frames")'>Click to show all stack frames</a>
<div class='stack-trace' id='stack-trace63178138'><pre>java.lang.AssertionError: Test Case 9 Failed-Particular item was not added to cart expected [Campus Mens Oxyfit (N) Walking Sh] but found [Campus Men&apos;s OXYFIT (N) BLK/Gold ]
	at org.testng.Assert.fail(Assert.java:111)
	at org.testng.Assert.failNotEquals(Assert.java:1578)
	at org.testng.Assert.assertEqualsImpl(Assert.java:150)
	at org.testng.Assert.assertEquals(Assert.java:132)
	at org.testng.Assert.assertEquals(Assert.java:656)
	at Amazon_Project.Final.Amz_CartPage.producttitleincart(Amz_CartPage.java:81)
	at Amazon_Project.Final.Test_9.productAddedToCart(Test_9.java:29)
	at java.base/jdk.internal.reflect.NativeMethodAccessorImpl.invoke0(Native Method)
	at java.base/jdk.internal.reflect.NativeMethodAccessorImpl.invoke(NativeMethodAccessorImpl.java:77)
	at java.base/jdk.internal.reflect.DelegatingMethodAccessorImpl.invoke(DelegatingMethodAccessorImpl.java:43)
	at java.base/java.lang.reflect.Method.invoke(Method.java:568)
	at org.testng.internal.invokers.MethodInvocationHelper.invokeMethod(MethodInvocationHelper.java:141)
	at org.testng.internal.invokers.TestInvoker.invokeMethod(TestInvoker.java:686)
	at org.testng.internal.invokers.TestInvoker.retryFailed(TestInvoker.java:269)
	at org.testng.internal.invokers.MethodRunner.runInSequence(MethodRunner.java:76)
	at org.testng.internal.invokers.TestInvoker$MethodInvocationAgent.invoke(TestInvoker.java:992)
	at org.testng.internal.invokers.TestInvoker.invokeTestMethods(TestInvoker.java:203)
	at org.testng.internal.invokers.TestMethodWorker.invokeTestMethods(TestMethodWorker.java:154)
	at org.testng.internal.invokers.TestMethodWorker.run(TestMethodWorker.java:134)
	at java.base/java.util.ArrayList.forEach(ArrayList.java:1511)
	at org.testng.TestRunner.privateRun(TestRunner.java:739)
	at org.testng.TestRunner.run(TestRunner.java:614)
	at org.testng.SuiteRunner.runTest(SuiteRunner.java:421)
	at org.testng.SuiteRunner.runSequentially(SuiteRunner.java:413)
	at org.testng.SuiteRunner.privateRun(SuiteRunner.java:373)
	at org.testng.SuiteRunner.run(SuiteRunner.java:312)
	at org.testng.SuiteRunnerWorker.runSuite(SuiteRunnerWorker.java:52)
	at org.testng.SuiteRunnerWorker.run(SuiteRunnerWorker.java:95)
	at org.testng.TestNG.runSuitesSequentially(TestNG.java:1274)
	at org.testng.TestNG.runSuitesLocally(TestNG.java:1208)
	at org.testng.TestNG.runSuites(TestNG.java:1112)
	at org.testng.TestNG.run(TestNG.java:1079)
	at org.apache.maven.surefire.testng.TestNGExecutor.run(TestNGExecutor.java:308)
	at org.apache.maven.surefire.testng.TestNGXmlTestSuite.execute(TestNGXmlTestSuite.java:71)
	at org.apache.maven.surefire.testng.TestNGProvider.invoke(TestNGProvider.java:113)
	at org.apache.maven.surefire.booter.ForkedBooter.runSuitesInProcess(ForkedBooter.java:385)
	at org.apache.maven.surefire.booter.ForkedBooter.execute(ForkedBooter.java:162)
	at org.apache.maven.surefire.booter.ForkedBooter.run(ForkedBooter.java:507)
	at org.apache.maven.surefire.booter.ForkedBooter.main(ForkedBooter.java:495)
</pre></div></td>
<td>30</td>
<td>Amazon_Project.Final.Test_9@5b1669c0</td></tr>
</table><p>
<table width='100%' border='1' class='invocation-passed'>
<tr><td colspan='4' align='center'><b>PASSED TESTS</b></td></tr>
<tr><td><b>Test method</b></td>
<td><b>Attribute(s)</b></td>
<td width="30%"><b>Exception</b></td>
<td width="10%"><b>Time (seconds)</b></td>
<td><b>Instance</b></td>
</tr>
<tr>
<td title='Amazon_Project.Final.Test10.CartQuantityandDeletion()'><b>CartQuantityandDeletion</b><br>Test class: Amazon_Project.Final.Test10<br/>
<a href="#Output-121286266" onClick='toggleBox("Output-121286266", this, "Show output", "Hide output");'>Show output</a>

<a href="#Output-121286266" onClick="toggleAllBoxes();">Show all outputs</a>
<div class='log' id="Output-121286266">
Test Case 10 Passed-Qty change Successful<br/>
Test Case 10 Passed-Deletion of product from cart was successful<br/>
</div>
</td>
<td></td>
<td>36</td>
<td>Amazon_Project.Final.Test10@78e4deb0</td></tr>
<tr>
<td title='Amazon_Project.Final.Test_2.login()'><b>login</b><br>Test class: Amazon_Project.Final.Test_2<br/>
<a href="#Output-1859216983" onClick='toggleBox("Output-1859216983", this, "Show output", "Hide output");'>Show output</a>

<a href="#Output-1859216983" onClick="toggleAllBoxes();">Show all outputs</a>
<div class='log' id="Output-1859216983">
Test Case 2 Passed -Login successful<br/>
</div>
</td>
<td></td>
<td>5</td>
<td>Amazon_Project.Final.Test_2@6892b3b6</td></tr>
<tr>
<td title='Amazon_Project.Final.Test_6.categoryPriceRange()'><b>categoryPriceRange</b><br>Test class: Amazon_Project.Final.Test_6<br/>
<a href="#Output-476709123" onClick='toggleBox("Output-476709123", this, "Show output", "Hide output");'>Show output</a>

<a href="#Output-476709123" onClick="toggleAllBoxes();">Show all outputs</a>
<div class='log' id="Output-476709123">
Test 6 Category passed-Category search resulted in around 54 searches based on category Women's Casual Shoes<br/>
Test Case 6 Passed-The price slider is giving accurate results<br/>
</div>
</td>
<td></td>
<td>21</td>
<td>Amazon_Project.Final.Test_6@53fe15ff</td></tr>
<tr>
<td title='Amazon_Project.Final.Test_3.incorrectlogin()'><b>incorrectlogin</b><br>Test class: Amazon_Project.Final.Test_3</td>
<td></td>
<td>2</td>
<td>Amazon_Project.Final.Test_3@6e6f2380</td></tr>
<tr>
<td title='Amazon_Project.Final.Test_8.productpagedisplay()'><b>productpagedisplay</b><br>Test class: Amazon_Project.Final.Test_8<br/>
<a href="#Output-1638622497" onClick='toggleBox("Output-1638622497", this, "Show output", "Hide output");'>Show output</a>

<a href="#Output-1638622497" onClick="toggleAllBoxes();">Show all outputs</a>
<div class='log' id="Output-1638622497">
TestCase 8 passed- Sorting low to high successful<br/>
TestCase 8 passed- Sorting high to low successful<br/>
</div>
</td>
<td></td>
<td>34</td>
<td>Amazon_Project.Final.Test_8@1530c739</td></tr>
<tr>
<td title='Amazon_Project.Final.Test_4.editprofileinfo()'><b>editprofileinfo</b><br>Test class: Amazon_Project.Final.Test_4<br/>
<a href="#Output-94354228" onClick='toggleBox("Output-94354228", this, "Show output", "Hide output");'>Show output</a>

<a href="#Output-94354228" onClick="toggleAllBoxes();">Show all outputs</a>
<div class='log' id="Output-94354228">
The original profile name is Sanji0.004381170991950234<br/>
Test Case 4 passed-Change profile name successful<br/>
</div>
</td>
<td></td>
<td>22</td>
<td>Amazon_Project.Final.Test_4@76a4ebf2</td></tr>
<tr>
<td title='Amazon_Project.Final.Test11.checkoutProcess()'><b>checkoutProcess</b><br>Test class: Amazon_Project.Final.Test11<br/>
<a href="#Output-2060145152" onClick='toggleBox("Output-2060145152", this, "Show output", "Hide output");'>Show output</a>

<a href="#Output-2060145152" onClick="toggleAllBoxes();">Show all outputs</a>
<div class='log' id="Output-2060145152">
Test Case 11 passed-Address selected successfully<br/>
Test Case 11 passed-Payment type selected successfully<br/>
Test Case 11 Passed-Order review successful- BRUTON Shoes for Trendy Shoes | Casual Shoes | Sneakers | Walking Shoes for Men - Grey, Size : 8 displayed on the checkout page<br/>
</div>
</td>
<td></td>
<td>73</td>
<td>Amazon_Project.Final.Test11@6e9175d8</td></tr>
<tr>
<td title='Amazon_Project.Final.Test_5.searchshoe()'><b>searchshoe</b><br>Test class: Amazon_Project.Final.Test_5<br/>
<a href="#Output-823405912" onClick='toggleBox("Output-823405912", this, "Show output", "Hide output");'>Show output</a>

<a href="#Output-823405912" onClick="toggleAllBoxes();">Show all outputs</a>
<div class='log' id="Output-823405912">
Test Case 5 Passed: Search is giving correct result<br/>
</div>
</td>
<td></td>
<td>2</td>
<td>Amazon_Project.Final.Test_5@2e8c1c9b</td></tr>
<tr>
<td title='Amazon_Project.Final.Test15.cartWithoutlogging()'><b>cartWithoutlogging</b><br>Test class: Amazon_Project.Final.Test15<br/>
<a href="#Output-1535571147" onClick='toggleBox("Output-1535571147", this, "Show output", "Hide output");'>Show output</a>

<a href="#Output-1535571147" onClick="toggleAllBoxes();">Show all outputs</a>
<div class='log' id="Output-1535571147">
Test Case 5 Passed: Search is giving correct result<br/>
Test Case 15 passed-Reaching the cart page without logging in successful<br/>
</div>
</td>
<td></td>
<td>11</td>
<td>Amazon_Project.Final.Test15@2eae8e6e</td></tr>
<tr>
<td title='Amazon_Project.Final.Test_1.newUserRegistration()'><b>newUserRegistration</b><br>Test class: Amazon_Project.Final.Test_1<br/>
<a href="#Output-155140910" onClick='toggleBox("Output-155140910", this, "Show output", "Hide output");'>Show output</a>

<a href="#Output-155140910" onClick="toggleAllBoxes();">Show all outputs</a>
<div class='log' id="Output-155140910">
Test Case 1 Passed-New user registration successful<br/>
</div>
</td>
<td></td>
<td>13</td>
<td>Amazon_Project.Final.Test_1@60bd273d</td></tr>
<tr>
<td title='Amazon_Project.Final.Test13.selectCoupon()'><b>selectCoupon</b><br>Test class: Amazon_Project.Final.Test13<br/>
<a href="#Output-413371322" onClick='toggleBox("Output-413371322", this, "Show output", "Hide output");'>Show output</a>

<a href="#Output-413371322" onClick="toggleAllBoxes();">Show all outputs</a>
<div class='log' id="Output-413371322">
Test Case 13 passed-Coupon click successful<br/>
</div>
</td>
<td></td>
<td>12</td>
<td>Amazon_Project.Final.Test13@15bb5034</td></tr>
<tr>
<td title='Amazon_Project.Final.Test14.orderRating()'><b>orderRating</b><br>Test class: Amazon_Project.Final.Test14<br/>
<a href="#Output-640103260" onClick='toggleBox("Output-640103260", this, "Show output", "Hide output");'>Show output</a>

<a href="#Output-640103260" onClick="toggleAllBoxes();">Show all outputs</a>
<div class='log' id="Output-640103260">
Test Case 14 passed-5 star rating on product ordered successful<br/>
</div>
</td>
<td></td>
<td>8</td>
<td>Amazon_Project.Final.Test14@4b741d6d</td></tr>
<tr>
<td title='Amazon_Project.Final.Test12.selectVariousPayementMethod()'><b>selectVariousPayementMethod</b><br>Test class: Amazon_Project.Final.Test12<br/>
<a href="#Output-1894487255" onClick='toggleBox("Output-1894487255", this, "Show output", "Hide output");'>Show output</a>

<a href="#Output-1894487255" onClick="toggleAllBoxes();">Show all outputs</a>
<div class='log' id="Output-1894487255">
TestCase 12 Passed-Selection of credit or debit card successful<br/>
TestCase 12 Passed-Selection of NetBanking successful<br/>
TestCase 12 Passed-Selection of upi successful<br/>
</div>
</td>
<td></td>
<td>37</td>
<td>Amazon_Project.Final.Test12@7d0b7e3c</td></tr>
<tr>
<td title='Amazon_Project.Final.Test_7.productpagedisplay()'><b>productpagedisplay</b><br>Test class: Amazon_Project.Final.Test_7<br/>
<a href="#Output-29838617" onClick='toggleBox("Output-29838617", this, "Show output", "Hide output");'>Show output</a>

<a href="#Output-29838617" onClick="toggleAllBoxes();">Show all outputs</a>
<div class='log' id="Output-29838617">
Test Case 7 for price display passed<br/>
Test Case 7 for product details display or about this item passed<br/>
Test Case 7 for customer product rating display passed<br/>
</div>
</td>
<td></td>
<td>7</td>
<td>Amazon_Project.Final.Test_7@449a4f23</td></tr>
</table><p>
<table width='100%' border='1' class='invocation-skipped'>
<tr><td colspan='4' align='center'><b>SKIPPED TESTS</b></td></tr>
<tr><td><b>Test method</b></td>
<td><b>Attribute(s)</b></td>
<td width="30%"><b>Exception</b></td>
<td width="10%"><b>Time (seconds)</b></td>
<td><b>Instance</b></td>
</tr>
<tr>
<td title='Amazon_Project.Final.Test10.CartQuantityandDeletion()'><b>CartQuantityandDeletion</b><br>Test class: Amazon_Project.Final.Test10</td>
<td><div><pre>java.lang.IndexOutOfBoundsException: Index 2 out of bounds for length 2
	at java.base/jdk.internal.util.Preconditions.outOfBounds(Preconditions.java:64)
	at java.base/jdk.internal.util.Preconditions.outOfBoundsCheckIndex(Preconditions.java:70)
	at java.base/jdk.internal.util.Preconditions.checkIndex(Preconditions.java:266)
	at java.base/java.util.Objects.checkIndex(Objects.java:361)
	at java.base/java.util.ArrayList.get(ArrayList.java:427)
	at org.openqa.selenium.support.pagefactory.internal.LocatingElementListHandler.invoke(LocatingElementListHandler.java:39)
	at jdk.proxy2/jdk.proxy2.$Proxy13.get(Unknown Source)
	at Amazon_Project.Final.Amz_CartPage.quantityAndDelete(Amz_CartPage.java:149)
	at Amazon_Project.Final.Test10.CartQuantityandDeletion(Test10.java:30)
	at java.base/java.util.ArrayList.forEach(ArrayList.java:1511)
... Removed 34 stack frames</pre></div><a href='#' onClick='toggleBox("stack-trace1415611350", this, "Click to show all stack frames", "Click to hide stack frames")'>Click to show all stack frames</a>
<div class='stack-trace' id='stack-trace1415611350'><pre>java.lang.IndexOutOfBoundsException: Index 2 out of bounds for length 2
	at java.base/jdk.internal.util.Preconditions.outOfBounds(Preconditions.java:64)
	at java.base/jdk.internal.util.Preconditions.outOfBoundsCheckIndex(Preconditions.java:70)
	at java.base/jdk.internal.util.Preconditions.checkIndex(Preconditions.java:266)
	at java.base/java.util.Objects.checkIndex(Objects.java:361)
	at java.base/java.util.ArrayList.get(ArrayList.java:427)
	at java.base/jdk.internal.reflect.GeneratedMethodAccessor2.invoke(Unknown Source)
	at java.base/jdk.internal.reflect.DelegatingMethodAccessorImpl.invoke(DelegatingMethodAccessorImpl.java:43)
	at java.base/java.lang.reflect.Method.invoke(Method.java:568)
	at org.openqa.selenium.support.pagefactory.internal.LocatingElementListHandler.invoke(LocatingElementListHandler.java:39)
	at jdk.proxy2/jdk.proxy2.$Proxy13.get(Unknown Source)
	at Amazon_Project.Final.Amz_CartPage.quantityAndDelete(Amz_CartPage.java:149)
	at Amazon_Project.Final.Test10.CartQuantityandDeletion(Test10.java:30)
	at java.base/jdk.internal.reflect.NativeMethodAccessorImpl.invoke0(Native Method)
	at java.base/jdk.internal.reflect.NativeMethodAccessorImpl.invoke(NativeMethodAccessorImpl.java:77)
	at java.base/jdk.internal.reflect.DelegatingMethodAccessorImpl.invoke(DelegatingMethodAccessorImpl.java:43)
	at java.base/java.lang.reflect.Method.invoke(Method.java:568)
	at org.testng.internal.invokers.MethodInvocationHelper.invokeMethod(MethodInvocationHelper.java:141)
	at org.testng.internal.invokers.TestInvoker.invokeMethod(TestInvoker.java:686)
	at org.testng.internal.invokers.TestInvoker.invokeTestMethod(TestInvoker.java:230)
	at org.testng.internal.invokers.MethodRunner.runInSequence(MethodRunner.java:63)
	at org.testng.internal.invokers.TestInvoker$MethodInvocationAgent.invoke(TestInvoker.java:992)
	at org.testng.internal.invokers.TestInvoker.invokeTestMethods(TestInvoker.java:203)
	at org.testng.internal.invokers.TestMethodWorker.invokeTestMethods(TestMethodWorker.java:154)
	at org.testng.internal.invokers.TestMethodWorker.run(TestMethodWorker.java:134)
	at java.base/java.util.ArrayList.forEach(ArrayList.java:1511)
	at org.testng.TestRunner.privateRun(TestRunner.java:739)
	at org.testng.TestRunner.run(TestRunner.java:614)
	at org.testng.SuiteRunner.runTest(SuiteRunner.java:421)
	at org.testng.SuiteRunner.runSequentially(SuiteRunner.java:413)
	at org.testng.SuiteRunner.privateRun(SuiteRunner.java:373)
	at org.testng.SuiteRunner.run(SuiteRunner.java:312)
	at org.testng.SuiteRunnerWorker.runSuite(SuiteRunnerWorker.java:52)
	at org.testng.SuiteRunnerWorker.run(SuiteRunnerWorker.java:95)
	at org.testng.TestNG.runSuitesSequentially(TestNG.java:1274)
	at org.testng.TestNG.runSuitesLocally(TestNG.java:1208)
	at org.testng.TestNG.runSuites(TestNG.java:1112)
	at org.testng.TestNG.run(TestNG.java:1079)
	at org.apache.maven.surefire.testng.TestNGExecutor.run(TestNGExecutor.java:308)
	at org.apache.maven.surefire.testng.TestNGXmlTestSuite.execute(TestNGXmlTestSuite.java:71)
	at org.apache.maven.surefire.testng.TestNGProvider.invoke(TestNGProvider.java:113)
	at org.apache.maven.surefire.booter.ForkedBooter.runSuitesInProcess(ForkedBooter.java:385)
	at org.apache.maven.surefire.booter.ForkedBooter.execute(ForkedBooter.java:162)
	at org.apache.maven.surefire.booter.ForkedBooter.run(ForkedBooter.java:507)
	at org.apache.maven.surefire.booter.ForkedBooter.main(ForkedBooter.java:495)
</pre></div></td>
<td>40</td>
<td>Amazon_Project.Final.Test10@78e4deb0</td></tr>
<tr>
<td title='Amazon_Project.Final.Test_9.productAddedToCart()'><b>productAddedToCart</b><br>Test class: Amazon_Project.Final.Test_9</td>
<td><div><pre>java.lang.AssertionError: Test Case 9 Failed-Particular item was not added to cart expected [Campus Mens Oxyfit (N) Walking Sh] but found [Campus Men&apos;s OXYFIT (N) BLK/Gold ]
	at Amazon_Project.Final.Amz_CartPage.producttitleincart(Amz_CartPage.java:81)
	at Amazon_Project.Final.Test_9.productAddedToCart(Test_9.java:29)
	at java.base/java.util.ArrayList.forEach(ArrayList.java:1511)
... Removed 36 stack frames</pre></div><a href='#' onClick='toggleBox("stack-trace1560391896", this, "Click to show all stack frames", "Click to hide stack frames")'>Click to show all stack frames</a>
<div class='stack-trace' id='stack-trace1560391896'><pre>java.lang.AssertionError: Test Case 9 Failed-Particular item was not added to cart expected [Campus Mens Oxyfit (N) Walking Sh] but found [Campus Men&apos;s OXYFIT (N) BLK/Gold ]
	at org.testng.Assert.fail(Assert.java:111)
	at org.testng.Assert.failNotEquals(Assert.java:1578)
	at org.testng.Assert.assertEqualsImpl(Assert.java:150)
	at org.testng.Assert.assertEquals(Assert.java:132)
	at org.testng.Assert.assertEquals(Assert.java:656)
	at Amazon_Project.Final.Amz_CartPage.producttitleincart(Amz_CartPage.java:81)
	at Amazon_Project.Final.Test_9.productAddedToCart(Test_9.java:29)
	at java.base/jdk.internal.reflect.NativeMethodAccessorImpl.invoke0(Native Method)
	at java.base/jdk.internal.reflect.NativeMethodAccessorImpl.invoke(NativeMethodAccessorImpl.java:77)
	at java.base/jdk.internal.reflect.DelegatingMethodAccessorImpl.invoke(DelegatingMethodAccessorImpl.java:43)
	at java.base/java.lang.reflect.Method.invoke(Method.java:568)
	at org.testng.internal.invokers.MethodInvocationHelper.invokeMethod(MethodInvocationHelper.java:141)
	at org.testng.internal.invokers.TestInvoker.invokeMethod(TestInvoker.java:686)
	at org.testng.internal.invokers.TestInvoker.retryFailed(TestInvoker.java:269)
	at org.testng.internal.invokers.MethodRunner.runInSequence(MethodRunner.java:76)
	at org.testng.internal.invokers.TestInvoker$MethodInvocationAgent.invoke(TestInvoker.java:992)
	at org.testng.internal.invokers.TestInvoker.invokeTestMethods(TestInvoker.java:203)
	at org.testng.internal.invokers.TestMethodWorker.invokeTestMethods(TestMethodWorker.java:154)
	at org.testng.internal.invokers.TestMethodWorker.run(TestMethodWorker.java:134)
	at java.base/java.util.ArrayList.forEach(ArrayList.java:1511)
	at org.testng.TestRunner.privateRun(TestRunner.java:739)
	at org.testng.TestRunner.run(TestRunner.java:614)
	at org.testng.SuiteRunner.runTest(SuiteRunner.java:421)
	at org.testng.SuiteRunner.runSequentially(SuiteRunner.java:413)
	at org.testng.SuiteRunner.privateRun(SuiteRunner.java:373)
	at org.testng.SuiteRunner.run(SuiteRunner.java:312)
	at org.testng.SuiteRunnerWorker.runSuite(SuiteRunnerWorker.java:52)
	at org.testng.SuiteRunnerWorker.run(SuiteRunnerWorker.java:95)
	at org.testng.TestNG.runSuitesSequentially(TestNG.java:1274)
	at org.testng.TestNG.runSuitesLocally(TestNG.java:1208)
	at org.testng.TestNG.runSuites(TestNG.java:1112)
	at org.testng.TestNG.run(TestNG.java:1079)
	at org.apache.maven.surefire.testng.TestNGExecutor.run(TestNGExecutor.java:308)
	at org.apache.maven.surefire.testng.TestNGXmlTestSuite.execute(TestNGXmlTestSuite.java:71)
	at org.apache.maven.surefire.testng.TestNGProvider.invoke(TestNGProvider.java:113)
	at org.apache.maven.surefire.booter.ForkedBooter.runSuitesInProcess(ForkedBooter.java:385)
	at org.apache.maven.surefire.booter.ForkedBooter.execute(ForkedBooter.java:162)
	at org.apache.maven.surefire.booter.ForkedBooter.run(ForkedBooter.java:507)
	at org.apache.maven.surefire.booter.ForkedBooter.main(ForkedBooter.java:495)
</pre></div></td>
<td>26</td>
<td>Amazon_Project.Final.Test_9@5b1669c0</td></tr>
<tr>
<td title='Amazon_Project.Final.Test_9.productAddedToCart()'><b>productAddedToCart</b><br>Test class: Amazon_Project.Final.Test_9</td>
<td><div><pre>java.lang.AssertionError: Test Case 9 Failed-Particular item was not added to cart expected [Campus Mens Oxyfit (N) Walking S] but found [Campus Men&apos;s OXYFIT (N) BLU/Gry ]
	at Amazon_Project.Final.Amz_CartPage.producttitleincart(Amz_CartPage.java:81)
	at Amazon_Project.Final.Test_9.productAddedToCart(Test_9.java:29)
	at java.base/java.util.ArrayList.forEach(ArrayList.java:1511)
... Removed 36 stack frames</pre></div><a href='#' onClick='toggleBox("stack-trace1170032467", this, "Click to show all stack frames", "Click to hide stack frames")'>Click to show all stack frames</a>
<div class='stack-trace' id='stack-trace1170032467'><pre>java.lang.AssertionError: Test Case 9 Failed-Particular item was not added to cart expected [Campus Mens Oxyfit (N) Walking S] but found [Campus Men&apos;s OXYFIT (N) BLU/Gry ]
	at org.testng.Assert.fail(Assert.java:111)
	at org.testng.Assert.failNotEquals(Assert.java:1578)
	at org.testng.Assert.assertEqualsImpl(Assert.java:150)
	at org.testng.Assert.assertEquals(Assert.java:132)
	at org.testng.Assert.assertEquals(Assert.java:656)
	at Amazon_Project.Final.Amz_CartPage.producttitleincart(Amz_CartPage.java:81)
	at Amazon_Project.Final.Test_9.productAddedToCart(Test_9.java:29)
	at java.base/jdk.internal.reflect.NativeMethodAccessorImpl.invoke0(Native Method)
	at java.base/jdk.internal.reflect.NativeMethodAccessorImpl.invoke(NativeMethodAccessorImpl.java:77)
	at java.base/jdk.internal.reflect.DelegatingMethodAccessorImpl.invoke(DelegatingMethodAccessorImpl.java:43)
	at java.base/java.lang.reflect.Method.invoke(Method.java:568)
	at org.testng.internal.invokers.MethodInvocationHelper.invokeMethod(MethodInvocationHelper.java:141)
	at org.testng.internal.invokers.TestInvoker.invokeMethod(TestInvoker.java:686)
	at org.testng.internal.invokers.TestInvoker.invokeTestMethod(TestInvoker.java:230)
	at org.testng.internal.invokers.MethodRunner.runInSequence(MethodRunner.java:63)
	at org.testng.internal.invokers.TestInvoker$MethodInvocationAgent.invoke(TestInvoker.java:992)
	at org.testng.internal.invokers.TestInvoker.invokeTestMethods(TestInvoker.java:203)
	at org.testng.internal.invokers.TestMethodWorker.invokeTestMethods(TestMethodWorker.java:154)
	at org.testng.internal.invokers.TestMethodWorker.run(TestMethodWorker.java:134)
	at java.base/java.util.ArrayList.forEach(ArrayList.java:1511)
	at org.testng.TestRunner.privateRun(TestRunner.java:739)
	at org.testng.TestRunner.run(TestRunner.java:614)
	at org.testng.SuiteRunner.runTest(SuiteRunner.java:421)
	at org.testng.SuiteRunner.runSequentially(SuiteRunner.java:413)
	at org.testng.SuiteRunner.privateRun(SuiteRunner.java:373)
	at org.testng.SuiteRunner.run(SuiteRunner.java:312)
	at org.testng.SuiteRunnerWorker.runSuite(SuiteRunnerWorker.java:52)
	at org.testng.SuiteRunnerWorker.run(SuiteRunnerWorker.java:95)
	at org.testng.TestNG.runSuitesSequentially(TestNG.java:1274)
	at org.testng.TestNG.runSuitesLocally(TestNG.java:1208)
	at org.testng.TestNG.runSuites(TestNG.java:1112)
	at org.testng.TestNG.run(TestNG.java:1079)
	at org.apache.maven.surefire.testng.TestNGExecutor.run(TestNGExecutor.java:308)
	at org.apache.maven.surefire.testng.TestNGXmlTestSuite.execute(TestNGXmlTestSuite.java:71)
	at org.apache.maven.surefire.testng.TestNGProvider.invoke(TestNGProvider.java:113)
	at org.apache.maven.surefire.booter.ForkedBooter.runSuitesInProcess(ForkedBooter.java:385)
	at org.apache.maven.surefire.booter.ForkedBooter.execute(ForkedBooter.java:162)
	at org.apache.maven.surefire.booter.ForkedBooter.run(ForkedBooter.java:507)
	at org.apache.maven.surefire.booter.ForkedBooter.main(ForkedBooter.java:495)
</pre></div></td>
<td>30</td>
<td>Amazon_Project.Final.Test_9@5b1669c0</td></tr>
</table><p>
</body>
</html>