<?xml version="1.0" encoding="UTF-8"?>
<!-- Generated by org.testng.reporters.JUnitXMLReporter -->
<testsuite ignored="0" hostname="LAPTOP-HFRRK7QD" failures="1" tests="20" name="Testing on Edge" time="810.865" errors="0" timestamp="2024-10-24T11:41:44 CDT">
  <testcase classname="Amazon_Project.Final.Test_1" name="newUserRegistration" time="13.14"/>
  <testcase classname="Amazon_Project.Final.Test_2" name="login" time="12.83"/>
  <testcase classname="Amazon_Project.Final.Test_3" name="incorrectlogin" time="3.432"/>
  <testcase classname="Amazon_Project.Final.Test_4" name="editprofileinfo" time="32.543"/>
  <testcase classname="Amazon_Project.Final.Test_5" name="searchshoe" time="3.1"/>
  <testcase classname="Amazon_Project.Final.Test_6" name="categoryPriceRange" time="21.748"/>
  <testcase classname="Amazon_Project.Final.Test_7" name="productpagedisplay" time="7.1"/>
  <testcase classname="Amazon_Project.Final.Test_8" name="productpagedisplay" time="34.046"/>
  <testcase classname="Amazon_Project.Final.Test_9" name="productAddedToCart" time="27.234">
    <skipped/>
  </testcase> <!-- productAddedToCart -->
  <testcase classname="Amazon_Project.Final.Test_9" name="productAddedToCart" time="27.344">
    <skipped/>
  </testcase> <!-- productAddedToCart -->
  <testcase classname="Amazon_Project.Final.Test_9" name="productAddedToCart" time="28.108">
    <failure type="java.lang.AssertionError" message="Test Case 9 Failed-Particular item was not added to cart expected [Campus Mens Oxyfit (N) Walking S] but found [Campus Men&amp;apos;s OXYFIT (N) BLU/Gry ]">
      <![CDATA[java.lang.AssertionError: Test Case 9 Failed-Particular item was not added to cart expected [Campus Mens Oxyfit (N) Walking S] but found [Campus Men's OXYFIT (N) BLU/Gry ]
at Amazon_Project.Final.Amz_CartPage.producttitleincart(Amz_CartPage.java:81)
at Amazon_Project.Final.Test_9.productAddedToCart(Test_9.java:29)
at java.base/java.util.ArrayList.forEach(ArrayList.java:1511)
... Removed 36 stack frames]]>
    </failure>
  </testcase> <!-- productAddedToCart -->
  <testcase classname="Amazon_Project.Final.Test10" name="CartQuantityandDeletion" time="34.798">
    <skipped/>
  </testcase> <!-- CartQuantityandDeletion -->
  <testcase classname="Amazon_Project.Final.Test10" name="CartQuantityandDeletion" time="35.897"/>
  <testcase classname="Amazon_Project.Final.Test11" name="checkoutProcess" time="83.451">
    <skipped/>
  </testcase> <!-- checkoutProcess -->
  <testcase classname="Amazon_Project.Final.Test11" name="checkoutProcess" time="31.287">
    <skipped/>
  </testcase> <!-- checkoutProcess -->
  <testcase classname="Amazon_Project.Final.Test11" name="checkoutProcess" time="71.026"/>
  <testcase classname="Amazon_Project.Final.Test12" name="selectVariousPayementMethod" time="37.09"/>
  <testcase classname="Amazon_Project.Final.Test13" name="selectCoupon" time="15.372"/>
  <testcase classname="Amazon_Project.Final.Test14" name="orderRating" time="8.589"/>
  <testcase classname="Amazon_Project.Final.Test15" name="cartWithoutlogging" time="10.274"/>
</testsuite> <!-- Testing on Edge -->
