<!DOCTYPE html PUBLIC "-//W3C//DTD XHTML 1.1//EN" "https://www.w3.org/TR/xhtml11/DTD/xhtml11.dtd">
<html xmlns="https://www.w3.org/1999/xhtml">
<head>
<meta http-equiv="content-type" content="text/html; charset=UTF-8"/>
<title>TestNG Report</title>
<style type="text/css">table {margin-bottom:10px;border-collapse:collapse;empty-cells:show}th,td {border:1px solid #009;padding:.25em .5em}th {vertical-align:bottom}td {vertical-align:top}table a {font-weight:bold}.stripe td {background-color: #E6EBF9}.num {text-align:right}.passedodd td {background-color: #3F3}.passedeven td {background-color: #0A0}.skippedodd td {background-color: #DDD}.skippedeven td {background-color: #CCC}.failedodd td,.attn {background-color: #F33}.failedeven td,.stripe .attn {background-color: #D00}.stacktrace {white-space:pre;font-family:monospace}.totop {font-size:85%;text-align:center;border-bottom:2px solid #000}.invisible {display:none}</style>
</head>
<body>
<table>
<tr><th>Test</th><th># Passed</th><th># Skipped</th><th># Retried</th><th># Failed</th><th>Time (ms)</th><th>Included Groups</th><th>Excluded Groups</th></tr>
<tr><th colspan="8">Suite</th></tr>
<tr><td><a href="#t0">Testing with Chrome</a></td><td class="num">15</td><td class="num">0</td><td class="num attn">2</td><td class="num">0</td><td class="num">441,934</td><td></td><td></td></tr>
<tr class="stripe"><td><a href="#t1">Testing with Edge</a></td><td class="num">15</td><td class="num">0</td><td class="num attn">3</td><td class="num">0</td><td class="num">567,863</td><td></td><td></td></tr>
<tr><th>Total</th><th class="num">30</th><th class="num">0</th><th class="num attn">5</th><th class="num">0</th><th class="num">1,009,797</th><th colspan="2"></th></tr>
</table>
<table id='summary'><thead><tr><th>Class</th><th>Method</th><th>Start</th><th>Time (ms)</th></tr></thead><tbody><tr><th colspan="4">Suite</th></tr></tbody><tbody id="t0"><tr><th colspan="4">Testing with Chrome &#8212; retried</th></tr><tr class="retriedeven"><td rowspan="1">Airline_Project.AirlineProject2.Test15</td><td><a href="#m0">login</a></td><td rowspan="1">1729813905402</td><td rowspan="1">43963</td></tr><tr class="retriedodd"><td rowspan="1">Airline_Project.AirlineProject2.Test_7</td><td><a href="#m1">login</a></td><td rowspan="1">1729813681207</td><td rowspan="1">8479</td></tr><tr><th colspan="4">Testing with Chrome &#8212; passed</th></tr><tr class="passedeven"><td rowspan="1">Airline_Project.AirlineProject2.Test10</td><td><a href="#m2">login</a></td><td rowspan="1">1729813792389</td><td rowspan="1">8038</td></tr><tr class="passedodd"><td rowspan="1">Airline_Project.AirlineProject2.Test11</td><td><a href="#m3">login</a></td><td rowspan="1">1729813810979</td><td rowspan="1">12701</td></tr><tr class="passedeven"><td rowspan="1">Airline_Project.AirlineProject2.Test12</td><td><a href="#m4">login</a></td><td rowspan="1">1729813835299</td><td rowspan="1">9205</td></tr><tr class="passedodd"><td rowspan="1">Airline_Project.AirlineProject2.Test13</td><td><a href="#m5">login</a></td><td rowspan="1">1729813854992</td><td rowspan="1">8345</td></tr><tr class="passedeven"><td rowspan="1">Airline_Project.AirlineProject2.Test14</td><td><a href="#m6">login</a></td><td rowspan="1">1729813873363</td><td rowspan="1">21239</td></tr><tr class="passedodd"><td rowspan="1">Airline_Project.AirlineProject2.Test15</td><td><a href="#m7">login</a></td><td rowspan="1">1729813958249</td><td rowspan="1">38253</td></tr><tr class="passedeven"><td rowspan="1">Airline_Project.AirlineProject2.Test_1</td><td><a href="#m8">newUserRegistration</a></td><td rowspan="1">1729813565806</td><td rowspan="1">11983</td></tr><tr class="passedodd"><td rowspan="1">Airline_Project.AirlineProject2.Test_2</td><td><a href="#m9">login</a></td><td rowspan="1">1729813588489</td><td rowspan="1">3432</td></tr><tr class="passedeven"><td rowspan="1">Airline_Project.AirlineProject2.Test_3</td><td><a href="#m10">incorrectlogin</a></td><td rowspan="1">1729813602658</td><td rowspan="1">995</td></tr><tr class="passedodd"><td rowspan="1">Airline_Project.AirlineProject2.Test_4</td><td><a href="#m11">login</a></td><td rowspan="1">1729813614215</td><td rowspan="1">5448</td></tr><tr class="passedeven"><td rowspan="1">Airline_Project.AirlineProject2.Test_5</td><td><a href="#m12">login</a></td><td rowspan="1">1729813630304</td><td rowspan="1">12573</td></tr><tr class="passedodd"><td rowspan="1">Airline_Project.AirlineProject2.Test_6</td><td><a href="#m13">login</a></td><td rowspan="1">1729813653418</td><td rowspan="1">16391</td></tr><tr class="passedeven"><td rowspan="1">Airline_Project.AirlineProject2.Test_7</td><td><a href="#m14">login</a></td><td rowspan="1">1729813698152</td><td rowspan="1">7964</td></tr><tr class="passedodd"><td rowspan="1">Airline_Project.AirlineProject2.Test_8</td><td><a href="#m15">login</a></td><td rowspan="1">1729813716296</td><td rowspan="1">29589</td></tr><tr class="passedeven"><td rowspan="1">Airline_Project.AirlineProject2.Test_9</td><td><a href="#m16">login</a></td><td rowspan="1">1729813756306</td><td rowspan="1">25262</td></tr></tbody>
<tbody id="t1"><tr><th colspan="4">Testing with Edge &#8212; retried</th></tr><tr class="retriedeven"><td rowspan="1">Airline_Project.AirlineProject2.Test11</td><td><a href="#m17">login</a></td><td rowspan="1">1729814325030</td><td rowspan="1">10998</td></tr><tr class="retriedodd"><td rowspan="1">Airline_Project.AirlineProject2.Test15</td><td><a href="#m18">login</a></td><td rowspan="1">1729814469567</td><td rowspan="1">38408</td></tr><tr class="retriedeven"><td rowspan="1">Airline_Project.AirlineProject2.Test_6</td><td><a href="#m19">login</a></td><td rowspan="1">1729814121591</td><td rowspan="1">10720</td></tr><tr><th colspan="4">Testing with Edge &#8212; passed</th></tr><tr class="passedeven"><td rowspan="1">Airline_Project.AirlineProject2.Test10</td><td><a href="#m20">login</a></td><td rowspan="1">1729814293312</td><td rowspan="1">17808</td></tr><tr class="passedodd"><td rowspan="1">Airline_Project.AirlineProject2.Test11</td><td><a href="#m21">login</a></td><td rowspan="1">1729814347318</td><td rowspan="1">14737</td></tr><tr class="passedeven"><td rowspan="1">Airline_Project.AirlineProject2.Test12</td><td><a href="#m22">login</a></td><td rowspan="1">1729814375793</td><td rowspan="1">7242</td></tr><tr class="passedodd"><td rowspan="1">Airline_Project.AirlineProject2.Test13</td><td><a href="#m23">login</a></td><td rowspan="1">1729814396499</td><td rowspan="1">16544</td></tr><tr class="passedeven"><td rowspan="1">Airline_Project.AirlineProject2.Test14</td><td><a href="#m24">login</a></td><td rowspan="1">1729814426185</td><td rowspan="1">29319</td></tr><tr class="passedodd"><td rowspan="1">Airline_Project.AirlineProject2.Test15</td><td><a href="#m25">login</a></td><td rowspan="1">1729814518624</td><td rowspan="1">44664</td></tr><tr class="passedeven"><td rowspan="1">Airline_Project.AirlineProject2.Test_1</td><td><a href="#m26">newUserRegistration</a></td><td rowspan="1">1729814008869</td><td rowspan="1">11154</td></tr><tr class="passedodd"><td rowspan="1">Airline_Project.AirlineProject2.Test_2</td><td><a href="#m27">login</a></td><td rowspan="1">1729814033472</td><td rowspan="1">3556</td></tr><tr class="passedeven"><td rowspan="1">Airline_Project.AirlineProject2.Test_3</td><td><a href="#m28">incorrectlogin</a></td><td rowspan="1">1729814050592</td><td rowspan="1">1047</td></tr><tr class="passedodd"><td rowspan="1">Airline_Project.AirlineProject2.Test_4</td><td><a href="#m29">login</a></td><td rowspan="1">1729814064800</td><td rowspan="1">6125</td></tr><tr class="passedeven"><td rowspan="1">Airline_Project.AirlineProject2.Test_5</td><td><a href="#m30">login</a></td><td rowspan="1">1729814084280</td><td rowspan="1">23754</td></tr><tr class="passedodd"><td rowspan="1">Airline_Project.AirlineProject2.Test_6</td><td><a href="#m31">login</a></td><td rowspan="1">1729814143385</td><td rowspan="1">23570</td></tr><tr class="passedeven"><td rowspan="1">Airline_Project.AirlineProject2.Test_7</td><td><a href="#m32">login</a></td><td rowspan="1">1729814180632</td><td rowspan="1">10137</td></tr><tr class="passedodd"><td rowspan="1">Airline_Project.AirlineProject2.Test_8</td><td><a href="#m33">login</a></td><td rowspan="1">1729814204162</td><td rowspan="1">22763</td></tr><tr class="passedeven"><td rowspan="1">Airline_Project.AirlineProject2.Test_9</td><td><a href="#m34">login</a></td><td rowspan="1">1729814240675</td><td rowspan="1">39079</td></tr></tbody>
</table>
<h2>Testing with Chrome</h2><h3 id="m0">Airline_Project.AirlineProject2.Test15#login</h3><table class="result"><tr><th>Exception</th></tr><tr><td><div class="stacktrace">org.openqa.selenium.StaleElementReferenceException: stale element reference: stale element not found in the current frame
  (Session info: chrome=129.0.6668.101)
For documentation on this error, please visit: https://www.selenium.dev/documentation/webdriver/troubleshooting/errors#stale-element-reference-exception
Build info: version: &apos;4.23.1&apos;, revision: &apos;656257d8e9&apos;
System info: os.name: &apos;Windows 11&apos;, os.arch: &apos;amd64&apos;, os.version: &apos;10.0&apos;, java.version: &apos;17.0.11&apos;
Driver info: org.openqa.selenium.chrome.ChromeDriver
Command: [f15fc87bf1a41633078dd6954d47fbe4, isElementDisplayed {id=f.ED49C545937D544A013919C60E84C447.d.8E24B2796DC9AEC9677D9BE04D6F0008.e.314}]
Capabilities {acceptInsecureCerts: false, browserName: chrome, browserVersion: 129.0.6668.101, chrome: {chromedriverVersion: 129.0.6668.100 (cf58cba358d..., userDataDir: C:\Users\mailt\AppData\Loca...}, fedcm:accounts: true, goog:chromeOptions: {debuggerAddress: localhost:50591}, networkConnectionEnabled: false, pageLoadStrategy: normal, platformName: windows, proxy: Proxy(), se:cdp: ws://localhost:50591/devtoo..., se:cdpVersion: 129.0.6668.101, setWindowRect: true, strictFileInteractability: false, timeouts: {implicit: 0, pageLoad: 300000, script: 30000}, unhandledPromptBehavior: dismiss and notify, webauthn:extension:credBlob: true, webauthn:extension:largeBlob: true, webauthn:extension:minPinLength: true, webauthn:extension:prf: true, webauthn:virtualAuthenticators: true}
Element: [[ChromeDriver: chrome on windows (f15fc87bf1a41633078dd6954d47fbe4)] -&gt; css selector: input[name*=&apos;addCreditCardVerificationNumber&apos;]]
Session ID: f15fc87bf1a41633078dd6954d47fbe4
	at org.openqa.selenium.remote.ErrorCodec.decode(ErrorCodec.java:167)
	at org.openqa.selenium.remote.codec.w3c.W3CHttpResponseCodec.decode(W3CHttpResponseCodec.java:138)
	at org.openqa.selenium.remote.codec.w3c.W3CHttpResponseCodec.decode(W3CHttpResponseCodec.java:50)
	at org.openqa.selenium.remote.HttpCommandExecutor.execute(HttpCommandExecutor.java:190)
	at org.openqa.selenium.remote.service.DriverCommandExecutor.invokeExecute(DriverCommandExecutor.java:216)
	at org.openqa.selenium.remote.service.DriverCommandExecutor.execute(DriverCommandExecutor.java:174)
	at org.openqa.selenium.remote.RemoteWebDriver.execute(RemoteWebDriver.java:545)
	at org.openqa.selenium.remote.RemoteWebElement.execute(RemoteWebElement.java:223)
	at org.openqa.selenium.remote.RemoteWebElement.isDisplayed(RemoteWebElement.java:282)
	at org.openqa.selenium.support.pagefactory.internal.LocatingElementHandler.invoke(LocatingElementHandler.java:51)
	at jdk.proxy2/jdk.proxy2.$Proxy15.isDisplayed(Unknown Source)
	at org.openqa.selenium.support.ui.ExpectedConditions.elementIfVisible(ExpectedConditions.java:304)
	at org.openqa.selenium.support.ui.ExpectedConditions$10.apply(ExpectedConditions.java:290)
	at org.openqa.selenium.support.ui.ExpectedConditions$10.apply(ExpectedConditions.java:287)
	at org.openqa.selenium.support.ui.FluentWait.until(FluentWait.java:203)
	at Airline_Project.AirlineProject2.Amz_flight_ReviewBooking.proceedToPayment(Amz_flight_ReviewBooking.java:87)
	at Airline_Project.AirlineProject2.Test15.login(Test15.java:26)
	at java.base/java.util.ArrayList.forEach(ArrayList.java:1511)
... Removed 35 stack frames</div></td></tr></table><p class="totop"><a href="#summary">back to summary</a></p>
<h3 id="m1">Airline_Project.AirlineProject2.Test_7#login</h3><table class="result"><tr><th>Exception</th></tr><tr><td><div class="stacktrace">org.openqa.selenium.ElementClickInterceptedException: element click intercepted: Element &lt;button class=&quot;_7e41f983 bba41d3c  _50baedd0  &quot;&gt;...&lt;/button&gt; is not clickable at point (1114, 15). Other element would receive the click: &lt;div class=&quot;b44c2cc8&quot; id=&quot;fl_lp_search&quot;&gt;...&lt;/div&gt;
  (Session info: chrome=129.0.6668.101)
Build info: version: &apos;4.23.1&apos;, revision: &apos;656257d8e9&apos;
System info: os.name: &apos;Windows 11&apos;, os.arch: &apos;amd64&apos;, os.version: &apos;10.0&apos;, java.version: &apos;17.0.11&apos;
Driver info: org.openqa.selenium.chrome.ChromeDriver
Command: [51a8f2cf3a498ab2f94a7349613c2667, clickElement {id=f.256468C3F10B2BCB1B4ACD8D671DF7F5.d.CB62AF88F181FD76428D25EF0DE29D5A.e.214}]
Capabilities {acceptInsecureCerts: false, browserName: chrome, browserVersion: 129.0.6668.101, chrome: {chromedriverVersion: 129.0.6668.100 (cf58cba358d..., userDataDir: C:\Users\mailt\AppData\Loca...}, fedcm:accounts: true, goog:chromeOptions: {debuggerAddress: localhost:65520}, networkConnectionEnabled: false, pageLoadStrategy: normal, platformName: windows, proxy: Proxy(), se:cdp: ws://localhost:65520/devtoo..., se:cdpVersion: 129.0.6668.101, setWindowRect: true, strictFileInteractability: false, timeouts: {implicit: 0, pageLoad: 300000, script: 30000}, unhandledPromptBehavior: dismiss and notify, webauthn:extension:credBlob: true, webauthn:extension:largeBlob: true, webauthn:extension:minPinLength: true, webauthn:extension:prf: true, webauthn:virtualAuthenticators: true}
Element: [[ChromeDriver: chrome on windows (51a8f2cf3a498ab2f94a7349613c2667)] -&gt; xpath: (//button[.=&apos;Book&apos;])[1]]
Session ID: 51a8f2cf3a498ab2f94a7349613c2667
	at org.openqa.selenium.remote.ErrorCodec.decode(ErrorCodec.java:167)
	at org.openqa.selenium.remote.codec.w3c.W3CHttpResponseCodec.decode(W3CHttpResponseCodec.java:138)
	at org.openqa.selenium.remote.codec.w3c.W3CHttpResponseCodec.decode(W3CHttpResponseCodec.java:50)
	at org.openqa.selenium.remote.HttpCommandExecutor.execute(HttpCommandExecutor.java:190)
	at org.openqa.selenium.remote.service.DriverCommandExecutor.invokeExecute(DriverCommandExecutor.java:216)
	at org.openqa.selenium.remote.service.DriverCommandExecutor.execute(DriverCommandExecutor.java:174)
	at org.openqa.selenium.remote.RemoteWebDriver.execute(RemoteWebDriver.java:545)
	at org.openqa.selenium.remote.RemoteWebElement.execute(RemoteWebElement.java:223)
	at org.openqa.selenium.remote.RemoteWebElement.click(RemoteWebElement.java:76)
	at org.openqa.selenium.support.pagefactory.internal.LocatingElementHandler.invoke(LocatingElementHandler.java:51)
	at jdk.proxy2/jdk.proxy2.$Proxy15.click(Unknown Source)
	at Airline_Project.AirlineProject2.Amz_flight_SearchResults.multicity(Amz_flight_SearchResults.java:162)
	at Airline_Project.AirlineProject2.Test_7.login(Test_7.java:24)
	at java.base/java.util.ArrayList.forEach(ArrayList.java:1511)
... Removed 35 stack frames</div></td></tr></table><p class="totop"><a href="#summary">back to summary</a></p>
<h3 id="m2">Airline_Project.AirlineProject2.Test10#login</h3><table class="result"><tr><th>Messages</th></tr><tr><td><div class="messages">Test Case 10 passed-flight information details available<br/>Test Case 10 passed-fare details available<br/>Test Case 10 passed-baggage details available<br/>Test Case 10 passed-cancellation details available</div></td></tr></table><p class="totop"><a href="#summary">back to summary</a></p>
<h3 id="m3">Airline_Project.AirlineProject2.Test11#login</h3><table class="result"><tr><th>Messages</th></tr><tr><td><div class="messages">Test Case 11 passed-User Entry of passenger name successful<br/>Test Case 11 passed-User Entry of mobile number successful<br/>Test Case 11 passed-User Entry of email successful</div></td></tr></table><p class="totop"><a href="#summary">back to summary</a></p>
<h3 id="m4">Airline_Project.AirlineProject2.Test12#login</h3><table class="result"><tr><th>Messages</th></tr><tr><td><div class="messages">Test Case 12 passed-Login,search and logout passed</div></td></tr></table><p class="totop"><a href="#summary">back to summary</a></p>
<h3 id="m5">Airline_Project.AirlineProject2.Test13#login</h3><table class="result"><tr><th>Messages</th></tr><tr><td><div class="messages">Test Case 13 passed-Apply Coupon successful</div></td></tr></table><p class="totop"><a href="#summary">back to summary</a></p>
<h3 id="m6">Airline_Project.AirlineProject2.Test14#login</h3><table class="result"><tr><th>Messages</th></tr><tr><td><div class="messages">Test Case 14 Passed-Search functionality for domestic round trip flight successful</div></td></tr></table><p class="totop"><a href="#summary">back to summary</a></p>
<h3 id="m7">Airline_Project.AirlineProject2.Test15#login</h3><table class="result"><tr><th>Messages</th></tr><tr><td><div class="messages">Test Case 15 Passed-selection of credit card successful</div></td></tr></table><p class="totop"><a href="#summary">back to summary</a></p>
<h3 id="m8">Airline_Project.AirlineProject2.Test_1#newUserRegistration</h3><table class="result"><tr><th>Messages</th></tr><tr><td><div class="messages">Test Case 1 Passed-New user registration successful</div></td></tr></table><p class="totop"><a href="#summary">back to summary</a></p>
<h3 id="m9">Airline_Project.AirlineProject2.Test_2#login</h3><table class="result"><tr><th>Messages</th></tr><tr><td><div class="messages">Test Case 2 passed-sign in successful</div></td></tr></table><p class="totop"><a href="#summary">back to summary</a></p>
<h3 id="m10">Airline_Project.AirlineProject2.Test_3#incorrectlogin</h3><table class="result"><tr><th>Messages</th></tr><tr><td><div class="messages">Test Case 3 Passed-Login failed due to incorrect username</div></td></tr></table><p class="totop"><a href="#summary">back to summary</a></p>
<h3 id="m11">Airline_Project.AirlineProject2.Test_4#login</h3><table class="result"><tr><th>Messages</th></tr><tr><td><div class="messages">Test Case 4 Passed-Search functionality for One Way flight successful</div></td></tr></table><p class="totop"><a href="#summary">back to summary</a></p>
<h3 id="m12">Airline_Project.AirlineProject2.Test_5#login</h3><table class="result"><tr><th>Messages</th></tr><tr><td><div class="messages">Test Case 5 Passed-Search functionality for round trip flight successful</div></td></tr></table><p class="totop"><a href="#summary">back to summary</a></p>
<h3 id="m13">Airline_Project.AirlineProject2.Test_6#login</h3><table class="result"><tr><th>Messages</th></tr><tr><td><div class="messages">Test Case 6 Passed-Search functionality for economy successful<br/>Test Case 6 Passed-Search functionality for premium economy successful<br/>Test Case 6 Passed-Search functionality for Business class successful</div></td></tr></table><p class="totop"><a href="#summary">back to summary</a></p>
<h3 id="m14">Airline_Project.AirlineProject2.Test_7#login</h3><table class="result"><tr><th class="invisible"/></tr></table><p class="totop"><a href="#summary">back to summary</a></p>
<h3 id="m15">Airline_Project.AirlineProject2.Test_8#login</h3><table class="result"><tr><th>Messages</th></tr><tr><td><div class="messages">Test 8 Passed-Seat selection successful</div></td></tr></table><p class="totop"><a href="#summary">back to summary</a></p>
<h3 id="m16">Airline_Project.AirlineProject2.Test_9#login</h3><table class="result"><tr><th>Messages</th></tr><tr><td><div class="messages">Test Case 9 passed-multiple passengers in single booking successful</div></td></tr></table><p class="totop"><a href="#summary">back to summary</a></p>
<h2>Testing with Edge</h2><h3 id="m17">Airline_Project.AirlineProject2.Test11#login</h3><table class="result"><tr><th>Exception</th></tr><tr><td><div class="stacktrace">org.openqa.selenium.NoSuchElementException: no such element: Unable to locate element: {&quot;method&quot;:&quot;xpath&quot;,&quot;selector&quot;:&quot;(//i[@class=&apos;_4b539ab8&apos;])[1]&quot;}
  (Session info: MicrosoftEdge=129.0.2792.79)
For documentation on this error, please visit: https://www.selenium.dev/documentation/webdriver/troubleshooting/errors#no-such-element-exception
Build info: version: &apos;4.23.1&apos;, revision: &apos;656257d8e9&apos;
System info: os.name: &apos;Windows 11&apos;, os.arch: &apos;amd64&apos;, os.version: &apos;10.0&apos;, java.version: &apos;17.0.11&apos;
Driver info: org.openqa.selenium.edge.EdgeDriver
Command: [159edcb9ba5e4ba70fd79c6de8f9c1ae, findElement {using=xpath, value=(//i[@class=&apos;_4b539ab8&apos;])[1]}]
Capabilities {acceptInsecureCerts: false, browserName: MicrosoftEdge, browserVersion: 129.0.2792.79, fedcm:accounts: true, ms:edgeOptions: {debuggerAddress: localhost:52360}, msedge: {msedgedriverVersion: 129.0.2792.89 (65986ec8d2a8..., userDataDir: C:\Users\mailt\AppData\Loca...}, networkConnectionEnabled: false, pageLoadStrategy: normal, platformName: windows, proxy: Proxy(), se:cdp: ws://localhost:52360/devtoo..., se:cdpVersion: 129.0.2792.79, setWindowRect: true, strictFileInteractability: false, timeouts: {implicit: 0, pageLoad: 300000, script: 30000}, unhandledPromptBehavior: dismiss and notify, webauthn:extension:credBlob: true, webauthn:extension:largeBlob: true, webauthn:extension:minPinLength: true, webauthn:extension:prf: true, webauthn:virtualAuthenticators: true}
Session ID: 159edcb9ba5e4ba70fd79c6de8f9c1ae
	at org.openqa.selenium.remote.ErrorCodec.decode(ErrorCodec.java:167)
	at org.openqa.selenium.remote.codec.w3c.W3CHttpResponseCodec.decode(W3CHttpResponseCodec.java:138)
	at org.openqa.selenium.remote.codec.w3c.W3CHttpResponseCodec.decode(W3CHttpResponseCodec.java:50)
	at org.openqa.selenium.remote.HttpCommandExecutor.execute(HttpCommandExecutor.java:190)
	at org.openqa.selenium.remote.service.DriverCommandExecutor.invokeExecute(DriverCommandExecutor.java:216)
	at org.openqa.selenium.remote.service.DriverCommandExecutor.execute(DriverCommandExecutor.java:174)
	at org.openqa.selenium.remote.RemoteWebDriver.execute(RemoteWebDriver.java:545)
	at org.openqa.selenium.remote.ElementLocation$ElementFinder$2.findElement(ElementLocation.java:165)
	at org.openqa.selenium.remote.ElementLocation.findElement(ElementLocation.java:59)
	at org.openqa.selenium.remote.RemoteWebDriver.findElement(RemoteWebDriver.java:368)
	at org.openqa.selenium.remote.RemoteWebDriver.findElement(RemoteWebDriver.java:362)
	at org.openqa.selenium.support.pagefactory.DefaultElementLocator.findElement(DefaultElementLocator.java:68)
	at org.openqa.selenium.support.pagefactory.internal.LocatingElementHandler.invoke(LocatingElementHandler.java:38)
	at jdk.proxy2/jdk.proxy2.$Proxy15.click(Unknown Source)
	at Airline_Project.AirlineProject2.Amz_flight_Homepage.oneWayFlightSearch(Amz_flight_Homepage.java:151)
	at Airline_Project.AirlineProject2.Test11.login(Test11.java:19)
	at java.base/java.util.ArrayList.forEach(ArrayList.java:1511)
... Removed 32 stack frames</div></td></tr></table><p class="totop"><a href="#summary">back to summary</a></p>
<h3 id="m18">Airline_Project.AirlineProject2.Test15#login</h3><table class="result"><tr><th>Exception</th></tr><tr><td><div class="stacktrace">org.openqa.selenium.TimeoutException: Expected condition failed: waiting for element to be clickable: Proxy element for: DefaultElementLocator &apos;By.xpath: //button[.=&apos;Proceed to traveller details&apos;]&apos; (tried for 15 second(s) with 500 milliseconds interval)
	at org.openqa.selenium.support.ui.WebDriverWait.timeoutException(WebDriverWait.java:84)
	at org.openqa.selenium.support.ui.FluentWait.until(FluentWait.java:228)
	at Airline_Project.AirlineProject2.Amz_flight_SearchResults.seatSelection(Amz_flight_SearchResults.java:190)
	at Airline_Project.AirlineProject2.Test15.login(Test15.java:23)
	at java.base/java.util.ArrayList.forEach(ArrayList.java:1511)
Caused by: org.openqa.selenium.NoSuchElementException: no such element: Unable to locate element: {&quot;method&quot;:&quot;xpath&quot;,&quot;selector&quot;:&quot;//button[.=&apos;Proceed to traveller details&apos;]&quot;}
  (Session info: MicrosoftEdge=129.0.2792.79)
For documentation on this error, please visit: https://www.selenium.dev/documentation/webdriver/troubleshooting/errors#no-such-element-exception
Build info: version: &apos;4.23.1&apos;, revision: &apos;656257d8e9&apos;
System info: os.name: &apos;Windows 11&apos;, os.arch: &apos;amd64&apos;, os.version: &apos;10.0&apos;, java.version: &apos;17.0.11&apos;
Driver info: org.openqa.selenium.edge.EdgeDriver
Command: [cb976d1117d25cd1b064244876ab3b4c, findElement {using=xpath, value=//button[.=&apos;Proceed to traveller details&apos;]}]
Capabilities {acceptInsecureCerts: false, browserName: MicrosoftEdge, browserVersion: 129.0.2792.79, fedcm:accounts: true, ms:edgeOptions: {debuggerAddress: localhost:53025}, msedge: {msedgedriverVersion: 129.0.2792.89 (65986ec8d2a8..., userDataDir: C:\Users\mailt\AppData\Loca...}, networkConnectionEnabled: false, pageLoadStrategy: normal, platformName: windows, proxy: Proxy(), se:cdp: ws://localhost:53025/devtoo..., se:cdpVersion: 129.0.2792.79, setWindowRect: true, strictFileInteractability: false, timeouts: {implicit: 0, pageLoad: 300000, script: 30000}, unhandledPromptBehavior: dismiss and notify, webauthn:extension:credBlob: true, webauthn:extension:largeBlob: true, webauthn:extension:minPinLength: true, webauthn:extension:prf: true, webauthn:virtualAuthenticators: true}
Session ID: cb976d1117d25cd1b064244876ab3b4c
	at org.openqa.selenium.remote.ErrorCodec.decode(ErrorCodec.java:167)
	at org.openqa.selenium.remote.codec.w3c.W3CHttpResponseCodec.decode(W3CHttpResponseCodec.java:138)
	at org.openqa.selenium.remote.codec.w3c.W3CHttpResponseCodec.decode(W3CHttpResponseCodec.java:50)
	at org.openqa.selenium.remote.HttpCommandExecutor.execute(HttpCommandExecutor.java:190)
	at org.openqa.selenium.remote.service.DriverCommandExecutor.invokeExecute(DriverCommandExecutor.java:216)
	at org.openqa.selenium.remote.service.DriverCommandExecutor.execute(DriverCommandExecutor.java:174)
	at org.openqa.selenium.remote.RemoteWebDriver.execute(RemoteWebDriver.java:545)
	at org.openqa.selenium.remote.ElementLocation$ElementFinder$2.findElement(ElementLocation.java:165)
	at org.openqa.selenium.remote.ElementLocation.findElement(ElementLocation.java:59)
	at org.openqa.selenium.remote.RemoteWebDriver.findElement(RemoteWebDriver.java:368)
	at org.openqa.selenium.remote.RemoteWebDriver.findElement(RemoteWebDriver.java:362)
	at org.openqa.selenium.support.pagefactory.DefaultElementLocator.findElement(DefaultElementLocator.java:68)
	at org.openqa.selenium.support.pagefactory.internal.LocatingElementHandler.invoke(LocatingElementHandler.java:38)
	at jdk.proxy2/jdk.proxy2.$Proxy15.isDisplayed(Unknown Source)
	at org.openqa.selenium.support.ui.ExpectedConditions.elementIfVisible(ExpectedConditions.java:304)
	at org.openqa.selenium.support.ui.ExpectedConditions$10.apply(ExpectedConditions.java:290)
	at org.openqa.selenium.support.ui.ExpectedConditions$10.apply(ExpectedConditions.java:287)
	at org.openqa.selenium.support.ui.ExpectedConditions$23.apply(ExpectedConditions.java:656)
	at org.openqa.selenium.support.ui.ExpectedConditions$23.apply(ExpectedConditions.java:652)
	at org.openqa.selenium.support.ui.FluentWait.until(FluentWait.java:203)
	... 30 more
... Removed 32 stack frames</div></td></tr></table><p class="totop"><a href="#summary">back to summary</a></p>
<h3 id="m19">Airline_Project.AirlineProject2.Test_6#login</h3><table class="result"><tr><th>Exception</th></tr><tr><td><div class="stacktrace">org.openqa.selenium.NoSuchElementException: no such element: Unable to locate element: {&quot;method&quot;:&quot;xpath&quot;,&quot;selector&quot;:&quot;(//i[@class=&apos;_4b539ab8&apos;])[1]&quot;}
  (Session info: MicrosoftEdge=129.0.2792.79)
For documentation on this error, please visit: https://www.selenium.dev/documentation/webdriver/troubleshooting/errors#no-such-element-exception
Build info: version: &apos;4.23.1&apos;, revision: &apos;656257d8e9&apos;
System info: os.name: &apos;Windows 11&apos;, os.arch: &apos;amd64&apos;, os.version: &apos;10.0&apos;, java.version: &apos;17.0.11&apos;
Driver info: org.openqa.selenium.edge.EdgeDriver
Command: [83e54af0b20473b97f559944d7866772, findElement {using=xpath, value=(//i[@class=&apos;_4b539ab8&apos;])[1]}]
Capabilities {acceptInsecureCerts: false, browserName: MicrosoftEdge, browserVersion: 129.0.2792.79, fedcm:accounts: true, ms:edgeOptions: {debuggerAddress: localhost:51466}, msedge: {msedgedriverVersion: 129.0.2792.89 (65986ec8d2a8..., userDataDir: C:\Users\mailt\AppData\Loca...}, networkConnectionEnabled: false, pageLoadStrategy: normal, platformName: windows, proxy: Proxy(), se:cdp: ws://localhost:51466/devtoo..., se:cdpVersion: 129.0.2792.79, setWindowRect: true, strictFileInteractability: false, timeouts: {implicit: 0, pageLoad: 300000, script: 30000}, unhandledPromptBehavior: dismiss and notify, webauthn:extension:credBlob: true, webauthn:extension:largeBlob: true, webauthn:extension:minPinLength: true, webauthn:extension:prf: true, webauthn:virtualAuthenticators: true}
Session ID: 83e54af0b20473b97f559944d7866772
	at org.openqa.selenium.remote.ErrorCodec.decode(ErrorCodec.java:167)
	at org.openqa.selenium.remote.codec.w3c.W3CHttpResponseCodec.decode(W3CHttpResponseCodec.java:138)
	at org.openqa.selenium.remote.codec.w3c.W3CHttpResponseCodec.decode(W3CHttpResponseCodec.java:50)
	at org.openqa.selenium.remote.HttpCommandExecutor.execute(HttpCommandExecutor.java:190)
	at org.openqa.selenium.remote.service.DriverCommandExecutor.invokeExecute(DriverCommandExecutor.java:216)
	at org.openqa.selenium.remote.service.DriverCommandExecutor.execute(DriverCommandExecutor.java:174)
	at org.openqa.selenium.remote.RemoteWebDriver.execute(RemoteWebDriver.java:545)
	at org.openqa.selenium.remote.ElementLocation$ElementFinder$2.findElement(ElementLocation.java:165)
	at org.openqa.selenium.remote.ElementLocation.findElement(ElementLocation.java:59)
	at org.openqa.selenium.remote.RemoteWebDriver.findElement(RemoteWebDriver.java:368)
	at org.openqa.selenium.remote.RemoteWebDriver.findElement(RemoteWebDriver.java:362)
	at org.openqa.selenium.support.pagefactory.DefaultElementLocator.findElement(DefaultElementLocator.java:68)
	at org.openqa.selenium.support.pagefactory.internal.LocatingElementHandler.invoke(LocatingElementHandler.java:38)
	at jdk.proxy2/jdk.proxy2.$Proxy15.click(Unknown Source)
	at Airline_Project.AirlineProject2.Amz_flight_Homepage.oneWayFlightSearch(Amz_flight_Homepage.java:151)
	at Airline_Project.AirlineProject2.Test_6.login(Test_6.java:19)
	at java.base/java.util.ArrayList.forEach(ArrayList.java:1511)
... Removed 32 stack frames</div></td></tr></table><p class="totop"><a href="#summary">back to summary</a></p>
<h3 id="m20">Airline_Project.AirlineProject2.Test10#login</h3><table class="result"><tr><th>Messages</th></tr><tr><td><div class="messages">Test Case 10 passed-flight information details available<br/>Test Case 10 passed-fare details available<br/>Test Case 10 passed-baggage details available<br/>Test Case 10 passed-cancellation details available</div></td></tr></table><p class="totop"><a href="#summary">back to summary</a></p>
<h3 id="m21">Airline_Project.AirlineProject2.Test11#login</h3><table class="result"><tr><th>Messages</th></tr><tr><td><div class="messages">Test Case 11 passed-User Entry of passenger name successful<br/>Test Case 11 passed-User Entry of mobile number successful<br/>Test Case 11 passed-User Entry of email successful</div></td></tr></table><p class="totop"><a href="#summary">back to summary</a></p>
<h3 id="m22">Airline_Project.AirlineProject2.Test12#login</h3><table class="result"><tr><th>Messages</th></tr><tr><td><div class="messages">Test Case 12 passed-Login,search and logout passed</div></td></tr></table><p class="totop"><a href="#summary">back to summary</a></p>
<h3 id="m23">Airline_Project.AirlineProject2.Test13#login</h3><table class="result"><tr><th>Messages</th></tr><tr><td><div class="messages">Test Case 13 passed-Apply Coupon successful</div></td></tr></table><p class="totop"><a href="#summary">back to summary</a></p>
<h3 id="m24">Airline_Project.AirlineProject2.Test14#login</h3><table class="result"><tr><th>Messages</th></tr><tr><td><div class="messages">Test Case 14 Passed-Search functionality for domestic round trip flight successful</div></td></tr></table><p class="totop"><a href="#summary">back to summary</a></p>
<h3 id="m25">Airline_Project.AirlineProject2.Test15#login</h3><table class="result"><tr><th>Messages</th></tr><tr><td><div class="messages">Test Case 15 Passed-selection of credit card successful</div></td></tr></table><p class="totop"><a href="#summary">back to summary</a></p>
<h3 id="m26">Airline_Project.AirlineProject2.Test_1#newUserRegistration</h3><table class="result"><tr><th>Messages</th></tr><tr><td><div class="messages">Test Case 1 Passed-New user registration successful</div></td></tr></table><p class="totop"><a href="#summary">back to summary</a></p>
<h3 id="m27">Airline_Project.AirlineProject2.Test_2#login</h3><table class="result"><tr><th>Messages</th></tr><tr><td><div class="messages">Test Case 2 passed-sign in successful</div></td></tr></table><p class="totop"><a href="#summary">back to summary</a></p>
<h3 id="m28">Airline_Project.AirlineProject2.Test_3#incorrectlogin</h3><table class="result"><tr><th>Messages</th></tr><tr><td><div class="messages">Test Case 3 Passed-Login failed due to incorrect username</div></td></tr></table><p class="totop"><a href="#summary">back to summary</a></p>
<h3 id="m29">Airline_Project.AirlineProject2.Test_4#login</h3><table class="result"><tr><th>Messages</th></tr><tr><td><div class="messages">Test Case 4 Passed-Search functionality for One Way flight successful</div></td></tr></table><p class="totop"><a href="#summary">back to summary</a></p>
<h3 id="m30">Airline_Project.AirlineProject2.Test_5#login</h3><table class="result"><tr><th>Messages</th></tr><tr><td><div class="messages">Test Case 5 Passed-Search functionality for round trip flight successful</div></td></tr></table><p class="totop"><a href="#summary">back to summary</a></p>
<h3 id="m31">Airline_Project.AirlineProject2.Test_6#login</h3><table class="result"><tr><th>Messages</th></tr><tr><td><div class="messages">Test Case 6 Passed-Search functionality for economy successful<br/>Test Case 6 Passed-Search functionality for premium economy successful<br/>Test Case 6 Passed-Search functionality for Business class successful</div></td></tr></table><p class="totop"><a href="#summary">back to summary</a></p>
<h3 id="m32">Airline_Project.AirlineProject2.Test_7#login</h3><table class="result"><tr><th class="invisible"/></tr></table><p class="totop"><a href="#summary">back to summary</a></p>
<h3 id="m33">Airline_Project.AirlineProject2.Test_8#login</h3><table class="result"><tr><th>Messages</th></tr><tr><td><div class="messages">Test 8 Passed-Seat selection successful</div></td></tr></table><p class="totop"><a href="#summary">back to summary</a></p>
<h3 id="m34">Airline_Project.AirlineProject2.Test_9#login</h3><table class="result"><tr><th>Messages</th></tr><tr><td><div class="messages">Test Case 9 passed-multiple passengers in single booking successful</div></td></tr></table><p class="totop"><a href="#summary">back to summary</a></p>
</body>
</html>
