<?xml version="1.0" encoding="UTF-8"?>
<testng-results retried="5" ignored="0" total="35" passed="30" failed="0" skipped="0">
  <reporter-output>
    <line>
      <![CDATA[Test Case 1 Passed-New user registration successful]]>
    </line>
    <line>
      <![CDATA[Test Case 2 passed-sign in successful]]>
    </line>
    <line>
      <![CDATA[Test Case 3 Passed-Login failed due to incorrect username]]>
    </line>
    <line>
      <![CDATA[Test Case 4 Passed-Search functionality for One Way flight successful]]>
    </line>
    <line>
      <![CDATA[Test Case 5 Passed-Search functionality for round trip flight successful]]>
    </line>
    <line>
      <![CDATA[Test Case 6 Passed-Search functionality for economy successful]]>
    </line>
    <line>
      <![CDATA[Test Case 6 Passed-Search functionality for premium economy successful]]>
    </line>
    <line>
      <![CDATA[Test Case 6 Passed-Search functionality for Business class successful]]>
    </line>
    <line>
      <![CDATA[Test 8 Passed-Seat selection successful]]>
    </line>
    <line>
      <![CDATA[Test Case 9 passed-multiple passengers in single booking successful]]>
    </line>
    <line>
      <![CDATA[Test Case 10 passed-flight information details available]]>
    </line>
    <line>
      <![CDATA[Test Case 10 passed-fare details available]]>
    </line>
    <line>
      <![CDATA[Test Case 10 passed-baggage details available]]>
    </line>
    <line>
      <![CDATA[Test Case 10 passed-cancellation details available]]>
    </line>
    <line>
      <![CDATA[Test Case 11 passed-User Entry of passenger name successful]]>
    </line>
    <line>
      <![CDATA[Test Case 11 passed-User Entry of mobile number successful]]>
    </line>
    <line>
      <![CDATA[Test Case 11 passed-User Entry of email successful]]>
    </line>
    <line>
      <![CDATA[Test Case 12 passed-Login,search and logout passed]]>
    </line>
    <line>
      <![CDATA[Test Case 13 passed-Apply Coupon successful]]>
    </line>
    <line>
      <![CDATA[Test Case 14 Passed-Search functionality for domestic round trip flight successful]]>
    </line>
    <line>
      <![CDATA[Test Case 15 Passed-selection of credit card successful]]>
    </line>
    <line>
      <![CDATA[Test Case 1 Passed-New user registration successful]]>
    </line>
    <line>
      <![CDATA[Test Case 2 passed-sign in successful]]>
    </line>
    <line>
      <![CDATA[Test Case 3 Passed-Login failed due to incorrect username]]>
    </line>
    <line>
      <![CDATA[Test Case 4 Passed-Search functionality for One Way flight successful]]>
    </line>
    <line>
      <![CDATA[Test Case 5 Passed-Search functionality for round trip flight successful]]>
    </line>
    <line>
      <![CDATA[Test Case 6 Passed-Search functionality for economy successful]]>
    </line>
    <line>
      <![CDATA[Test Case 6 Passed-Search functionality for premium economy successful]]>
    </line>
    <line>
      <![CDATA[Test Case 6 Passed-Search functionality for Business class successful]]>
    </line>
    <line>
      <![CDATA[Test 8 Passed-Seat selection successful]]>
    </line>
    <line>
      <![CDATA[Test Case 9 passed-multiple passengers in single booking successful]]>
    </line>
    <line>
      <![CDATA[Test Case 10 passed-flight information details available]]>
    </line>
    <line>
      <![CDATA[Test Case 10 passed-fare details available]]>
    </line>
    <line>
      <![CDATA[Test Case 10 passed-baggage details available]]>
    </line>
    <line>
      <![CDATA[Test Case 10 passed-cancellation details available]]>
    </line>
    <line>
      <![CDATA[Test Case 11 passed-User Entry of passenger name successful]]>
    </line>
    <line>
      <![CDATA[Test Case 11 passed-User Entry of mobile number successful]]>
    </line>
    <line>
      <![CDATA[Test Case 11 passed-User Entry of email successful]]>
    </line>
    <line>
      <![CDATA[Test Case 12 passed-Login,search and logout passed]]>
    </line>
    <line>
      <![CDATA[Test Case 13 passed-Apply Coupon successful]]>
    </line>
    <line>
      <![CDATA[Test Case 14 Passed-Search functionality for domestic round trip flight successful]]>
    </line>
    <line>
      <![CDATA[Test Case 15 Passed-selection of credit card successful]]>
    </line>
  </reporter-output>
  <suite started-at="2024-10-24T18:46:01 CDT" name="Suite" finished-at="2024-10-24T19:02:51 CDT" duration-ms="1009820">
    <groups>
    </groups>
    <test started-at="2024-10-24T18:46:01 CDT" name="Testing with Chrome" finished-at="2024-10-24T18:53:23 CDT" duration-ms="441934">
      <class name="Airline_Project.AirlineProject2.Test15">
        <test-method is-config="true" signature="launch_browser_login(java.lang.String)[pri:0, instance:Airline_Project.AirlineProject2.Test15@5e600dd5]" started-at="2024-10-24T18:51:42 CDT" name="launch_browser_login" finished-at="2024-10-24T18:51:45 CDT" duration-ms="3332" status="PASS">
          <params>
            <param index="0">
              <value>
                <![CDATA[chrome]]>
              </value>
            </param>
          </params>
          <reporter-output>
          </reporter-output>
        </test-method> <!-- launch_browser_login -->
        <test-method retried="true" signature="login()[pri:0, instance:Airline_Project.AirlineProject2.Test15@5e600dd5]" started-at="2024-10-24T18:51:45 CDT" name="login" finished-at="2024-10-24T18:52:29 CDT" duration-ms="43963" status="SKIP">
          <exception class="org.openqa.selenium.StaleElementReferenceException">
            <message>
              <![CDATA[stale element reference: stale element not found in the current frame
  (Session info: chrome=129.0.6668.101)
For documentation on this error, please visit: https://www.selenium.dev/documentation/webdriver/troubleshooting/errors#stale-element-reference-exception
Build info: version: '4.23.1', revision: '656257d8e9'
System info: os.name: 'Windows 11', os.arch: 'amd64', os.version: '10.0', java.version: '17.0.11'
Driver info: org.openqa.selenium.chrome.ChromeDriver
Command: [f15fc87bf1a41633078dd6954d47fbe4, isElementDisplayed {id=f.ED49C545937D544A013919C60E84C447.d.8E24B2796DC9AEC9677D9BE04D6F0008.e.314}]
Capabilities {acceptInsecureCerts: false, browserName: chrome, browserVersion: 129.0.6668.101, chrome: {chromedriverVersion: 129.0.6668.100 (cf58cba358d..., userDataDir: C:\Users\mailt\AppData\Loca...}, fedcm:accounts: true, goog:chromeOptions: {debuggerAddress: localhost:50591}, networkConnectionEnabled: false, pageLoadStrategy: normal, platformName: windows, proxy: Proxy(), se:cdp: ws://localhost:50591/devtoo..., se:cdpVersion: 129.0.6668.101, setWindowRect: true, strictFileInteractability: false, timeouts: {implicit: 0, pageLoad: 300000, script: 30000}, unhandledPromptBehavior: dismiss and notify, webauthn:extension:credBlob: true, webauthn:extension:largeBlob: true, webauthn:extension:minPinLength: true, webauthn:extension:prf: true, webauthn:virtualAuthenticators: true}
Element: [[ChromeDriver: chrome on windows (f15fc87bf1a41633078dd6954d47fbe4)] -> css selector: input[name*='addCreditCardVerificationNumber']]
Session ID: f15fc87bf1a41633078dd6954d47fbe4]]>
            </message>
            <full-stacktrace>
              <![CDATA[org.openqa.selenium.StaleElementReferenceException: stale element reference: stale element not found in the current frame
  (Session info: chrome=129.0.6668.101)
For documentation on this error, please visit: https://www.selenium.dev/documentation/webdriver/troubleshooting/errors#stale-element-reference-exception
Build info: version: '4.23.1', revision: '656257d8e9'
System info: os.name: 'Windows 11', os.arch: 'amd64', os.version: '10.0', java.version: '17.0.11'
Driver info: org.openqa.selenium.chrome.ChromeDriver
Command: [f15fc87bf1a41633078dd6954d47fbe4, isElementDisplayed {id=f.ED49C545937D544A013919C60E84C447.d.8E24B2796DC9AEC9677D9BE04D6F0008.e.314}]
Capabilities {acceptInsecureCerts: false, browserName: chrome, browserVersion: 129.0.6668.101, chrome: {chromedriverVersion: 129.0.6668.100 (cf58cba358d..., userDataDir: C:\Users\mailt\AppData\Loca...}, fedcm:accounts: true, goog:chromeOptions: {debuggerAddress: localhost:50591}, networkConnectionEnabled: false, pageLoadStrategy: normal, platformName: windows, proxy: Proxy(), se:cdp: ws://localhost:50591/devtoo..., se:cdpVersion: 129.0.6668.101, setWindowRect: true, strictFileInteractability: false, timeouts: {implicit: 0, pageLoad: 300000, script: 30000}, unhandledPromptBehavior: dismiss and notify, webauthn:extension:credBlob: true, webauthn:extension:largeBlob: true, webauthn:extension:minPinLength: true, webauthn:extension:prf: true, webauthn:virtualAuthenticators: true}
Element: [[ChromeDriver: chrome on windows (f15fc87bf1a41633078dd6954d47fbe4)] -> css selector: input[name*='addCreditCardVerificationNumber']]
Session ID: f15fc87bf1a41633078dd6954d47fbe4
at java.base/jdk.internal.reflect.NativeConstructorAccessorImpl.newInstance0(Native Method)
at java.base/jdk.internal.reflect.NativeConstructorAccessorImpl.newInstance(NativeConstructorAccessorImpl.java:77)
at java.base/jdk.internal.reflect.DelegatingConstructorAccessorImpl.newInstance(DelegatingConstructorAccessorImpl.java:45)
at java.base/java.lang.reflect.Constructor.newInstanceWithCaller(Constructor.java:499)
at java.base/java.lang.reflect.Constructor.newInstance(Constructor.java:480)
at org.openqa.selenium.remote.ErrorCodec.decode(ErrorCodec.java:167)
at org.openqa.selenium.remote.codec.w3c.W3CHttpResponseCodec.decode(W3CHttpResponseCodec.java:138)
at org.openqa.selenium.remote.codec.w3c.W3CHttpResponseCodec.decode(W3CHttpResponseCodec.java:50)
at org.openqa.selenium.remote.HttpCommandExecutor.execute(HttpCommandExecutor.java:190)
at org.openqa.selenium.remote.service.DriverCommandExecutor.invokeExecute(DriverCommandExecutor.java:216)
at org.openqa.selenium.remote.service.DriverCommandExecutor.execute(DriverCommandExecutor.java:174)
at org.openqa.selenium.remote.RemoteWebDriver.execute(RemoteWebDriver.java:545)
at org.openqa.selenium.remote.RemoteWebElement.execute(RemoteWebElement.java:223)
at org.openqa.selenium.remote.RemoteWebElement.isDisplayed(RemoteWebElement.java:282)
at jdk.internal.reflect.GeneratedMethodAccessor3.invoke(Unknown Source)
at java.base/jdk.internal.reflect.DelegatingMethodAccessorImpl.invoke(DelegatingMethodAccessorImpl.java:43)
at java.base/java.lang.reflect.Method.invoke(Method.java:568)
at org.openqa.selenium.support.pagefactory.internal.LocatingElementHandler.invoke(LocatingElementHandler.java:51)
at jdk.proxy2/jdk.proxy2.$Proxy15.isDisplayed(Unknown Source)
at org.openqa.selenium.support.ui.ExpectedConditions.elementIfVisible(ExpectedConditions.java:304)
at org.openqa.selenium.support.ui.ExpectedConditions$10.apply(ExpectedConditions.java:290)
at org.openqa.selenium.support.ui.ExpectedConditions$10.apply(ExpectedConditions.java:287)
at org.openqa.selenium.support.ui.FluentWait.until(FluentWait.java:203)
at Airline_Project.AirlineProject2.Amz_flight_ReviewBooking.proceedToPayment(Amz_flight_ReviewBooking.java:87)
at Airline_Project.AirlineProject2.Test15.login(Test15.java:26)
at java.base/jdk.internal.reflect.NativeMethodAccessorImpl.invoke0(Native Method)
at java.base/jdk.internal.reflect.NativeMethodAccessorImpl.invoke(NativeMethodAccessorImpl.java:77)
at java.base/jdk.internal.reflect.DelegatingMethodAccessorImpl.invoke(DelegatingMethodAccessorImpl.java:43)
at java.base/java.lang.reflect.Method.invoke(Method.java:568)
at org.testng.internal.MethodInvocationHelper.invokeMethod(MethodInvocationHelper.java:133)
at org.testng.internal.TestInvoker.invokeMethod(TestInvoker.java:598)
at org.testng.internal.TestInvoker.invokeTestMethod(TestInvoker.java:173)
at org.testng.internal.MethodRunner.runInSequence(MethodRunner.java:46)
at org.testng.internal.TestInvoker$MethodInvocationAgent.invoke(TestInvoker.java:824)
at org.testng.internal.TestInvoker.invokeTestMethods(TestInvoker.java:146)
at org.testng.internal.TestMethodWorker.invokeTestMethods(TestMethodWorker.java:146)
at org.testng.internal.TestMethodWorker.run(TestMethodWorker.java:128)
at java.base/java.util.ArrayList.forEach(ArrayList.java:1511)
at org.testng.TestRunner.privateRun(TestRunner.java:794)
at org.testng.TestRunner.run(TestRunner.java:596)
at org.testng.SuiteRunner.runTest(SuiteRunner.java:377)
at org.testng.SuiteRunner.runSequentially(SuiteRunner.java:371)
at org.testng.SuiteRunner.privateRun(SuiteRunner.java:332)
at org.testng.SuiteRunner.run(SuiteRunner.java:276)
at org.testng.SuiteRunnerWorker.runSuite(SuiteRunnerWorker.java:53)
at org.testng.SuiteRunnerWorker.run(SuiteRunnerWorker.java:96)
at org.testng.TestNG.runSuitesSequentially(TestNG.java:1212)
at org.testng.TestNG.runSuitesLocally(TestNG.java:1134)
at org.testng.TestNG.runSuites(TestNG.java:1063)
at org.testng.TestNG.run(TestNG.java:1031)
at org.testng.remote.AbstractRemoteTestNG.run(AbstractRemoteTestNG.java:115)
at org.testng.remote.RemoteTestNG.initAndRun(RemoteTestNG.java:293)
at org.testng.remote.RemoteTestNG.main(RemoteTestNG.java:91)
]]>
            </full-stacktrace>
          </exception> <!-- org.openqa.selenium.StaleElementReferenceException -->
          <reporter-output>
          </reporter-output>
        </test-method> <!-- login -->
        <test-method is-config="true" signature="logout()[pri:0, instance:Airline_Project.AirlineProject2.Test15@5e600dd5]" started-at="2024-10-24T18:52:29 CDT" name="logout" finished-at="2024-10-24T18:52:34 CDT" duration-ms="5261" status="PASS">
          <reporter-output>
          </reporter-output>
        </test-method> <!-- logout -->
        <test-method is-config="true" signature="launch_browser_login(java.lang.String)[pri:0, instance:Airline_Project.AirlineProject2.Test15@5e600dd5]" started-at="2024-10-24T18:52:34 CDT" name="launch_browser_login" finished-at="2024-10-24T18:52:38 CDT" duration-ms="3621" status="PASS">
          <params>
            <param index="0">
              <value>
                <![CDATA[chrome]]>
              </value>
            </param>
          </params>
          <reporter-output>
          </reporter-output>
        </test-method> <!-- launch_browser_login -->
        <test-method signature="login()[pri:0, instance:Airline_Project.AirlineProject2.Test15@5e600dd5]" started-at="2024-10-24T18:52:38 CDT" name="login" finished-at="2024-10-24T18:53:16 CDT" duration-ms="38253" status="PASS">
          <reporter-output>
            <line>
              <![CDATA[Test Case 15 Passed-selection of credit card successful]]>
            </line>
          </reporter-output>
        </test-method> <!-- login -->
        <test-method is-config="true" signature="logout()[pri:0, instance:Airline_Project.AirlineProject2.Test15@5e600dd5]" started-at="2024-10-24T18:53:18 CDT" name="logout" finished-at="2024-10-24T18:53:23 CDT" duration-ms="5232" status="PASS">
          <reporter-output>
          </reporter-output>
        </test-method> <!-- logout -->
      </class> <!-- Airline_Project.AirlineProject2.Test15 -->
      <class name="Airline_Project.AirlineProject2.Test14">
        <test-method is-config="true" signature="launch_browser_login(java.lang.String)[pri:0, instance:Airline_Project.AirlineProject2.Test14@130c12b7]" started-at="2024-10-24T18:51:10 CDT" name="launch_browser_login" finished-at="2024-10-24T18:51:13 CDT" duration-ms="2592" status="PASS">
          <params>
            <param index="0">
              <value>
                <![CDATA[chrome]]>
              </value>
            </param>
          </params>
          <reporter-output>
          </reporter-output>
        </test-method> <!-- launch_browser_login -->
        <test-method signature="login()[pri:0, instance:Airline_Project.AirlineProject2.Test14@130c12b7]" started-at="2024-10-24T18:51:13 CDT" name="login" finished-at="2024-10-24T18:51:34 CDT" duration-ms="21239" status="PASS">
          <reporter-output>
            <line>
              <![CDATA[Test Case 14 Passed-Search functionality for domestic round trip flight successful]]>
            </line>
          </reporter-output>
        </test-method> <!-- login -->
        <test-method is-config="true" signature="logout()[pri:0, instance:Airline_Project.AirlineProject2.Test14@130c12b7]" started-at="2024-10-24T18:51:36 CDT" name="logout" finished-at="2024-10-24T18:51:42 CDT" duration-ms="5225" status="PASS">
          <reporter-output>
          </reporter-output>
        </test-method> <!-- logout -->
      </class> <!-- Airline_Project.AirlineProject2.Test14 -->
      <class name="Airline_Project.AirlineProject2.Test13">
        <test-method is-config="true" signature="launch_browser_login(java.lang.String)[pri:0, instance:Airline_Project.AirlineProject2.Test13@121314f7]" started-at="2024-10-24T18:50:51 CDT" name="launch_browser_login" finished-at="2024-10-24T18:50:54 CDT" duration-ms="3106" status="PASS">
          <params>
            <param index="0">
              <value>
                <![CDATA[chrome]]>
              </value>
            </param>
          </params>
          <reporter-output>
          </reporter-output>
        </test-method> <!-- launch_browser_login -->
        <test-method signature="login()[pri:0, instance:Airline_Project.AirlineProject2.Test13@121314f7]" started-at="2024-10-24T18:50:54 CDT" name="login" finished-at="2024-10-24T18:51:03 CDT" duration-ms="8345" status="PASS">
          <reporter-output>
            <line>
              <![CDATA[Test Case 13 passed-Apply Coupon successful]]>
            </line>
          </reporter-output>
        </test-method> <!-- login -->
        <test-method is-config="true" signature="logout()[pri:0, instance:Airline_Project.AirlineProject2.Test13@121314f7]" started-at="2024-10-24T18:51:05 CDT" name="logout" finished-at="2024-10-24T18:51:10 CDT" duration-ms="5220" status="PASS">
          <reporter-output>
          </reporter-output>
        </test-method> <!-- logout -->
      </class> <!-- Airline_Project.AirlineProject2.Test13 -->
      <class name="Airline_Project.AirlineProject2.Test12">
        <test-method is-config="true" signature="launch_browser_login(java.lang.String)[pri:0, instance:Airline_Project.AirlineProject2.Test12@60bd273d]" started-at="2024-10-24T18:50:31 CDT" name="launch_browser_login" finished-at="2024-10-24T18:50:35 CDT" duration-ms="4101" status="PASS">
          <params>
            <param index="0">
              <value>
                <![CDATA[chrome]]>
              </value>
            </param>
          </params>
          <reporter-output>
          </reporter-output>
        </test-method> <!-- launch_browser_login -->
        <test-method signature="login()[pri:0, instance:Airline_Project.AirlineProject2.Test12@60bd273d]" started-at="2024-10-24T18:50:35 CDT" name="login" finished-at="2024-10-24T18:50:44 CDT" duration-ms="9205" status="PASS">
          <reporter-output>
            <line>
              <![CDATA[Test Case 12 passed-Login,search and logout passed]]>
            </line>
          </reporter-output>
        </test-method> <!-- login -->
        <test-method is-config="true" signature="logout()[pri:0, instance:Airline_Project.AirlineProject2.Test12@60bd273d]" started-at="2024-10-24T18:50:46 CDT" name="logout" finished-at="2024-10-24T18:50:51 CDT" duration-ms="5209" status="PASS">
          <reporter-output>
          </reporter-output>
        </test-method> <!-- logout -->
      </class> <!-- Airline_Project.AirlineProject2.Test12 -->
      <class name="Airline_Project.AirlineProject2.Test_3">
        <test-method is-config="true" signature="launch_browser_login(java.lang.String)[pri:0, instance:Airline_Project.AirlineProject2.Test_3@73e9cf30]" started-at="2024-10-24T18:46:39 CDT" name="launch_browser_login" finished-at="2024-10-24T18:46:42 CDT" duration-ms="2875" status="PASS">
          <params>
            <param index="0">
              <value>
                <![CDATA[chrome]]>
              </value>
            </param>
          </params>
          <reporter-output>
          </reporter-output>
        </test-method> <!-- launch_browser_login -->
        <test-method signature="incorrectlogin()[pri:0, instance:Airline_Project.AirlineProject2.Test_3@73e9cf30]" started-at="2024-10-24T18:46:42 CDT" name="incorrectlogin" finished-at="2024-10-24T18:46:43 CDT" duration-ms="995" status="PASS">
          <reporter-output>
            <line>
              <![CDATA[Test Case 3 Passed-Login failed due to incorrect username]]>
            </line>
          </reporter-output>
        </test-method> <!-- incorrectlogin -->
        <test-method is-config="true" signature="logout()[pri:0, instance:Airline_Project.AirlineProject2.Test_3@73e9cf30]" started-at="2024-10-24T18:46:45 CDT" name="logout" finished-at="2024-10-24T18:46:51 CDT" duration-ms="5210" status="PASS">
          <reporter-output>
          </reporter-output>
        </test-method> <!-- logout -->
      </class> <!-- Airline_Project.AirlineProject2.Test_3 -->
      <class name="Airline_Project.AirlineProject2.Test_2">
        <test-method is-config="true" signature="launch_browser_login(java.lang.String)[pri:0, instance:Airline_Project.AirlineProject2.Test_2@272113c4]" started-at="2024-10-24T18:46:25 CDT" name="launch_browser_login" finished-at="2024-10-24T18:46:28 CDT" duration-ms="3130" status="PASS">
          <params>
            <param index="0">
              <value>
                <![CDATA[chrome]]>
              </value>
            </param>
          </params>
          <reporter-output>
          </reporter-output>
        </test-method> <!-- launch_browser_login -->
        <test-method signature="login()[pri:0, instance:Airline_Project.AirlineProject2.Test_2@272113c4]" started-at="2024-10-24T18:46:28 CDT" name="login" finished-at="2024-10-24T18:46:31 CDT" duration-ms="3432" status="PASS">
          <reporter-output>
            <line>
              <![CDATA[Test Case 2 passed-sign in successful]]>
            </line>
          </reporter-output>
        </test-method> <!-- login -->
        <test-method is-config="true" signature="logout()[pri:0, instance:Airline_Project.AirlineProject2.Test_2@272113c4]" started-at="2024-10-24T18:46:34 CDT" name="logout" finished-at="2024-10-24T18:46:39 CDT" duration-ms="5363" status="PASS">
          <reporter-output>
          </reporter-output>
        </test-method> <!-- logout -->
      </class> <!-- Airline_Project.AirlineProject2.Test_2 -->
      <class name="Airline_Project.AirlineProject2.Test_1">
        <test-method is-config="true" signature="launch_browser_login(java.lang.String)[pri:0, instance:Airline_Project.AirlineProject2.Test_1@7c711375]" started-at="2024-10-24T18:46:02 CDT" name="launch_browser_login" finished-at="2024-10-24T18:46:05 CDT" duration-ms="3787" status="PASS">
          <params>
            <param index="0">
              <value>
                <![CDATA[chrome]]>
              </value>
            </param>
          </params>
          <reporter-output>
          </reporter-output>
        </test-method> <!-- launch_browser_login -->
        <test-method signature="newUserRegistration()[pri:0, instance:Airline_Project.AirlineProject2.Test_1@7c711375]" started-at="2024-10-24T18:46:05 CDT" name="newUserRegistration" finished-at="2024-10-24T18:46:17 CDT" duration-ms="11983" status="PASS">
          <reporter-output>
            <line>
              <![CDATA[Test Case 1 Passed-New user registration successful]]>
            </line>
          </reporter-output>
        </test-method> <!-- newUserRegistration -->
        <test-method is-config="true" signature="logout()[pri:0, instance:Airline_Project.AirlineProject2.Test_1@7c711375]" started-at="2024-10-24T18:46:19 CDT" name="logout" finished-at="2024-10-24T18:46:25 CDT" duration-ms="5369" status="PASS">
          <reporter-output>
          </reporter-output>
        </test-method> <!-- logout -->
      </class> <!-- Airline_Project.AirlineProject2.Test_1 -->
      <class name="Airline_Project.AirlineProject2.Test_7">
        <test-method is-config="true" signature="launch_browser_login(java.lang.String)[pri:0, instance:Airline_Project.AirlineProject2.Test_7@3f6f6701]" started-at="2024-10-24T18:47:57 CDT" name="launch_browser_login" finished-at="2024-10-24T18:48:01 CDT" duration-ms="3911" status="PASS">
          <params>
            <param index="0">
              <value>
                <![CDATA[chrome]]>
              </value>
            </param>
          </params>
          <reporter-output>
          </reporter-output>
        </test-method> <!-- launch_browser_login -->
        <test-method retried="true" signature="login()[pri:0, instance:Airline_Project.AirlineProject2.Test_7@3f6f6701]" started-at="2024-10-24T18:48:01 CDT" name="login" finished-at="2024-10-24T18:48:09 CDT" duration-ms="8479" status="SKIP">
          <exception class="org.openqa.selenium.ElementClickInterceptedException">
            <message>
              <![CDATA[element click intercepted: Element <button class="_7e41f983 bba41d3c  _50baedd0  ">...</button> is not clickable at point (1114, 15). Other element would receive the click: <div class="b44c2cc8" id="fl_lp_search">...</div>
  (Session info: chrome=129.0.6668.101)
Build info: version: '4.23.1', revision: '656257d8e9'
System info: os.name: 'Windows 11', os.arch: 'amd64', os.version: '10.0', java.version: '17.0.11'
Driver info: org.openqa.selenium.chrome.ChromeDriver
Command: [51a8f2cf3a498ab2f94a7349613c2667, clickElement {id=f.256468C3F10B2BCB1B4ACD8D671DF7F5.d.CB62AF88F181FD76428D25EF0DE29D5A.e.214}]
Capabilities {acceptInsecureCerts: false, browserName: chrome, browserVersion: 129.0.6668.101, chrome: {chromedriverVersion: 129.0.6668.100 (cf58cba358d..., userDataDir: C:\Users\mailt\AppData\Loca...}, fedcm:accounts: true, goog:chromeOptions: {debuggerAddress: localhost:65520}, networkConnectionEnabled: false, pageLoadStrategy: normal, platformName: windows, proxy: Proxy(), se:cdp: ws://localhost:65520/devtoo..., se:cdpVersion: 129.0.6668.101, setWindowRect: true, strictFileInteractability: false, timeouts: {implicit: 0, pageLoad: 300000, script: 30000}, unhandledPromptBehavior: dismiss and notify, webauthn:extension:credBlob: true, webauthn:extension:largeBlob: true, webauthn:extension:minPinLength: true, webauthn:extension:prf: true, webauthn:virtualAuthenticators: true}
Element: [[ChromeDriver: chrome on windows (51a8f2cf3a498ab2f94a7349613c2667)] -> xpath: (//button[.='Book'])[1]]
Session ID: 51a8f2cf3a498ab2f94a7349613c2667]]>
            </message>
            <full-stacktrace>
              <![CDATA[org.openqa.selenium.ElementClickInterceptedException: element click intercepted: Element <button class="_7e41f983 bba41d3c  _50baedd0  ">...</button> is not clickable at point (1114, 15). Other element would receive the click: <div class="b44c2cc8" id="fl_lp_search">...</div>
  (Session info: chrome=129.0.6668.101)
Build info: version: '4.23.1', revision: '656257d8e9'
System info: os.name: 'Windows 11', os.arch: 'amd64', os.version: '10.0', java.version: '17.0.11'
Driver info: org.openqa.selenium.chrome.ChromeDriver
Command: [51a8f2cf3a498ab2f94a7349613c2667, clickElement {id=f.256468C3F10B2BCB1B4ACD8D671DF7F5.d.CB62AF88F181FD76428D25EF0DE29D5A.e.214}]
Capabilities {acceptInsecureCerts: false, browserName: chrome, browserVersion: 129.0.6668.101, chrome: {chromedriverVersion: 129.0.6668.100 (cf58cba358d..., userDataDir: C:\Users\mailt\AppData\Loca...}, fedcm:accounts: true, goog:chromeOptions: {debuggerAddress: localhost:65520}, networkConnectionEnabled: false, pageLoadStrategy: normal, platformName: windows, proxy: Proxy(), se:cdp: ws://localhost:65520/devtoo..., se:cdpVersion: 129.0.6668.101, setWindowRect: true, strictFileInteractability: false, timeouts: {implicit: 0, pageLoad: 300000, script: 30000}, unhandledPromptBehavior: dismiss and notify, webauthn:extension:credBlob: true, webauthn:extension:largeBlob: true, webauthn:extension:minPinLength: true, webauthn:extension:prf: true, webauthn:virtualAuthenticators: true}
Element: [[ChromeDriver: chrome on windows (51a8f2cf3a498ab2f94a7349613c2667)] -> xpath: (//button[.='Book'])[1]]
Session ID: 51a8f2cf3a498ab2f94a7349613c2667
at java.base/jdk.internal.reflect.NativeConstructorAccessorImpl.newInstance0(Native Method)
at java.base/jdk.internal.reflect.NativeConstructorAccessorImpl.newInstance(NativeConstructorAccessorImpl.java:77)
at java.base/jdk.internal.reflect.DelegatingConstructorAccessorImpl.newInstance(DelegatingConstructorAccessorImpl.java:45)
at java.base/java.lang.reflect.Constructor.newInstanceWithCaller(Constructor.java:499)
at java.base/java.lang.reflect.Constructor.newInstance(Constructor.java:480)
at org.openqa.selenium.remote.ErrorCodec.decode(ErrorCodec.java:167)
at org.openqa.selenium.remote.codec.w3c.W3CHttpResponseCodec.decode(W3CHttpResponseCodec.java:138)
at org.openqa.selenium.remote.codec.w3c.W3CHttpResponseCodec.decode(W3CHttpResponseCodec.java:50)
at org.openqa.selenium.remote.HttpCommandExecutor.execute(HttpCommandExecutor.java:190)
at org.openqa.selenium.remote.service.DriverCommandExecutor.invokeExecute(DriverCommandExecutor.java:216)
at org.openqa.selenium.remote.service.DriverCommandExecutor.execute(DriverCommandExecutor.java:174)
at org.openqa.selenium.remote.RemoteWebDriver.execute(RemoteWebDriver.java:545)
at org.openqa.selenium.remote.RemoteWebElement.execute(RemoteWebElement.java:223)
at org.openqa.selenium.remote.RemoteWebElement.click(RemoteWebElement.java:76)
at jdk.internal.reflect.GeneratedMethodAccessor1.invoke(Unknown Source)
at java.base/jdk.internal.reflect.DelegatingMethodAccessorImpl.invoke(DelegatingMethodAccessorImpl.java:43)
at java.base/java.lang.reflect.Method.invoke(Method.java:568)
at org.openqa.selenium.support.pagefactory.internal.LocatingElementHandler.invoke(LocatingElementHandler.java:51)
at jdk.proxy2/jdk.proxy2.$Proxy15.click(Unknown Source)
at Airline_Project.AirlineProject2.Amz_flight_SearchResults.multicity(Amz_flight_SearchResults.java:162)
at Airline_Project.AirlineProject2.Test_7.login(Test_7.java:24)
at java.base/jdk.internal.reflect.NativeMethodAccessorImpl.invoke0(Native Method)
at java.base/jdk.internal.reflect.NativeMethodAccessorImpl.invoke(NativeMethodAccessorImpl.java:77)
at java.base/jdk.internal.reflect.DelegatingMethodAccessorImpl.invoke(DelegatingMethodAccessorImpl.java:43)
at java.base/java.lang.reflect.Method.invoke(Method.java:568)
at org.testng.internal.MethodInvocationHelper.invokeMethod(MethodInvocationHelper.java:133)
at org.testng.internal.TestInvoker.invokeMethod(TestInvoker.java:598)
at org.testng.internal.TestInvoker.invokeTestMethod(TestInvoker.java:173)
at org.testng.internal.MethodRunner.runInSequence(MethodRunner.java:46)
at org.testng.internal.TestInvoker$MethodInvocationAgent.invoke(TestInvoker.java:824)
at org.testng.internal.TestInvoker.invokeTestMethods(TestInvoker.java:146)
at org.testng.internal.TestMethodWorker.invokeTestMethods(TestMethodWorker.java:146)
at org.testng.internal.TestMethodWorker.run(TestMethodWorker.java:128)
at java.base/java.util.ArrayList.forEach(ArrayList.java:1511)
at org.testng.TestRunner.privateRun(TestRunner.java:794)
at org.testng.TestRunner.run(TestRunner.java:596)
at org.testng.SuiteRunner.runTest(SuiteRunner.java:377)
at org.testng.SuiteRunner.runSequentially(SuiteRunner.java:371)
at org.testng.SuiteRunner.privateRun(SuiteRunner.java:332)
at org.testng.SuiteRunner.run(SuiteRunner.java:276)
at org.testng.SuiteRunnerWorker.runSuite(SuiteRunnerWorker.java:53)
at org.testng.SuiteRunnerWorker.run(SuiteRunnerWorker.java:96)
at org.testng.TestNG.runSuitesSequentially(TestNG.java:1212)
at org.testng.TestNG.runSuitesLocally(TestNG.java:1134)
at org.testng.TestNG.runSuites(TestNG.java:1063)
at org.testng.TestNG.run(TestNG.java:1031)
at org.testng.remote.AbstractRemoteTestNG.run(AbstractRemoteTestNG.java:115)
at org.testng.remote.RemoteTestNG.initAndRun(RemoteTestNG.java:293)
at org.testng.remote.RemoteTestNG.main(RemoteTestNG.java:91)
]]>
            </full-stacktrace>
          </exception> <!-- org.openqa.selenium.ElementClickInterceptedException -->
          <reporter-output>
          </reporter-output>
        </test-method> <!-- login -->
        <test-method is-config="true" signature="logout()[pri:0, instance:Airline_Project.AirlineProject2.Test_7@3f6f6701]" started-at="2024-10-24T18:48:09 CDT" name="logout" finished-at="2024-10-24T18:48:14 CDT" duration-ms="5219" status="PASS">
          <reporter-output>
          </reporter-output>
        </test-method> <!-- logout -->
        <test-method is-config="true" signature="launch_browser_login(java.lang.String)[pri:0, instance:Airline_Project.AirlineProject2.Test_7@3f6f6701]" started-at="2024-10-24T18:48:14 CDT" name="launch_browser_login" finished-at="2024-10-24T18:48:18 CDT" duration-ms="3247" status="PASS">
          <params>
            <param index="0">
              <value>
                <![CDATA[chrome]]>
              </value>
            </param>
          </params>
          <reporter-output>
          </reporter-output>
        </test-method> <!-- launch_browser_login -->
        <test-method signature="login()[pri:0, instance:Airline_Project.AirlineProject2.Test_7@3f6f6701]" started-at="2024-10-24T18:48:18 CDT" name="login" finished-at="2024-10-24T18:48:26 CDT" duration-ms="7964" status="PASS">
          <reporter-output>
          </reporter-output>
        </test-method> <!-- login -->
        <test-method is-config="true" signature="logout()[pri:0, instance:Airline_Project.AirlineProject2.Test_7@3f6f6701]" started-at="2024-10-24T18:48:28 CDT" name="logout" finished-at="2024-10-24T18:48:33 CDT" duration-ms="5267" status="PASS">
          <reporter-output>
          </reporter-output>
        </test-method> <!-- logout -->
      </class> <!-- Airline_Project.AirlineProject2.Test_7 -->
      <class name="Airline_Project.AirlineProject2.Test_6">
        <test-method is-config="true" signature="launch_browser_login(java.lang.String)[pri:0, instance:Airline_Project.AirlineProject2.Test_6@242b836]" started-at="2024-10-24T18:47:30 CDT" name="launch_browser_login" finished-at="2024-10-24T18:47:33 CDT" duration-ms="3108" status="PASS">
          <params>
            <param index="0">
              <value>
                <![CDATA[chrome]]>
              </value>
            </param>
          </params>
          <reporter-output>
          </reporter-output>
        </test-method> <!-- launch_browser_login -->
        <test-method signature="login()[pri:0, instance:Airline_Project.AirlineProject2.Test_6@242b836]" started-at="2024-10-24T18:47:33 CDT" name="login" finished-at="2024-10-24T18:47:49 CDT" duration-ms="16391" status="PASS">
          <reporter-output>
            <line>
              <![CDATA[Test Case 6 Passed-Search functionality for economy successful]]>
            </line>
            <line>
              <![CDATA[Test Case 6 Passed-Search functionality for premium economy successful]]>
            </line>
            <line>
              <![CDATA[Test Case 6 Passed-Search functionality for Business class successful]]>
            </line>
          </reporter-output>
        </test-method> <!-- login -->
        <test-method is-config="true" signature="logout()[pri:0, instance:Airline_Project.AirlineProject2.Test_6@242b836]" started-at="2024-10-24T18:47:52 CDT" name="logout" finished-at="2024-10-24T18:47:57 CDT" duration-ms="5230" status="PASS">
          <reporter-output>
          </reporter-output>
        </test-method> <!-- logout -->
      </class> <!-- Airline_Project.AirlineProject2.Test_6 -->
      <class name="Airline_Project.AirlineProject2.Test_5">
        <test-method is-config="true" signature="launch_browser_login(java.lang.String)[pri:0, instance:Airline_Project.AirlineProject2.Test_5@2d52216b]" started-at="2024-10-24T18:47:07 CDT" name="launch_browser_login" finished-at="2024-10-24T18:47:10 CDT" duration-ms="3219" status="PASS">
          <params>
            <param index="0">
              <value>
                <![CDATA[chrome]]>
              </value>
            </param>
          </params>
          <reporter-output>
          </reporter-output>
        </test-method> <!-- launch_browser_login -->
        <test-method signature="login()[pri:0, instance:Airline_Project.AirlineProject2.Test_5@2d52216b]" started-at="2024-10-24T18:47:10 CDT" name="login" finished-at="2024-10-24T18:47:22 CDT" duration-ms="12573" status="PASS">
          <reporter-output>
            <line>
              <![CDATA[Test Case 5 Passed-Search functionality for round trip flight successful]]>
            </line>
          </reporter-output>
        </test-method> <!-- login -->
        <test-method is-config="true" signature="logout()[pri:0, instance:Airline_Project.AirlineProject2.Test_5@2d52216b]" started-at="2024-10-24T18:47:25 CDT" name="logout" finished-at="2024-10-24T18:47:30 CDT" duration-ms="5223" status="PASS">
          <reporter-output>
          </reporter-output>
        </test-method> <!-- logout -->
      </class> <!-- Airline_Project.AirlineProject2.Test_5 -->
      <class name="Airline_Project.AirlineProject2.Test_4">
        <test-method is-config="true" signature="launch_browser_login(java.lang.String)[pri:0, instance:Airline_Project.AirlineProject2.Test_4@771a660]" started-at="2024-10-24T18:46:51 CDT" name="launch_browser_login" finished-at="2024-10-24T18:46:54 CDT" duration-ms="3075" status="PASS">
          <params>
            <param index="0">
              <value>
                <![CDATA[chrome]]>
              </value>
            </param>
          </params>
          <reporter-output>
          </reporter-output>
        </test-method> <!-- launch_browser_login -->
        <test-method signature="login()[pri:0, instance:Airline_Project.AirlineProject2.Test_4@771a660]" started-at="2024-10-24T18:46:54 CDT" name="login" finished-at="2024-10-24T18:46:59 CDT" duration-ms="5448" status="PASS">
          <reporter-output>
            <line>
              <![CDATA[Test Case 4 Passed-Search functionality for One Way flight successful]]>
            </line>
          </reporter-output>
        </test-method> <!-- login -->
        <test-method is-config="true" signature="logout()[pri:0, instance:Airline_Project.AirlineProject2.Test_4@771a660]" started-at="2024-10-24T18:47:01 CDT" name="logout" finished-at="2024-10-24T18:47:07 CDT" duration-ms="5220" status="PASS">
          <reporter-output>
          </reporter-output>
        </test-method> <!-- logout -->
      </class> <!-- Airline_Project.AirlineProject2.Test_4 -->
      <class name="Airline_Project.AirlineProject2.Test_9">
        <test-method is-config="true" signature="launch_browser_login(java.lang.String)[pri:0, instance:Airline_Project.AirlineProject2.Test_9@5a45133e]" started-at="2024-10-24T18:49:13 CDT" name="launch_browser_login" finished-at="2024-10-24T18:49:16 CDT" duration-ms="3004" status="PASS">
          <params>
            <param index="0">
              <value>
                <![CDATA[chrome]]>
              </value>
            </param>
          </params>
          <reporter-output>
          </reporter-output>
        </test-method> <!-- launch_browser_login -->
        <test-method signature="login()[pri:0, instance:Airline_Project.AirlineProject2.Test_9@5a45133e]" started-at="2024-10-24T18:49:16 CDT" name="login" finished-at="2024-10-24T18:49:41 CDT" duration-ms="25262" status="PASS">
          <reporter-output>
            <line>
              <![CDATA[Test Case 9 passed-multiple passengers in single booking successful]]>
            </line>
          </reporter-output>
        </test-method> <!-- login -->
        <test-method is-config="true" signature="logout()[pri:0, instance:Airline_Project.AirlineProject2.Test_9@5a45133e]" started-at="2024-10-24T18:49:43 CDT" name="logout" finished-at="2024-10-24T18:49:49 CDT" duration-ms="5235" status="PASS">
          <reporter-output>
          </reporter-output>
        </test-method> <!-- logout -->
      </class> <!-- Airline_Project.AirlineProject2.Test_9 -->
      <class name="Airline_Project.AirlineProject2.Test_8">
        <test-method is-config="true" signature="launch_browser_login(java.lang.String)[pri:0, instance:Airline_Project.AirlineProject2.Test_8@1ed6388a]" started-at="2024-10-24T18:48:33 CDT" name="launch_browser_login" finished-at="2024-10-24T18:48:36 CDT" duration-ms="2684" status="PASS">
          <params>
            <param index="0">
              <value>
                <![CDATA[chrome]]>
              </value>
            </param>
          </params>
          <reporter-output>
          </reporter-output>
        </test-method> <!-- launch_browser_login -->
        <test-method signature="login()[pri:0, instance:Airline_Project.AirlineProject2.Test_8@1ed6388a]" started-at="2024-10-24T18:48:36 CDT" name="login" finished-at="2024-10-24T18:49:05 CDT" duration-ms="29589" status="PASS">
          <reporter-output>
            <line>
              <![CDATA[Test 8 Passed-Seat selection successful]]>
            </line>
          </reporter-output>
        </test-method> <!-- login -->
        <test-method is-config="true" signature="logout()[pri:0, instance:Airline_Project.AirlineProject2.Test_8@1ed6388a]" started-at="2024-10-24T18:49:08 CDT" name="logout" finished-at="2024-10-24T18:49:13 CDT" duration-ms="5210" status="PASS">
          <reporter-output>
          </reporter-output>
        </test-method> <!-- logout -->
      </class> <!-- Airline_Project.AirlineProject2.Test_8 -->
      <class name="Airline_Project.AirlineProject2.Test11">
        <test-method is-config="true" signature="launch_browser_login(java.lang.String)[pri:0, instance:Airline_Project.AirlineProject2.Test11@4f80542f]" started-at="2024-10-24T18:50:07 CDT" name="launch_browser_login" finished-at="2024-10-24T18:50:10 CDT" duration-ms="3121" status="PASS">
          <params>
            <param index="0">
              <value>
                <![CDATA[chrome]]>
              </value>
            </param>
          </params>
          <reporter-output>
          </reporter-output>
        </test-method> <!-- launch_browser_login -->
        <test-method signature="login()[pri:0, instance:Airline_Project.AirlineProject2.Test11@4f80542f]" started-at="2024-10-24T18:50:10 CDT" name="login" finished-at="2024-10-24T18:50:23 CDT" duration-ms="12701" status="PASS">
          <reporter-output>
            <line>
              <![CDATA[Test Case 11 passed-User Entry of passenger name successful]]>
            </line>
            <line>
              <![CDATA[Test Case 11 passed-User Entry of mobile number successful]]>
            </line>
            <line>
              <![CDATA[Test Case 11 passed-User Entry of email successful]]>
            </line>
          </reporter-output>
        </test-method> <!-- login -->
        <test-method is-config="true" signature="logout()[pri:0, instance:Airline_Project.AirlineProject2.Test11@4f80542f]" started-at="2024-10-24T18:50:25 CDT" name="logout" finished-at="2024-10-24T18:50:31 CDT" duration-ms="5291" status="PASS">
          <reporter-output>
          </reporter-output>
        </test-method> <!-- logout -->
      </class> <!-- Airline_Project.AirlineProject2.Test11 -->
      <class name="Airline_Project.AirlineProject2.Test10">
        <test-method is-config="true" signature="launch_browser_login(java.lang.String)[pri:0, instance:Airline_Project.AirlineProject2.Test10@534a5a98]" started-at="2024-10-24T18:49:49 CDT" name="launch_browser_login" finished-at="2024-10-24T18:49:52 CDT" duration-ms="3373" status="PASS">
          <params>
            <param index="0">
              <value>
                <![CDATA[chrome]]>
              </value>
            </param>
          </params>
          <reporter-output>
          </reporter-output>
        </test-method> <!-- launch_browser_login -->
        <test-method signature="login()[pri:0, instance:Airline_Project.AirlineProject2.Test10@534a5a98]" started-at="2024-10-24T18:49:52 CDT" name="login" finished-at="2024-10-24T18:50:00 CDT" duration-ms="8038" status="PASS">
          <reporter-output>
            <line>
              <![CDATA[Test Case 10 passed-flight information details available]]>
            </line>
            <line>
              <![CDATA[Test Case 10 passed-fare details available]]>
            </line>
            <line>
              <![CDATA[Test Case 10 passed-baggage details available]]>
            </line>
            <line>
              <![CDATA[Test Case 10 passed-cancellation details available]]>
            </line>
          </reporter-output>
        </test-method> <!-- login -->
        <test-method is-config="true" signature="logout()[pri:0, instance:Airline_Project.AirlineProject2.Test10@534a5a98]" started-at="2024-10-24T18:50:02 CDT" name="logout" finished-at="2024-10-24T18:50:07 CDT" duration-ms="5223" status="PASS">
          <reporter-output>
          </reporter-output>
        </test-method> <!-- logout -->
      </class> <!-- Airline_Project.AirlineProject2.Test10 -->
    </test> <!-- Testing with Chrome -->
    <test started-at="2024-10-24T18:53:23 CDT" name="Testing with Edge" finished-at="2024-10-24T19:02:51 CDT" duration-ms="567863">
      <class name="Airline_Project.AirlineProject2.Test15">
        <test-method is-config="true" signature="launch_browser_login(java.lang.String)[pri:0, instance:Airline_Project.AirlineProject2.Test15@2cf3d63b]" started-at="2024-10-24T19:01:04 CDT" name="launch_browser_login" finished-at="2024-10-24T19:01:09 CDT" duration-ms="5491" status="PASS">
          <params>
            <param index="0">
              <value>
                <![CDATA[edge]]>
              </value>
            </param>
          </params>
          <reporter-output>
          </reporter-output>
        </test-method> <!-- launch_browser_login -->
        <test-method retried="true" signature="login()[pri:0, instance:Airline_Project.AirlineProject2.Test15@2cf3d63b]" started-at="2024-10-24T19:01:09 CDT" name="login" finished-at="2024-10-24T19:01:47 CDT" duration-ms="38408" status="SKIP">
          <exception class="org.openqa.selenium.TimeoutException">
            <message>
              <![CDATA[Expected condition failed: waiting for element to be clickable: Proxy element for: DefaultElementLocator 'By.xpath: //button[.='Proceed to traveller details']' (tried for 15 second(s) with 500 milliseconds interval)]]>
            </message>
            <full-stacktrace>
              <![CDATA[org.openqa.selenium.TimeoutException: Expected condition failed: waiting for element to be clickable: Proxy element for: DefaultElementLocator 'By.xpath: //button[.='Proceed to traveller details']' (tried for 15 second(s) with 500 milliseconds interval)
at org.openqa.selenium.support.ui.WebDriverWait.timeoutException(WebDriverWait.java:84)
at org.openqa.selenium.support.ui.FluentWait.until(FluentWait.java:228)
at Airline_Project.AirlineProject2.Amz_flight_SearchResults.seatSelection(Amz_flight_SearchResults.java:190)
at Airline_Project.AirlineProject2.Test15.login(Test15.java:23)
at java.base/jdk.internal.reflect.NativeMethodAccessorImpl.invoke0(Native Method)
at java.base/jdk.internal.reflect.NativeMethodAccessorImpl.invoke(NativeMethodAccessorImpl.java:77)
at java.base/jdk.internal.reflect.DelegatingMethodAccessorImpl.invoke(DelegatingMethodAccessorImpl.java:43)
at java.base/java.lang.reflect.Method.invoke(Method.java:568)
at org.testng.internal.MethodInvocationHelper.invokeMethod(MethodInvocationHelper.java:133)
at org.testng.internal.TestInvoker.invokeMethod(TestInvoker.java:598)
at org.testng.internal.TestInvoker.invokeTestMethod(TestInvoker.java:173)
at org.testng.internal.MethodRunner.runInSequence(MethodRunner.java:46)
at org.testng.internal.TestInvoker$MethodInvocationAgent.invoke(TestInvoker.java:824)
at org.testng.internal.TestInvoker.invokeTestMethods(TestInvoker.java:146)
at org.testng.internal.TestMethodWorker.invokeTestMethods(TestMethodWorker.java:146)
at org.testng.internal.TestMethodWorker.run(TestMethodWorker.java:128)
at java.base/java.util.ArrayList.forEach(ArrayList.java:1511)
at org.testng.TestRunner.privateRun(TestRunner.java:794)
at org.testng.TestRunner.run(TestRunner.java:596)
at org.testng.SuiteRunner.runTest(SuiteRunner.java:377)
at org.testng.SuiteRunner.runSequentially(SuiteRunner.java:371)
at org.testng.SuiteRunner.privateRun(SuiteRunner.java:332)
at org.testng.SuiteRunner.run(SuiteRunner.java:276)
at org.testng.SuiteRunnerWorker.runSuite(SuiteRunnerWorker.java:53)
at org.testng.SuiteRunnerWorker.run(SuiteRunnerWorker.java:96)
at org.testng.TestNG.runSuitesSequentially(TestNG.java:1212)
at org.testng.TestNG.runSuitesLocally(TestNG.java:1134)
at org.testng.TestNG.runSuites(TestNG.java:1063)
at org.testng.TestNG.run(TestNG.java:1031)
at org.testng.remote.AbstractRemoteTestNG.run(AbstractRemoteTestNG.java:115)
at org.testng.remote.RemoteTestNG.initAndRun(RemoteTestNG.java:293)
at org.testng.remote.RemoteTestNG.main(RemoteTestNG.java:91)
Caused by: org.openqa.selenium.NoSuchElementException: no such element: Unable to locate element: {"method":"xpath","selector":"//button[.='Proceed to traveller details']"}
  (Session info: MicrosoftEdge=129.0.2792.79)
For documentation on this error, please visit: https://www.selenium.dev/documentation/webdriver/troubleshooting/errors#no-such-element-exception
Build info: version: '4.23.1', revision: '656257d8e9'
System info: os.name: 'Windows 11', os.arch: 'amd64', os.version: '10.0', java.version: '17.0.11'
Driver info: org.openqa.selenium.edge.EdgeDriver
Command: [cb976d1117d25cd1b064244876ab3b4c, findElement {using=xpath, value=//button[.='Proceed to traveller details']}]
Capabilities {acceptInsecureCerts: false, browserName: MicrosoftEdge, browserVersion: 129.0.2792.79, fedcm:accounts: true, ms:edgeOptions: {debuggerAddress: localhost:53025}, msedge: {msedgedriverVersion: 129.0.2792.89 (65986ec8d2a8..., userDataDir: C:\Users\mailt\AppData\Loca...}, networkConnectionEnabled: false, pageLoadStrategy: normal, platformName: windows, proxy: Proxy(), se:cdp: ws://localhost:53025/devtoo..., se:cdpVersion: 129.0.2792.79, setWindowRect: true, strictFileInteractability: false, timeouts: {implicit: 0, pageLoad: 300000, script: 30000}, unhandledPromptBehavior: dismiss and notify, webauthn:extension:credBlob: true, webauthn:extension:largeBlob: true, webauthn:extension:minPinLength: true, webauthn:extension:prf: true, webauthn:virtualAuthenticators: true}
Session ID: cb976d1117d25cd1b064244876ab3b4c
at java.base/jdk.internal.reflect.NativeConstructorAccessorImpl.newInstance0(Native Method)
at java.base/jdk.internal.reflect.NativeConstructorAccessorImpl.newInstance(NativeConstructorAccessorImpl.java:77)
at java.base/jdk.internal.reflect.DelegatingConstructorAccessorImpl.newInstance(DelegatingConstructorAccessorImpl.java:45)
at java.base/java.lang.reflect.Constructor.newInstanceWithCaller(Constructor.java:499)
at java.base/java.lang.reflect.Constructor.newInstance(Constructor.java:480)
at org.openqa.selenium.remote.ErrorCodec.decode(ErrorCodec.java:167)
at org.openqa.selenium.remote.codec.w3c.W3CHttpResponseCodec.decode(W3CHttpResponseCodec.java:138)
at org.openqa.selenium.remote.codec.w3c.W3CHttpResponseCodec.decode(W3CHttpResponseCodec.java:50)
at org.openqa.selenium.remote.HttpCommandExecutor.execute(HttpCommandExecutor.java:190)
at org.openqa.selenium.remote.service.DriverCommandExecutor.invokeExecute(DriverCommandExecutor.java:216)
at org.openqa.selenium.remote.service.DriverCommandExecutor.execute(DriverCommandExecutor.java:174)
at org.openqa.selenium.remote.RemoteWebDriver.execute(RemoteWebDriver.java:545)
at org.openqa.selenium.remote.ElementLocation$ElementFinder$2.findElement(ElementLocation.java:165)
at org.openqa.selenium.remote.ElementLocation.findElement(ElementLocation.java:59)
at org.openqa.selenium.remote.RemoteWebDriver.findElement(RemoteWebDriver.java:368)
at org.openqa.selenium.remote.RemoteWebDriver.findElement(RemoteWebDriver.java:362)
at org.openqa.selenium.support.pagefactory.DefaultElementLocator.findElement(DefaultElementLocator.java:68)
at org.openqa.selenium.support.pagefactory.internal.LocatingElementHandler.invoke(LocatingElementHandler.java:38)
at jdk.proxy2/jdk.proxy2.$Proxy15.isDisplayed(Unknown Source)
at org.openqa.selenium.support.ui.ExpectedConditions.elementIfVisible(ExpectedConditions.java:304)
at org.openqa.selenium.support.ui.ExpectedConditions$10.apply(ExpectedConditions.java:290)
at org.openqa.selenium.support.ui.ExpectedConditions$10.apply(ExpectedConditions.java:287)
at org.openqa.selenium.support.ui.ExpectedConditions$23.apply(ExpectedConditions.java:656)
at org.openqa.selenium.support.ui.ExpectedConditions$23.apply(ExpectedConditions.java:652)
at org.openqa.selenium.support.ui.FluentWait.until(FluentWait.java:203)
... 30 more
]]>
            </full-stacktrace>
          </exception> <!-- org.openqa.selenium.TimeoutException -->
          <reporter-output>
          </reporter-output>
        </test-method> <!-- login -->
        <test-method is-config="true" signature="logout()[pri:0, instance:Airline_Project.AirlineProject2.Test15@2cf3d63b]" started-at="2024-10-24T19:01:47 CDT" name="logout" finished-at="2024-10-24T19:01:54 CDT" duration-ms="6318" status="PASS">
          <reporter-output>
          </reporter-output>
        </test-method> <!-- logout -->
        <test-method is-config="true" signature="launch_browser_login(java.lang.String)[pri:0, instance:Airline_Project.AirlineProject2.Test15@2cf3d63b]" started-at="2024-10-24T19:01:54 CDT" name="launch_browser_login" finished-at="2024-10-24T19:01:58 CDT" duration-ms="4314" status="PASS">
          <params>
            <param index="0">
              <value>
                <![CDATA[edge]]>
              </value>
            </param>
          </params>
          <reporter-output>
          </reporter-output>
        </test-method> <!-- launch_browser_login -->
        <test-method signature="login()[pri:0, instance:Airline_Project.AirlineProject2.Test15@2cf3d63b]" started-at="2024-10-24T19:01:58 CDT" name="login" finished-at="2024-10-24T19:02:43 CDT" duration-ms="44664" status="PASS">
          <reporter-output>
            <line>
              <![CDATA[Test Case 15 Passed-selection of credit card successful]]>
            </line>
          </reporter-output>
        </test-method> <!-- login -->
        <test-method is-config="true" signature="logout()[pri:0, instance:Airline_Project.AirlineProject2.Test15@2cf3d63b]" started-at="2024-10-24T19:02:45 CDT" name="logout" finished-at="2024-10-24T19:02:51 CDT" duration-ms="6340" status="PASS">
          <reporter-output>
          </reporter-output>
        </test-method> <!-- logout -->
      </class> <!-- Airline_Project.AirlineProject2.Test15 -->
      <class name="Airline_Project.AirlineProject2.Test14">
        <test-method is-config="true" signature="launch_browser_login(java.lang.String)[pri:0, instance:Airline_Project.AirlineProject2.Test14@470734c3]" started-at="2024-10-24T19:00:21 CDT" name="launch_browser_login" finished-at="2024-10-24T19:00:26 CDT" duration-ms="4603" status="PASS">
          <params>
            <param index="0">
              <value>
                <![CDATA[edge]]>
              </value>
            </param>
          </params>
          <reporter-output>
          </reporter-output>
        </test-method> <!-- launch_browser_login -->
        <test-method signature="login()[pri:0, instance:Airline_Project.AirlineProject2.Test14@470734c3]" started-at="2024-10-24T19:00:26 CDT" name="login" finished-at="2024-10-24T19:00:55 CDT" duration-ms="29319" status="PASS">
          <reporter-output>
            <line>
              <![CDATA[Test Case 14 Passed-Search functionality for domestic round trip flight successful]]>
            </line>
          </reporter-output>
        </test-method> <!-- login -->
        <test-method is-config="true" signature="logout()[pri:0, instance:Airline_Project.AirlineProject2.Test14@470734c3]" started-at="2024-10-24T19:00:57 CDT" name="logout" finished-at="2024-10-24T19:01:04 CDT" duration-ms="6328" status="PASS">
          <reporter-output>
          </reporter-output>
        </test-method> <!-- logout -->
      </class> <!-- Airline_Project.AirlineProject2.Test14 -->
      <class name="Airline_Project.AirlineProject2.Test13">
        <test-method is-config="true" signature="launch_browser_login(java.lang.String)[pri:0, instance:Airline_Project.AirlineProject2.Test13@8f2ef19]" started-at="2024-10-24T18:59:51 CDT" name="launch_browser_login" finished-at="2024-10-24T18:59:56 CDT" duration-ms="4924" status="PASS">
          <params>
            <param index="0">
              <value>
                <![CDATA[edge]]>
              </value>
            </param>
          </params>
          <reporter-output>
          </reporter-output>
        </test-method> <!-- launch_browser_login -->
        <test-method signature="login()[pri:0, instance:Airline_Project.AirlineProject2.Test13@8f2ef19]" started-at="2024-10-24T18:59:56 CDT" name="login" finished-at="2024-10-24T19:00:13 CDT" duration-ms="16544" status="PASS">
          <reporter-output>
            <line>
              <![CDATA[Test Case 13 passed-Apply Coupon successful]]>
            </line>
          </reporter-output>
        </test-method> <!-- login -->
        <test-method is-config="true" signature="logout()[pri:0, instance:Airline_Project.AirlineProject2.Test13@8f2ef19]" started-at="2024-10-24T19:00:15 CDT" name="logout" finished-at="2024-10-24T19:00:21 CDT" duration-ms="6326" status="PASS">
          <reporter-output>
          </reporter-output>
        </test-method> <!-- logout -->
      </class> <!-- Airline_Project.AirlineProject2.Test13 -->
      <class name="Airline_Project.AirlineProject2.Test12">
        <test-method is-config="true" signature="launch_browser_login(java.lang.String)[pri:0, instance:Airline_Project.AirlineProject2.Test12@2eae8e6e]" started-at="2024-10-24T18:59:30 CDT" name="launch_browser_login" finished-at="2024-10-24T18:59:35 CDT" duration-ms="5121" status="PASS">
          <params>
            <param index="0">
              <value>
                <![CDATA[edge]]>
              </value>
            </param>
          </params>
          <reporter-output>
          </reporter-output>
        </test-method> <!-- launch_browser_login -->
        <test-method signature="login()[pri:0, instance:Airline_Project.AirlineProject2.Test12@2eae8e6e]" started-at="2024-10-24T18:59:35 CDT" name="login" finished-at="2024-10-24T18:59:43 CDT" duration-ms="7242" status="PASS">
          <reporter-output>
            <line>
              <![CDATA[Test Case 12 passed-Login,search and logout passed]]>
            </line>
          </reporter-output>
        </test-method> <!-- login -->
        <test-method is-config="true" signature="logout()[pri:0, instance:Airline_Project.AirlineProject2.Test12@2eae8e6e]" started-at="2024-10-24T18:59:45 CDT" name="logout" finished-at="2024-10-24T18:59:51 CDT" duration-ms="6358" status="PASS">
          <reporter-output>
          </reporter-output>
        </test-method> <!-- logout -->
      </class> <!-- Airline_Project.AirlineProject2.Test12 -->
      <class name="Airline_Project.AirlineProject2.Test_3">
        <test-method is-config="true" signature="launch_browser_login(java.lang.String)[pri:0, instance:Airline_Project.AirlineProject2.Test_3@53fe15ff]" started-at="2024-10-24T18:54:05 CDT" name="launch_browser_login" finished-at="2024-10-24T18:54:10 CDT" duration-ms="4785" status="PASS">
          <params>
            <param index="0">
              <value>
                <![CDATA[edge]]>
              </value>
            </param>
          </params>
          <reporter-output>
          </reporter-output>
        </test-method> <!-- launch_browser_login -->
        <test-method signature="incorrectlogin()[pri:0, instance:Airline_Project.AirlineProject2.Test_3@53fe15ff]" started-at="2024-10-24T18:54:10 CDT" name="incorrectlogin" finished-at="2024-10-24T18:54:11 CDT" duration-ms="1047" status="PASS">
          <reporter-output>
            <line>
              <![CDATA[Test Case 3 Passed-Login failed due to incorrect username]]>
            </line>
          </reporter-output>
        </test-method> <!-- incorrectlogin -->
        <test-method is-config="true" signature="logout()[pri:0, instance:Airline_Project.AirlineProject2.Test_3@53fe15ff]" started-at="2024-10-24T18:54:13 CDT" name="logout" finished-at="2024-10-24T18:54:20 CDT" duration-ms="6311" status="PASS">
          <reporter-output>
          </reporter-output>
        </test-method> <!-- logout -->
      </class> <!-- Airline_Project.AirlineProject2.Test_3 -->
      <class name="Airline_Project.AirlineProject2.Test_2">
        <test-method is-config="true" signature="launch_browser_login(java.lang.String)[pri:0, instance:Airline_Project.AirlineProject2.Test_2@2e8c1c9b]" started-at="2024-10-24T18:53:48 CDT" name="launch_browser_login" finished-at="2024-10-24T18:53:53 CDT" duration-ms="4923" status="PASS">
          <params>
            <param index="0">
              <value>
                <![CDATA[edge]]>
              </value>
            </param>
          </params>
          <reporter-output>
          </reporter-output>
        </test-method> <!-- launch_browser_login -->
        <test-method signature="login()[pri:0, instance:Airline_Project.AirlineProject2.Test_2@2e8c1c9b]" started-at="2024-10-24T18:53:53 CDT" name="login" finished-at="2024-10-24T18:53:57 CDT" duration-ms="3556" status="PASS">
          <reporter-output>
            <line>
              <![CDATA[Test Case 2 passed-sign in successful]]>
            </line>
          </reporter-output>
        </test-method> <!-- login -->
        <test-method is-config="true" signature="logout()[pri:0, instance:Airline_Project.AirlineProject2.Test_2@2e8c1c9b]" started-at="2024-10-24T18:53:59 CDT" name="logout" finished-at="2024-10-24T18:54:05 CDT" duration-ms="6366" status="PASS">
          <reporter-output>
          </reporter-output>
        </test-method> <!-- logout -->
      </class> <!-- Airline_Project.AirlineProject2.Test_2 -->
      <class name="Airline_Project.AirlineProject2.Test_1">
        <test-method is-config="true" signature="launch_browser_login(java.lang.String)[pri:0, instance:Airline_Project.AirlineProject2.Test_1@76a4ebf2]" started-at="2024-10-24T18:53:23 CDT" name="launch_browser_login" finished-at="2024-10-24T18:53:28 CDT" duration-ms="4918" status="PASS">
          <params>
            <param index="0">
              <value>
                <![CDATA[edge]]>
              </value>
            </param>
          </params>
          <reporter-output>
          </reporter-output>
        </test-method> <!-- launch_browser_login -->
        <test-method signature="newUserRegistration()[pri:0, instance:Airline_Project.AirlineProject2.Test_1@76a4ebf2]" started-at="2024-10-24T18:53:28 CDT" name="newUserRegistration" finished-at="2024-10-24T18:53:40 CDT" duration-ms="11154" status="PASS">
          <reporter-output>
            <line>
              <![CDATA[Test Case 1 Passed-New user registration successful]]>
            </line>
          </reporter-output>
        </test-method> <!-- newUserRegistration -->
        <test-method is-config="true" signature="logout()[pri:0, instance:Airline_Project.AirlineProject2.Test_1@76a4ebf2]" started-at="2024-10-24T18:53:42 CDT" name="logout" finished-at="2024-10-24T18:53:48 CDT" duration-ms="6339" status="PASS">
          <reporter-output>
          </reporter-output>
        </test-method> <!-- logout -->
      </class> <!-- Airline_Project.AirlineProject2.Test_1 -->
      <class name="Airline_Project.AirlineProject2.Test_7">
        <test-method is-config="true" signature="launch_browser_login(java.lang.String)[pri:0, instance:Airline_Project.AirlineProject2.Test_7@78e4deb0]" started-at="2024-10-24T18:56:15 CDT" name="launch_browser_login" finished-at="2024-10-24T18:56:20 CDT" duration-ms="5024" status="PASS">
          <params>
            <param index="0">
              <value>
                <![CDATA[edge]]>
              </value>
            </param>
          </params>
          <reporter-output>
          </reporter-output>
        </test-method> <!-- launch_browser_login -->
        <test-method signature="login()[pri:0, instance:Airline_Project.AirlineProject2.Test_7@78e4deb0]" started-at="2024-10-24T18:56:20 CDT" name="login" finished-at="2024-10-24T18:56:30 CDT" duration-ms="10137" status="PASS">
          <reporter-output>
          </reporter-output>
        </test-method> <!-- login -->
        <test-method is-config="true" signature="logout()[pri:0, instance:Airline_Project.AirlineProject2.Test_7@78e4deb0]" started-at="2024-10-24T18:56:33 CDT" name="logout" finished-at="2024-10-24T18:56:39 CDT" duration-ms="6366" status="PASS">
          <reporter-output>
          </reporter-output>
        </test-method> <!-- logout -->
      </class> <!-- Airline_Project.AirlineProject2.Test_7 -->
      <class name="Airline_Project.AirlineProject2.Test_6">
        <test-method is-config="true" signature="launch_browser_login(java.lang.String)[pri:0, instance:Airline_Project.AirlineProject2.Test_6@5b1669c0]" started-at="2024-10-24T18:55:16 CDT" name="launch_browser_login" finished-at="2024-10-24T18:55:21 CDT" duration-ms="4957" status="PASS">
          <params>
            <param index="0">
              <value>
                <![CDATA[edge]]>
              </value>
            </param>
          </params>
          <reporter-output>
          </reporter-output>
        </test-method> <!-- launch_browser_login -->
        <test-method retried="true" signature="login()[pri:0, instance:Airline_Project.AirlineProject2.Test_6@5b1669c0]" started-at="2024-10-24T18:55:21 CDT" name="login" finished-at="2024-10-24T18:55:32 CDT" duration-ms="10720" status="SKIP">
          <exception class="org.openqa.selenium.NoSuchElementException">
            <message>
              <![CDATA[no such element: Unable to locate element: {"method":"xpath","selector":"(//i[@class='_4b539ab8'])[1]"}
  (Session info: MicrosoftEdge=129.0.2792.79)
For documentation on this error, please visit: https://www.selenium.dev/documentation/webdriver/troubleshooting/errors#no-such-element-exception
Build info: version: '4.23.1', revision: '656257d8e9'
System info: os.name: 'Windows 11', os.arch: 'amd64', os.version: '10.0', java.version: '17.0.11'
Driver info: org.openqa.selenium.edge.EdgeDriver
Command: [83e54af0b20473b97f559944d7866772, findElement {using=xpath, value=(//i[@class='_4b539ab8'])[1]}]
Capabilities {acceptInsecureCerts: false, browserName: MicrosoftEdge, browserVersion: 129.0.2792.79, fedcm:accounts: true, ms:edgeOptions: {debuggerAddress: localhost:51466}, msedge: {msedgedriverVersion: 129.0.2792.89 (65986ec8d2a8..., userDataDir: C:\Users\mailt\AppData\Loca...}, networkConnectionEnabled: false, pageLoadStrategy: normal, platformName: windows, proxy: Proxy(), se:cdp: ws://localhost:51466/devtoo..., se:cdpVersion: 129.0.2792.79, setWindowRect: true, strictFileInteractability: false, timeouts: {implicit: 0, pageLoad: 300000, script: 30000}, unhandledPromptBehavior: dismiss and notify, webauthn:extension:credBlob: true, webauthn:extension:largeBlob: true, webauthn:extension:minPinLength: true, webauthn:extension:prf: true, webauthn:virtualAuthenticators: true}
Session ID: 83e54af0b20473b97f559944d7866772]]>
            </message>
            <full-stacktrace>
              <![CDATA[org.openqa.selenium.NoSuchElementException: no such element: Unable to locate element: {"method":"xpath","selector":"(//i[@class='_4b539ab8'])[1]"}
  (Session info: MicrosoftEdge=129.0.2792.79)
For documentation on this error, please visit: https://www.selenium.dev/documentation/webdriver/troubleshooting/errors#no-such-element-exception
Build info: version: '4.23.1', revision: '656257d8e9'
System info: os.name: 'Windows 11', os.arch: 'amd64', os.version: '10.0', java.version: '17.0.11'
Driver info: org.openqa.selenium.edge.EdgeDriver
Command: [83e54af0b20473b97f559944d7866772, findElement {using=xpath, value=(//i[@class='_4b539ab8'])[1]}]
Capabilities {acceptInsecureCerts: false, browserName: MicrosoftEdge, browserVersion: 129.0.2792.79, fedcm:accounts: true, ms:edgeOptions: {debuggerAddress: localhost:51466}, msedge: {msedgedriverVersion: 129.0.2792.89 (65986ec8d2a8..., userDataDir: C:\Users\mailt\AppData\Loca...}, networkConnectionEnabled: false, pageLoadStrategy: normal, platformName: windows, proxy: Proxy(), se:cdp: ws://localhost:51466/devtoo..., se:cdpVersion: 129.0.2792.79, setWindowRect: true, strictFileInteractability: false, timeouts: {implicit: 0, pageLoad: 300000, script: 30000}, unhandledPromptBehavior: dismiss and notify, webauthn:extension:credBlob: true, webauthn:extension:largeBlob: true, webauthn:extension:minPinLength: true, webauthn:extension:prf: true, webauthn:virtualAuthenticators: true}
Session ID: 83e54af0b20473b97f559944d7866772
at java.base/jdk.internal.reflect.NativeConstructorAccessorImpl.newInstance0(Native Method)
at java.base/jdk.internal.reflect.NativeConstructorAccessorImpl.newInstance(NativeConstructorAccessorImpl.java:77)
at java.base/jdk.internal.reflect.DelegatingConstructorAccessorImpl.newInstance(DelegatingConstructorAccessorImpl.java:45)
at java.base/java.lang.reflect.Constructor.newInstanceWithCaller(Constructor.java:499)
at java.base/java.lang.reflect.Constructor.newInstance(Constructor.java:480)
at org.openqa.selenium.remote.ErrorCodec.decode(ErrorCodec.java:167)
at org.openqa.selenium.remote.codec.w3c.W3CHttpResponseCodec.decode(W3CHttpResponseCodec.java:138)
at org.openqa.selenium.remote.codec.w3c.W3CHttpResponseCodec.decode(W3CHttpResponseCodec.java:50)
at org.openqa.selenium.remote.HttpCommandExecutor.execute(HttpCommandExecutor.java:190)
at org.openqa.selenium.remote.service.DriverCommandExecutor.invokeExecute(DriverCommandExecutor.java:216)
at org.openqa.selenium.remote.service.DriverCommandExecutor.execute(DriverCommandExecutor.java:174)
at org.openqa.selenium.remote.RemoteWebDriver.execute(RemoteWebDriver.java:545)
at org.openqa.selenium.remote.ElementLocation$ElementFinder$2.findElement(ElementLocation.java:165)
at org.openqa.selenium.remote.ElementLocation.findElement(ElementLocation.java:59)
at org.openqa.selenium.remote.RemoteWebDriver.findElement(RemoteWebDriver.java:368)
at org.openqa.selenium.remote.RemoteWebDriver.findElement(RemoteWebDriver.java:362)
at org.openqa.selenium.support.pagefactory.DefaultElementLocator.findElement(DefaultElementLocator.java:68)
at org.openqa.selenium.support.pagefactory.internal.LocatingElementHandler.invoke(LocatingElementHandler.java:38)
at jdk.proxy2/jdk.proxy2.$Proxy15.click(Unknown Source)
at Airline_Project.AirlineProject2.Amz_flight_Homepage.oneWayFlightSearch(Amz_flight_Homepage.java:151)
at Airline_Project.AirlineProject2.Test_6.login(Test_6.java:19)
at java.base/jdk.internal.reflect.NativeMethodAccessorImpl.invoke0(Native Method)
at java.base/jdk.internal.reflect.NativeMethodAccessorImpl.invoke(NativeMethodAccessorImpl.java:77)
at java.base/jdk.internal.reflect.DelegatingMethodAccessorImpl.invoke(DelegatingMethodAccessorImpl.java:43)
at java.base/java.lang.reflect.Method.invoke(Method.java:568)
at org.testng.internal.MethodInvocationHelper.invokeMethod(MethodInvocationHelper.java:133)
at org.testng.internal.TestInvoker.invokeMethod(TestInvoker.java:598)
at org.testng.internal.TestInvoker.invokeTestMethod(TestInvoker.java:173)
at org.testng.internal.MethodRunner.runInSequence(MethodRunner.java:46)
at org.testng.internal.TestInvoker$MethodInvocationAgent.invoke(TestInvoker.java:824)
at org.testng.internal.TestInvoker.invokeTestMethods(TestInvoker.java:146)
at org.testng.internal.TestMethodWorker.invokeTestMethods(TestMethodWorker.java:146)
at org.testng.internal.TestMethodWorker.run(TestMethodWorker.java:128)
at java.base/java.util.ArrayList.forEach(ArrayList.java:1511)
at org.testng.TestRunner.privateRun(TestRunner.java:794)
at org.testng.TestRunner.run(TestRunner.java:596)
at org.testng.SuiteRunner.runTest(SuiteRunner.java:377)
at org.testng.SuiteRunner.runSequentially(SuiteRunner.java:371)
at org.testng.SuiteRunner.privateRun(SuiteRunner.java:332)
at org.testng.SuiteRunner.run(SuiteRunner.java:276)
at org.testng.SuiteRunnerWorker.runSuite(SuiteRunnerWorker.java:53)
at org.testng.SuiteRunnerWorker.run(SuiteRunnerWorker.java:96)
at org.testng.TestNG.runSuitesSequentially(TestNG.java:1212)
at org.testng.TestNG.runSuitesLocally(TestNG.java:1134)
at org.testng.TestNG.runSuites(TestNG.java:1063)
at org.testng.TestNG.run(TestNG.java:1031)
at org.testng.remote.AbstractRemoteTestNG.run(AbstractRemoteTestNG.java:115)
at org.testng.remote.RemoteTestNG.initAndRun(RemoteTestNG.java:293)
at org.testng.remote.RemoteTestNG.main(RemoteTestNG.java:91)
]]>
            </full-stacktrace>
          </exception> <!-- org.openqa.selenium.NoSuchElementException -->
          <reporter-output>
          </reporter-output>
        </test-method> <!-- login -->
        <test-method is-config="true" signature="logout()[pri:0, instance:Airline_Project.AirlineProject2.Test_6@5b1669c0]" started-at="2024-10-24T18:55:32 CDT" name="logout" finished-at="2024-10-24T18:55:38 CDT" duration-ms="6345" status="PASS">
          <reporter-output>
          </reporter-output>
        </test-method> <!-- logout -->
        <test-method is-config="true" signature="launch_browser_login(java.lang.String)[pri:0, instance:Airline_Project.AirlineProject2.Test_6@5b1669c0]" started-at="2024-10-24T18:55:38 CDT" name="launch_browser_login" finished-at="2024-10-24T18:55:43 CDT" duration-ms="4729" status="PASS">
          <params>
            <param index="0">
              <value>
                <![CDATA[edge]]>
              </value>
            </param>
          </params>
          <reporter-output>
          </reporter-output>
        </test-method> <!-- launch_browser_login -->
        <test-method signature="login()[pri:0, instance:Airline_Project.AirlineProject2.Test_6@5b1669c0]" started-at="2024-10-24T18:55:43 CDT" name="login" finished-at="2024-10-24T18:56:06 CDT" duration-ms="23570" status="PASS">
          <reporter-output>
            <line>
              <![CDATA[Test Case 6 Passed-Search functionality for economy successful]]>
            </line>
            <line>
              <![CDATA[Test Case 6 Passed-Search functionality for premium economy successful]]>
            </line>
            <line>
              <![CDATA[Test Case 6 Passed-Search functionality for Business class successful]]>
            </line>
          </reporter-output>
        </test-method> <!-- login -->
        <test-method is-config="true" signature="logout()[pri:0, instance:Airline_Project.AirlineProject2.Test_6@5b1669c0]" started-at="2024-10-24T18:56:09 CDT" name="logout" finished-at="2024-10-24T18:56:15 CDT" duration-ms="6357" status="PASS">
          <reporter-output>
          </reporter-output>
        </test-method> <!-- logout -->
      </class> <!-- Airline_Project.AirlineProject2.Test_6 -->
      <class name="Airline_Project.AirlineProject2.Test_5">
        <test-method is-config="true" signature="launch_browser_login(java.lang.String)[pri:0, instance:Airline_Project.AirlineProject2.Test_5@1530c739]" started-at="2024-10-24T18:54:39 CDT" name="launch_browser_login" finished-at="2024-10-24T18:54:44 CDT" duration-ms="4788" status="PASS">
          <params>
            <param index="0">
              <value>
                <![CDATA[edge]]>
              </value>
            </param>
          </params>
          <reporter-output>
          </reporter-output>
        </test-method> <!-- launch_browser_login -->
        <test-method signature="login()[pri:0, instance:Airline_Project.AirlineProject2.Test_5@1530c739]" started-at="2024-10-24T18:54:44 CDT" name="login" finished-at="2024-10-24T18:55:08 CDT" duration-ms="23754" status="PASS">
          <reporter-output>
            <line>
              <![CDATA[Test Case 5 Passed-Search functionality for round trip flight successful]]>
            </line>
          </reporter-output>
        </test-method> <!-- login -->
        <test-method is-config="true" signature="logout()[pri:0, instance:Airline_Project.AirlineProject2.Test_5@1530c739]" started-at="2024-10-24T18:55:10 CDT" name="logout" finished-at="2024-10-24T18:55:16 CDT" duration-ms="6377" status="PASS">
          <reporter-output>
          </reporter-output>
        </test-method> <!-- logout -->
      </class> <!-- Airline_Project.AirlineProject2.Test_5 -->
      <class name="Airline_Project.AirlineProject2.Test_4">
        <test-method is-config="true" signature="launch_browser_login(java.lang.String)[pri:0, instance:Airline_Project.AirlineProject2.Test_4@449a4f23]" started-at="2024-10-24T18:54:20 CDT" name="launch_browser_login" finished-at="2024-10-24T18:54:24 CDT" duration-ms="4656" status="PASS">
          <params>
            <param index="0">
              <value>
                <![CDATA[edge]]>
              </value>
            </param>
          </params>
          <reporter-output>
          </reporter-output>
        </test-method> <!-- launch_browser_login -->
        <test-method signature="login()[pri:0, instance:Airline_Project.AirlineProject2.Test_4@449a4f23]" started-at="2024-10-24T18:54:24 CDT" name="login" finished-at="2024-10-24T18:54:30 CDT" duration-ms="6125" status="PASS">
          <reporter-output>
            <line>
              <![CDATA[Test Case 4 Passed-Search functionality for One Way flight successful]]>
            </line>
          </reporter-output>
        </test-method> <!-- login -->
        <test-method is-config="true" signature="logout()[pri:0, instance:Airline_Project.AirlineProject2.Test_4@449a4f23]" started-at="2024-10-24T18:54:33 CDT" name="logout" finished-at="2024-10-24T18:54:39 CDT" duration-ms="6326" status="PASS">
          <reporter-output>
          </reporter-output>
        </test-method> <!-- logout -->
      </class> <!-- Airline_Project.AirlineProject2.Test_4 -->
      <class name="Airline_Project.AirlineProject2.Test_9">
        <test-method is-config="true" signature="launch_browser_login(java.lang.String)[pri:0, instance:Airline_Project.AirlineProject2.Test_9@7d0b7e3c]" started-at="2024-10-24T18:57:15 CDT" name="launch_browser_login" finished-at="2024-10-24T18:57:20 CDT" duration-ms="5164" status="PASS">
          <params>
            <param index="0">
              <value>
                <![CDATA[edge]]>
              </value>
            </param>
          </params>
          <reporter-output>
          </reporter-output>
        </test-method> <!-- launch_browser_login -->
        <test-method signature="login()[pri:0, instance:Airline_Project.AirlineProject2.Test_9@7d0b7e3c]" started-at="2024-10-24T18:57:20 CDT" name="login" finished-at="2024-10-24T18:57:59 CDT" duration-ms="39079" status="PASS">
          <reporter-output>
            <line>
              <![CDATA[Test Case 9 passed-multiple passengers in single booking successful]]>
            </line>
          </reporter-output>
        </test-method> <!-- login -->
        <test-method is-config="true" signature="logout()[pri:0, instance:Airline_Project.AirlineProject2.Test_9@7d0b7e3c]" started-at="2024-10-24T18:58:01 CDT" name="logout" finished-at="2024-10-24T18:58:08 CDT" duration-ms="6361" status="PASS">
          <reporter-output>
          </reporter-output>
        </test-method> <!-- logout -->
      </class> <!-- Airline_Project.AirlineProject2.Test_9 -->
      <class name="Airline_Project.AirlineProject2.Test_8">
        <test-method is-config="true" signature="launch_browser_login(java.lang.String)[pri:0, instance:Airline_Project.AirlineProject2.Test_8@6e9175d8]" started-at="2024-10-24T18:56:39 CDT" name="launch_browser_login" finished-at="2024-10-24T18:56:44 CDT" duration-ms="4770" status="PASS">
          <params>
            <param index="0">
              <value>
                <![CDATA[edge]]>
              </value>
            </param>
          </params>
          <reporter-output>
          </reporter-output>
        </test-method> <!-- launch_browser_login -->
        <test-method signature="login()[pri:0, instance:Airline_Project.AirlineProject2.Test_8@6e9175d8]" started-at="2024-10-24T18:56:44 CDT" name="login" finished-at="2024-10-24T18:57:06 CDT" duration-ms="22763" status="PASS">
          <reporter-output>
            <line>
              <![CDATA[Test 8 Passed-Seat selection successful]]>
            </line>
          </reporter-output>
        </test-method> <!-- login -->
        <test-method is-config="true" signature="logout()[pri:0, instance:Airline_Project.AirlineProject2.Test_8@6e9175d8]" started-at="2024-10-24T18:57:09 CDT" name="logout" finished-at="2024-10-24T18:57:15 CDT" duration-ms="6357" status="PASS">
          <reporter-output>
          </reporter-output>
        </test-method> <!-- logout -->
      </class> <!-- Airline_Project.AirlineProject2.Test_8 -->
      <class name="Airline_Project.AirlineProject2.Test11">
        <test-method is-config="true" signature="launch_browser_login(java.lang.String)[pri:0, instance:Airline_Project.AirlineProject2.Test11@4b741d6d]" started-at="2024-10-24T18:58:39 CDT" name="launch_browser_login" finished-at="2024-10-24T18:58:45 CDT" duration-ms="5293" status="PASS">
          <params>
            <param index="0">
              <value>
                <![CDATA[edge]]>
              </value>
            </param>
          </params>
          <reporter-output>
          </reporter-output>
        </test-method> <!-- launch_browser_login -->
        <test-method retried="true" signature="login()[pri:0, instance:Airline_Project.AirlineProject2.Test11@4b741d6d]" started-at="2024-10-24T18:58:45 CDT" name="login" finished-at="2024-10-24T18:58:56 CDT" duration-ms="10998" status="SKIP">
          <exception class="org.openqa.selenium.NoSuchElementException">
            <message>
              <![CDATA[no such element: Unable to locate element: {"method":"xpath","selector":"(//i[@class='_4b539ab8'])[1]"}
  (Session info: MicrosoftEdge=129.0.2792.79)
For documentation on this error, please visit: https://www.selenium.dev/documentation/webdriver/troubleshooting/errors#no-such-element-exception
Build info: version: '4.23.1', revision: '656257d8e9'
System info: os.name: 'Windows 11', os.arch: 'amd64', os.version: '10.0', java.version: '17.0.11'
Driver info: org.openqa.selenium.edge.EdgeDriver
Command: [159edcb9ba5e4ba70fd79c6de8f9c1ae, findElement {using=xpath, value=(//i[@class='_4b539ab8'])[1]}]
Capabilities {acceptInsecureCerts: false, browserName: MicrosoftEdge, browserVersion: 129.0.2792.79, fedcm:accounts: true, ms:edgeOptions: {debuggerAddress: localhost:52360}, msedge: {msedgedriverVersion: 129.0.2792.89 (65986ec8d2a8..., userDataDir: C:\Users\mailt\AppData\Loca...}, networkConnectionEnabled: false, pageLoadStrategy: normal, platformName: windows, proxy: Proxy(), se:cdp: ws://localhost:52360/devtoo..., se:cdpVersion: 129.0.2792.79, setWindowRect: true, strictFileInteractability: false, timeouts: {implicit: 0, pageLoad: 300000, script: 30000}, unhandledPromptBehavior: dismiss and notify, webauthn:extension:credBlob: true, webauthn:extension:largeBlob: true, webauthn:extension:minPinLength: true, webauthn:extension:prf: true, webauthn:virtualAuthenticators: true}
Session ID: 159edcb9ba5e4ba70fd79c6de8f9c1ae]]>
            </message>
            <full-stacktrace>
              <![CDATA[org.openqa.selenium.NoSuchElementException: no such element: Unable to locate element: {"method":"xpath","selector":"(//i[@class='_4b539ab8'])[1]"}
  (Session info: MicrosoftEdge=129.0.2792.79)
For documentation on this error, please visit: https://www.selenium.dev/documentation/webdriver/troubleshooting/errors#no-such-element-exception
Build info: version: '4.23.1', revision: '656257d8e9'
System info: os.name: 'Windows 11', os.arch: 'amd64', os.version: '10.0', java.version: '17.0.11'
Driver info: org.openqa.selenium.edge.EdgeDriver
Command: [159edcb9ba5e4ba70fd79c6de8f9c1ae, findElement {using=xpath, value=(//i[@class='_4b539ab8'])[1]}]
Capabilities {acceptInsecureCerts: false, browserName: MicrosoftEdge, browserVersion: 129.0.2792.79, fedcm:accounts: true, ms:edgeOptions: {debuggerAddress: localhost:52360}, msedge: {msedgedriverVersion: 129.0.2792.89 (65986ec8d2a8..., userDataDir: C:\Users\mailt\AppData\Loca...}, networkConnectionEnabled: false, pageLoadStrategy: normal, platformName: windows, proxy: Proxy(), se:cdp: ws://localhost:52360/devtoo..., se:cdpVersion: 129.0.2792.79, setWindowRect: true, strictFileInteractability: false, timeouts: {implicit: 0, pageLoad: 300000, script: 30000}, unhandledPromptBehavior: dismiss and notify, webauthn:extension:credBlob: true, webauthn:extension:largeBlob: true, webauthn:extension:minPinLength: true, webauthn:extension:prf: true, webauthn:virtualAuthenticators: true}
Session ID: 159edcb9ba5e4ba70fd79c6de8f9c1ae
at java.base/jdk.internal.reflect.NativeConstructorAccessorImpl.newInstance0(Native Method)
at java.base/jdk.internal.reflect.NativeConstructorAccessorImpl.newInstance(NativeConstructorAccessorImpl.java:77)
at java.base/jdk.internal.reflect.DelegatingConstructorAccessorImpl.newInstance(DelegatingConstructorAccessorImpl.java:45)
at java.base/java.lang.reflect.Constructor.newInstanceWithCaller(Constructor.java:499)
at java.base/java.lang.reflect.Constructor.newInstance(Constructor.java:480)
at org.openqa.selenium.remote.ErrorCodec.decode(ErrorCodec.java:167)
at org.openqa.selenium.remote.codec.w3c.W3CHttpResponseCodec.decode(W3CHttpResponseCodec.java:138)
at org.openqa.selenium.remote.codec.w3c.W3CHttpResponseCodec.decode(W3CHttpResponseCodec.java:50)
at org.openqa.selenium.remote.HttpCommandExecutor.execute(HttpCommandExecutor.java:190)
at org.openqa.selenium.remote.service.DriverCommandExecutor.invokeExecute(DriverCommandExecutor.java:216)
at org.openqa.selenium.remote.service.DriverCommandExecutor.execute(DriverCommandExecutor.java:174)
at org.openqa.selenium.remote.RemoteWebDriver.execute(RemoteWebDriver.java:545)
at org.openqa.selenium.remote.ElementLocation$ElementFinder$2.findElement(ElementLocation.java:165)
at org.openqa.selenium.remote.ElementLocation.findElement(ElementLocation.java:59)
at org.openqa.selenium.remote.RemoteWebDriver.findElement(RemoteWebDriver.java:368)
at org.openqa.selenium.remote.RemoteWebDriver.findElement(RemoteWebDriver.java:362)
at org.openqa.selenium.support.pagefactory.DefaultElementLocator.findElement(DefaultElementLocator.java:68)
at org.openqa.selenium.support.pagefactory.internal.LocatingElementHandler.invoke(LocatingElementHandler.java:38)
at jdk.proxy2/jdk.proxy2.$Proxy15.click(Unknown Source)
at Airline_Project.AirlineProject2.Amz_flight_Homepage.oneWayFlightSearch(Amz_flight_Homepage.java:151)
at Airline_Project.AirlineProject2.Test11.login(Test11.java:19)
at java.base/jdk.internal.reflect.NativeMethodAccessorImpl.invoke0(Native Method)
at java.base/jdk.internal.reflect.NativeMethodAccessorImpl.invoke(NativeMethodAccessorImpl.java:77)
at java.base/jdk.internal.reflect.DelegatingMethodAccessorImpl.invoke(DelegatingMethodAccessorImpl.java:43)
at java.base/java.lang.reflect.Method.invoke(Method.java:568)
at org.testng.internal.MethodInvocationHelper.invokeMethod(MethodInvocationHelper.java:133)
at org.testng.internal.TestInvoker.invokeMethod(TestInvoker.java:598)
at org.testng.internal.TestInvoker.invokeTestMethod(TestInvoker.java:173)
at org.testng.internal.MethodRunner.runInSequence(MethodRunner.java:46)
at org.testng.internal.TestInvoker$MethodInvocationAgent.invoke(TestInvoker.java:824)
at org.testng.internal.TestInvoker.invokeTestMethods(TestInvoker.java:146)
at org.testng.internal.TestMethodWorker.invokeTestMethods(TestMethodWorker.java:146)
at org.testng.internal.TestMethodWorker.run(TestMethodWorker.java:128)
at java.base/java.util.ArrayList.forEach(ArrayList.java:1511)
at org.testng.TestRunner.privateRun(TestRunner.java:794)
at org.testng.TestRunner.run(TestRunner.java:596)
at org.testng.SuiteRunner.runTest(SuiteRunner.java:377)
at org.testng.SuiteRunner.runSequentially(SuiteRunner.java:371)
at org.testng.SuiteRunner.privateRun(SuiteRunner.java:332)
at org.testng.SuiteRunner.run(SuiteRunner.java:276)
at org.testng.SuiteRunnerWorker.runSuite(SuiteRunnerWorker.java:53)
at org.testng.SuiteRunnerWorker.run(SuiteRunnerWorker.java:96)
at org.testng.TestNG.runSuitesSequentially(TestNG.java:1212)
at org.testng.TestNG.runSuitesLocally(TestNG.java:1134)
at org.testng.TestNG.runSuites(TestNG.java:1063)
at org.testng.TestNG.run(TestNG.java:1031)
at org.testng.remote.AbstractRemoteTestNG.run(AbstractRemoteTestNG.java:115)
at org.testng.remote.RemoteTestNG.initAndRun(RemoteTestNG.java:293)
at org.testng.remote.RemoteTestNG.main(RemoteTestNG.java:91)
]]>
            </full-stacktrace>
          </exception> <!-- org.openqa.selenium.NoSuchElementException -->
          <reporter-output>
          </reporter-output>
        </test-method> <!-- login -->
        <test-method is-config="true" signature="logout()[pri:0, instance:Airline_Project.AirlineProject2.Test11@4b741d6d]" started-at="2024-10-24T18:58:56 CDT" name="logout" finished-at="2024-10-24T18:59:02 CDT" duration-ms="6340" status="PASS">
          <reporter-output>
          </reporter-output>
        </test-method> <!-- logout -->
        <test-method is-config="true" signature="launch_browser_login(java.lang.String)[pri:0, instance:Airline_Project.AirlineProject2.Test11@4b741d6d]" started-at="2024-10-24T18:59:02 CDT" name="launch_browser_login" finished-at="2024-10-24T18:59:07 CDT" duration-ms="4949" status="PASS">
          <params>
            <param index="0">
              <value>
                <![CDATA[edge]]>
              </value>
            </param>
          </params>
          <reporter-output>
          </reporter-output>
        </test-method> <!-- launch_browser_login -->
        <test-method signature="login()[pri:0, instance:Airline_Project.AirlineProject2.Test11@4b741d6d]" started-at="2024-10-24T18:59:07 CDT" name="login" finished-at="2024-10-24T18:59:22 CDT" duration-ms="14737" status="PASS">
          <reporter-output>
            <line>
              <![CDATA[Test Case 11 passed-User Entry of passenger name successful]]>
            </line>
            <line>
              <![CDATA[Test Case 11 passed-User Entry of mobile number successful]]>
            </line>
            <line>
              <![CDATA[Test Case 11 passed-User Entry of email successful]]>
            </line>
          </reporter-output>
        </test-method> <!-- login -->
        <test-method is-config="true" signature="logout()[pri:0, instance:Airline_Project.AirlineProject2.Test11@4b741d6d]" started-at="2024-10-24T18:59:24 CDT" name="logout" finished-at="2024-10-24T18:59:30 CDT" duration-ms="6342" status="PASS">
          <reporter-output>
          </reporter-output>
        </test-method> <!-- logout -->
      </class> <!-- Airline_Project.AirlineProject2.Test11 -->
      <class name="Airline_Project.AirlineProject2.Test10">
        <test-method is-config="true" signature="launch_browser_login(java.lang.String)[pri:0, instance:Airline_Project.AirlineProject2.Test10@15bb5034]" started-at="2024-10-24T18:58:08 CDT" name="launch_browser_login" finished-at="2024-10-24T18:58:13 CDT" duration-ms="4988" status="PASS">
          <params>
            <param index="0">
              <value>
                <![CDATA[edge]]>
              </value>
            </param>
          </params>
          <reporter-output>
          </reporter-output>
        </test-method> <!-- launch_browser_login -->
        <test-method signature="login()[pri:0, instance:Airline_Project.AirlineProject2.Test10@15bb5034]" started-at="2024-10-24T18:58:13 CDT" name="login" finished-at="2024-10-24T18:58:31 CDT" duration-ms="17808" status="PASS">
          <reporter-output>
            <line>
              <![CDATA[Test Case 10 passed-flight information details available]]>
            </line>
            <line>
              <![CDATA[Test Case 10 passed-fare details available]]>
            </line>
            <line>
              <![CDATA[Test Case 10 passed-baggage details available]]>
            </line>
            <line>
              <![CDATA[Test Case 10 passed-cancellation details available]]>
            </line>
          </reporter-output>
        </test-method> <!-- login -->
        <test-method is-config="true" signature="logout()[pri:0, instance:Airline_Project.AirlineProject2.Test10@15bb5034]" started-at="2024-10-24T18:58:33 CDT" name="logout" finished-at="2024-10-24T18:58:39 CDT" duration-ms="6375" status="PASS">
          <reporter-output>
          </reporter-output>
        </test-method> <!-- logout -->
      </class> <!-- Airline_Project.AirlineProject2.Test10 -->
    </test> <!-- Testing with Edge -->
  </suite> <!-- Suite -->
</testng-results>
