<html>
<head>
<title>TestNG:  Testing with Chrome</title>
<link href="../testng.css" rel="stylesheet" type="text/css" />
<link href="../my-testng.css" rel="stylesheet" type="text/css" />

<style type="text/css">
.log { display: none;} 
.stack-trace { display: none;} 
</style>
<script type="text/javascript">
<!--
function flip(e) {
  current = e.style.display;
  if (current == 'block') {
    e.style.display = 'none';
    return 0;
  }
  else {
    e.style.display = 'block';
    return 1;
  }
}

function toggleBox(szDivId, elem, msg1, msg2)
{
  var res = -1;  if (document.getElementById) {
    res = flip(document.getElementById(szDivId));
  }
  else if (document.all) {
    // this is the way old msie versions work
    res = flip(document.all[szDivId]);
  }
  if(elem) {
    if(res == 0) elem.innerHTML = msg1; else elem.innerHTML = msg2;
  }

}

function toggleAllBoxes() {
  if (document.getElementsByTagName) {
    d = document.getElementsByTagName('div');
    for (i = 0; i < d.length; i++) {
      if (d[i].className == 'log') {
        flip(d[i]);
      }
    }
  }
}

// -->
</script>

</head>
<body>
<h2 align='center'>Testing with Chrome</h2><table border='1' align="center">
<tr>
<td>Tests passed/Failed/Skipped:</td><td>15/0/2</td>
</tr><tr>
<td>Started on:</td><td>Thu Oct 24 18:46:01 CDT 2024</td>
</tr>
<tr><td>Total time:</td><td>441 seconds (441934 ms)</td>
</tr><tr>
<td>Included groups:</td><td></td>
</tr><tr>
<td>Excluded groups:</td><td></td>
</tr>
</table><p/>
<small><i>(Hover the method name to see the test class name)</i></small><p/>
<table width='100%' border='1' class='invocation-passed'>
<tr><td colspan='4' align='center'><b>PASSED TESTS</b></td></tr>
<tr><td><b>Test method</b></td>
<td width="30%"><b>Exception</b></td>
<td width="10%"><b>Time (seconds)</b></td>
<td><b>Instance</b></td>
</tr>
<tr>
<td title='Airline_Project.AirlineProject2.Test_8.login()'><b>login</b><br>Test class: Airline_Project.AirlineProject2.Test_8<br/>
<a href="#Output-1038444677" onClick='toggleBox("Output-1038444677", this, "Show output", "Hide output");'>Show output</a>

<a href="#Output-1038444677" onClick="toggleAllBoxes();">Show all outputs</a>
<div class='log' id="Output-1038444677">
Test 8 Passed-Seat selection successful<br/>
</div>
</td>
<td></td>
<td>29</td>
<td>Airline_Project.AirlineProject2.Test_8@1ed6388a</td></tr>
<tr>
<td title='Airline_Project.AirlineProject2.Test_9.login()'><b>login</b><br>Test class: Airline_Project.AirlineProject2.Test_9<br/>
<a href="#Output-272530556" onClick='toggleBox("Output-272530556", this, "Show output", "Hide output");'>Show output</a>

<a href="#Output-272530556" onClick="toggleAllBoxes();">Show all outputs</a>
<div class='log' id="Output-272530556">
Test Case 9 passed-multiple passengers in single booking successful<br/>
</div>
</td>
<td></td>
<td>25</td>
<td>Airline_Project.AirlineProject2.Test_9@5a45133e</td></tr>
<tr>
<td title='Airline_Project.AirlineProject2.Test_1.newUserRegistration()'><b>newUserRegistration</b><br>Test class: Airline_Project.AirlineProject2.Test_1<br/>
<a href="#Output-1983706553" onClick='toggleBox("Output-1983706553", this, "Show output", "Hide output");'>Show output</a>

<a href="#Output-1983706553" onClick="toggleAllBoxes();">Show all outputs</a>
<div class='log' id="Output-1983706553">
Test Case 1 Passed-New user registration successful<br/>
</div>
</td>
<td></td>
<td>11</td>
<td>Airline_Project.AirlineProject2.Test_1@7c711375</td></tr>
<tr>
<td title='Airline_Project.AirlineProject2.Test_2.login()'><b>login</b><br>Test class: Airline_Project.AirlineProject2.Test_2<br/>
<a href="#Output-1878454236" onClick='toggleBox("Output-1878454236", this, "Show output", "Hide output");'>Show output</a>

<a href="#Output-1878454236" onClick="toggleAllBoxes();">Show all outputs</a>
<div class='log' id="Output-1878454236">
Test Case 2 passed-sign in successful<br/>
</div>
</td>
<td></td>
<td>3</td>
<td>Airline_Project.AirlineProject2.Test_2@272113c4</td></tr>
<tr>
<td title='Airline_Project.AirlineProject2.Test_4.login()'><b>login</b><br>Test class: Airline_Project.AirlineProject2.Test_4<br/>
<a href="#Output-837249677" onClick='toggleBox("Output-837249677", this, "Show output", "Hide output");'>Show output</a>

<a href="#Output-837249677" onClick="toggleAllBoxes();">Show all outputs</a>
<div class='log' id="Output-837249677">
Test Case 4 Passed-Search functionality for One Way flight successful<br/>
</div>
</td>
<td></td>
<td>5</td>
<td>Airline_Project.AirlineProject2.Test_4@771a660</td></tr>
<tr>
<td title='Airline_Project.AirlineProject2.Test_5.login()'><b>login</b><br>Test class: Airline_Project.AirlineProject2.Test_5<br/>
<a href="#Output-1775488894" onClick='toggleBox("Output-1775488894", this, "Show output", "Hide output");'>Show output</a>

<a href="#Output-1775488894" onClick="toggleAllBoxes();">Show all outputs</a>
<div class='log' id="Output-1775488894">
Test Case 5 Passed-Search functionality for round trip flight successful<br/>
</div>
</td>
<td></td>
<td>12</td>
<td>Airline_Project.AirlineProject2.Test_5@2d52216b</td></tr>
<tr>
<td title='Airline_Project.AirlineProject2.Test10.login()'><b>login</b><br>Test class: Airline_Project.AirlineProject2.Test10<br/>
<a href="#Output-1321128627" onClick='toggleBox("Output-1321128627", this, "Show output", "Hide output");'>Show output</a>

<a href="#Output-1321128627" onClick="toggleAllBoxes();">Show all outputs</a>
<div class='log' id="Output-1321128627">
Test Case 10 passed-flight information details available<br/>
Test Case 10 passed-fare details available<br/>
Test Case 10 passed-baggage details available<br/>
Test Case 10 passed-cancellation details available<br/>
</div>
</td>
<td></td>
<td>8</td>
<td>Airline_Project.AirlineProject2.Test10@534a5a98</td></tr>
<tr>
<td title='Airline_Project.AirlineProject2.Test_7.login()'><b>login</b><br>Test class: Airline_Project.AirlineProject2.Test_7</td>
<td></td>
<td>7</td>
<td>Airline_Project.AirlineProject2.Test_7@3f6f6701</td></tr>
<tr>
<td title='Airline_Project.AirlineProject2.Test14.login()'><b>login</b><br>Test class: Airline_Project.AirlineProject2.Test14<br/>
<a href="#Output-999958057" onClick='toggleBox("Output-999958057", this, "Show output", "Hide output");'>Show output</a>

<a href="#Output-999958057" onClick="toggleAllBoxes();">Show all outputs</a>
<div class='log' id="Output-999958057">
Test Case 14 Passed-Search functionality for domestic round trip flight successful<br/>
</div>
</td>
<td></td>
<td>21</td>
<td>Airline_Project.AirlineProject2.Test14@130c12b7</td></tr>
<tr>
<td title='Airline_Project.AirlineProject2.Test_6.login()'><b>login</b><br>Test class: Airline_Project.AirlineProject2.Test_6<br/>
<a href="#Output-416355623" onClick='toggleBox("Output-416355623", this, "Show output", "Hide output");'>Show output</a>

<a href="#Output-416355623" onClick="toggleAllBoxes();">Show all outputs</a>
<div class='log' id="Output-416355623">
Test Case 6 Passed-Search functionality for economy successful<br/>
Test Case 6 Passed-Search functionality for premium economy successful<br/>
Test Case 6 Passed-Search functionality for Business class successful<br/>
</div>
</td>
<td></td>
<td>16</td>
<td>Airline_Project.AirlineProject2.Test_6@242b836</td></tr>
<tr>
<td title='Airline_Project.AirlineProject2.Test12.login()'><b>login</b><br>Test class: Airline_Project.AirlineProject2.Test12<br/>
<a href="#Output-1934157662" onClick='toggleBox("Output-1934157662", this, "Show output", "Hide output");'>Show output</a>

<a href="#Output-1934157662" onClick="toggleAllBoxes();">Show all outputs</a>
<div class='log' id="Output-1934157662">
Test Case 12 passed-Login,search and logout passed<br/>
</div>
</td>
<td></td>
<td>9</td>
<td>Airline_Project.AirlineProject2.Test12@60bd273d</td></tr>
<tr>
<td title='Airline_Project.AirlineProject2.Test_3.incorrectlogin()'><b>incorrectlogin</b><br>Test class: Airline_Project.AirlineProject2.Test_3<br/>
<a href="#Output-1766122814" onClick='toggleBox("Output-1766122814", this, "Show output", "Hide output");'>Show output</a>

<a href="#Output-1766122814" onClick="toggleAllBoxes();">Show all outputs</a>
<div class='log' id="Output-1766122814">
Test Case 3 Passed-Login failed due to incorrect username<br/>
</div>
</td>
<td></td>
<td>0</td>
<td>Airline_Project.AirlineProject2.Test_3@73e9cf30</td></tr>
<tr>
<td title='Airline_Project.AirlineProject2.Test15.login()'><b>login</b><br>Test class: Airline_Project.AirlineProject2.Test15<br/>
<a href="#Output-1814543901" onClick='toggleBox("Output-1814543901", this, "Show output", "Hide output");'>Show output</a>

<a href="#Output-1814543901" onClick="toggleAllBoxes();">Show all outputs</a>
<div class='log' id="Output-1814543901">
Test Case 15 Passed-selection of credit card successful<br/>
</div>
</td>
<td></td>
<td>38</td>
<td>Airline_Project.AirlineProject2.Test15@5e600dd5</td></tr>
<tr>
<td title='Airline_Project.AirlineProject2.Test11.login()'><b>login</b><br>Test class: Airline_Project.AirlineProject2.Test11<br/>
<a href="#Output-1276857863" onClick='toggleBox("Output-1276857863", this, "Show output", "Hide output");'>Show output</a>

<a href="#Output-1276857863" onClick="toggleAllBoxes();">Show all outputs</a>
<div class='log' id="Output-1276857863">
Test Case 11 passed-User Entry of passenger name successful<br/>
Test Case 11 passed-User Entry of mobile number successful<br/>
Test Case 11 passed-User Entry of email successful<br/>
</div>
</td>
<td></td>
<td>12</td>
<td>Airline_Project.AirlineProject2.Test11@4f80542f</td></tr>
<tr>
<td title='Airline_Project.AirlineProject2.Test13.login()'><b>login</b><br>Test class: Airline_Project.AirlineProject2.Test13<br/>
<a href="#Output-733498021" onClick='toggleBox("Output-733498021", this, "Show output", "Hide output");'>Show output</a>

<a href="#Output-733498021" onClick="toggleAllBoxes();">Show all outputs</a>
<div class='log' id="Output-733498021">
Test Case 13 passed-Apply Coupon successful<br/>
</div>
</td>
<td></td>
<td>8</td>
<td>Airline_Project.AirlineProject2.Test13@121314f7</td></tr>
</table><p>
<table width='100%' border='1' class='invocation-skipped'>
<tr><td colspan='4' align='center'><b>SKIPPED TESTS</b></td></tr>
<tr><td><b>Test method</b></td>
<td width="30%"><b>Exception</b></td>
<td width="10%"><b>Time (seconds)</b></td>
<td><b>Instance</b></td>
</tr>
<tr>
<td title='Airline_Project.AirlineProject2.Test15.login()'><b>login</b><br>Test class: Airline_Project.AirlineProject2.Test15</td>
<td><div><pre>org.openqa.selenium.StaleElementReferenceException: stale element reference: stale element not found in the current frame
  (Session info: chrome=129.0.6668.101)
For documentation on this error, please visit: https://www.selenium.dev/documentation/webdriver/troubleshooting/errors#stale-element-reference-exception
Build info: version: &apos;4.23.1&apos;, revision: &apos;656257d8e9&apos;
System info: os.name: &apos;Windows 11&apos;, os.arch: &apos;amd64&apos;, os.version: &apos;10.0&apos;, java.version: &apos;17.0.11&apos;
Driver info: org.openqa.selenium.chrome.ChromeDriver
Command: [f15fc87bf1a41633078dd6954d47fbe4, isElementDisplayed {id=f.ED49C545937D544A013919C60E84C447.d.8E24B2796DC9AEC9677D9BE04D6F0008.e.314}]
Capabilities {acceptInsecureCerts: false, browserName: chrome, browserVersion: 129.0.6668.101, chrome: {chromedriverVersion: 129.0.6668.100 (cf58cba358d..., userDataDir: C:\Users\mailt\AppData\Loca...}, fedcm:accounts: true, goog:chromeOptions: {debuggerAddress: localhost:50591}, networkConnectionEnabled: false, pageLoadStrategy: normal, platformName: windows, proxy: Proxy(), se:cdp: ws://localhost:50591/devtoo..., se:cdpVersion: 129.0.6668.101, setWindowRect: true, strictFileInteractability: false, timeouts: {implicit: 0, pageLoad: 300000, script: 30000}, unhandledPromptBehavior: dismiss and notify, webauthn:extension:credBlob: true, webauthn:extension:largeBlob: true, webauthn:extension:minPinLength: true, webauthn:extension:prf: true, webauthn:virtualAuthenticators: true}
Element: [[ChromeDriver: chrome on windows (f15fc87bf1a41633078dd6954d47fbe4)] -&gt; css selector: input[name*=&apos;addCreditCardVerificationNumber&apos;]]
Session ID: f15fc87bf1a41633078dd6954d47fbe4
	at org.openqa.selenium.remote.ErrorCodec.decode(ErrorCodec.java:167)
	at org.openqa.selenium.remote.codec.w3c.W3CHttpResponseCodec.decode(W3CHttpResponseCodec.java:138)
	at org.openqa.selenium.remote.codec.w3c.W3CHttpResponseCodec.decode(W3CHttpResponseCodec.java:50)
	at org.openqa.selenium.remote.HttpCommandExecutor.execute(HttpCommandExecutor.java:190)
	at org.openqa.selenium.remote.service.DriverCommandExecutor.invokeExecute(DriverCommandExecutor.java:216)
	at org.openqa.selenium.remote.service.DriverCommandExecutor.execute(DriverCommandExecutor.java:174)
	at org.openqa.selenium.remote.RemoteWebDriver.execute(RemoteWebDriver.java:545)
	at org.openqa.selenium.remote.RemoteWebElement.execute(RemoteWebElement.java:223)
	at org.openqa.selenium.remote.RemoteWebElement.isDisplayed(RemoteWebElement.java:282)
	at org.openqa.selenium.support.pagefactory.internal.LocatingElementHandler.invoke(LocatingElementHandler.java:51)
	at jdk.proxy2/jdk.proxy2.$Proxy15.isDisplayed(Unknown Source)
	at org.openqa.selenium.support.ui.ExpectedConditions.elementIfVisible(ExpectedConditions.java:304)
	at org.openqa.selenium.support.ui.ExpectedConditions$10.apply(ExpectedConditions.java:290)
	at org.openqa.selenium.support.ui.ExpectedConditions$10.apply(ExpectedConditions.java:287)
	at org.openqa.selenium.support.ui.FluentWait.until(FluentWait.java:203)
	at Airline_Project.AirlineProject2.Amz_flight_ReviewBooking.proceedToPayment(Amz_flight_ReviewBooking.java:87)
	at Airline_Project.AirlineProject2.Test15.login(Test15.java:26)
	at java.base/java.util.ArrayList.forEach(ArrayList.java:1511)
... Removed 35 stack frames</pre></div><a href='#' onClick='toggleBox("stack-trace1293962032", this, "Click to show all stack frames", "Click to hide stack frames")'>Click to show all stack frames</a>
<div class='stack-trace' id='stack-trace1293962032'><pre>org.openqa.selenium.StaleElementReferenceException: stale element reference: stale element not found in the current frame
  (Session info: chrome=129.0.6668.101)
For documentation on this error, please visit: https://www.selenium.dev/documentation/webdriver/troubleshooting/errors#stale-element-reference-exception
Build info: version: &apos;4.23.1&apos;, revision: &apos;656257d8e9&apos;
System info: os.name: &apos;Windows 11&apos;, os.arch: &apos;amd64&apos;, os.version: &apos;10.0&apos;, java.version: &apos;17.0.11&apos;
Driver info: org.openqa.selenium.chrome.ChromeDriver
Command: [f15fc87bf1a41633078dd6954d47fbe4, isElementDisplayed {id=f.ED49C545937D544A013919C60E84C447.d.8E24B2796DC9AEC9677D9BE04D6F0008.e.314}]
Capabilities {acceptInsecureCerts: false, browserName: chrome, browserVersion: 129.0.6668.101, chrome: {chromedriverVersion: 129.0.6668.100 (cf58cba358d..., userDataDir: C:\Users\mailt\AppData\Loca...}, fedcm:accounts: true, goog:chromeOptions: {debuggerAddress: localhost:50591}, networkConnectionEnabled: false, pageLoadStrategy: normal, platformName: windows, proxy: Proxy(), se:cdp: ws://localhost:50591/devtoo..., se:cdpVersion: 129.0.6668.101, setWindowRect: true, strictFileInteractability: false, timeouts: {implicit: 0, pageLoad: 300000, script: 30000}, unhandledPromptBehavior: dismiss and notify, webauthn:extension:credBlob: true, webauthn:extension:largeBlob: true, webauthn:extension:minPinLength: true, webauthn:extension:prf: true, webauthn:virtualAuthenticators: true}
Element: [[ChromeDriver: chrome on windows (f15fc87bf1a41633078dd6954d47fbe4)] -&gt; css selector: input[name*=&apos;addCreditCardVerificationNumber&apos;]]
Session ID: f15fc87bf1a41633078dd6954d47fbe4
	at java.base/jdk.internal.reflect.NativeConstructorAccessorImpl.newInstance0(Native Method)
	at java.base/jdk.internal.reflect.NativeConstructorAccessorImpl.newInstance(NativeConstructorAccessorImpl.java:77)
	at java.base/jdk.internal.reflect.DelegatingConstructorAccessorImpl.newInstance(DelegatingConstructorAccessorImpl.java:45)
	at java.base/java.lang.reflect.Constructor.newInstanceWithCaller(Constructor.java:499)
	at java.base/java.lang.reflect.Constructor.newInstance(Constructor.java:480)
	at org.openqa.selenium.remote.ErrorCodec.decode(ErrorCodec.java:167)
	at org.openqa.selenium.remote.codec.w3c.W3CHttpResponseCodec.decode(W3CHttpResponseCodec.java:138)
	at org.openqa.selenium.remote.codec.w3c.W3CHttpResponseCodec.decode(W3CHttpResponseCodec.java:50)
	at org.openqa.selenium.remote.HttpCommandExecutor.execute(HttpCommandExecutor.java:190)
	at org.openqa.selenium.remote.service.DriverCommandExecutor.invokeExecute(DriverCommandExecutor.java:216)
	at org.openqa.selenium.remote.service.DriverCommandExecutor.execute(DriverCommandExecutor.java:174)
	at org.openqa.selenium.remote.RemoteWebDriver.execute(RemoteWebDriver.java:545)
	at org.openqa.selenium.remote.RemoteWebElement.execute(RemoteWebElement.java:223)
	at org.openqa.selenium.remote.RemoteWebElement.isDisplayed(RemoteWebElement.java:282)
	at jdk.internal.reflect.GeneratedMethodAccessor3.invoke(Unknown Source)
	at java.base/jdk.internal.reflect.DelegatingMethodAccessorImpl.invoke(DelegatingMethodAccessorImpl.java:43)
	at java.base/java.lang.reflect.Method.invoke(Method.java:568)
	at org.openqa.selenium.support.pagefactory.internal.LocatingElementHandler.invoke(LocatingElementHandler.java:51)
	at jdk.proxy2/jdk.proxy2.$Proxy15.isDisplayed(Unknown Source)
	at org.openqa.selenium.support.ui.ExpectedConditions.elementIfVisible(ExpectedConditions.java:304)
	at org.openqa.selenium.support.ui.ExpectedConditions$10.apply(ExpectedConditions.java:290)
	at org.openqa.selenium.support.ui.ExpectedConditions$10.apply(ExpectedConditions.java:287)
	at org.openqa.selenium.support.ui.FluentWait.until(FluentWait.java:203)
	at Airline_Project.AirlineProject2.Amz_flight_ReviewBooking.proceedToPayment(Amz_flight_ReviewBooking.java:87)
	at Airline_Project.AirlineProject2.Test15.login(Test15.java:26)
	at java.base/jdk.internal.reflect.NativeMethodAccessorImpl.invoke0(Native Method)
	at java.base/jdk.internal.reflect.NativeMethodAccessorImpl.invoke(NativeMethodAccessorImpl.java:77)
	at java.base/jdk.internal.reflect.DelegatingMethodAccessorImpl.invoke(DelegatingMethodAccessorImpl.java:43)
	at java.base/java.lang.reflect.Method.invoke(Method.java:568)
	at org.testng.internal.MethodInvocationHelper.invokeMethod(MethodInvocationHelper.java:133)
	at org.testng.internal.TestInvoker.invokeMethod(TestInvoker.java:598)
	at org.testng.internal.TestInvoker.invokeTestMethod(TestInvoker.java:173)
	at org.testng.internal.MethodRunner.runInSequence(MethodRunner.java:46)
	at org.testng.internal.TestInvoker$MethodInvocationAgent.invoke(TestInvoker.java:824)
	at org.testng.internal.TestInvoker.invokeTestMethods(TestInvoker.java:146)
	at org.testng.internal.TestMethodWorker.invokeTestMethods(TestMethodWorker.java:146)
	at org.testng.internal.TestMethodWorker.run(TestMethodWorker.java:128)
	at java.base/java.util.ArrayList.forEach(ArrayList.java:1511)
	at org.testng.TestRunner.privateRun(TestRunner.java:794)
	at org.testng.TestRunner.run(TestRunner.java:596)
	at org.testng.SuiteRunner.runTest(SuiteRunner.java:377)
	at org.testng.SuiteRunner.runSequentially(SuiteRunner.java:371)
	at org.testng.SuiteRunner.privateRun(SuiteRunner.java:332)
	at org.testng.SuiteRunner.run(SuiteRunner.java:276)
	at org.testng.SuiteRunnerWorker.runSuite(SuiteRunnerWorker.java:53)
	at org.testng.SuiteRunnerWorker.run(SuiteRunnerWorker.java:96)
	at org.testng.TestNG.runSuitesSequentially(TestNG.java:1212)
	at org.testng.TestNG.runSuitesLocally(TestNG.java:1134)
	at org.testng.TestNG.runSuites(TestNG.java:1063)
	at org.testng.TestNG.run(TestNG.java:1031)
	at org.testng.remote.AbstractRemoteTestNG.run(AbstractRemoteTestNG.java:115)
	at org.testng.remote.RemoteTestNG.initAndRun(RemoteTestNG.java:293)
	at org.testng.remote.RemoteTestNG.main(RemoteTestNG.java:91)
</pre></div></td>
<td>43</td>
<td>Airline_Project.AirlineProject2.Test15@5e600dd5</td></tr>
<tr>
<td title='Airline_Project.AirlineProject2.Test_7.login()'><b>login</b><br>Test class: Airline_Project.AirlineProject2.Test_7</td>
<td><div><pre>org.openqa.selenium.ElementClickInterceptedException: element click intercepted: Element &lt;button class=&quot;_7e41f983 bba41d3c  _50baedd0  &quot;&gt;...&lt;/button&gt; is not clickable at point (1114, 15). Other element would receive the click: &lt;div class=&quot;b44c2cc8&quot; id=&quot;fl_lp_search&quot;&gt;...&lt;/div&gt;
  (Session info: chrome=129.0.6668.101)
Build info: version: &apos;4.23.1&apos;, revision: &apos;656257d8e9&apos;
System info: os.name: &apos;Windows 11&apos;, os.arch: &apos;amd64&apos;, os.version: &apos;10.0&apos;, java.version: &apos;17.0.11&apos;
Driver info: org.openqa.selenium.chrome.ChromeDriver
Command: [51a8f2cf3a498ab2f94a7349613c2667, clickElement {id=f.256468C3F10B2BCB1B4ACD8D671DF7F5.d.CB62AF88F181FD76428D25EF0DE29D5A.e.214}]
Capabilities {acceptInsecureCerts: false, browserName: chrome, browserVersion: 129.0.6668.101, chrome: {chromedriverVersion: 129.0.6668.100 (cf58cba358d..., userDataDir: C:\Users\mailt\AppData\Loca...}, fedcm:accounts: true, goog:chromeOptions: {debuggerAddress: localhost:65520}, networkConnectionEnabled: false, pageLoadStrategy: normal, platformName: windows, proxy: Proxy(), se:cdp: ws://localhost:65520/devtoo..., se:cdpVersion: 129.0.6668.101, setWindowRect: true, strictFileInteractability: false, timeouts: {implicit: 0, pageLoad: 300000, script: 30000}, unhandledPromptBehavior: dismiss and notify, webauthn:extension:credBlob: true, webauthn:extension:largeBlob: true, webauthn:extension:minPinLength: true, webauthn:extension:prf: true, webauthn:virtualAuthenticators: true}
Element: [[ChromeDriver: chrome on windows (51a8f2cf3a498ab2f94a7349613c2667)] -&gt; xpath: (//button[.=&apos;Book&apos;])[1]]
Session ID: 51a8f2cf3a498ab2f94a7349613c2667
	at org.openqa.selenium.remote.ErrorCodec.decode(ErrorCodec.java:167)
	at org.openqa.selenium.remote.codec.w3c.W3CHttpResponseCodec.decode(W3CHttpResponseCodec.java:138)
	at org.openqa.selenium.remote.codec.w3c.W3CHttpResponseCodec.decode(W3CHttpResponseCodec.java:50)
	at org.openqa.selenium.remote.HttpCommandExecutor.execute(HttpCommandExecutor.java:190)
	at org.openqa.selenium.remote.service.DriverCommandExecutor.invokeExecute(DriverCommandExecutor.java:216)
	at org.openqa.selenium.remote.service.DriverCommandExecutor.execute(DriverCommandExecutor.java:174)
	at org.openqa.selenium.remote.RemoteWebDriver.execute(RemoteWebDriver.java:545)
	at org.openqa.selenium.remote.RemoteWebElement.execute(RemoteWebElement.java:223)
	at org.openqa.selenium.remote.RemoteWebElement.click(RemoteWebElement.java:76)
	at org.openqa.selenium.support.pagefactory.internal.LocatingElementHandler.invoke(LocatingElementHandler.java:51)
	at jdk.proxy2/jdk.proxy2.$Proxy15.click(Unknown Source)
	at Airline_Project.AirlineProject2.Amz_flight_SearchResults.multicity(Amz_flight_SearchResults.java:162)
	at Airline_Project.AirlineProject2.Test_7.login(Test_7.java:24)
	at java.base/java.util.ArrayList.forEach(ArrayList.java:1511)
... Removed 35 stack frames</pre></div><a href='#' onClick='toggleBox("stack-trace1287728562", this, "Click to show all stack frames", "Click to hide stack frames")'>Click to show all stack frames</a>
<div class='stack-trace' id='stack-trace1287728562'><pre>org.openqa.selenium.ElementClickInterceptedException: element click intercepted: Element &lt;button class=&quot;_7e41f983 bba41d3c  _50baedd0  &quot;&gt;...&lt;/button&gt; is not clickable at point (1114, 15). Other element would receive the click: &lt;div class=&quot;b44c2cc8&quot; id=&quot;fl_lp_search&quot;&gt;...&lt;/div&gt;
  (Session info: chrome=129.0.6668.101)
Build info: version: &apos;4.23.1&apos;, revision: &apos;656257d8e9&apos;
System info: os.name: &apos;Windows 11&apos;, os.arch: &apos;amd64&apos;, os.version: &apos;10.0&apos;, java.version: &apos;17.0.11&apos;
Driver info: org.openqa.selenium.chrome.ChromeDriver
Command: [51a8f2cf3a498ab2f94a7349613c2667, clickElement {id=f.256468C3F10B2BCB1B4ACD8D671DF7F5.d.CB62AF88F181FD76428D25EF0DE29D5A.e.214}]
Capabilities {acceptInsecureCerts: false, browserName: chrome, browserVersion: 129.0.6668.101, chrome: {chromedriverVersion: 129.0.6668.100 (cf58cba358d..., userDataDir: C:\Users\mailt\AppData\Loca...}, fedcm:accounts: true, goog:chromeOptions: {debuggerAddress: localhost:65520}, networkConnectionEnabled: false, pageLoadStrategy: normal, platformName: windows, proxy: Proxy(), se:cdp: ws://localhost:65520/devtoo..., se:cdpVersion: 129.0.6668.101, setWindowRect: true, strictFileInteractability: false, timeouts: {implicit: 0, pageLoad: 300000, script: 30000}, unhandledPromptBehavior: dismiss and notify, webauthn:extension:credBlob: true, webauthn:extension:largeBlob: true, webauthn:extension:minPinLength: true, webauthn:extension:prf: true, webauthn:virtualAuthenticators: true}
Element: [[ChromeDriver: chrome on windows (51a8f2cf3a498ab2f94a7349613c2667)] -&gt; xpath: (//button[.=&apos;Book&apos;])[1]]
Session ID: 51a8f2cf3a498ab2f94a7349613c2667
	at java.base/jdk.internal.reflect.NativeConstructorAccessorImpl.newInstance0(Native Method)
	at java.base/jdk.internal.reflect.NativeConstructorAccessorImpl.newInstance(NativeConstructorAccessorImpl.java:77)
	at java.base/jdk.internal.reflect.DelegatingConstructorAccessorImpl.newInstance(DelegatingConstructorAccessorImpl.java:45)
	at java.base/java.lang.reflect.Constructor.newInstanceWithCaller(Constructor.java:499)
	at java.base/java.lang.reflect.Constructor.newInstance(Constructor.java:480)
	at org.openqa.selenium.remote.ErrorCodec.decode(ErrorCodec.java:167)
	at org.openqa.selenium.remote.codec.w3c.W3CHttpResponseCodec.decode(W3CHttpResponseCodec.java:138)
	at org.openqa.selenium.remote.codec.w3c.W3CHttpResponseCodec.decode(W3CHttpResponseCodec.java:50)
	at org.openqa.selenium.remote.HttpCommandExecutor.execute(HttpCommandExecutor.java:190)
	at org.openqa.selenium.remote.service.DriverCommandExecutor.invokeExecute(DriverCommandExecutor.java:216)
	at org.openqa.selenium.remote.service.DriverCommandExecutor.execute(DriverCommandExecutor.java:174)
	at org.openqa.selenium.remote.RemoteWebDriver.execute(RemoteWebDriver.java:545)
	at org.openqa.selenium.remote.RemoteWebElement.execute(RemoteWebElement.java:223)
	at org.openqa.selenium.remote.RemoteWebElement.click(RemoteWebElement.java:76)
	at jdk.internal.reflect.GeneratedMethodAccessor1.invoke(Unknown Source)
	at java.base/jdk.internal.reflect.DelegatingMethodAccessorImpl.invoke(DelegatingMethodAccessorImpl.java:43)
	at java.base/java.lang.reflect.Method.invoke(Method.java:568)
	at org.openqa.selenium.support.pagefactory.internal.LocatingElementHandler.invoke(LocatingElementHandler.java:51)
	at jdk.proxy2/jdk.proxy2.$Proxy15.click(Unknown Source)
	at Airline_Project.AirlineProject2.Amz_flight_SearchResults.multicity(Amz_flight_SearchResults.java:162)
	at Airline_Project.AirlineProject2.Test_7.login(Test_7.java:24)
	at java.base/jdk.internal.reflect.NativeMethodAccessorImpl.invoke0(Native Method)
	at java.base/jdk.internal.reflect.NativeMethodAccessorImpl.invoke(NativeMethodAccessorImpl.java:77)
	at java.base/jdk.internal.reflect.DelegatingMethodAccessorImpl.invoke(DelegatingMethodAccessorImpl.java:43)
	at java.base/java.lang.reflect.Method.invoke(Method.java:568)
	at org.testng.internal.MethodInvocationHelper.invokeMethod(MethodInvocationHelper.java:133)
	at org.testng.internal.TestInvoker.invokeMethod(TestInvoker.java:598)
	at org.testng.internal.TestInvoker.invokeTestMethod(TestInvoker.java:173)
	at org.testng.internal.MethodRunner.runInSequence(MethodRunner.java:46)
	at org.testng.internal.TestInvoker$MethodInvocationAgent.invoke(TestInvoker.java:824)
	at org.testng.internal.TestInvoker.invokeTestMethods(TestInvoker.java:146)
	at org.testng.internal.TestMethodWorker.invokeTestMethods(TestMethodWorker.java:146)
	at org.testng.internal.TestMethodWorker.run(TestMethodWorker.java:128)
	at java.base/java.util.ArrayList.forEach(ArrayList.java:1511)
	at org.testng.TestRunner.privateRun(TestRunner.java:794)
	at org.testng.TestRunner.run(TestRunner.java:596)
	at org.testng.SuiteRunner.runTest(SuiteRunner.java:377)
	at org.testng.SuiteRunner.runSequentially(SuiteRunner.java:371)
	at org.testng.SuiteRunner.privateRun(SuiteRunner.java:332)
	at org.testng.SuiteRunner.run(SuiteRunner.java:276)
	at org.testng.SuiteRunnerWorker.runSuite(SuiteRunnerWorker.java:53)
	at org.testng.SuiteRunnerWorker.run(SuiteRunnerWorker.java:96)
	at org.testng.TestNG.runSuitesSequentially(TestNG.java:1212)
	at org.testng.TestNG.runSuitesLocally(TestNG.java:1134)
	at org.testng.TestNG.runSuites(TestNG.java:1063)
	at org.testng.TestNG.run(TestNG.java:1031)
	at org.testng.remote.AbstractRemoteTestNG.run(AbstractRemoteTestNG.java:115)
	at org.testng.remote.RemoteTestNG.initAndRun(RemoteTestNG.java:293)
	at org.testng.remote.RemoteTestNG.main(RemoteTestNG.java:91)
</pre></div></td>
<td>8</td>
<td>Airline_Project.AirlineProject2.Test_7@3f6f6701</td></tr>
</table><p>
</body>
</html>