<html>
<head>
<title>TestNG:  Testing with Edge</title>
<link href="../testng.css" rel="stylesheet" type="text/css" />
<link href="../my-testng.css" rel="stylesheet" type="text/css" />

<style type="text/css">
.log { display: none;} 
.stack-trace { display: none;} 
</style>
<script type="text/javascript">
<!--
function flip(e) {
  current = e.style.display;
  if (current == 'block') {
    e.style.display = 'none';
    return 0;
  }
  else {
    e.style.display = 'block';
    return 1;
  }
}

function toggleBox(szDivId, elem, msg1, msg2)
{
  var res = -1;  if (document.getElementById) {
    res = flip(document.getElementById(szDivId));
  }
  else if (document.all) {
    // this is the way old msie versions work
    res = flip(document.all[szDivId]);
  }
  if(elem) {
    if(res == 0) elem.innerHTML = msg1; else elem.innerHTML = msg2;
  }

}

function toggleAllBoxes() {
  if (document.getElementsByTagName) {
    d = document.getElementsByTagName('div');
    for (i = 0; i < d.length; i++) {
      if (d[i].className == 'log') {
        flip(d[i]);
      }
    }
  }
}

// -->
</script>

</head>
<body>
<h2 align='center'>Testing with Edge</h2><table border='1' align="center">
<tr>
<td>Tests passed/Failed/Skipped:</td><td>15/0/3</td>
</tr><tr>
<td>Started on:</td><td>Thu Oct 24 18:53:23 CDT 2024</td>
</tr>
<tr><td>Total time:</td><td>567 seconds (567863 ms)</td>
</tr><tr>
<td>Included groups:</td><td></td>
</tr><tr>
<td>Excluded groups:</td><td></td>
</tr>
</table><p/>
<small><i>(Hover the method name to see the test class name)</i></small><p/>
<table width='100%' border='1' class='invocation-passed'>
<tr><td colspan='4' align='center'><b>PASSED TESTS</b></td></tr>
<tr><td><b>Test method</b></td>
<td width="30%"><b>Exception</b></td>
<td width="10%"><b>Time (seconds)</b></td>
<td><b>Instance</b></td>
</tr>
<tr>
<td title='Airline_Project.AirlineProject2.Test13.login()'><b>login</b><br>Test class: Airline_Project.AirlineProject2.Test13<br/>
<a href="#Output-2010879355" onClick='toggleBox("Output-2010879355", this, "Show output", "Hide output");'>Show output</a>

<a href="#Output-2010879355" onClick="toggleAllBoxes();">Show all outputs</a>
<div class='log' id="Output-2010879355">
Test Case 13 passed-Apply Coupon successful<br/>
</div>
</td>
<td></td>
<td>16</td>
<td>Airline_Project.AirlineProject2.Test13@8f2ef19</td></tr>
<tr>
<td title='Airline_Project.AirlineProject2.Test_4.login()'><b>login</b><br>Test class: Airline_Project.AirlineProject2.Test_4<br/>
<a href="#Output-418681815" onClick='toggleBox("Output-418681815", this, "Show output", "Hide output");'>Show output</a>

<a href="#Output-418681815" onClick="toggleAllBoxes();">Show all outputs</a>
<div class='log' id="Output-418681815">
Test Case 4 Passed-Search functionality for One Way flight successful<br/>
</div>
</td>
<td></td>
<td>6</td>
<td>Airline_Project.AirlineProject2.Test_4@449a4f23</td></tr>
<tr>
<td title='Airline_Project.AirlineProject2.Test_8.login()'><b>login</b><br>Test class: Airline_Project.AirlineProject2.Test_8<br/>
<a href="#Output-201214457" onClick='toggleBox("Output-201214457", this, "Show output", "Hide output");'>Show output</a>

<a href="#Output-201214457" onClick="toggleAllBoxes();">Show all outputs</a>
<div class='log' id="Output-201214457">
Test 8 Passed-Seat selection successful<br/>
</div>
</td>
<td></td>
<td>22</td>
<td>Airline_Project.AirlineProject2.Test_8@6e9175d8</td></tr>
<tr>
<td title='Airline_Project.AirlineProject2.Test14.login()'><b>login</b><br>Test class: Airline_Project.AirlineProject2.Test14<br/>
<a href="#Output-1621100874" onClick='toggleBox("Output-1621100874", this, "Show output", "Hide output");'>Show output</a>

<a href="#Output-1621100874" onClick="toggleAllBoxes();">Show all outputs</a>
<div class='log' id="Output-1621100874">
Test Case 14 Passed-Search functionality for domestic round trip flight successful<br/>
</div>
</td>
<td></td>
<td>29</td>
<td>Airline_Project.AirlineProject2.Test14@470734c3</td></tr>
<tr>
<td title='Airline_Project.AirlineProject2.Test_1.newUserRegistration()'><b>newUserRegistration</b><br>Test class: Airline_Project.AirlineProject2.Test_1<br/>
<a href="#Output-159936195" onClick='toggleBox("Output-159936195", this, "Show output", "Hide output");'>Show output</a>

<a href="#Output-159936195" onClick="toggleAllBoxes();">Show all outputs</a>
<div class='log' id="Output-159936195">
Test Case 1 Passed-New user registration successful<br/>
</div>
</td>
<td></td>
<td>11</td>
<td>Airline_Project.AirlineProject2.Test_1@76a4ebf2</td></tr>
<tr>
<td title='Airline_Project.AirlineProject2.Test_9.login()'><b>login</b><br>Test class: Airline_Project.AirlineProject2.Test_9<br/>
<a href="#Output-2136334777" onClick='toggleBox("Output-2136334777", this, "Show output", "Hide output");'>Show output</a>

<a href="#Output-2136334777" onClick="toggleAllBoxes();">Show all outputs</a>
<div class='log' id="Output-2136334777">
Test Case 9 passed-multiple passengers in single booking successful<br/>
</div>
</td>
<td></td>
<td>39</td>
<td>Airline_Project.AirlineProject2.Test_9@7d0b7e3c</td></tr>
<tr>
<td title='Airline_Project.AirlineProject2.Test12.login()'><b>login</b><br>Test class: Airline_Project.AirlineProject2.Test12<br/>
<a href="#Output-143884130" onClick='toggleBox("Output-143884130", this, "Show output", "Hide output");'>Show output</a>

<a href="#Output-143884130" onClick="toggleAllBoxes();">Show all outputs</a>
<div class='log' id="Output-143884130">
Test Case 12 passed-Login,search and logout passed<br/>
</div>
</td>
<td></td>
<td>7</td>
<td>Airline_Project.AirlineProject2.Test12@2eae8e6e</td></tr>
<tr>
<td title='Airline_Project.AirlineProject2.Test_2.login()'><b>login</b><br>Test class: Airline_Project.AirlineProject2.Test_2<br/>
<a href="#Output-1112632546" onClick='toggleBox("Output-1112632546", this, "Show output", "Hide output");'>Show output</a>

<a href="#Output-1112632546" onClick="toggleAllBoxes();">Show all outputs</a>
<div class='log' id="Output-1112632546">
Test Case 2 passed-sign in successful<br/>
</div>
</td>
<td></td>
<td>3</td>
<td>Airline_Project.AirlineProject2.Test_2@2e8c1c9b</td></tr>
<tr>
<td title='Airline_Project.AirlineProject2.Test_7.login()'><b>login</b><br>Test class: Airline_Project.AirlineProject2.Test_7</td>
<td></td>
<td>10</td>
<td>Airline_Project.AirlineProject2.Test_7@78e4deb0</td></tr>
<tr>
<td title='Airline_Project.AirlineProject2.Test_6.login()'><b>login</b><br>Test class: Airline_Project.AirlineProject2.Test_6<br/>
<a href="#Output-1776542169" onClick='toggleBox("Output-1776542169", this, "Show output", "Hide output");'>Show output</a>

<a href="#Output-1776542169" onClick="toggleAllBoxes();">Show all outputs</a>
<div class='log' id="Output-1776542169">
Test Case 6 Passed-Search functionality for economy successful<br/>
Test Case 6 Passed-Search functionality for premium economy successful<br/>
Test Case 6 Passed-Search functionality for Business class successful<br/>
</div>
</td>
<td></td>
<td>23</td>
<td>Airline_Project.AirlineProject2.Test_6@5b1669c0</td></tr>
<tr>
<td title='Airline_Project.AirlineProject2.Test10.login()'><b>login</b><br>Test class: Airline_Project.AirlineProject2.Test10<br/>
<a href="#Output-285645789" onClick='toggleBox("Output-285645789", this, "Show output", "Hide output");'>Show output</a>

<a href="#Output-285645789" onClick="toggleAllBoxes();">Show all outputs</a>
<div class='log' id="Output-285645789">
Test Case 10 passed-flight information details available<br/>
Test Case 10 passed-fare details available<br/>
Test Case 10 passed-baggage details available<br/>
Test Case 10 passed-cancellation details available<br/>
</div>
</td>
<td></td>
<td>17</td>
<td>Airline_Project.AirlineProject2.Test10@15bb5034</td></tr>
<tr>
<td title='Airline_Project.AirlineProject2.Test_5.login()'><b>login</b><br>Test class: Airline_Project.AirlineProject2.Test_5<br/>
<a href="#Output-1114740236" onClick='toggleBox("Output-1114740236", this, "Show output", "Hide output");'>Show output</a>

<a href="#Output-1114740236" onClick="toggleAllBoxes();">Show all outputs</a>
<div class='log' id="Output-1114740236">
Test Case 5 Passed-Search functionality for round trip flight successful<br/>
</div>
</td>
<td></td>
<td>23</td>
<td>Airline_Project.AirlineProject2.Test_5@1530c739</td></tr>
<tr>
<td title='Airline_Project.AirlineProject2.Test15.login()'><b>login</b><br>Test class: Airline_Project.AirlineProject2.Test15<br/>
<a href="#Output-203134694" onClick='toggleBox("Output-203134694", this, "Show output", "Hide output");'>Show output</a>

<a href="#Output-203134694" onClick="toggleAllBoxes();">Show all outputs</a>
<div class='log' id="Output-203134694">
Test Case 15 Passed-selection of credit card successful<br/>
</div>
</td>
<td></td>
<td>44</td>
<td>Airline_Project.AirlineProject2.Test15@2cf3d63b</td></tr>
<tr>
<td title='Airline_Project.AirlineProject2.Test11.login()'><b>login</b><br>Test class: Airline_Project.AirlineProject2.Test11<br/>
<a href="#Output-680910891" onClick='toggleBox("Output-680910891", this, "Show output", "Hide output");'>Show output</a>

<a href="#Output-680910891" onClick="toggleAllBoxes();">Show all outputs</a>
<div class='log' id="Output-680910891">
Test Case 11 passed-User Entry of passenger name successful<br/>
Test Case 11 passed-User Entry of mobile number successful<br/>
Test Case 11 passed-User Entry of email successful<br/>
</div>
</td>
<td></td>
<td>14</td>
<td>Airline_Project.AirlineProject2.Test11@4b741d6d</td></tr>
<tr>
<td title='Airline_Project.AirlineProject2.Test_3.incorrectlogin()'><b>incorrectlogin</b><br>Test class: Airline_Project.AirlineProject2.Test_3<br/>
<a href="#Output-1792199533" onClick='toggleBox("Output-1792199533", this, "Show output", "Hide output");'>Show output</a>

<a href="#Output-1792199533" onClick="toggleAllBoxes();">Show all outputs</a>
<div class='log' id="Output-1792199533">
Test Case 3 Passed-Login failed due to incorrect username<br/>
</div>
</td>
<td></td>
<td>1</td>
<td>Airline_Project.AirlineProject2.Test_3@53fe15ff</td></tr>
</table><p>
<table width='100%' border='1' class='invocation-skipped'>
<tr><td colspan='4' align='center'><b>SKIPPED TESTS</b></td></tr>
<tr><td><b>Test method</b></td>
<td width="30%"><b>Exception</b></td>
<td width="10%"><b>Time (seconds)</b></td>
<td><b>Instance</b></td>
</tr>
<tr>
<td title='Airline_Project.AirlineProject2.Test15.login()'><b>login</b><br>Test class: Airline_Project.AirlineProject2.Test15</td>
<td><div><pre>org.openqa.selenium.TimeoutException: Expected condition failed: waiting for element to be clickable: Proxy element for: DefaultElementLocator &apos;By.xpath: //button[.=&apos;Proceed to traveller details&apos;]&apos; (tried for 15 second(s) with 500 milliseconds interval)
	at org.openqa.selenium.support.ui.WebDriverWait.timeoutException(WebDriverWait.java:84)
	at org.openqa.selenium.support.ui.FluentWait.until(FluentWait.java:228)
	at Airline_Project.AirlineProject2.Amz_flight_SearchResults.seatSelection(Amz_flight_SearchResults.java:190)
	at Airline_Project.AirlineProject2.Test15.login(Test15.java:23)
	at java.base/java.util.ArrayList.forEach(ArrayList.java:1511)
Caused by: org.openqa.selenium.NoSuchElementException: no such element: Unable to locate element: {&quot;method&quot;:&quot;xpath&quot;,&quot;selector&quot;:&quot;//button[.=&apos;Proceed to traveller details&apos;]&quot;}
  (Session info: MicrosoftEdge=129.0.2792.79)
For documentation on this error, please visit: https://www.selenium.dev/documentation/webdriver/troubleshooting/errors#no-such-element-exception
Build info: version: &apos;4.23.1&apos;, revision: &apos;656257d8e9&apos;
System info: os.name: &apos;Windows 11&apos;, os.arch: &apos;amd64&apos;, os.version: &apos;10.0&apos;, java.version: &apos;17.0.11&apos;
Driver info: org.openqa.selenium.edge.EdgeDriver
Command: [cb976d1117d25cd1b064244876ab3b4c, findElement {using=xpath, value=//button[.=&apos;Proceed to traveller details&apos;]}]
Capabilities {acceptInsecureCerts: false, browserName: MicrosoftEdge, browserVersion: 129.0.2792.79, fedcm:accounts: true, ms:edgeOptions: {debuggerAddress: localhost:53025}, msedge: {msedgedriverVersion: 129.0.2792.89 (65986ec8d2a8..., userDataDir: C:\Users\mailt\AppData\Loca...}, networkConnectionEnabled: false, pageLoadStrategy: normal, platformName: windows, proxy: Proxy(), se:cdp: ws://localhost:53025/devtoo..., se:cdpVersion: 129.0.2792.79, setWindowRect: true, strictFileInteractability: false, timeouts: {implicit: 0, pageLoad: 300000, script: 30000}, unhandledPromptBehavior: dismiss and notify, webauthn:extension:credBlob: true, webauthn:extension:largeBlob: true, webauthn:extension:minPinLength: true, webauthn:extension:prf: true, webauthn:virtualAuthenticators: true}
Session ID: cb976d1117d25cd1b064244876ab3b4c
	at org.openqa.selenium.remote.ErrorCodec.decode(ErrorCodec.java:167)
	at org.openqa.selenium.remote.codec.w3c.W3CHttpResponseCodec.decode(W3CHttpResponseCodec.java:138)
	at org.openqa.selenium.remote.codec.w3c.W3CHttpResponseCodec.decode(W3CHttpResponseCodec.java:50)
	at org.openqa.selenium.remote.HttpCommandExecutor.execute(HttpCommandExecutor.java:190)
	at org.openqa.selenium.remote.service.DriverCommandExecutor.invokeExecute(DriverCommandExecutor.java:216)
	at org.openqa.selenium.remote.service.DriverCommandExecutor.execute(DriverCommandExecutor.java:174)
	at org.openqa.selenium.remote.RemoteWebDriver.execute(RemoteWebDriver.java:545)
	at org.openqa.selenium.remote.ElementLocation$ElementFinder$2.findElement(ElementLocation.java:165)
	at org.openqa.selenium.remote.ElementLocation.findElement(ElementLocation.java:59)
	at org.openqa.selenium.remote.RemoteWebDriver.findElement(RemoteWebDriver.java:368)
	at org.openqa.selenium.remote.RemoteWebDriver.findElement(RemoteWebDriver.java:362)
	at org.openqa.selenium.support.pagefactory.DefaultElementLocator.findElement(DefaultElementLocator.java:68)
	at org.openqa.selenium.support.pagefactory.internal.LocatingElementHandler.invoke(LocatingElementHandler.java:38)
	at jdk.proxy2/jdk.proxy2.$Proxy15.isDisplayed(Unknown Source)
	at org.openqa.selenium.support.ui.ExpectedConditions.elementIfVisible(ExpectedConditions.java:304)
	at org.openqa.selenium.support.ui.ExpectedConditions$10.apply(ExpectedConditions.java:290)
	at org.openqa.selenium.support.ui.ExpectedConditions$10.apply(ExpectedConditions.java:287)
	at org.openqa.selenium.support.ui.ExpectedConditions$23.apply(ExpectedConditions.java:656)
	at org.openqa.selenium.support.ui.ExpectedConditions$23.apply(ExpectedConditions.java:652)
	at org.openqa.selenium.support.ui.FluentWait.until(FluentWait.java:203)
	... 30 more
... Removed 32 stack frames</pre></div><a href='#' onClick='toggleBox("stack-trace885064964", this, "Click to show all stack frames", "Click to hide stack frames")'>Click to show all stack frames</a>
<div class='stack-trace' id='stack-trace885064964'><pre>org.openqa.selenium.TimeoutException: Expected condition failed: waiting for element to be clickable: Proxy element for: DefaultElementLocator &apos;By.xpath: //button[.=&apos;Proceed to traveller details&apos;]&apos; (tried for 15 second(s) with 500 milliseconds interval)
	at org.openqa.selenium.support.ui.WebDriverWait.timeoutException(WebDriverWait.java:84)
	at org.openqa.selenium.support.ui.FluentWait.until(FluentWait.java:228)
	at Airline_Project.AirlineProject2.Amz_flight_SearchResults.seatSelection(Amz_flight_SearchResults.java:190)
	at Airline_Project.AirlineProject2.Test15.login(Test15.java:23)
	at java.base/jdk.internal.reflect.NativeMethodAccessorImpl.invoke0(Native Method)
	at java.base/jdk.internal.reflect.NativeMethodAccessorImpl.invoke(NativeMethodAccessorImpl.java:77)
	at java.base/jdk.internal.reflect.DelegatingMethodAccessorImpl.invoke(DelegatingMethodAccessorImpl.java:43)
	at java.base/java.lang.reflect.Method.invoke(Method.java:568)
	at org.testng.internal.MethodInvocationHelper.invokeMethod(MethodInvocationHelper.java:133)
	at org.testng.internal.TestInvoker.invokeMethod(TestInvoker.java:598)
	at org.testng.internal.TestInvoker.invokeTestMethod(TestInvoker.java:173)
	at org.testng.internal.MethodRunner.runInSequence(MethodRunner.java:46)
	at org.testng.internal.TestInvoker$MethodInvocationAgent.invoke(TestInvoker.java:824)
	at org.testng.internal.TestInvoker.invokeTestMethods(TestInvoker.java:146)
	at org.testng.internal.TestMethodWorker.invokeTestMethods(TestMethodWorker.java:146)
	at org.testng.internal.TestMethodWorker.run(TestMethodWorker.java:128)
	at java.base/java.util.ArrayList.forEach(ArrayList.java:1511)
	at org.testng.TestRunner.privateRun(TestRunner.java:794)
	at org.testng.TestRunner.run(TestRunner.java:596)
	at org.testng.SuiteRunner.runTest(SuiteRunner.java:377)
	at org.testng.SuiteRunner.runSequentially(SuiteRunner.java:371)
	at org.testng.SuiteRunner.privateRun(SuiteRunner.java:332)
	at org.testng.SuiteRunner.run(SuiteRunner.java:276)
	at org.testng.SuiteRunnerWorker.runSuite(SuiteRunnerWorker.java:53)
	at org.testng.SuiteRunnerWorker.run(SuiteRunnerWorker.java:96)
	at org.testng.TestNG.runSuitesSequentially(TestNG.java:1212)
	at org.testng.TestNG.runSuitesLocally(TestNG.java:1134)
	at org.testng.TestNG.runSuites(TestNG.java:1063)
	at org.testng.TestNG.run(TestNG.java:1031)
	at org.testng.remote.AbstractRemoteTestNG.run(AbstractRemoteTestNG.java:115)
	at org.testng.remote.RemoteTestNG.initAndRun(RemoteTestNG.java:293)
	at org.testng.remote.RemoteTestNG.main(RemoteTestNG.java:91)
Caused by: org.openqa.selenium.NoSuchElementException: no such element: Unable to locate element: {&quot;method&quot;:&quot;xpath&quot;,&quot;selector&quot;:&quot;//button[.=&apos;Proceed to traveller details&apos;]&quot;}
  (Session info: MicrosoftEdge=129.0.2792.79)
For documentation on this error, please visit: https://www.selenium.dev/documentation/webdriver/troubleshooting/errors#no-such-element-exception
Build info: version: &apos;4.23.1&apos;, revision: &apos;656257d8e9&apos;
System info: os.name: &apos;Windows 11&apos;, os.arch: &apos;amd64&apos;, os.version: &apos;10.0&apos;, java.version: &apos;17.0.11&apos;
Driver info: org.openqa.selenium.edge.EdgeDriver
Command: [cb976d1117d25cd1b064244876ab3b4c, findElement {using=xpath, value=//button[.=&apos;Proceed to traveller details&apos;]}]
Capabilities {acceptInsecureCerts: false, browserName: MicrosoftEdge, browserVersion: 129.0.2792.79, fedcm:accounts: true, ms:edgeOptions: {debuggerAddress: localhost:53025}, msedge: {msedgedriverVersion: 129.0.2792.89 (65986ec8d2a8..., userDataDir: C:\Users\mailt\AppData\Loca...}, networkConnectionEnabled: false, pageLoadStrategy: normal, platformName: windows, proxy: Proxy(), se:cdp: ws://localhost:53025/devtoo..., se:cdpVersion: 129.0.2792.79, setWindowRect: true, strictFileInteractability: false, timeouts: {implicit: 0, pageLoad: 300000, script: 30000}, unhandledPromptBehavior: dismiss and notify, webauthn:extension:credBlob: true, webauthn:extension:largeBlob: true, webauthn:extension:minPinLength: true, webauthn:extension:prf: true, webauthn:virtualAuthenticators: true}
Session ID: cb976d1117d25cd1b064244876ab3b4c
	at java.base/jdk.internal.reflect.NativeConstructorAccessorImpl.newInstance0(Native Method)
	at java.base/jdk.internal.reflect.NativeConstructorAccessorImpl.newInstance(NativeConstructorAccessorImpl.java:77)
	at java.base/jdk.internal.reflect.DelegatingConstructorAccessorImpl.newInstance(DelegatingConstructorAccessorImpl.java:45)
	at java.base/java.lang.reflect.Constructor.newInstanceWithCaller(Constructor.java:499)
	at java.base/java.lang.reflect.Constructor.newInstance(Constructor.java:480)
	at org.openqa.selenium.remote.ErrorCodec.decode(ErrorCodec.java:167)
	at org.openqa.selenium.remote.codec.w3c.W3CHttpResponseCodec.decode(W3CHttpResponseCodec.java:138)
	at org.openqa.selenium.remote.codec.w3c.W3CHttpResponseCodec.decode(W3CHttpResponseCodec.java:50)
	at org.openqa.selenium.remote.HttpCommandExecutor.execute(HttpCommandExecutor.java:190)
	at org.openqa.selenium.remote.service.DriverCommandExecutor.invokeExecute(DriverCommandExecutor.java:216)
	at org.openqa.selenium.remote.service.DriverCommandExecutor.execute(DriverCommandExecutor.java:174)
	at org.openqa.selenium.remote.RemoteWebDriver.execute(RemoteWebDriver.java:545)
	at org.openqa.selenium.remote.ElementLocation$ElementFinder$2.findElement(ElementLocation.java:165)
	at org.openqa.selenium.remote.ElementLocation.findElement(ElementLocation.java:59)
	at org.openqa.selenium.remote.RemoteWebDriver.findElement(RemoteWebDriver.java:368)
	at org.openqa.selenium.remote.RemoteWebDriver.findElement(RemoteWebDriver.java:362)
	at org.openqa.selenium.support.pagefactory.DefaultElementLocator.findElement(DefaultElementLocator.java:68)
	at org.openqa.selenium.support.pagefactory.internal.LocatingElementHandler.invoke(LocatingElementHandler.java:38)
	at jdk.proxy2/jdk.proxy2.$Proxy15.isDisplayed(Unknown Source)
	at org.openqa.selenium.support.ui.ExpectedConditions.elementIfVisible(ExpectedConditions.java:304)
	at org.openqa.selenium.support.ui.ExpectedConditions$10.apply(ExpectedConditions.java:290)
	at org.openqa.selenium.support.ui.ExpectedConditions$10.apply(ExpectedConditions.java:287)
	at org.openqa.selenium.support.ui.ExpectedConditions$23.apply(ExpectedConditions.java:656)
	at org.openqa.selenium.support.ui.ExpectedConditions$23.apply(ExpectedConditions.java:652)
	at org.openqa.selenium.support.ui.FluentWait.until(FluentWait.java:203)
	... 30 more
</pre></div></td>
<td>38</td>
<td>Airline_Project.AirlineProject2.Test15@2cf3d63b</td></tr>
<tr>
<td title='Airline_Project.AirlineProject2.Test11.login()'><b>login</b><br>Test class: Airline_Project.AirlineProject2.Test11</td>
<td><div><pre>org.openqa.selenium.NoSuchElementException: no such element: Unable to locate element: {&quot;method&quot;:&quot;xpath&quot;,&quot;selector&quot;:&quot;(//i[@class=&apos;_4b539ab8&apos;])[1]&quot;}
  (Session info: MicrosoftEdge=129.0.2792.79)
For documentation on this error, please visit: https://www.selenium.dev/documentation/webdriver/troubleshooting/errors#no-such-element-exception
Build info: version: &apos;4.23.1&apos;, revision: &apos;656257d8e9&apos;
System info: os.name: &apos;Windows 11&apos;, os.arch: &apos;amd64&apos;, os.version: &apos;10.0&apos;, java.version: &apos;17.0.11&apos;
Driver info: org.openqa.selenium.edge.EdgeDriver
Command: [159edcb9ba5e4ba70fd79c6de8f9c1ae, findElement {using=xpath, value=(//i[@class=&apos;_4b539ab8&apos;])[1]}]
Capabilities {acceptInsecureCerts: false, browserName: MicrosoftEdge, browserVersion: 129.0.2792.79, fedcm:accounts: true, ms:edgeOptions: {debuggerAddress: localhost:52360}, msedge: {msedgedriverVersion: 129.0.2792.89 (65986ec8d2a8..., userDataDir: C:\Users\mailt\AppData\Loca...}, networkConnectionEnabled: false, pageLoadStrategy: normal, platformName: windows, proxy: Proxy(), se:cdp: ws://localhost:52360/devtoo..., se:cdpVersion: 129.0.2792.79, setWindowRect: true, strictFileInteractability: false, timeouts: {implicit: 0, pageLoad: 300000, script: 30000}, unhandledPromptBehavior: dismiss and notify, webauthn:extension:credBlob: true, webauthn:extension:largeBlob: true, webauthn:extension:minPinLength: true, webauthn:extension:prf: true, webauthn:virtualAuthenticators: true}
Session ID: 159edcb9ba5e4ba70fd79c6de8f9c1ae
	at org.openqa.selenium.remote.ErrorCodec.decode(ErrorCodec.java:167)
	at org.openqa.selenium.remote.codec.w3c.W3CHttpResponseCodec.decode(W3CHttpResponseCodec.java:138)
	at org.openqa.selenium.remote.codec.w3c.W3CHttpResponseCodec.decode(W3CHttpResponseCodec.java:50)
	at org.openqa.selenium.remote.HttpCommandExecutor.execute(HttpCommandExecutor.java:190)
	at org.openqa.selenium.remote.service.DriverCommandExecutor.invokeExecute(DriverCommandExecutor.java:216)
	at org.openqa.selenium.remote.service.DriverCommandExecutor.execute(DriverCommandExecutor.java:174)
	at org.openqa.selenium.remote.RemoteWebDriver.execute(RemoteWebDriver.java:545)
	at org.openqa.selenium.remote.ElementLocation$ElementFinder$2.findElement(ElementLocation.java:165)
	at org.openqa.selenium.remote.ElementLocation.findElement(ElementLocation.java:59)
	at org.openqa.selenium.remote.RemoteWebDriver.findElement(RemoteWebDriver.java:368)
	at org.openqa.selenium.remote.RemoteWebDriver.findElement(RemoteWebDriver.java:362)
	at org.openqa.selenium.support.pagefactory.DefaultElementLocator.findElement(DefaultElementLocator.java:68)
	at org.openqa.selenium.support.pagefactory.internal.LocatingElementHandler.invoke(LocatingElementHandler.java:38)
	at jdk.proxy2/jdk.proxy2.$Proxy15.click(Unknown Source)
	at Airline_Project.AirlineProject2.Amz_flight_Homepage.oneWayFlightSearch(Amz_flight_Homepage.java:151)
	at Airline_Project.AirlineProject2.Test11.login(Test11.java:19)
	at java.base/java.util.ArrayList.forEach(ArrayList.java:1511)
... Removed 32 stack frames</pre></div><a href='#' onClick='toggleBox("stack-trace1724799449", this, "Click to show all stack frames", "Click to hide stack frames")'>Click to show all stack frames</a>
<div class='stack-trace' id='stack-trace1724799449'><pre>org.openqa.selenium.NoSuchElementException: no such element: Unable to locate element: {&quot;method&quot;:&quot;xpath&quot;,&quot;selector&quot;:&quot;(//i[@class=&apos;_4b539ab8&apos;])[1]&quot;}
  (Session info: MicrosoftEdge=129.0.2792.79)
For documentation on this error, please visit: https://www.selenium.dev/documentation/webdriver/troubleshooting/errors#no-such-element-exception
Build info: version: &apos;4.23.1&apos;, revision: &apos;656257d8e9&apos;
System info: os.name: &apos;Windows 11&apos;, os.arch: &apos;amd64&apos;, os.version: &apos;10.0&apos;, java.version: &apos;17.0.11&apos;
Driver info: org.openqa.selenium.edge.EdgeDriver
Command: [159edcb9ba5e4ba70fd79c6de8f9c1ae, findElement {using=xpath, value=(//i[@class=&apos;_4b539ab8&apos;])[1]}]
Capabilities {acceptInsecureCerts: false, browserName: MicrosoftEdge, browserVersion: 129.0.2792.79, fedcm:accounts: true, ms:edgeOptions: {debuggerAddress: localhost:52360}, msedge: {msedgedriverVersion: 129.0.2792.89 (65986ec8d2a8..., userDataDir: C:\Users\mailt\AppData\Loca...}, networkConnectionEnabled: false, pageLoadStrategy: normal, platformName: windows, proxy: Proxy(), se:cdp: ws://localhost:52360/devtoo..., se:cdpVersion: 129.0.2792.79, setWindowRect: true, strictFileInteractability: false, timeouts: {implicit: 0, pageLoad: 300000, script: 30000}, unhandledPromptBehavior: dismiss and notify, webauthn:extension:credBlob: true, webauthn:extension:largeBlob: true, webauthn:extension:minPinLength: true, webauthn:extension:prf: true, webauthn:virtualAuthenticators: true}
Session ID: 159edcb9ba5e4ba70fd79c6de8f9c1ae
	at java.base/jdk.internal.reflect.NativeConstructorAccessorImpl.newInstance0(Native Method)
	at java.base/jdk.internal.reflect.NativeConstructorAccessorImpl.newInstance(NativeConstructorAccessorImpl.java:77)
	at java.base/jdk.internal.reflect.DelegatingConstructorAccessorImpl.newInstance(DelegatingConstructorAccessorImpl.java:45)
	at java.base/java.lang.reflect.Constructor.newInstanceWithCaller(Constructor.java:499)
	at java.base/java.lang.reflect.Constructor.newInstance(Constructor.java:480)
	at org.openqa.selenium.remote.ErrorCodec.decode(ErrorCodec.java:167)
	at org.openqa.selenium.remote.codec.w3c.W3CHttpResponseCodec.decode(W3CHttpResponseCodec.java:138)
	at org.openqa.selenium.remote.codec.w3c.W3CHttpResponseCodec.decode(W3CHttpResponseCodec.java:50)
	at org.openqa.selenium.remote.HttpCommandExecutor.execute(HttpCommandExecutor.java:190)
	at org.openqa.selenium.remote.service.DriverCommandExecutor.invokeExecute(DriverCommandExecutor.java:216)
	at org.openqa.selenium.remote.service.DriverCommandExecutor.execute(DriverCommandExecutor.java:174)
	at org.openqa.selenium.remote.RemoteWebDriver.execute(RemoteWebDriver.java:545)
	at org.openqa.selenium.remote.ElementLocation$ElementFinder$2.findElement(ElementLocation.java:165)
	at org.openqa.selenium.remote.ElementLocation.findElement(ElementLocation.java:59)
	at org.openqa.selenium.remote.RemoteWebDriver.findElement(RemoteWebDriver.java:368)
	at org.openqa.selenium.remote.RemoteWebDriver.findElement(RemoteWebDriver.java:362)
	at org.openqa.selenium.support.pagefactory.DefaultElementLocator.findElement(DefaultElementLocator.java:68)
	at org.openqa.selenium.support.pagefactory.internal.LocatingElementHandler.invoke(LocatingElementHandler.java:38)
	at jdk.proxy2/jdk.proxy2.$Proxy15.click(Unknown Source)
	at Airline_Project.AirlineProject2.Amz_flight_Homepage.oneWayFlightSearch(Amz_flight_Homepage.java:151)
	at Airline_Project.AirlineProject2.Test11.login(Test11.java:19)
	at java.base/jdk.internal.reflect.NativeMethodAccessorImpl.invoke0(Native Method)
	at java.base/jdk.internal.reflect.NativeMethodAccessorImpl.invoke(NativeMethodAccessorImpl.java:77)
	at java.base/jdk.internal.reflect.DelegatingMethodAccessorImpl.invoke(DelegatingMethodAccessorImpl.java:43)
	at java.base/java.lang.reflect.Method.invoke(Method.java:568)
	at org.testng.internal.MethodInvocationHelper.invokeMethod(MethodInvocationHelper.java:133)
	at org.testng.internal.TestInvoker.invokeMethod(TestInvoker.java:598)
	at org.testng.internal.TestInvoker.invokeTestMethod(TestInvoker.java:173)
	at org.testng.internal.MethodRunner.runInSequence(MethodRunner.java:46)
	at org.testng.internal.TestInvoker$MethodInvocationAgent.invoke(TestInvoker.java:824)
	at org.testng.internal.TestInvoker.invokeTestMethods(TestInvoker.java:146)
	at org.testng.internal.TestMethodWorker.invokeTestMethods(TestMethodWorker.java:146)
	at org.testng.internal.TestMethodWorker.run(TestMethodWorker.java:128)
	at java.base/java.util.ArrayList.forEach(ArrayList.java:1511)
	at org.testng.TestRunner.privateRun(TestRunner.java:794)
	at org.testng.TestRunner.run(TestRunner.java:596)
	at org.testng.SuiteRunner.runTest(SuiteRunner.java:377)
	at org.testng.SuiteRunner.runSequentially(SuiteRunner.java:371)
	at org.testng.SuiteRunner.privateRun(SuiteRunner.java:332)
	at org.testng.SuiteRunner.run(SuiteRunner.java:276)
	at org.testng.SuiteRunnerWorker.runSuite(SuiteRunnerWorker.java:53)
	at org.testng.SuiteRunnerWorker.run(SuiteRunnerWorker.java:96)
	at org.testng.TestNG.runSuitesSequentially(TestNG.java:1212)
	at org.testng.TestNG.runSuitesLocally(TestNG.java:1134)
	at org.testng.TestNG.runSuites(TestNG.java:1063)
	at org.testng.TestNG.run(TestNG.java:1031)
	at org.testng.remote.AbstractRemoteTestNG.run(AbstractRemoteTestNG.java:115)
	at org.testng.remote.RemoteTestNG.initAndRun(RemoteTestNG.java:293)
	at org.testng.remote.RemoteTestNG.main(RemoteTestNG.java:91)
</pre></div></td>
<td>10</td>
<td>Airline_Project.AirlineProject2.Test11@4b741d6d</td></tr>
<tr>
<td title='Airline_Project.AirlineProject2.Test_6.login()'><b>login</b><br>Test class: Airline_Project.AirlineProject2.Test_6</td>
<td><div><pre>org.openqa.selenium.NoSuchElementException: no such element: Unable to locate element: {&quot;method&quot;:&quot;xpath&quot;,&quot;selector&quot;:&quot;(//i[@class=&apos;_4b539ab8&apos;])[1]&quot;}
  (Session info: MicrosoftEdge=129.0.2792.79)
For documentation on this error, please visit: https://www.selenium.dev/documentation/webdriver/troubleshooting/errors#no-such-element-exception
Build info: version: &apos;4.23.1&apos;, revision: &apos;656257d8e9&apos;
System info: os.name: &apos;Windows 11&apos;, os.arch: &apos;amd64&apos;, os.version: &apos;10.0&apos;, java.version: &apos;17.0.11&apos;
Driver info: org.openqa.selenium.edge.EdgeDriver
Command: [83e54af0b20473b97f559944d7866772, findElement {using=xpath, value=(//i[@class=&apos;_4b539ab8&apos;])[1]}]
Capabilities {acceptInsecureCerts: false, browserName: MicrosoftEdge, browserVersion: 129.0.2792.79, fedcm:accounts: true, ms:edgeOptions: {debuggerAddress: localhost:51466}, msedge: {msedgedriverVersion: 129.0.2792.89 (65986ec8d2a8..., userDataDir: C:\Users\mailt\AppData\Loca...}, networkConnectionEnabled: false, pageLoadStrategy: normal, platformName: windows, proxy: Proxy(), se:cdp: ws://localhost:51466/devtoo..., se:cdpVersion: 129.0.2792.79, setWindowRect: true, strictFileInteractability: false, timeouts: {implicit: 0, pageLoad: 300000, script: 30000}, unhandledPromptBehavior: dismiss and notify, webauthn:extension:credBlob: true, webauthn:extension:largeBlob: true, webauthn:extension:minPinLength: true, webauthn:extension:prf: true, webauthn:virtualAuthenticators: true}
Session ID: 83e54af0b20473b97f559944d7866772
	at org.openqa.selenium.remote.ErrorCodec.decode(ErrorCodec.java:167)
	at org.openqa.selenium.remote.codec.w3c.W3CHttpResponseCodec.decode(W3CHttpResponseCodec.java:138)
	at org.openqa.selenium.remote.codec.w3c.W3CHttpResponseCodec.decode(W3CHttpResponseCodec.java:50)
	at org.openqa.selenium.remote.HttpCommandExecutor.execute(HttpCommandExecutor.java:190)
	at org.openqa.selenium.remote.service.DriverCommandExecutor.invokeExecute(DriverCommandExecutor.java:216)
	at org.openqa.selenium.remote.service.DriverCommandExecutor.execute(DriverCommandExecutor.java:174)
	at org.openqa.selenium.remote.RemoteWebDriver.execute(RemoteWebDriver.java:545)
	at org.openqa.selenium.remote.ElementLocation$ElementFinder$2.findElement(ElementLocation.java:165)
	at org.openqa.selenium.remote.ElementLocation.findElement(ElementLocation.java:59)
	at org.openqa.selenium.remote.RemoteWebDriver.findElement(RemoteWebDriver.java:368)
	at org.openqa.selenium.remote.RemoteWebDriver.findElement(RemoteWebDriver.java:362)
	at org.openqa.selenium.support.pagefactory.DefaultElementLocator.findElement(DefaultElementLocator.java:68)
	at org.openqa.selenium.support.pagefactory.internal.LocatingElementHandler.invoke(LocatingElementHandler.java:38)
	at jdk.proxy2/jdk.proxy2.$Proxy15.click(Unknown Source)
	at Airline_Project.AirlineProject2.Amz_flight_Homepage.oneWayFlightSearch(Amz_flight_Homepage.java:151)
	at Airline_Project.AirlineProject2.Test_6.login(Test_6.java:19)
	at java.base/java.util.ArrayList.forEach(ArrayList.java:1511)
... Removed 32 stack frames</pre></div><a href='#' onClick='toggleBox("stack-trace1821075330", this, "Click to show all stack frames", "Click to hide stack frames")'>Click to show all stack frames</a>
<div class='stack-trace' id='stack-trace1821075330'><pre>org.openqa.selenium.NoSuchElementException: no such element: Unable to locate element: {&quot;method&quot;:&quot;xpath&quot;,&quot;selector&quot;:&quot;(//i[@class=&apos;_4b539ab8&apos;])[1]&quot;}
  (Session info: MicrosoftEdge=129.0.2792.79)
For documentation on this error, please visit: https://www.selenium.dev/documentation/webdriver/troubleshooting/errors#no-such-element-exception
Build info: version: &apos;4.23.1&apos;, revision: &apos;656257d8e9&apos;
System info: os.name: &apos;Windows 11&apos;, os.arch: &apos;amd64&apos;, os.version: &apos;10.0&apos;, java.version: &apos;17.0.11&apos;
Driver info: org.openqa.selenium.edge.EdgeDriver
Command: [83e54af0b20473b97f559944d7866772, findElement {using=xpath, value=(//i[@class=&apos;_4b539ab8&apos;])[1]}]
Capabilities {acceptInsecureCerts: false, browserName: MicrosoftEdge, browserVersion: 129.0.2792.79, fedcm:accounts: true, ms:edgeOptions: {debuggerAddress: localhost:51466}, msedge: {msedgedriverVersion: 129.0.2792.89 (65986ec8d2a8..., userDataDir: C:\Users\mailt\AppData\Loca...}, networkConnectionEnabled: false, pageLoadStrategy: normal, platformName: windows, proxy: Proxy(), se:cdp: ws://localhost:51466/devtoo..., se:cdpVersion: 129.0.2792.79, setWindowRect: true, strictFileInteractability: false, timeouts: {implicit: 0, pageLoad: 300000, script: 30000}, unhandledPromptBehavior: dismiss and notify, webauthn:extension:credBlob: true, webauthn:extension:largeBlob: true, webauthn:extension:minPinLength: true, webauthn:extension:prf: true, webauthn:virtualAuthenticators: true}
Session ID: 83e54af0b20473b97f559944d7866772
	at java.base/jdk.internal.reflect.NativeConstructorAccessorImpl.newInstance0(Native Method)
	at java.base/jdk.internal.reflect.NativeConstructorAccessorImpl.newInstance(NativeConstructorAccessorImpl.java:77)
	at java.base/jdk.internal.reflect.DelegatingConstructorAccessorImpl.newInstance(DelegatingConstructorAccessorImpl.java:45)
	at java.base/java.lang.reflect.Constructor.newInstanceWithCaller(Constructor.java:499)
	at java.base/java.lang.reflect.Constructor.newInstance(Constructor.java:480)
	at org.openqa.selenium.remote.ErrorCodec.decode(ErrorCodec.java:167)
	at org.openqa.selenium.remote.codec.w3c.W3CHttpResponseCodec.decode(W3CHttpResponseCodec.java:138)
	at org.openqa.selenium.remote.codec.w3c.W3CHttpResponseCodec.decode(W3CHttpResponseCodec.java:50)
	at org.openqa.selenium.remote.HttpCommandExecutor.execute(HttpCommandExecutor.java:190)
	at org.openqa.selenium.remote.service.DriverCommandExecutor.invokeExecute(DriverCommandExecutor.java:216)
	at org.openqa.selenium.remote.service.DriverCommandExecutor.execute(DriverCommandExecutor.java:174)
	at org.openqa.selenium.remote.RemoteWebDriver.execute(RemoteWebDriver.java:545)
	at org.openqa.selenium.remote.ElementLocation$ElementFinder$2.findElement(ElementLocation.java:165)
	at org.openqa.selenium.remote.ElementLocation.findElement(ElementLocation.java:59)
	at org.openqa.selenium.remote.RemoteWebDriver.findElement(RemoteWebDriver.java:368)
	at org.openqa.selenium.remote.RemoteWebDriver.findElement(RemoteWebDriver.java:362)
	at org.openqa.selenium.support.pagefactory.DefaultElementLocator.findElement(DefaultElementLocator.java:68)
	at org.openqa.selenium.support.pagefactory.internal.LocatingElementHandler.invoke(LocatingElementHandler.java:38)
	at jdk.proxy2/jdk.proxy2.$Proxy15.click(Unknown Source)
	at Airline_Project.AirlineProject2.Amz_flight_Homepage.oneWayFlightSearch(Amz_flight_Homepage.java:151)
	at Airline_Project.AirlineProject2.Test_6.login(Test_6.java:19)
	at java.base/jdk.internal.reflect.NativeMethodAccessorImpl.invoke0(Native Method)
	at java.base/jdk.internal.reflect.NativeMethodAccessorImpl.invoke(NativeMethodAccessorImpl.java:77)
	at java.base/jdk.internal.reflect.DelegatingMethodAccessorImpl.invoke(DelegatingMethodAccessorImpl.java:43)
	at java.base/java.lang.reflect.Method.invoke(Method.java:568)
	at org.testng.internal.MethodInvocationHelper.invokeMethod(MethodInvocationHelper.java:133)
	at org.testng.internal.TestInvoker.invokeMethod(TestInvoker.java:598)
	at org.testng.internal.TestInvoker.invokeTestMethod(TestInvoker.java:173)
	at org.testng.internal.MethodRunner.runInSequence(MethodRunner.java:46)
	at org.testng.internal.TestInvoker$MethodInvocationAgent.invoke(TestInvoker.java:824)
	at org.testng.internal.TestInvoker.invokeTestMethods(TestInvoker.java:146)
	at org.testng.internal.TestMethodWorker.invokeTestMethods(TestMethodWorker.java:146)
	at org.testng.internal.TestMethodWorker.run(TestMethodWorker.java:128)
	at java.base/java.util.ArrayList.forEach(ArrayList.java:1511)
	at org.testng.TestRunner.privateRun(TestRunner.java:794)
	at org.testng.TestRunner.run(TestRunner.java:596)
	at org.testng.SuiteRunner.runTest(SuiteRunner.java:377)
	at org.testng.SuiteRunner.runSequentially(SuiteRunner.java:371)
	at org.testng.SuiteRunner.privateRun(SuiteRunner.java:332)
	at org.testng.SuiteRunner.run(SuiteRunner.java:276)
	at org.testng.SuiteRunnerWorker.runSuite(SuiteRunnerWorker.java:53)
	at org.testng.SuiteRunnerWorker.run(SuiteRunnerWorker.java:96)
	at org.testng.TestNG.runSuitesSequentially(TestNG.java:1212)
	at org.testng.TestNG.runSuitesLocally(TestNG.java:1134)
	at org.testng.TestNG.runSuites(TestNG.java:1063)
	at org.testng.TestNG.run(TestNG.java:1031)
	at org.testng.remote.AbstractRemoteTestNG.run(AbstractRemoteTestNG.java:115)
	at org.testng.remote.RemoteTestNG.initAndRun(RemoteTestNG.java:293)
	at org.testng.remote.RemoteTestNG.main(RemoteTestNG.java:91)
</pre></div></td>
<td>10</td>
<td>Airline_Project.AirlineProject2.Test_6@5b1669c0</td></tr>
</table><p>
</body>
</html>