<?xml version="1.0" encoding="UTF-8"?>
<!-- Generated by org.testng.reporters.JUnitReportReporter -->
<testsuite hostname="LAPTOP-HFRRK7QD" failures="2" tests="6" name="Amazon_Project.Final.Test_9" time="232.937" errors="0" timestamp="2024-10-24T11:41:44 CDT" skipped="4">
  <testcase classname="Amazon_Project.Final.Test_9" name="productAddedToCart" time="42.072">
    <skipped/>
  </testcase> <!-- productAddedToCart -->
  <testcase classname="Amazon_Project.Final.Test_9" name="productAddedToCart" time="35.044">
    <skipped/>
  </testcase> <!-- productAddedToCart -->
  <testcase classname="Amazon_Project.Final.Test_9" name="productAddedToCart" time="39.723">
    <failure message="Test Case 9 Failed-Particular item was not added to cart expected [Campus Mens Oxyfit (N) Walking S] but found [Campus Men&#039;s OXYFIT (N) BLU/Gry ]" type="java.lang.AssertionError">
      <![CDATA[java.lang.AssertionError: Test Case 9 Failed-Particular item was not added to cart expected [Campus Mens Oxyfit (N) Walking S] but found [Campus Men's OXYFIT (N) BLU/Gry ]
at org.testng.Assert.fail(Assert.java:111)
at org.testng.Assert.failNotEquals(Assert.java:1578)
at org.testng.Assert.assertEqualsImpl(Assert.java:150)
at org.testng.Assert.assertEquals(Assert.java:132)
at org.testng.Assert.assertEquals(Assert.java:656)
at Amazon_Project.Final.Amz_CartPage.producttitleincart(Amz_CartPage.java:81)
at Amazon_Project.Final.Test_9.productAddedToCart(Test_9.java:29)
at java.base/jdk.internal.reflect.NativeMethodAccessorImpl.invoke0(Native Method)
at java.base/jdk.internal.reflect.NativeMethodAccessorImpl.invoke(NativeMethodAccessorImpl.java:77)
at java.base/jdk.internal.reflect.DelegatingMethodAccessorImpl.invoke(DelegatingMethodAccessorImpl.java:43)
at java.base/java.lang.reflect.Method.invoke(Method.java:568)
at org.testng.internal.invokers.MethodInvocationHelper.invokeMethod(MethodInvocationHelper.java:141)
at org.testng.internal.invokers.TestInvoker.invokeMethod(TestInvoker.java:686)
at org.testng.internal.invokers.TestInvoker.retryFailed(TestInvoker.java:269)
at org.testng.internal.invokers.MethodRunner.runInSequence(MethodRunner.java:76)
at org.testng.internal.invokers.TestInvoker$MethodInvocationAgent.invoke(TestInvoker.java:992)
at org.testng.internal.invokers.TestInvoker.invokeTestMethods(TestInvoker.java:203)
at org.testng.internal.invokers.TestMethodWorker.invokeTestMethods(TestMethodWorker.java:154)
at org.testng.internal.invokers.TestMethodWorker.run(TestMethodWorker.java:134)
at java.base/java.util.ArrayList.forEach(ArrayList.java:1511)
at org.testng.TestRunner.privateRun(TestRunner.java:739)
at org.testng.TestRunner.run(TestRunner.java:614)
at org.testng.SuiteRunner.runTest(SuiteRunner.java:421)
at org.testng.SuiteRunner.runSequentially(SuiteRunner.java:413)
at org.testng.SuiteRunner.privateRun(SuiteRunner.java:373)
at org.testng.SuiteRunner.run(SuiteRunner.java:312)
at org.testng.SuiteRunnerWorker.runSuite(SuiteRunnerWorker.java:52)
at org.testng.SuiteRunnerWorker.run(SuiteRunnerWorker.java:95)
at org.testng.TestNG.runSuitesSequentially(TestNG.java:1274)
at org.testng.TestNG.runSuitesLocally(TestNG.java:1208)
at org.testng.TestNG.runSuites(TestNG.java:1112)
at org.testng.TestNG.run(TestNG.java:1079)
at org.apache.maven.surefire.testng.TestNGExecutor.run(TestNGExecutor.java:308)
at org.apache.maven.surefire.testng.TestNGXmlTestSuite.execute(TestNGXmlTestSuite.java:71)
at org.apache.maven.surefire.testng.TestNGProvider.invoke(TestNGProvider.java:113)
at org.apache.maven.surefire.booter.ForkedBooter.runSuitesInProcess(ForkedBooter.java:385)
at org.apache.maven.surefire.booter.ForkedBooter.execute(ForkedBooter.java:162)
at org.apache.maven.surefire.booter.ForkedBooter.run(ForkedBooter.java:507)
at org.apache.maven.surefire.booter.ForkedBooter.main(ForkedBooter.java:495)
]]>
    </failure>
  </testcase> <!-- productAddedToCart -->
  <testcase classname="Amazon_Project.Final.Test_9" name="productAddedToCart" time="39.460">
    <failure message="Test Case 9 Failed-Particular item was not added to cart expected [Campus Mens Oxyfit (N) Walking Sh] but found [Campus Men&#039;s OXYFIT (N) BLK/Gold ]" type="java.lang.AssertionError">
      <![CDATA[java.lang.AssertionError: Test Case 9 Failed-Particular item was not added to cart expected [Campus Mens Oxyfit (N) Walking Sh] but found [Campus Men's OXYFIT (N) BLK/Gold ]
at org.testng.Assert.fail(Assert.java:111)
at org.testng.Assert.failNotEquals(Assert.java:1578)
at org.testng.Assert.assertEqualsImpl(Assert.java:150)
at org.testng.Assert.assertEquals(Assert.java:132)
at org.testng.Assert.assertEquals(Assert.java:656)
at Amazon_Project.Final.Amz_CartPage.producttitleincart(Amz_CartPage.java:81)
at Amazon_Project.Final.Test_9.productAddedToCart(Test_9.java:29)
at java.base/jdk.internal.reflect.NativeMethodAccessorImpl.invoke0(Native Method)
at java.base/jdk.internal.reflect.NativeMethodAccessorImpl.invoke(NativeMethodAccessorImpl.java:77)
at java.base/jdk.internal.reflect.DelegatingMethodAccessorImpl.invoke(DelegatingMethodAccessorImpl.java:43)
at java.base/java.lang.reflect.Method.invoke(Method.java:568)
at org.testng.internal.invokers.MethodInvocationHelper.invokeMethod(MethodInvocationHelper.java:141)
at org.testng.internal.invokers.TestInvoker.invokeMethod(TestInvoker.java:686)
at org.testng.internal.invokers.TestInvoker.retryFailed(TestInvoker.java:269)
at org.testng.internal.invokers.MethodRunner.runInSequence(MethodRunner.java:76)
at org.testng.internal.invokers.TestInvoker$MethodInvocationAgent.invoke(TestInvoker.java:992)
at org.testng.internal.invokers.TestInvoker.invokeTestMethods(TestInvoker.java:203)
at org.testng.internal.invokers.TestMethodWorker.invokeTestMethods(TestMethodWorker.java:154)
at org.testng.internal.invokers.TestMethodWorker.run(TestMethodWorker.java:134)
at java.base/java.util.ArrayList.forEach(ArrayList.java:1511)
at org.testng.TestRunner.privateRun(TestRunner.java:739)
at org.testng.TestRunner.run(TestRunner.java:614)
at org.testng.SuiteRunner.runTest(SuiteRunner.java:421)
at org.testng.SuiteRunner.runSequentially(SuiteRunner.java:413)
at org.testng.SuiteRunner.privateRun(SuiteRunner.java:373)
at org.testng.SuiteRunner.run(SuiteRunner.java:312)
at org.testng.SuiteRunnerWorker.runSuite(SuiteRunnerWorker.java:52)
at org.testng.SuiteRunnerWorker.run(SuiteRunnerWorker.java:95)
at org.testng.TestNG.runSuitesSequentially(TestNG.java:1274)
at org.testng.TestNG.runSuitesLocally(TestNG.java:1208)
at org.testng.TestNG.runSuites(TestNG.java:1112)
at org.testng.TestNG.run(TestNG.java:1079)
at org.apache.maven.surefire.testng.TestNGExecutor.run(TestNGExecutor.java:308)
at org.apache.maven.surefire.testng.TestNGXmlTestSuite.execute(TestNGXmlTestSuite.java:71)
at org.apache.maven.surefire.testng.TestNGProvider.invoke(TestNGProvider.java:113)
at org.apache.maven.surefire.booter.ForkedBooter.runSuitesInProcess(ForkedBooter.java:385)
at org.apache.maven.surefire.booter.ForkedBooter.execute(ForkedBooter.java:162)
at org.apache.maven.surefire.booter.ForkedBooter.run(ForkedBooter.java:507)
at org.apache.maven.surefire.booter.ForkedBooter.main(ForkedBooter.java:495)
]]>
    </failure>
  </testcase> <!-- productAddedToCart -->
  <testcase classname="Amazon_Project.Final.Test_9" name="productAddedToCart" time="38.700">
    <skipped/>
  </testcase> <!-- productAddedToCart -->
  <testcase classname="Amazon_Project.Final.Test_9" name="productAddedToCart" time="37.938">
    <skipped/>
  </testcase> <!-- productAddedToCart -->
  <system-out>
    <![CDATA[Test Case 1 Passed-New user registration successful
Test Case 2 Passed -Login successful
The original profile name is Sanji0.004381170991950234
Test Case 4 passed-Change profile name successful
Test Case 5 Passed: Search is giving correct result
Test 6 Category passed-Category search resulted in around 54 searches based on category Women's Casual Shoes
Test Case 6 Passed-The price slider is giving accurate results
Test Case 7 for price display passed
Test Case 7 for product details display or about this item passed
Test Case 7 for customer product rating display passed
TestCase 8 passed- Sorting low to high successful
TestCase 8 passed- Sorting high to low successful
Test Case 10 Passed-Qty change Successful
Test Case 10 Passed-Deletion of product from cart was successful
Test Case 11 passed-Address selected successfully
Test Case 11 passed-Payment type selected successfully
Test Case 11 Passed-Order review successful- BRUTON Shoes for Trendy Shoes | Casual Shoes | Sneakers | Walking Shoes for Men - Grey, Size : 8 displayed on the checkout page
TestCase 12 Passed-Selection of credit or debit card successful
TestCase 12 Passed-Selection of NetBanking successful
TestCase 12 Passed-Selection of upi successful
Test Case 13 passed-Coupon click successful
Test Case 14 passed-5 star rating on product ordered successful
Test Case 5 Passed: Search is giving correct result
Test Case 15 passed-Reaching the cart page without logging in successful
Test Case 1 Passed-New user registration successful
Test Case 2 Passed -Login successful
The original profile name is Sanji0.7443324574849827
Test Case 4 passed-Change profile name successful
Test Case 5 Passed: Search is giving correct result
Test 6 Category passed-Category search resulted in around 54 searches based on category Women's Casual Shoes
Test Case 6 Passed-The price slider is giving accurate results
Test Case 7 for price display passed
Test Case 7 for product details display or about this item passed
Test Case 7 for customer product rating display passed
TestCase 8 passed- Sorting low to high successful
TestCase 8 passed- Sorting high to low successful
Test Case 10 Passed-Qty change Successful
Test Case 10 Passed-Qty change Successful
Test Case 10 Passed-Deletion of product from cart was successful
Test Case 11 passed-Address selected successfully
Test Case 11 passed-Payment type selected successfully
Test Case 11 passed-Address selected successfully
Test Case 11 passed-Payment type selected successfully
Test Case 11 Passed-Order review successful- Campus Men's OXYFIT (N) BLU/Gry Walking Shoes - 8UK/India 22G-574 displayed on the checkout page
TestCase 12 Passed-Selection of credit or debit card successful
TestCase 12 Passed-Selection of NetBanking successful
TestCase 12 Passed-Selection of upi successful
Test Case 13 passed-Coupon click successful
Test Case 14 passed-5 star rating on product ordered successful
Test Case 5 Passed: Search is giving correct result
Test Case 15 passed-Reaching the cart page without logging in successful]]>
  </system-out>
</testsuite> <!-- Amazon_Project.Final.Test_9 -->
