<!DOCTYPE html PUBLIC "-//W3C//DTD XHTML 1.1//EN" "https://www.w3.org/TR/xhtml11/DTD/xhtml11.dtd">
<html xmlns="https://www.w3.org/1999/xhtml">
<head>
<meta http-equiv="content-type" content="text/html; charset=UTF-8"/>
<title>TestNG Report</title>
<style type="text/css">table {margin-bottom:10px;border-collapse:collapse;empty-cells:show}th,td {border:1px solid #009;padding:.25em .5em}th {vertical-align:bottom}td {vertical-align:top}table a {font-weight:bold}.stripe td {background-color: #E6EBF9}.num {text-align:right}.passedodd td {background-color: #3F3}.passedeven td {background-color: #0A0}.skippedodd td {background-color: #DDD}.skippedeven td {background-color: #CCC}.failedodd td,.attn {background-color: #F33}.failedeven td,.stripe .attn {background-color: #D00}.stacktrace {white-space:pre;font-family:monospace}.totop {font-size:85%;text-align:center;border-bottom:2px solid #000}.invisible {display:none}</style>
</head>
<body>
<table>
<tr><th>Test</th><th># Passed</th><th># Skipped</th><th># Retried</th><th># Failed</th><th>Time (ms)</th><th>Included Groups</th><th>Excluded Groups</th></tr>
<tr><th colspan="8">Suite</th></tr>
<tr><td><a href="#t0">Testing on Chrome</a></td><td class="num">14</td><td class="num">0</td><td class="num attn">3</td><td class="num attn">1</td><td class="num">607,268</td><td></td><td></td></tr>
<tr class="stripe"><td><a href="#t1">Testing on Edge</a></td><td class="num">14</td><td class="num">0</td><td class="num attn">5</td><td class="num attn">1</td><td class="num">810,865</td><td></td><td></td></tr>
<tr><th>Total</th><th class="num">28</th><th class="num">0</th><th class="num attn">8</th><th class="num attn">2</th><th class="num">1,418,133</th><th colspan="2"></th></tr>
</table>
<table id='summary'><thead><tr><th>Class</th><th>Method</th><th>Start</th><th>Time (ms)</th></tr></thead><tbody><tr><th colspan="4">Suite</th></tr></tbody><tbody id="t0"><tr><th colspan="4">Testing on Chrome &#8212; failed</th></tr><tr class="failedeven"><td rowspan="1">Amazon_Project.Final.Test_9</td><td><a href="#m0">productAddedToCart</a></td><td rowspan="1">1729786961874</td><td rowspan="1">30878</td></tr><tr><th colspan="4">Testing on Chrome &#8212; retried</th></tr><tr class="retriedeven"><td rowspan="1">Amazon_Project.Final.Test10</td><td><a href="#m1">CartQuantityandDeletion</a></td><td rowspan="1">1729787003628</td><td rowspan="1">40781</td></tr><tr class="retriedodd"><td rowspan="2">Amazon_Project.Final.Test_9</td><td><a href="#m2">productAddedToCart</a></td><td rowspan="2">1729786926308</td><td rowspan="2">26993</td></tr><tr class="retriedodd"><td><a href="#m3">productAddedToCart</a></td></tr><tr><th colspan="4">Testing on Chrome &#8212; passed</th></tr><tr class="passedeven"><td rowspan="1">Amazon_Project.Final.Test10</td><td><a href="#m4">CartQuantityandDeletion</a></td><td rowspan="1">1729787052521</td><td rowspan="1">36416</td></tr><tr class="passedodd"><td rowspan="1">Amazon_Project.Final.Test11</td><td><a href="#m5">checkoutProcess</a></td><td rowspan="1">1729787099387</td><td rowspan="1">73706</td></tr><tr class="passedeven"><td rowspan="1">Amazon_Project.Final.Test12</td><td><a href="#m6">selectVariousPayementMethod</a></td><td rowspan="1">1729787183597</td><td rowspan="1">37212</td></tr><tr class="passedodd"><td rowspan="1">Amazon_Project.Final.Test13</td><td><a href="#m7">selectCoupon</a></td><td rowspan="1">1729787231069</td><td rowspan="1">12080</td></tr><tr class="passedeven"><td rowspan="1">Amazon_Project.Final.Test14</td><td><a href="#m8">orderRating</a></td><td rowspan="1">1729787255045</td><td rowspan="1">8926</td></tr><tr class="passedodd"><td rowspan="1">Amazon_Project.Final.Test15</td><td><a href="#m9">cartWithoutlogging</a></td><td rowspan="1">1729787274545</td><td rowspan="1">11497</td></tr><tr class="passedeven"><td rowspan="1">Amazon_Project.Final.Test_1</td><td><a href="#m10">newUserRegistration</a></td><td rowspan="1">1729786691039</td><td rowspan="1">13701</td></tr><tr class="passedodd"><td rowspan="1">Amazon_Project.Final.Test_2</td><td><a href="#m11">login</a></td><td rowspan="1">1729786714972</td><td rowspan="1">5756</td></tr><tr class="passedeven"><td rowspan="1">Amazon_Project.Final.Test_3</td><td><a href="#m12">incorrectlogin</a></td><td rowspan="1">1729786731691</td><td rowspan="1">2698</td></tr><tr class="passedodd"><td rowspan="1">Amazon_Project.Final.Test_4</td><td><a href="#m13">editprofileinfo</a></td><td rowspan="1">1729786744839</td><td rowspan="1">22465</td></tr><tr class="passedeven"><td rowspan="1">Amazon_Project.Final.Test_5</td><td><a href="#m14">searchshoe</a></td><td rowspan="1">1729786778233</td><td rowspan="1">2875</td></tr><tr class="passedodd"><td rowspan="1">Amazon_Project.Final.Test_6</td><td><a href="#m15">categoryPriceRange</a></td><td rowspan="1">1729786791546</td><td rowspan="1">21401</td></tr><tr class="passedeven"><td rowspan="1">Amazon_Project.Final.Test_7</td><td><a href="#m16">productpagedisplay</a></td><td rowspan="1">1729786824060</td><td rowspan="1">7639</td></tr><tr class="passedodd"><td rowspan="1">Amazon_Project.Final.Test_8</td><td><a href="#m17">productpagedisplay</a></td><td rowspan="1">1729786842347</td><td rowspan="1">34933</td></tr></tbody>
<tbody id="t1"><tr><th colspan="4">Testing on Edge &#8212; failed</th></tr><tr class="failedeven"><td rowspan="1">Amazon_Project.Final.Test_9</td><td><a href="#m18">productAddedToCart</a></td><td rowspan="1">1729787620306</td><td rowspan="1">28108</td></tr><tr><th colspan="4">Testing on Edge &#8212; retried</th></tr><tr class="retriedeven"><td rowspan="1">Amazon_Project.Final.Test10</td><td><a href="#m19">CartQuantityandDeletion</a></td><td rowspan="1">1729787662016</td><td rowspan="1">34798</td></tr><tr class="retriedodd"><td rowspan="2">Amazon_Project.Final.Test11</td><td><a href="#m20">checkoutProcess</a></td><td rowspan="2">1729787853945</td><td rowspan="2">31287</td></tr><tr class="retriedodd"><td><a href="#m21">checkoutProcess</a></td></tr><tr class="retriedeven"><td rowspan="2">Amazon_Project.Final.Test_9</td><td><a href="#m22">productAddedToCart</a></td><td rowspan="2">1729787582248</td><td rowspan="2">27344</td></tr><tr class="retriedeven"><td><a href="#m23">productAddedToCart</a></td></tr><tr><th colspan="4">Testing on Edge &#8212; passed</th></tr><tr class="passedeven"><td rowspan="1">Amazon_Project.Final.Test10</td><td><a href="#m24">CartQuantityandDeletion</a></td><td rowspan="1">1729787708105</td><td rowspan="1">35897</td></tr><tr class="passedodd"><td rowspan="1">Amazon_Project.Final.Test11</td><td><a href="#m25">checkoutProcess</a></td><td rowspan="1">1729787896797</td><td rowspan="1">71026</td></tr><tr class="passedeven"><td rowspan="1">Amazon_Project.Final.Test12</td><td><a href="#m26">selectVariousPayementMethod</a></td><td rowspan="1">1729787983340</td><td rowspan="1">37090</td></tr><tr class="passedodd"><td rowspan="1">Amazon_Project.Final.Test13</td><td><a href="#m27">selectCoupon</a></td><td rowspan="1">1729788033809</td><td rowspan="1">15372</td></tr><tr class="passedeven"><td rowspan="1">Amazon_Project.Final.Test14</td><td><a href="#m28">orderRating</a></td><td rowspan="1">1729788062949</td><td rowspan="1">8589</td></tr><tr class="passedodd"><td rowspan="1">Amazon_Project.Final.Test15</td><td><a href="#m29">cartWithoutlogging</a></td><td rowspan="1">1729788085612</td><td rowspan="1">10274</td></tr><tr class="passedeven"><td rowspan="1">Amazon_Project.Final.Test_1</td><td><a href="#m30">newUserRegistration</a></td><td rowspan="1">1729787299088</td><td rowspan="1">13140</td></tr><tr class="passedodd"><td rowspan="1">Amazon_Project.Final.Test_2</td><td><a href="#m31">login</a></td><td rowspan="1">1729787325973</td><td rowspan="1">12830</td></tr><tr class="passedeven"><td rowspan="1">Amazon_Project.Final.Test_3</td><td><a href="#m32">incorrectlogin</a></td><td rowspan="1">1729787353714</td><td rowspan="1">3432</td></tr><tr class="passedodd"><td rowspan="1">Amazon_Project.Final.Test_4</td><td><a href="#m33">editprofileinfo</a></td><td rowspan="1">1729787370398</td><td rowspan="1">32543</td></tr><tr class="passedeven"><td rowspan="1">Amazon_Project.Final.Test_5</td><td><a href="#m34">searchshoe</a></td><td rowspan="1">1729787418499</td><td rowspan="1">3100</td></tr><tr class="passedodd"><td rowspan="1">Amazon_Project.Final.Test_6</td><td><a href="#m35">categoryPriceRange</a></td><td rowspan="1">1729787435266</td><td rowspan="1">21748</td></tr><tr class="passedeven"><td rowspan="1">Amazon_Project.Final.Test_7</td><td><a href="#m36">productpagedisplay</a></td><td rowspan="1">1729787472030</td><td rowspan="1">7100</td></tr><tr class="passedodd"><td rowspan="1">Amazon_Project.Final.Test_8</td><td><a href="#m37">productpagedisplay</a></td><td rowspan="1">1729787492322</td><td rowspan="1">34046</td></tr></tbody>
</table>
<h2>Testing on Chrome</h2><h3 id="m0">Amazon_Project.Final.Test_9#productAddedToCart</h3><table class="result"><tr><th>Exception</th></tr><tr><td><div class="stacktrace">java.lang.AssertionError: Test Case 9 Failed-Particular item was not added to cart expected [Campus Mens Oxyfit (N) Walking Sh] but found [Campus Men&apos;s OXYFIT (N) BLK/Gold ]
	at Amazon_Project.Final.Amz_CartPage.producttitleincart(Amz_CartPage.java:81)
	at Amazon_Project.Final.Test_9.productAddedToCart(Test_9.java:29)
	at java.base/java.util.ArrayList.forEach(ArrayList.java:1511)
... Removed 36 stack frames</div></td></tr></table><p class="totop"><a href="#summary">back to summary</a></p>
<h3 id="m1">Amazon_Project.Final.Test10#CartQuantityandDeletion</h3><table class="result"><tr><th>Exception</th></tr><tr><td><div class="stacktrace">java.lang.IndexOutOfBoundsException: Index 2 out of bounds for length 2
	at java.base/jdk.internal.util.Preconditions.outOfBounds(Preconditions.java:64)
	at java.base/jdk.internal.util.Preconditions.outOfBoundsCheckIndex(Preconditions.java:70)
	at java.base/jdk.internal.util.Preconditions.checkIndex(Preconditions.java:266)
	at java.base/java.util.Objects.checkIndex(Objects.java:361)
	at java.base/java.util.ArrayList.get(ArrayList.java:427)
	at org.openqa.selenium.support.pagefactory.internal.LocatingElementListHandler.invoke(LocatingElementListHandler.java:39)
	at jdk.proxy2/jdk.proxy2.$Proxy13.get(Unknown Source)
	at Amazon_Project.Final.Amz_CartPage.quantityAndDelete(Amz_CartPage.java:149)
	at Amazon_Project.Final.Test10.CartQuantityandDeletion(Test10.java:30)
	at java.base/java.util.ArrayList.forEach(ArrayList.java:1511)
... Removed 34 stack frames</div></td></tr></table><p class="totop"><a href="#summary">back to summary</a></p>
<h3 id="m2">Amazon_Project.Final.Test_9#productAddedToCart</h3><table class="result"><tr><th>Exception</th></tr><tr><td><div class="stacktrace">java.lang.AssertionError: Test Case 9 Failed-Particular item was not added to cart expected [Campus Mens Oxyfit (N) Walking Sh] but found [Campus Men&apos;s OXYFIT (N) BLK/Gold ]
	at Amazon_Project.Final.Amz_CartPage.producttitleincart(Amz_CartPage.java:81)
	at Amazon_Project.Final.Test_9.productAddedToCart(Test_9.java:29)
	at java.base/java.util.ArrayList.forEach(ArrayList.java:1511)
... Removed 36 stack frames</div></td></tr></table><p class="totop"><a href="#summary">back to summary</a></p>
<h3 id="m3">Amazon_Project.Final.Test_9#productAddedToCart</h3><table class="result"><tr><th>Exception</th></tr><tr><td><div class="stacktrace">java.lang.AssertionError: Test Case 9 Failed-Particular item was not added to cart expected [Campus Mens Oxyfit (N) Walking S] but found [Campus Men&apos;s OXYFIT (N) BLU/Gry ]
	at Amazon_Project.Final.Amz_CartPage.producttitleincart(Amz_CartPage.java:81)
	at Amazon_Project.Final.Test_9.productAddedToCart(Test_9.java:29)
	at java.base/java.util.ArrayList.forEach(ArrayList.java:1511)
... Removed 36 stack frames</div></td></tr></table><p class="totop"><a href="#summary">back to summary</a></p>
<h3 id="m4">Amazon_Project.Final.Test10#CartQuantityandDeletion</h3><table class="result"><tr><th>Messages</th></tr><tr><td><div class="messages">Test Case 10 Passed-Qty change Successful<br/>Test Case 10 Passed-Deletion of product from cart was successful</div></td></tr></table><p class="totop"><a href="#summary">back to summary</a></p>
<h3 id="m5">Amazon_Project.Final.Test11#checkoutProcess</h3><table class="result"><tr><th>Messages</th></tr><tr><td><div class="messages">Test Case 11 passed-Address selected successfully<br/>Test Case 11 passed-Payment type selected successfully<br/>Test Case 11 Passed-Order review successful- BRUTON Shoes for Trendy Shoes | Casual Shoes | Sneakers | Walking Shoes for Men - Grey, Size : 8 displayed on the checkout page</div></td></tr></table><p class="totop"><a href="#summary">back to summary</a></p>
<h3 id="m6">Amazon_Project.Final.Test12#selectVariousPayementMethod</h3><table class="result"><tr><th>Messages</th></tr><tr><td><div class="messages">TestCase 12 Passed-Selection of credit or debit card successful<br/>TestCase 12 Passed-Selection of NetBanking successful<br/>TestCase 12 Passed-Selection of upi successful</div></td></tr></table><p class="totop"><a href="#summary">back to summary</a></p>
<h3 id="m7">Amazon_Project.Final.Test13#selectCoupon</h3><table class="result"><tr><th>Messages</th></tr><tr><td><div class="messages">Test Case 13 passed-Coupon click successful</div></td></tr></table><p class="totop"><a href="#summary">back to summary</a></p>
<h3 id="m8">Amazon_Project.Final.Test14#orderRating</h3><table class="result"><tr><th>Messages</th></tr><tr><td><div class="messages">Test Case 14 passed-5 star rating on product ordered successful</div></td></tr></table><p class="totop"><a href="#summary">back to summary</a></p>
<h3 id="m9">Amazon_Project.Final.Test15#cartWithoutlogging</h3><table class="result"><tr><th>Messages</th></tr><tr><td><div class="messages">Test Case 5 Passed: Search is giving correct result<br/>Test Case 15 passed-Reaching the cart page without logging in successful</div></td></tr></table><p class="totop"><a href="#summary">back to summary</a></p>
<h3 id="m10">Amazon_Project.Final.Test_1#newUserRegistration</h3><table class="result"><tr><th>Messages</th></tr><tr><td><div class="messages">Test Case 1 Passed-New user registration successful</div></td></tr></table><p class="totop"><a href="#summary">back to summary</a></p>
<h3 id="m11">Amazon_Project.Final.Test_2#login</h3><table class="result"><tr><th>Messages</th></tr><tr><td><div class="messages">Test Case 2 Passed -Login successful</div></td></tr></table><p class="totop"><a href="#summary">back to summary</a></p>
<h3 id="m12">Amazon_Project.Final.Test_3#incorrectlogin</h3><table class="result"><tr><th class="invisible"/></tr></table><p class="totop"><a href="#summary">back to summary</a></p>
<h3 id="m13">Amazon_Project.Final.Test_4#editprofileinfo</h3><table class="result"><tr><th>Messages</th></tr><tr><td><div class="messages">The original profile name is Sanji0.004381170991950234<br/>Test Case 4 passed-Change profile name successful</div></td></tr></table><p class="totop"><a href="#summary">back to summary</a></p>
<h3 id="m14">Amazon_Project.Final.Test_5#searchshoe</h3><table class="result"><tr><th>Messages</th></tr><tr><td><div class="messages">Test Case 5 Passed: Search is giving correct result</div></td></tr></table><p class="totop"><a href="#summary">back to summary</a></p>
<h3 id="m15">Amazon_Project.Final.Test_6#categoryPriceRange</h3><table class="result"><tr><th>Messages</th></tr><tr><td><div class="messages">Test 6 Category passed-Category search resulted in around 54 searches based on category Women's Casual Shoes<br/>Test Case 6 Passed-The price slider is giving accurate results</div></td></tr></table><p class="totop"><a href="#summary">back to summary</a></p>
<h3 id="m16">Amazon_Project.Final.Test_7#productpagedisplay</h3><table class="result"><tr><th>Messages</th></tr><tr><td><div class="messages">Test Case 7 for price display passed<br/>Test Case 7 for product details display or about this item passed<br/>Test Case 7 for customer product rating display passed</div></td></tr></table><p class="totop"><a href="#summary">back to summary</a></p>
<h3 id="m17">Amazon_Project.Final.Test_8#productpagedisplay</h3><table class="result"><tr><th>Messages</th></tr><tr><td><div class="messages">TestCase 8 passed- Sorting low to high successful<br/>TestCase 8 passed- Sorting high to low successful</div></td></tr></table><p class="totop"><a href="#summary">back to summary</a></p>
<h2>Testing on Edge</h2><h3 id="m18">Amazon_Project.Final.Test_9#productAddedToCart</h3><table class="result"><tr><th>Exception</th></tr><tr><td><div class="stacktrace">java.lang.AssertionError: Test Case 9 Failed-Particular item was not added to cart expected [Campus Mens Oxyfit (N) Walking S] but found [Campus Men&apos;s OXYFIT (N) BLU/Gry ]
	at Amazon_Project.Final.Amz_CartPage.producttitleincart(Amz_CartPage.java:81)
	at Amazon_Project.Final.Test_9.productAddedToCart(Test_9.java:29)
	at java.base/java.util.ArrayList.forEach(ArrayList.java:1511)
... Removed 36 stack frames</div></td></tr></table><p class="totop"><a href="#summary">back to summary</a></p>
<h3 id="m19">Amazon_Project.Final.Test10#CartQuantityandDeletion</h3><table class="result"><tr><th>Messages</th></tr><tr><td><div class="messages">Test Case 10 Passed-Qty change Successful</div></td></tr><tr><th>Exception</th></tr><tr><td><div class="stacktrace">java.lang.IndexOutOfBoundsException: Index 2 out of bounds for length 2
	at java.base/jdk.internal.util.Preconditions.outOfBounds(Preconditions.java:64)
	at java.base/jdk.internal.util.Preconditions.outOfBoundsCheckIndex(Preconditions.java:70)
	at java.base/jdk.internal.util.Preconditions.checkIndex(Preconditions.java:266)
	at java.base/java.util.Objects.checkIndex(Objects.java:361)
	at java.base/java.util.ArrayList.get(ArrayList.java:427)
	at org.openqa.selenium.support.pagefactory.internal.LocatingElementListHandler.invoke(LocatingElementListHandler.java:39)
	at jdk.proxy2/jdk.proxy2.$Proxy13.get(Unknown Source)
	at Amazon_Project.Final.Amz_CartPage.quantityAndDelete(Amz_CartPage.java:149)
	at Amazon_Project.Final.Test10.CartQuantityandDeletion(Test10.java:30)
	at java.base/java.util.ArrayList.forEach(ArrayList.java:1511)
... Removed 34 stack frames</div></td></tr></table><p class="totop"><a href="#summary">back to summary</a></p>
<h3 id="m20">Amazon_Project.Final.Test11#checkoutProcess</h3><table class="result"><tr><th>Exception</th></tr><tr><td><div class="stacktrace">org.openqa.selenium.ElementNotInteractableException: element not interactable
  (Session info: MicrosoftEdge=129.0.2792.79)
Build info: version: &apos;4.23.1&apos;, revision: &apos;656257d8e9&apos;
System info: os.name: &apos;Windows 11&apos;, os.arch: &apos;amd64&apos;, os.version: &apos;10.0&apos;, java.version: &apos;17.0.11&apos;
Driver info: org.openqa.selenium.edge.EdgeDriver
Command: [f451510355a8914395a8887e85b53f15, clickElement {id=f.BE3195B47592BEC1A6AF54E89507442F.d.338470956DD103DB563637183BA3B744.e.4090}]
Capabilities {acceptInsecureCerts: false, browserName: MicrosoftEdge, browserVersion: 129.0.2792.79, fedcm:accounts: true, ms:edgeOptions: {debuggerAddress: localhost:57933}, msedge: {msedgedriverVersion: 129.0.2792.89 (65986ec8d2a8..., userDataDir: C:\Users\mailt\AppData\Loca...}, networkConnectionEnabled: false, pageLoadStrategy: normal, platformName: windows, proxy: Proxy(), se:cdp: ws://localhost:57933/devtoo..., se:cdpVersion: 129.0.2792.79, setWindowRect: true, strictFileInteractability: false, timeouts: {implicit: 0, pageLoad: 300000, script: 30000}, unhandledPromptBehavior: dismiss and notify, webauthn:extension:credBlob: true, webauthn:extension:largeBlob: true, webauthn:extension:minPinLength: true, webauthn:extension:prf: true, webauthn:virtualAuthenticators: true}
Element: [[EdgeDriver: MicrosoftEdge on windows (f451510355a8914395a8887e85b53f15)] -&gt; xpath: //span[.=&apos;Sign in&apos;]]
Session ID: f451510355a8914395a8887e85b53f15
	at org.openqa.selenium.remote.ErrorCodec.decode(ErrorCodec.java:167)
	at org.openqa.selenium.remote.codec.w3c.W3CHttpResponseCodec.decode(W3CHttpResponseCodec.java:138)
	at org.openqa.selenium.remote.codec.w3c.W3CHttpResponseCodec.decode(W3CHttpResponseCodec.java:50)
	at org.openqa.selenium.remote.HttpCommandExecutor.execute(HttpCommandExecutor.java:190)
	at org.openqa.selenium.remote.service.DriverCommandExecutor.invokeExecute(DriverCommandExecutor.java:216)
	at org.openqa.selenium.remote.service.DriverCommandExecutor.execute(DriverCommandExecutor.java:174)
	at org.openqa.selenium.remote.RemoteWebDriver.execute(RemoteWebDriver.java:545)
	at org.openqa.selenium.remote.RemoteWebElement.execute(RemoteWebElement.java:223)
	at org.openqa.selenium.remote.RemoteWebElement.click(RemoteWebElement.java:76)
	at org.openqa.selenium.support.pagefactory.internal.LocatingElementHandler.invoke(LocatingElementHandler.java:51)
	at jdk.proxy2/jdk.proxy2.$Proxy12.click(Unknown Source)
	at Amazon_Project.Final.Amz_HomePage.signin(Amz_HomePage.java:55)
	at Amazon_Project.Final.Test11.checkoutProcess(Test11.java:17)
	at java.base/java.util.ArrayList.forEach(ArrayList.java:1511)
... Removed 39 stack frames</div></td></tr></table><p class="totop"><a href="#summary">back to summary</a></p>
<h3 id="m21">Amazon_Project.Final.Test11#checkoutProcess</h3><table class="result"><tr><th>Messages</th></tr><tr><td><div class="messages">Test Case 11 passed-Address selected successfully<br/>Test Case 11 passed-Payment type selected successfully</div></td></tr><tr><th>Exception</th></tr><tr><td><div class="stacktrace">org.openqa.selenium.NoSuchElementException: no such element: Unable to locate element: {&quot;method&quot;:&quot;xpath&quot;,&quot;selector&quot;:&quot;//span[@class=&apos;order-summary&apos;]&quot;}
  (Session info: MicrosoftEdge=129.0.2792.79)
For documentation on this error, please visit: https://www.selenium.dev/documentation/webdriver/troubleshooting/errors#no-such-element-exception
Build info: version: &apos;4.23.1&apos;, revision: &apos;656257d8e9&apos;
System info: os.name: &apos;Windows 11&apos;, os.arch: &apos;amd64&apos;, os.version: &apos;10.0&apos;, java.version: &apos;17.0.11&apos;
Driver info: org.openqa.selenium.edge.EdgeDriver
Command: [d097b24ec95ee86d9743862c3fab153b, findElement {value=//span[@class=&apos;order-summary&apos;], using=xpath}]
Capabilities {acceptInsecureCerts: false, browserName: MicrosoftEdge, browserVersion: 129.0.2792.79, fedcm:accounts: true, ms:edgeOptions: {debuggerAddress: localhost:57661}, msedge: {msedgedriverVersion: 129.0.2792.89 (65986ec8d2a8..., userDataDir: C:\Users\mailt\AppData\Loca...}, networkConnectionEnabled: false, pageLoadStrategy: normal, platformName: windows, proxy: Proxy(), se:cdp: ws://localhost:57661/devtoo..., se:cdpVersion: 129.0.2792.79, setWindowRect: true, strictFileInteractability: false, timeouts: {implicit: 0, pageLoad: 300000, script: 30000}, unhandledPromptBehavior: dismiss and notify, webauthn:extension:credBlob: true, webauthn:extension:largeBlob: true, webauthn:extension:minPinLength: true, webauthn:extension:prf: true, webauthn:virtualAuthenticators: true}
Session ID: d097b24ec95ee86d9743862c3fab153b
	at org.openqa.selenium.remote.ErrorCodec.decode(ErrorCodec.java:167)
	at org.openqa.selenium.remote.codec.w3c.W3CHttpResponseCodec.decode(W3CHttpResponseCodec.java:138)
	at org.openqa.selenium.remote.codec.w3c.W3CHttpResponseCodec.decode(W3CHttpResponseCodec.java:50)
	at org.openqa.selenium.remote.HttpCommandExecutor.execute(HttpCommandExecutor.java:190)
	at org.openqa.selenium.remote.service.DriverCommandExecutor.invokeExecute(DriverCommandExecutor.java:216)
	at org.openqa.selenium.remote.service.DriverCommandExecutor.execute(DriverCommandExecutor.java:174)
	at org.openqa.selenium.remote.RemoteWebDriver.execute(RemoteWebDriver.java:545)
	at org.openqa.selenium.remote.ElementLocation$ElementFinder$2.findElement(ElementLocation.java:165)
	at org.openqa.selenium.remote.ElementLocation.findElement(ElementLocation.java:59)
	at org.openqa.selenium.remote.RemoteWebDriver.findElement(RemoteWebDriver.java:368)
	at org.openqa.selenium.remote.RemoteWebDriver.findElement(RemoteWebDriver.java:362)
	at org.openqa.selenium.support.pagefactory.DefaultElementLocator.findElement(DefaultElementLocator.java:68)
	at org.openqa.selenium.support.pagefactory.internal.LocatingElementHandler.invoke(LocatingElementHandler.java:38)
	at jdk.proxy2/jdk.proxy2.$Proxy12.getLocation(Unknown Source)
	at Amazon_Project.Final.Amz_CheckoutPage.EnterCardDetails(Amz_CheckoutPage.java:242)
	at Amazon_Project.Final.Test11.checkoutProcess(Test11.java:35)
	at java.base/java.util.ArrayList.forEach(ArrayList.java:1511)
... Removed 36 stack frames</div></td></tr></table><p class="totop"><a href="#summary">back to summary</a></p>
<h3 id="m22">Amazon_Project.Final.Test_9#productAddedToCart</h3><table class="result"><tr><th>Exception</th></tr><tr><td><div class="stacktrace">java.lang.AssertionError: Test Case 9 Failed-Particular item was not added to cart expected [Campus Mens Oxyfit (N) Walking S] but found [Campus Men&apos;s OXYFIT (N) BLU/Gry ]
	at Amazon_Project.Final.Amz_CartPage.producttitleincart(Amz_CartPage.java:81)
	at Amazon_Project.Final.Test_9.productAddedToCart(Test_9.java:29)
	at java.base/java.util.ArrayList.forEach(ArrayList.java:1511)
... Removed 36 stack frames</div></td></tr></table><p class="totop"><a href="#summary">back to summary</a></p>
<h3 id="m23">Amazon_Project.Final.Test_9#productAddedToCart</h3><table class="result"><tr><th>Exception</th></tr><tr><td><div class="stacktrace">java.lang.AssertionError: Test Case 9 Failed-Particular item was not added to cart expected [Campus Mens Oxyfit (N) Walking S] but found [Campus Men&apos;s OXYFIT (N) BLU/Gry ]
	at Amazon_Project.Final.Amz_CartPage.producttitleincart(Amz_CartPage.java:81)
	at Amazon_Project.Final.Test_9.productAddedToCart(Test_9.java:29)
	at java.base/java.util.ArrayList.forEach(ArrayList.java:1511)
... Removed 36 stack frames</div></td></tr></table><p class="totop"><a href="#summary">back to summary</a></p>
<h3 id="m24">Amazon_Project.Final.Test10#CartQuantityandDeletion</h3><table class="result"><tr><th>Messages</th></tr><tr><td><div class="messages">Test Case 10 Passed-Qty change Successful<br/>Test Case 10 Passed-Deletion of product from cart was successful</div></td></tr></table><p class="totop"><a href="#summary">back to summary</a></p>
<h3 id="m25">Amazon_Project.Final.Test11#checkoutProcess</h3><table class="result"><tr><th>Messages</th></tr><tr><td><div class="messages">Test Case 11 passed-Address selected successfully<br/>Test Case 11 passed-Payment type selected successfully<br/>Test Case 11 Passed-Order review successful- Campus Men's OXYFIT (N) BLU/Gry Walking Shoes - 8UK/India 22G-574 displayed on the checkout page</div></td></tr></table><p class="totop"><a href="#summary">back to summary</a></p>
<h3 id="m26">Amazon_Project.Final.Test12#selectVariousPayementMethod</h3><table class="result"><tr><th>Messages</th></tr><tr><td><div class="messages">TestCase 12 Passed-Selection of credit or debit card successful<br/>TestCase 12 Passed-Selection of NetBanking successful<br/>TestCase 12 Passed-Selection of upi successful</div></td></tr></table><p class="totop"><a href="#summary">back to summary</a></p>
<h3 id="m27">Amazon_Project.Final.Test13#selectCoupon</h3><table class="result"><tr><th>Messages</th></tr><tr><td><div class="messages">Test Case 13 passed-Coupon click successful</div></td></tr></table><p class="totop"><a href="#summary">back to summary</a></p>
<h3 id="m28">Amazon_Project.Final.Test14#orderRating</h3><table class="result"><tr><th>Messages</th></tr><tr><td><div class="messages">Test Case 14 passed-5 star rating on product ordered successful</div></td></tr></table><p class="totop"><a href="#summary">back to summary</a></p>
<h3 id="m29">Amazon_Project.Final.Test15#cartWithoutlogging</h3><table class="result"><tr><th>Messages</th></tr><tr><td><div class="messages">Test Case 5 Passed: Search is giving correct result<br/>Test Case 15 passed-Reaching the cart page without logging in successful</div></td></tr></table><p class="totop"><a href="#summary">back to summary</a></p>
<h3 id="m30">Amazon_Project.Final.Test_1#newUserRegistration</h3><table class="result"><tr><th>Messages</th></tr><tr><td><div class="messages">Test Case 1 Passed-New user registration successful</div></td></tr></table><p class="totop"><a href="#summary">back to summary</a></p>
<h3 id="m31">Amazon_Project.Final.Test_2#login</h3><table class="result"><tr><th>Messages</th></tr><tr><td><div class="messages">Test Case 2 Passed -Login successful</div></td></tr></table><p class="totop"><a href="#summary">back to summary</a></p>
<h3 id="m32">Amazon_Project.Final.Test_3#incorrectlogin</h3><table class="result"><tr><th class="invisible"/></tr></table><p class="totop"><a href="#summary">back to summary</a></p>
<h3 id="m33">Amazon_Project.Final.Test_4#editprofileinfo</h3><table class="result"><tr><th>Messages</th></tr><tr><td><div class="messages">The original profile name is Sanji0.7443324574849827<br/>Test Case 4 passed-Change profile name successful</div></td></tr></table><p class="totop"><a href="#summary">back to summary</a></p>
<h3 id="m34">Amazon_Project.Final.Test_5#searchshoe</h3><table class="result"><tr><th>Messages</th></tr><tr><td><div class="messages">Test Case 5 Passed: Search is giving correct result</div></td></tr></table><p class="totop"><a href="#summary">back to summary</a></p>
<h3 id="m35">Amazon_Project.Final.Test_6#categoryPriceRange</h3><table class="result"><tr><th>Messages</th></tr><tr><td><div class="messages">Test 6 Category passed-Category search resulted in around 54 searches based on category Women's Casual Shoes<br/>Test Case 6 Passed-The price slider is giving accurate results</div></td></tr></table><p class="totop"><a href="#summary">back to summary</a></p>
<h3 id="m36">Amazon_Project.Final.Test_7#productpagedisplay</h3><table class="result"><tr><th>Messages</th></tr><tr><td><div class="messages">Test Case 7 for price display passed<br/>Test Case 7 for product details display or about this item passed<br/>Test Case 7 for customer product rating display passed</div></td></tr></table><p class="totop"><a href="#summary">back to summary</a></p>
<h3 id="m37">Amazon_Project.Final.Test_8#productpagedisplay</h3><table class="result"><tr><th>Messages</th></tr><tr><td><div class="messages">TestCase 8 passed- Sorting low to high successful<br/>TestCase 8 passed- Sorting high to low successful</div></td></tr></table><p class="totop"><a href="#summary">back to summary</a></p>
</body>
</html>
