<?xml version="1.0" encoding="UTF-8"?>
<testng-results retried="8" ignored="8" total="46" passed="28" failed="2" skipped="0">
  <reporter-output>
    <line>
      <![CDATA[Test Case 1 Passed-New user registration successful]]>
    </line>
    <line>
      <![CDATA[Test Case 2 Passed -Login successful]]>
    </line>
    <line>
      <![CDATA[The original profile name is Sanji0.004381170991950234]]>
    </line>
    <line>
      <![CDATA[Test Case 4 passed-Change profile name successful]]>
    </line>
    <line>
      <![CDATA[Test Case 5 Passed: Search is giving correct result]]>
    </line>
    <line>
      <![CDATA[Test 6 Category passed-Category search resulted in around 54 searches based on category Women's Casual Shoes]]>
    </line>
    <line>
      <![CDATA[Test Case 6 Passed-The price slider is giving accurate results]]>
    </line>
    <line>
      <![CDATA[Test Case 7 for price display passed]]>
    </line>
    <line>
      <![CDATA[Test Case 7 for product details display or about this item passed]]>
    </line>
    <line>
      <![CDATA[Test Case 7 for customer product rating display passed]]>
    </line>
    <line>
      <![CDATA[TestCase 8 passed- Sorting low to high successful]]>
    </line>
    <line>
      <![CDATA[TestCase 8 passed- Sorting high to low successful]]>
    </line>
    <line>
      <![CDATA[Test Case 10 Passed-Qty change Successful]]>
    </line>
    <line>
      <![CDATA[Test Case 10 Passed-Deletion of product from cart was successful]]>
    </line>
    <line>
      <![CDATA[Test Case 11 passed-Address selected successfully]]>
    </line>
    <line>
      <![CDATA[Test Case 11 passed-Payment type selected successfully]]>
    </line>
    <line>
      <![CDATA[Test Case 11 Passed-Order review successful- BRUTON Shoes for Trendy Shoes | Casual Shoes | Sneakers | Walking Shoes for Men - Grey, Size : 8 displayed on the checkout page]]>
    </line>
    <line>
      <![CDATA[TestCase 12 Passed-Selection of credit or debit card successful]]>
    </line>
    <line>
      <![CDATA[TestCase 12 Passed-Selection of NetBanking successful]]>
    </line>
    <line>
      <![CDATA[TestCase 12 Passed-Selection of upi successful]]>
    </line>
    <line>
      <![CDATA[Test Case 13 passed-Coupon click successful]]>
    </line>
    <line>
      <![CDATA[Test Case 14 passed-5 star rating on product ordered successful]]>
    </line>
    <line>
      <![CDATA[Test Case 5 Passed: Search is giving correct result]]>
    </line>
    <line>
      <![CDATA[Test Case 15 passed-Reaching the cart page without logging in successful]]>
    </line>
    <line>
      <![CDATA[Test Case 1 Passed-New user registration successful]]>
    </line>
    <line>
      <![CDATA[Test Case 2 Passed -Login successful]]>
    </line>
    <line>
      <![CDATA[The original profile name is Sanji0.7443324574849827]]>
    </line>
    <line>
      <![CDATA[Test Case 4 passed-Change profile name successful]]>
    </line>
    <line>
      <![CDATA[Test Case 5 Passed: Search is giving correct result]]>
    </line>
    <line>
      <![CDATA[Test 6 Category passed-Category search resulted in around 54 searches based on category Women's Casual Shoes]]>
    </line>
    <line>
      <![CDATA[Test Case 6 Passed-The price slider is giving accurate results]]>
    </line>
    <line>
      <![CDATA[Test Case 7 for price display passed]]>
    </line>
    <line>
      <![CDATA[Test Case 7 for product details display or about this item passed]]>
    </line>
    <line>
      <![CDATA[Test Case 7 for customer product rating display passed]]>
    </line>
    <line>
      <![CDATA[TestCase 8 passed- Sorting low to high successful]]>
    </line>
    <line>
      <![CDATA[TestCase 8 passed- Sorting high to low successful]]>
    </line>
    <line>
      <![CDATA[Test Case 10 Passed-Qty change Successful]]>
    </line>
    <line>
      <![CDATA[Test Case 10 Passed-Qty change Successful]]>
    </line>
    <line>
      <![CDATA[Test Case 10 Passed-Deletion of product from cart was successful]]>
    </line>
    <line>
      <![CDATA[Test Case 11 passed-Address selected successfully]]>
    </line>
    <line>
      <![CDATA[Test Case 11 passed-Payment type selected successfully]]>
    </line>
    <line>
      <![CDATA[Test Case 11 passed-Address selected successfully]]>
    </line>
    <line>
      <![CDATA[Test Case 11 passed-Payment type selected successfully]]>
    </line>
    <line>
      <![CDATA[Test Case 11 Passed-Order review successful- Campus Men's OXYFIT (N) BLU/Gry Walking Shoes - 8UK/India 22G-574 displayed on the checkout page]]>
    </line>
    <line>
      <![CDATA[TestCase 12 Passed-Selection of credit or debit card successful]]>
    </line>
    <line>
      <![CDATA[TestCase 12 Passed-Selection of NetBanking successful]]>
    </line>
    <line>
      <![CDATA[TestCase 12 Passed-Selection of upi successful]]>
    </line>
    <line>
      <![CDATA[Test Case 13 passed-Coupon click successful]]>
    </line>
    <line>
      <![CDATA[Test Case 14 passed-5 star rating on product ordered successful]]>
    </line>
    <line>
      <![CDATA[Test Case 5 Passed: Search is giving correct result]]>
    </line>
    <line>
      <![CDATA[Test Case 15 passed-Reaching the cart page without logging in successful]]>
    </line>
  </reporter-output>
  <suite started-at="2024-10-24T11:18:06 CDT" name="Suite" finished-at="2024-10-24T11:41:44 CDT" duration-ms="1418149">
    <groups>
    </groups>
    <test started-at="2024-10-24T11:18:06 CDT" name="Testing on Chrome" finished-at="2024-10-24T11:28:13 CDT" duration-ms="607268">
      <class name="Amazon_Project.Final.Test_9">
        <test-method is-config="true" signature="launch_browser_login(java.lang.String)[pri:0, instance:Amazon_Project.Final.Test_9@5b1669c0]" started-at="2024-10-24T11:21:24 CDT" name="launch_browser_login" finished-at="2024-10-24T11:21:27 CDT" duration-ms="2763" status="PASS">
          <params>
            <param index="0">
              <value>
                <![CDATA[chrome]]>
              </value>
            </param>
          </params>
          <reporter-output>
          </reporter-output>
        </test-method> <!-- launch_browser_login -->
        <test-method retried="true" signature="productAddedToCart()[pri:0, instance:Amazon_Project.Final.Test_9@5b1669c0]" started-at="2024-10-24T11:21:27 CDT" name="productAddedToCart" finished-at="2024-10-24T11:21:57 CDT" duration-ms="30315" status="SKIP">
          <exception class="java.lang.AssertionError">
            <message>
              <![CDATA[Test Case 9 Failed-Particular item was not added to cart expected [Campus Mens Oxyfit (N) Walking S] but found [Campus Men's OXYFIT (N) BLU/Gry ]]]>
            </message>
            <full-stacktrace>
              <![CDATA[java.lang.AssertionError: Test Case 9 Failed-Particular item was not added to cart expected [Campus Mens Oxyfit (N) Walking S] but found [Campus Men's OXYFIT (N) BLU/Gry ]
at org.testng.Assert.fail(Assert.java:111)
at org.testng.Assert.failNotEquals(Assert.java:1578)
at org.testng.Assert.assertEqualsImpl(Assert.java:150)
at org.testng.Assert.assertEquals(Assert.java:132)
at org.testng.Assert.assertEquals(Assert.java:656)
at Amazon_Project.Final.Amz_CartPage.producttitleincart(Amz_CartPage.java:81)
at Amazon_Project.Final.Test_9.productAddedToCart(Test_9.java:29)
at java.base/jdk.internal.reflect.NativeMethodAccessorImpl.invoke0(Native Method)
at java.base/jdk.internal.reflect.NativeMethodAccessorImpl.invoke(NativeMethodAccessorImpl.java:77)
at java.base/jdk.internal.reflect.DelegatingMethodAccessorImpl.invoke(DelegatingMethodAccessorImpl.java:43)
at java.base/java.lang.reflect.Method.invoke(Method.java:568)
at org.testng.internal.invokers.MethodInvocationHelper.invokeMethod(MethodInvocationHelper.java:141)
at org.testng.internal.invokers.TestInvoker.invokeMethod(TestInvoker.java:686)
at org.testng.internal.invokers.TestInvoker.invokeTestMethod(TestInvoker.java:230)
at org.testng.internal.invokers.MethodRunner.runInSequence(MethodRunner.java:63)
at org.testng.internal.invokers.TestInvoker$MethodInvocationAgent.invoke(TestInvoker.java:992)
at org.testng.internal.invokers.TestInvoker.invokeTestMethods(TestInvoker.java:203)
at org.testng.internal.invokers.TestMethodWorker.invokeTestMethods(TestMethodWorker.java:154)
at org.testng.internal.invokers.TestMethodWorker.run(TestMethodWorker.java:134)
at java.base/java.util.ArrayList.forEach(ArrayList.java:1511)
at org.testng.TestRunner.privateRun(TestRunner.java:739)
at org.testng.TestRunner.run(TestRunner.java:614)
at org.testng.SuiteRunner.runTest(SuiteRunner.java:421)
at org.testng.SuiteRunner.runSequentially(SuiteRunner.java:413)
at org.testng.SuiteRunner.privateRun(SuiteRunner.java:373)
at org.testng.SuiteRunner.run(SuiteRunner.java:312)
at org.testng.SuiteRunnerWorker.runSuite(SuiteRunnerWorker.java:52)
at org.testng.SuiteRunnerWorker.run(SuiteRunnerWorker.java:95)
at org.testng.TestNG.runSuitesSequentially(TestNG.java:1274)
at org.testng.TestNG.runSuitesLocally(TestNG.java:1208)
at org.testng.TestNG.runSuites(TestNG.java:1112)
at org.testng.TestNG.run(TestNG.java:1079)
at org.apache.maven.surefire.testng.TestNGExecutor.run(TestNGExecutor.java:308)
at org.apache.maven.surefire.testng.TestNGXmlTestSuite.execute(TestNGXmlTestSuite.java:71)
at org.apache.maven.surefire.testng.TestNGProvider.invoke(TestNGProvider.java:113)
at org.apache.maven.surefire.booter.ForkedBooter.runSuitesInProcess(ForkedBooter.java:385)
at org.apache.maven.surefire.booter.ForkedBooter.execute(ForkedBooter.java:162)
at org.apache.maven.surefire.booter.ForkedBooter.run(ForkedBooter.java:507)
at org.apache.maven.surefire.booter.ForkedBooter.main(ForkedBooter.java:495)
]]>
            </full-stacktrace>
          </exception> <!-- java.lang.AssertionError -->
          <reporter-output>
          </reporter-output>
        </test-method> <!-- productAddedToCart -->
        <test-method is-config="true" signature="logout()[pri:0, instance:Amazon_Project.Final.Test_9@5b1669c0]" started-at="2024-10-24T11:21:57 CDT" name="logout" finished-at="2024-10-24T11:22:03 CDT" duration-ms="5297" status="PASS">
          <reporter-output>
          </reporter-output>
        </test-method> <!-- logout -->
        <test-method is-config="true" signature="launch_browser_login(java.lang.String)[pri:0, instance:Amazon_Project.Final.Test_9@5b1669c0]" started-at="2024-10-24T11:22:03 CDT" name="launch_browser_login" finished-at="2024-10-24T11:22:06 CDT" duration-ms="3063" status="PASS">
          <params>
            <param index="0">
              <value>
                <![CDATA[chrome]]>
              </value>
            </param>
          </params>
          <reporter-output>
          </reporter-output>
        </test-method> <!-- launch_browser_login -->
        <test-method retried="true" signature="productAddedToCart()[pri:0, instance:Amazon_Project.Final.Test_9@5b1669c0]" started-at="2024-10-24T11:22:06 CDT" name="productAddedToCart" finished-at="2024-10-24T11:22:33 CDT" duration-ms="26993" status="SKIP">
          <exception class="java.lang.AssertionError">
            <message>
              <![CDATA[Test Case 9 Failed-Particular item was not added to cart expected [Campus Mens Oxyfit (N) Walking Sh] but found [Campus Men's OXYFIT (N) BLK/Gold ]]]>
            </message>
            <full-stacktrace>
              <![CDATA[java.lang.AssertionError: Test Case 9 Failed-Particular item was not added to cart expected [Campus Mens Oxyfit (N) Walking Sh] but found [Campus Men's OXYFIT (N) BLK/Gold ]
at org.testng.Assert.fail(Assert.java:111)
at org.testng.Assert.failNotEquals(Assert.java:1578)
at org.testng.Assert.assertEqualsImpl(Assert.java:150)
at org.testng.Assert.assertEquals(Assert.java:132)
at org.testng.Assert.assertEquals(Assert.java:656)
at Amazon_Project.Final.Amz_CartPage.producttitleincart(Amz_CartPage.java:81)
at Amazon_Project.Final.Test_9.productAddedToCart(Test_9.java:29)
at java.base/jdk.internal.reflect.NativeMethodAccessorImpl.invoke0(Native Method)
at java.base/jdk.internal.reflect.NativeMethodAccessorImpl.invoke(NativeMethodAccessorImpl.java:77)
at java.base/jdk.internal.reflect.DelegatingMethodAccessorImpl.invoke(DelegatingMethodAccessorImpl.java:43)
at java.base/java.lang.reflect.Method.invoke(Method.java:568)
at org.testng.internal.invokers.MethodInvocationHelper.invokeMethod(MethodInvocationHelper.java:141)
at org.testng.internal.invokers.TestInvoker.invokeMethod(TestInvoker.java:686)
at org.testng.internal.invokers.TestInvoker.retryFailed(TestInvoker.java:269)
at org.testng.internal.invokers.MethodRunner.runInSequence(MethodRunner.java:76)
at org.testng.internal.invokers.TestInvoker$MethodInvocationAgent.invoke(TestInvoker.java:992)
at org.testng.internal.invokers.TestInvoker.invokeTestMethods(TestInvoker.java:203)
at org.testng.internal.invokers.TestMethodWorker.invokeTestMethods(TestMethodWorker.java:154)
at org.testng.internal.invokers.TestMethodWorker.run(TestMethodWorker.java:134)
at java.base/java.util.ArrayList.forEach(ArrayList.java:1511)
at org.testng.TestRunner.privateRun(TestRunner.java:739)
at org.testng.TestRunner.run(TestRunner.java:614)
at org.testng.SuiteRunner.runTest(SuiteRunner.java:421)
at org.testng.SuiteRunner.runSequentially(SuiteRunner.java:413)
at org.testng.SuiteRunner.privateRun(SuiteRunner.java:373)
at org.testng.SuiteRunner.run(SuiteRunner.java:312)
at org.testng.SuiteRunnerWorker.runSuite(SuiteRunnerWorker.java:52)
at org.testng.SuiteRunnerWorker.run(SuiteRunnerWorker.java:95)
at org.testng.TestNG.runSuitesSequentially(TestNG.java:1274)
at org.testng.TestNG.runSuitesLocally(TestNG.java:1208)
at org.testng.TestNG.runSuites(TestNG.java:1112)
at org.testng.TestNG.run(TestNG.java:1079)
at org.apache.maven.surefire.testng.TestNGExecutor.run(TestNGExecutor.java:308)
at org.apache.maven.surefire.testng.TestNGXmlTestSuite.execute(TestNGXmlTestSuite.java:71)
at org.apache.maven.surefire.testng.TestNGProvider.invoke(TestNGProvider.java:113)
at org.apache.maven.surefire.booter.ForkedBooter.runSuitesInProcess(ForkedBooter.java:385)
at org.apache.maven.surefire.booter.ForkedBooter.execute(ForkedBooter.java:162)
at org.apache.maven.surefire.booter.ForkedBooter.run(ForkedBooter.java:507)
at org.apache.maven.surefire.booter.ForkedBooter.main(ForkedBooter.java:495)
]]>
            </full-stacktrace>
          </exception> <!-- java.lang.AssertionError -->
          <reporter-output>
          </reporter-output>
        </test-method> <!-- productAddedToCart -->
        <test-method is-config="true" signature="logout()[pri:0, instance:Amazon_Project.Final.Test_9@5b1669c0]" started-at="2024-10-24T11:22:33 CDT" name="logout" finished-at="2024-10-24T11:22:38 CDT" duration-ms="5288" status="PASS">
          <reporter-output>
          </reporter-output>
        </test-method> <!-- logout -->
        <test-method is-config="true" signature="launch_browser_login(java.lang.String)[pri:0, instance:Amazon_Project.Final.Test_9@5b1669c0]" started-at="2024-10-24T11:22:38 CDT" name="launch_browser_login" finished-at="2024-10-24T11:22:41 CDT" duration-ms="3285" status="PASS">
          <params>
            <param index="0">
              <value>
                <![CDATA[chrome]]>
              </value>
            </param>
          </params>
          <reporter-output>
          </reporter-output>
        </test-method> <!-- launch_browser_login -->
        <test-method signature="productAddedToCart()[pri:0, instance:Amazon_Project.Final.Test_9@5b1669c0]" started-at="2024-10-24T11:22:41 CDT" name="productAddedToCart" finished-at="2024-10-24T11:23:12 CDT" duration-ms="30878" status="FAIL">
          <exception class="java.lang.AssertionError">
            <message>
              <![CDATA[Test Case 9 Failed-Particular item was not added to cart expected [Campus Mens Oxyfit (N) Walking Sh] but found [Campus Men's OXYFIT (N) BLK/Gold ]]]>
            </message>
            <full-stacktrace>
              <![CDATA[java.lang.AssertionError: Test Case 9 Failed-Particular item was not added to cart expected [Campus Mens Oxyfit (N) Walking Sh] but found [Campus Men's OXYFIT (N) BLK/Gold ]
at org.testng.Assert.fail(Assert.java:111)
at org.testng.Assert.failNotEquals(Assert.java:1578)
at org.testng.Assert.assertEqualsImpl(Assert.java:150)
at org.testng.Assert.assertEquals(Assert.java:132)
at org.testng.Assert.assertEquals(Assert.java:656)
at Amazon_Project.Final.Amz_CartPage.producttitleincart(Amz_CartPage.java:81)
at Amazon_Project.Final.Test_9.productAddedToCart(Test_9.java:29)
at java.base/jdk.internal.reflect.NativeMethodAccessorImpl.invoke0(Native Method)
at java.base/jdk.internal.reflect.NativeMethodAccessorImpl.invoke(NativeMethodAccessorImpl.java:77)
at java.base/jdk.internal.reflect.DelegatingMethodAccessorImpl.invoke(DelegatingMethodAccessorImpl.java:43)
at java.base/java.lang.reflect.Method.invoke(Method.java:568)
at org.testng.internal.invokers.MethodInvocationHelper.invokeMethod(MethodInvocationHelper.java:141)
at org.testng.internal.invokers.TestInvoker.invokeMethod(TestInvoker.java:686)
at org.testng.internal.invokers.TestInvoker.retryFailed(TestInvoker.java:269)
at org.testng.internal.invokers.MethodRunner.runInSequence(MethodRunner.java:76)
at org.testng.internal.invokers.TestInvoker$MethodInvocationAgent.invoke(TestInvoker.java:992)
at org.testng.internal.invokers.TestInvoker.invokeTestMethods(TestInvoker.java:203)
at org.testng.internal.invokers.TestMethodWorker.invokeTestMethods(TestMethodWorker.java:154)
at org.testng.internal.invokers.TestMethodWorker.run(TestMethodWorker.java:134)
at java.base/java.util.ArrayList.forEach(ArrayList.java:1511)
at org.testng.TestRunner.privateRun(TestRunner.java:739)
at org.testng.TestRunner.run(TestRunner.java:614)
at org.testng.SuiteRunner.runTest(SuiteRunner.java:421)
at org.testng.SuiteRunner.runSequentially(SuiteRunner.java:413)
at org.testng.SuiteRunner.privateRun(SuiteRunner.java:373)
at org.testng.SuiteRunner.run(SuiteRunner.java:312)
at org.testng.SuiteRunnerWorker.runSuite(SuiteRunnerWorker.java:52)
at org.testng.SuiteRunnerWorker.run(SuiteRunnerWorker.java:95)
at org.testng.TestNG.runSuitesSequentially(TestNG.java:1274)
at org.testng.TestNG.runSuitesLocally(TestNG.java:1208)
at org.testng.TestNG.runSuites(TestNG.java:1112)
at org.testng.TestNG.run(TestNG.java:1079)
at org.apache.maven.surefire.testng.TestNGExecutor.run(TestNGExecutor.java:308)
at org.apache.maven.surefire.testng.TestNGXmlTestSuite.execute(TestNGXmlTestSuite.java:71)
at org.apache.maven.surefire.testng.TestNGProvider.invoke(TestNGProvider.java:113)
at org.apache.maven.surefire.booter.ForkedBooter.runSuitesInProcess(ForkedBooter.java:385)
at org.apache.maven.surefire.booter.ForkedBooter.execute(ForkedBooter.java:162)
at org.apache.maven.surefire.booter.ForkedBooter.run(ForkedBooter.java:507)
at org.apache.maven.surefire.booter.ForkedBooter.main(ForkedBooter.java:495)
]]>
            </full-stacktrace>
          </exception> <!-- java.lang.AssertionError -->
          <reporter-output>
          </reporter-output>
        </test-method> <!-- productAddedToCart -->
        <test-method is-config="true" signature="logout()[pri:0, instance:Amazon_Project.Final.Test_9@5b1669c0]" started-at="2024-10-24T11:23:15 CDT" name="logout" finished-at="2024-10-24T11:23:20 CDT" duration-ms="5322" status="PASS">
          <reporter-output>
          </reporter-output>
        </test-method> <!-- logout -->
      </class> <!-- Amazon_Project.Final.Test_9 -->
      <class name="Amazon_Project.Final.Test_6">
        <test-method is-config="true" signature="launch_browser_login(java.lang.String)[pri:0, instance:Amazon_Project.Final.Test_6@53fe15ff]" started-at="2024-10-24T11:19:48 CDT" name="launch_browser_login" finished-at="2024-10-24T11:19:51 CDT" duration-ms="2797" status="PASS">
          <params>
            <param index="0">
              <value>
                <![CDATA[chrome]]>
              </value>
            </param>
          </params>
          <reporter-output>
          </reporter-output>
        </test-method> <!-- launch_browser_login -->
        <test-method signature="categoryPriceRange()[pri:0, instance:Amazon_Project.Final.Test_6@53fe15ff]" started-at="2024-10-24T11:19:51 CDT" name="categoryPriceRange" finished-at="2024-10-24T11:20:12 CDT" duration-ms="21401" status="PASS">
          <reporter-output>
            <line>
              <![CDATA[Test 6 Category passed-Category search resulted in around 54 searches based on category Women's Casual Shoes]]>
            </line>
            <line>
              <![CDATA[Test Case 6 Passed-The price slider is giving accurate results]]>
            </line>
          </reporter-output>
        </test-method> <!-- categoryPriceRange -->
        <test-method is-config="true" signature="logout()[pri:0, instance:Amazon_Project.Final.Test_6@53fe15ff]" started-at="2024-10-24T11:20:15 CDT" name="logout" finished-at="2024-10-24T11:20:20 CDT" duration-ms="5252" status="PASS">
          <reporter-output>
          </reporter-output>
        </test-method> <!-- logout -->
      </class> <!-- Amazon_Project.Final.Test_6 -->
      <class name="Amazon_Project.Final.Test_5">
        <test-method is-config="true" signature="launch_browser_login(java.lang.String)[pri:0, instance:Amazon_Project.Final.Test_5@2e8c1c9b]" started-at="2024-10-24T11:19:35 CDT" name="launch_browser_login" finished-at="2024-10-24T11:19:38 CDT" duration-ms="3212" status="PASS">
          <params>
            <param index="0">
              <value>
                <![CDATA[chrome]]>
              </value>
            </param>
          </params>
          <reporter-output>
          </reporter-output>
        </test-method> <!-- launch_browser_login -->
        <test-method signature="searchshoe()[pri:0, instance:Amazon_Project.Final.Test_5@2e8c1c9b]" started-at="2024-10-24T11:19:38 CDT" name="searchshoe" finished-at="2024-10-24T11:19:41 CDT" duration-ms="2875" status="PASS">
          <reporter-output>
            <line>
              <![CDATA[Test Case 5 Passed: Search is giving correct result]]>
            </line>
          </reporter-output>
        </test-method> <!-- searchshoe -->
        <test-method is-config="true" signature="logout()[pri:0, instance:Amazon_Project.Final.Test_5@2e8c1c9b]" started-at="2024-10-24T11:19:43 CDT" name="logout" finished-at="2024-10-24T11:19:48 CDT" duration-ms="5292" status="PASS">
          <reporter-output>
          </reporter-output>
        </test-method> <!-- logout -->
      </class> <!-- Amazon_Project.Final.Test_5 -->
      <class name="Amazon_Project.Final.Test_8">
        <test-method is-config="true" signature="launch_browser_login(java.lang.String)[pri:0, instance:Amazon_Project.Final.Test_8@1530c739]" started-at="2024-10-24T11:20:39 CDT" name="launch_browser_login" finished-at="2024-10-24T11:20:42 CDT" duration-ms="3111" status="PASS">
          <params>
            <param index="0">
              <value>
                <![CDATA[chrome]]>
              </value>
            </param>
          </params>
          <reporter-output>
          </reporter-output>
        </test-method> <!-- launch_browser_login -->
        <test-method signature="productpagedisplay()[pri:0, instance:Amazon_Project.Final.Test_8@1530c739]" started-at="2024-10-24T11:20:42 CDT" name="productpagedisplay" finished-at="2024-10-24T11:21:17 CDT" duration-ms="34933" status="PASS">
          <reporter-output>
            <line>
              <![CDATA[TestCase 8 passed- Sorting low to high successful]]>
            </line>
            <line>
              <![CDATA[TestCase 8 passed- Sorting high to low successful]]>
            </line>
          </reporter-output>
        </test-method> <!-- productpagedisplay -->
        <test-method is-config="true" signature="logout()[pri:0, instance:Amazon_Project.Final.Test_8@1530c739]" started-at="2024-10-24T11:21:19 CDT" name="logout" finished-at="2024-10-24T11:21:24 CDT" duration-ms="5292" status="PASS">
          <reporter-output>
          </reporter-output>
        </test-method> <!-- logout -->
      </class> <!-- Amazon_Project.Final.Test_8 -->
      <class name="Amazon_Project.Final.Test_7">
        <test-method is-config="true" signature="launch_browser_login(java.lang.String)[pri:0, instance:Amazon_Project.Final.Test_7@449a4f23]" started-at="2024-10-24T11:20:20 CDT" name="launch_browser_login" finished-at="2024-10-24T11:20:24 CDT" duration-ms="3523" status="PASS">
          <params>
            <param index="0">
              <value>
                <![CDATA[chrome]]>
              </value>
            </param>
          </params>
          <reporter-output>
          </reporter-output>
        </test-method> <!-- launch_browser_login -->
        <test-method signature="productpagedisplay()[pri:0, instance:Amazon_Project.Final.Test_7@449a4f23]" started-at="2024-10-24T11:20:24 CDT" name="productpagedisplay" finished-at="2024-10-24T11:20:31 CDT" duration-ms="7639" status="PASS">
          <reporter-output>
            <line>
              <![CDATA[Test Case 7 for price display passed]]>
            </line>
            <line>
              <![CDATA[Test Case 7 for product details display or about this item passed]]>
            </line>
            <line>
              <![CDATA[Test Case 7 for customer product rating display passed]]>
            </line>
          </reporter-output>
        </test-method> <!-- productpagedisplay -->
        <test-method is-config="true" signature="logout()[pri:0, instance:Amazon_Project.Final.Test_7@449a4f23]" started-at="2024-10-24T11:20:33 CDT" name="logout" finished-at="2024-10-24T11:20:39 CDT" duration-ms="5298" status="PASS">
          <reporter-output>
          </reporter-output>
        </test-method> <!-- logout -->
      </class> <!-- Amazon_Project.Final.Test_7 -->
      <class name="Amazon_Project.Final.Test14">
        <test-method is-config="true" signature="launch_browser_login(java.lang.String)[pri:0, instance:Amazon_Project.Final.Test14@4b741d6d]" started-at="2024-10-24T11:27:32 CDT" name="launch_browser_login" finished-at="2024-10-24T11:27:35 CDT" duration-ms="2882" status="PASS">
          <params>
            <param index="0">
              <value>
                <![CDATA[chrome]]>
              </value>
            </param>
          </params>
          <reporter-output>
          </reporter-output>
        </test-method> <!-- launch_browser_login -->
        <test-method signature="orderRating()[pri:0, instance:Amazon_Project.Final.Test14@4b741d6d]" started-at="2024-10-24T11:27:35 CDT" name="orderRating" finished-at="2024-10-24T11:27:43 CDT" duration-ms="8926" status="PASS">
          <reporter-output>
            <line>
              <![CDATA[Test Case 14 passed-5 star rating on product ordered successful]]>
            </line>
          </reporter-output>
        </test-method> <!-- orderRating -->
        <test-method is-config="true" signature="logout()[pri:0, instance:Amazon_Project.Final.Test14@4b741d6d]" started-at="2024-10-24T11:27:46 CDT" name="logout" finished-at="2024-10-24T11:27:51 CDT" duration-ms="5287" status="PASS">
          <reporter-output>
          </reporter-output>
        </test-method> <!-- logout -->
      </class> <!-- Amazon_Project.Final.Test14 -->
      <class name="Amazon_Project.Final.Test13">
        <test-method is-config="true" signature="launch_browser_login(java.lang.String)[pri:0, instance:Amazon_Project.Final.Test13@15bb5034]" started-at="2024-10-24T11:27:08 CDT" name="launch_browser_login" finished-at="2024-10-24T11:27:11 CDT" duration-ms="2744" status="PASS">
          <params>
            <param index="0">
              <value>
                <![CDATA[chrome]]>
              </value>
            </param>
          </params>
          <reporter-output>
          </reporter-output>
        </test-method> <!-- launch_browser_login -->
        <test-method signature="selectCoupon()[pri:0, instance:Amazon_Project.Final.Test13@15bb5034]" started-at="2024-10-24T11:27:11 CDT" name="selectCoupon" finished-at="2024-10-24T11:27:23 CDT" duration-ms="12080" status="PASS">
          <reporter-output>
            <line>
              <![CDATA[Test Case 13 passed-Coupon click successful]]>
            </line>
          </reporter-output>
        </test-method> <!-- selectCoupon -->
        <test-method is-config="true" signature="logout()[pri:0, instance:Amazon_Project.Final.Test13@15bb5034]" started-at="2024-10-24T11:27:25 CDT" name="logout" finished-at="2024-10-24T11:27:32 CDT" duration-ms="6809" status="PASS">
          <reporter-output>
          </reporter-output>
        </test-method> <!-- logout -->
      </class> <!-- Amazon_Project.Final.Test13 -->
      <class name="Amazon_Project.Final.Test15">
        <test-method is-config="true" signature="launch_browser_login(java.lang.String)[pri:0, instance:Amazon_Project.Final.Test15@2eae8e6e]" started-at="2024-10-24T11:27:51 CDT" name="launch_browser_login" finished-at="2024-10-24T11:27:54 CDT" duration-ms="3092" status="PASS">
          <params>
            <param index="0">
              <value>
                <![CDATA[chrome]]>
              </value>
            </param>
          </params>
          <reporter-output>
          </reporter-output>
        </test-method> <!-- launch_browser_login -->
        <test-method signature="cartWithoutlogging()[pri:0, instance:Amazon_Project.Final.Test15@2eae8e6e]" started-at="2024-10-24T11:27:54 CDT" name="cartWithoutlogging" finished-at="2024-10-24T11:28:06 CDT" duration-ms="11497" status="PASS">
          <reporter-output>
            <line>
              <![CDATA[Test Case 5 Passed: Search is giving correct result]]>
            </line>
            <line>
              <![CDATA[Test Case 15 passed-Reaching the cart page without logging in successful]]>
            </line>
          </reporter-output>
        </test-method> <!-- cartWithoutlogging -->
        <test-method is-config="true" signature="logout()[pri:0, instance:Amazon_Project.Final.Test15@2eae8e6e]" started-at="2024-10-24T11:28:08 CDT" name="logout" finished-at="2024-10-24T11:28:13 CDT" duration-ms="5334" status="PASS">
          <reporter-output>
          </reporter-output>
        </test-method> <!-- logout -->
      </class> <!-- Amazon_Project.Final.Test15 -->
      <class name="Amazon_Project.Final.Test10">
        <test-method is-config="true" signature="launch_browser_login(java.lang.String)[pri:0, instance:Amazon_Project.Final.Test10@78e4deb0]" started-at="2024-10-24T11:23:20 CDT" name="launch_browser_login" finished-at="2024-10-24T11:23:23 CDT" duration-ms="3213" status="PASS">
          <params>
            <param index="0">
              <value>
                <![CDATA[chrome]]>
              </value>
            </param>
          </params>
          <reporter-output>
          </reporter-output>
        </test-method> <!-- launch_browser_login -->
        <test-method retried="true" signature="CartQuantityandDeletion()[pri:0, instance:Amazon_Project.Final.Test10@78e4deb0]" started-at="2024-10-24T11:23:23 CDT" name="CartQuantityandDeletion" finished-at="2024-10-24T11:24:04 CDT" duration-ms="40781" status="SKIP">
          <exception class="java.lang.IndexOutOfBoundsException">
            <message>
              <![CDATA[Index 2 out of bounds for length 2]]>
            </message>
            <full-stacktrace>
              <![CDATA[java.lang.IndexOutOfBoundsException: Index 2 out of bounds for length 2
at java.base/jdk.internal.util.Preconditions.outOfBounds(Preconditions.java:64)
at java.base/jdk.internal.util.Preconditions.outOfBoundsCheckIndex(Preconditions.java:70)
at java.base/jdk.internal.util.Preconditions.checkIndex(Preconditions.java:266)
at java.base/java.util.Objects.checkIndex(Objects.java:361)
at java.base/java.util.ArrayList.get(ArrayList.java:427)
at java.base/jdk.internal.reflect.GeneratedMethodAccessor2.invoke(Unknown Source)
at java.base/jdk.internal.reflect.DelegatingMethodAccessorImpl.invoke(DelegatingMethodAccessorImpl.java:43)
at java.base/java.lang.reflect.Method.invoke(Method.java:568)
at org.openqa.selenium.support.pagefactory.internal.LocatingElementListHandler.invoke(LocatingElementListHandler.java:39)
at jdk.proxy2/jdk.proxy2.$Proxy13.get(Unknown Source)
at Amazon_Project.Final.Amz_CartPage.quantityAndDelete(Amz_CartPage.java:149)
at Amazon_Project.Final.Test10.CartQuantityandDeletion(Test10.java:30)
at java.base/jdk.internal.reflect.NativeMethodAccessorImpl.invoke0(Native Method)
at java.base/jdk.internal.reflect.NativeMethodAccessorImpl.invoke(NativeMethodAccessorImpl.java:77)
at java.base/jdk.internal.reflect.DelegatingMethodAccessorImpl.invoke(DelegatingMethodAccessorImpl.java:43)
at java.base/java.lang.reflect.Method.invoke(Method.java:568)
at org.testng.internal.invokers.MethodInvocationHelper.invokeMethod(MethodInvocationHelper.java:141)
at org.testng.internal.invokers.TestInvoker.invokeMethod(TestInvoker.java:686)
at org.testng.internal.invokers.TestInvoker.invokeTestMethod(TestInvoker.java:230)
at org.testng.internal.invokers.MethodRunner.runInSequence(MethodRunner.java:63)
at org.testng.internal.invokers.TestInvoker$MethodInvocationAgent.invoke(TestInvoker.java:992)
at org.testng.internal.invokers.TestInvoker.invokeTestMethods(TestInvoker.java:203)
at org.testng.internal.invokers.TestMethodWorker.invokeTestMethods(TestMethodWorker.java:154)
at org.testng.internal.invokers.TestMethodWorker.run(TestMethodWorker.java:134)
at java.base/java.util.ArrayList.forEach(ArrayList.java:1511)
at org.testng.TestRunner.privateRun(TestRunner.java:739)
at org.testng.TestRunner.run(TestRunner.java:614)
at org.testng.SuiteRunner.runTest(SuiteRunner.java:421)
at org.testng.SuiteRunner.runSequentially(SuiteRunner.java:413)
at org.testng.SuiteRunner.privateRun(SuiteRunner.java:373)
at org.testng.SuiteRunner.run(SuiteRunner.java:312)
at org.testng.SuiteRunnerWorker.runSuite(SuiteRunnerWorker.java:52)
at org.testng.SuiteRunnerWorker.run(SuiteRunnerWorker.java:95)
at org.testng.TestNG.runSuitesSequentially(TestNG.java:1274)
at org.testng.TestNG.runSuitesLocally(TestNG.java:1208)
at org.testng.TestNG.runSuites(TestNG.java:1112)
at org.testng.TestNG.run(TestNG.java:1079)
at org.apache.maven.surefire.testng.TestNGExecutor.run(TestNGExecutor.java:308)
at org.apache.maven.surefire.testng.TestNGXmlTestSuite.execute(TestNGXmlTestSuite.java:71)
at org.apache.maven.surefire.testng.TestNGProvider.invoke(TestNGProvider.java:113)
at org.apache.maven.surefire.booter.ForkedBooter.runSuitesInProcess(ForkedBooter.java:385)
at org.apache.maven.surefire.booter.ForkedBooter.execute(ForkedBooter.java:162)
at org.apache.maven.surefire.booter.ForkedBooter.run(ForkedBooter.java:507)
at org.apache.maven.surefire.booter.ForkedBooter.main(ForkedBooter.java:495)
]]>
            </full-stacktrace>
          </exception> <!-- java.lang.IndexOutOfBoundsException -->
          <reporter-output>
          </reporter-output>
        </test-method> <!-- CartQuantityandDeletion -->
        <test-method is-config="true" signature="logout()[pri:0, instance:Amazon_Project.Final.Test10@78e4deb0]" started-at="2024-10-24T11:24:04 CDT" name="logout" finished-at="2024-10-24T11:24:09 CDT" duration-ms="5298" status="PASS">
          <reporter-output>
          </reporter-output>
        </test-method> <!-- logout -->
        <test-method is-config="true" signature="launch_browser_login(java.lang.String)[pri:0, instance:Amazon_Project.Final.Test10@78e4deb0]" started-at="2024-10-24T11:24:09 CDT" name="launch_browser_login" finished-at="2024-10-24T11:24:12 CDT" duration-ms="2814" status="PASS">
          <params>
            <param index="0">
              <value>
                <![CDATA[chrome]]>
              </value>
            </param>
          </params>
          <reporter-output>
          </reporter-output>
        </test-method> <!-- launch_browser_login -->
        <test-method signature="CartQuantityandDeletion()[pri:0, instance:Amazon_Project.Final.Test10@78e4deb0]" started-at="2024-10-24T11:24:12 CDT" name="CartQuantityandDeletion" finished-at="2024-10-24T11:24:48 CDT" duration-ms="36416" status="PASS">
          <reporter-output>
            <line>
              <![CDATA[Test Case 10 Passed-Qty change Successful]]>
            </line>
            <line>
              <![CDATA[Test Case 10 Passed-Deletion of product from cart was successful]]>
            </line>
          </reporter-output>
        </test-method> <!-- CartQuantityandDeletion -->
        <test-method is-config="true" signature="logout()[pri:0, instance:Amazon_Project.Final.Test10@78e4deb0]" started-at="2024-10-24T11:24:51 CDT" name="logout" finished-at="2024-10-24T11:24:56 CDT" duration-ms="5309" status="PASS">
          <reporter-output>
          </reporter-output>
        </test-method> <!-- logout -->
      </class> <!-- Amazon_Project.Final.Test10 -->
      <class name="Amazon_Project.Final.Test12">
        <test-method is-config="true" signature="launch_browser_login(java.lang.String)[pri:0, instance:Amazon_Project.Final.Test12@7d0b7e3c]" started-at="2024-10-24T11:26:20 CDT" name="launch_browser_login" finished-at="2024-10-24T11:26:23 CDT" duration-ms="2932" status="PASS">
          <params>
            <param index="0">
              <value>
                <![CDATA[chrome]]>
              </value>
            </param>
          </params>
          <reporter-output>
          </reporter-output>
        </test-method> <!-- launch_browser_login -->
        <test-method signature="selectVariousPayementMethod()[pri:0, instance:Amazon_Project.Final.Test12@7d0b7e3c]" started-at="2024-10-24T11:26:23 CDT" name="selectVariousPayementMethod" finished-at="2024-10-24T11:27:00 CDT" duration-ms="37212" status="PASS">
          <reporter-output>
            <line>
              <![CDATA[TestCase 12 Passed-Selection of credit or debit card successful]]>
            </line>
            <line>
              <![CDATA[TestCase 12 Passed-Selection of NetBanking successful]]>
            </line>
            <line>
              <![CDATA[TestCase 12 Passed-Selection of upi successful]]>
            </line>
          </reporter-output>
        </test-method> <!-- selectVariousPayementMethod -->
        <test-method is-config="true" signature="logout()[pri:0, instance:Amazon_Project.Final.Test12@7d0b7e3c]" started-at="2024-10-24T11:27:03 CDT" name="logout" finished-at="2024-10-24T11:27:08 CDT" duration-ms="5313" status="PASS">
          <reporter-output>
          </reporter-output>
        </test-method> <!-- logout -->
      </class> <!-- Amazon_Project.Final.Test12 -->
      <class name="Amazon_Project.Final.Test11">
        <test-method is-config="true" signature="launch_browser_login(java.lang.String)[pri:0, instance:Amazon_Project.Final.Test11@6e9175d8]" started-at="2024-10-24T11:24:56 CDT" name="launch_browser_login" finished-at="2024-10-24T11:24:59 CDT" duration-ms="2905" status="PASS">
          <params>
            <param index="0">
              <value>
                <![CDATA[chrome]]>
              </value>
            </param>
          </params>
          <reporter-output>
          </reporter-output>
        </test-method> <!-- launch_browser_login -->
        <test-method signature="checkoutProcess()[pri:0, instance:Amazon_Project.Final.Test11@6e9175d8]" started-at="2024-10-24T11:24:59 CDT" name="checkoutProcess" finished-at="2024-10-24T11:26:13 CDT" duration-ms="73706" status="PASS">
          <reporter-output>
            <line>
              <![CDATA[Test Case 11 passed-Address selected successfully]]>
            </line>
            <line>
              <![CDATA[Test Case 11 passed-Payment type selected successfully]]>
            </line>
            <line>
              <![CDATA[Test Case 11 Passed-Order review successful- BRUTON Shoes for Trendy Shoes | Casual Shoes | Sneakers | Walking Shoes for Men - Grey, Size : 8 displayed on the checkout page]]>
            </line>
          </reporter-output>
        </test-method> <!-- checkoutProcess -->
        <test-method is-config="true" signature="logout()[pri:0, instance:Amazon_Project.Final.Test11@6e9175d8]" started-at="2024-10-24T11:26:15 CDT" name="logout" finished-at="2024-10-24T11:26:20 CDT" duration-ms="5356" status="PASS">
          <reporter-output>
          </reporter-output>
        </test-method> <!-- logout -->
      </class> <!-- Amazon_Project.Final.Test11 -->
      <class name="Amazon_Project.Final.Test_2">
        <test-method is-config="true" signature="launch_browser_login(java.lang.String)[pri:0, instance:Amazon_Project.Final.Test_2@6892b3b6]" started-at="2024-10-24T11:18:32 CDT" name="launch_browser_login" finished-at="2024-10-24T11:18:34 CDT" duration-ms="2782" status="PASS">
          <params>
            <param index="0">
              <value>
                <![CDATA[chrome]]>
              </value>
            </param>
          </params>
          <reporter-output>
          </reporter-output>
        </test-method> <!-- launch_browser_login -->
        <test-method signature="login()[pri:0, instance:Amazon_Project.Final.Test_2@6892b3b6]" started-at="2024-10-24T11:18:34 CDT" name="login" finished-at="2024-10-24T11:18:40 CDT" duration-ms="5756" status="PASS">
          <reporter-output>
            <line>
              <![CDATA[Test Case 2 Passed -Login successful]]>
            </line>
          </reporter-output>
        </test-method> <!-- login -->
        <test-method is-config="true" signature="logout()[pri:0, instance:Amazon_Project.Final.Test_2@6892b3b6]" started-at="2024-10-24T11:18:43 CDT" name="logout" finished-at="2024-10-24T11:18:48 CDT" duration-ms="5225" status="PASS">
          <reporter-output>
          </reporter-output>
        </test-method> <!-- logout -->
      </class> <!-- Amazon_Project.Final.Test_2 -->
      <class name="Amazon_Project.Final.Test_1">
        <test-method is-config="true" signature="launch_browser_login(java.lang.String)[pri:0, instance:Amazon_Project.Final.Test_1@60bd273d]" started-at="2024-10-24T11:18:06 CDT" name="launch_browser_login" finished-at="2024-10-24T11:18:11 CDT" duration-ms="4582" status="PASS">
          <params>
            <param index="0">
              <value>
                <![CDATA[chrome]]>
              </value>
            </param>
          </params>
          <reporter-output>
          </reporter-output>
        </test-method> <!-- launch_browser_login -->
        <test-method signature="newUserRegistration()[pri:0, instance:Amazon_Project.Final.Test_1@60bd273d]" started-at="2024-10-24T11:18:11 CDT" name="newUserRegistration" finished-at="2024-10-24T11:18:24 CDT" duration-ms="13701" status="PASS">
          <reporter-output>
            <line>
              <![CDATA[Test Case 1 Passed-New user registration successful]]>
            </line>
          </reporter-output>
        </test-method> <!-- newUserRegistration -->
        <test-method is-config="true" signature="logout()[pri:0, instance:Amazon_Project.Final.Test_1@60bd273d]" started-at="2024-10-24T11:18:26 CDT" name="logout" finished-at="2024-10-24T11:18:32 CDT" duration-ms="5260" status="PASS">
          <reporter-output>
          </reporter-output>
        </test-method> <!-- logout -->
      </class> <!-- Amazon_Project.Final.Test_1 -->
      <class name="Amazon_Project.Final.Test_4">
        <test-method is-config="true" signature="launch_browser_login(java.lang.String)[pri:0, instance:Amazon_Project.Final.Test_4@76a4ebf2]" started-at="2024-10-24T11:19:01 CDT" name="launch_browser_login" finished-at="2024-10-24T11:19:04 CDT" duration-ms="2997" status="PASS">
          <params>
            <param index="0">
              <value>
                <![CDATA[chrome]]>
              </value>
            </param>
          </params>
          <reporter-output>
          </reporter-output>
        </test-method> <!-- launch_browser_login -->
        <test-method signature="editprofileinfo()[pri:0, instance:Amazon_Project.Final.Test_4@76a4ebf2]" started-at="2024-10-24T11:19:04 CDT" name="editprofileinfo" finished-at="2024-10-24T11:19:27 CDT" duration-ms="22465" status="PASS">
          <reporter-output>
            <line>
              <![CDATA[The original profile name is Sanji0.004381170991950234]]>
            </line>
            <line>
              <![CDATA[Test Case 4 passed-Change profile name successful]]>
            </line>
          </reporter-output>
        </test-method> <!-- editprofileinfo -->
        <test-method is-config="true" signature="logout()[pri:0, instance:Amazon_Project.Final.Test_4@76a4ebf2]" started-at="2024-10-24T11:19:29 CDT" name="logout" finished-at="2024-10-24T11:19:35 CDT" duration-ms="5226" status="PASS">
          <reporter-output>
          </reporter-output>
        </test-method> <!-- logout -->
      </class> <!-- Amazon_Project.Final.Test_4 -->
      <class name="Amazon_Project.Final.Test_3">
        <test-method is-config="true" signature="launch_browser_login(java.lang.String)[pri:0, instance:Amazon_Project.Final.Test_3@6e6f2380]" started-at="2024-10-24T11:18:48 CDT" name="launch_browser_login" finished-at="2024-10-24T11:18:51 CDT" duration-ms="3057" status="PASS">
          <params>
            <param index="0">
              <value>
                <![CDATA[chrome]]>
              </value>
            </param>
          </params>
          <reporter-output>
          </reporter-output>
        </test-method> <!-- launch_browser_login -->
        <test-method signature="incorrectlogin()[pri:0, instance:Amazon_Project.Final.Test_3@6e6f2380]" started-at="2024-10-24T11:18:51 CDT" name="incorrectlogin" finished-at="2024-10-24T11:18:54 CDT" duration-ms="2698" status="PASS">
          <reporter-output>
          </reporter-output>
        </test-method> <!-- incorrectlogin -->
        <test-method is-config="true" signature="logout()[pri:0, instance:Amazon_Project.Final.Test_3@6e6f2380]" started-at="2024-10-24T11:18:56 CDT" name="logout" finished-at="2024-10-24T11:19:01 CDT" duration-ms="5274" status="PASS">
          <reporter-output>
          </reporter-output>
        </test-method> <!-- logout -->
      </class> <!-- Amazon_Project.Final.Test_3 -->
    </test> <!-- Testing on Chrome -->
    <test started-at="2024-10-24T11:28:13 CDT" name="Testing on Edge" finished-at="2024-10-24T11:41:44 CDT" duration-ms="810865">
      <class name="Amazon_Project.Final.Test_9">
        <test-method is-config="true" signature="launch_browser_login(java.lang.String)[pri:0, instance:Amazon_Project.Final.Test_9@353352b6]" started-at="2024-10-24T11:32:15 CDT" name="launch_browser_login" finished-at="2024-10-24T11:32:20 CDT" duration-ms="5212" status="PASS">
          <params>
            <param index="0">
              <value>
                <![CDATA[edge]]>
              </value>
            </param>
          </params>
          <reporter-output>
          </reporter-output>
        </test-method> <!-- launch_browser_login -->
        <test-method retried="true" signature="productAddedToCart()[pri:0, instance:Amazon_Project.Final.Test_9@353352b6]" started-at="2024-10-24T11:32:20 CDT" name="productAddedToCart" finished-at="2024-10-24T11:32:47 CDT" duration-ms="27234" status="SKIP">
          <exception class="java.lang.AssertionError">
            <message>
              <![CDATA[Test Case 9 Failed-Particular item was not added to cart expected [Campus Mens Oxyfit (N) Walking S] but found [Campus Men's OXYFIT (N) BLU/Gry ]]]>
            </message>
            <full-stacktrace>
              <![CDATA[java.lang.AssertionError: Test Case 9 Failed-Particular item was not added to cart expected [Campus Mens Oxyfit (N) Walking S] but found [Campus Men's OXYFIT (N) BLU/Gry ]
at org.testng.Assert.fail(Assert.java:111)
at org.testng.Assert.failNotEquals(Assert.java:1578)
at org.testng.Assert.assertEqualsImpl(Assert.java:150)
at org.testng.Assert.assertEquals(Assert.java:132)
at org.testng.Assert.assertEquals(Assert.java:656)
at Amazon_Project.Final.Amz_CartPage.producttitleincart(Amz_CartPage.java:81)
at Amazon_Project.Final.Test_9.productAddedToCart(Test_9.java:29)
at java.base/jdk.internal.reflect.NativeMethodAccessorImpl.invoke0(Native Method)
at java.base/jdk.internal.reflect.NativeMethodAccessorImpl.invoke(NativeMethodAccessorImpl.java:77)
at java.base/jdk.internal.reflect.DelegatingMethodAccessorImpl.invoke(DelegatingMethodAccessorImpl.java:43)
at java.base/java.lang.reflect.Method.invoke(Method.java:568)
at org.testng.internal.invokers.MethodInvocationHelper.invokeMethod(MethodInvocationHelper.java:141)
at org.testng.internal.invokers.TestInvoker.invokeMethod(TestInvoker.java:686)
at org.testng.internal.invokers.TestInvoker.invokeTestMethod(TestInvoker.java:230)
at org.testng.internal.invokers.MethodRunner.runInSequence(MethodRunner.java:63)
at org.testng.internal.invokers.TestInvoker$MethodInvocationAgent.invoke(TestInvoker.java:992)
at org.testng.internal.invokers.TestInvoker.invokeTestMethods(TestInvoker.java:203)
at org.testng.internal.invokers.TestMethodWorker.invokeTestMethods(TestMethodWorker.java:154)
at org.testng.internal.invokers.TestMethodWorker.run(TestMethodWorker.java:134)
at java.base/java.util.ArrayList.forEach(ArrayList.java:1511)
at org.testng.TestRunner.privateRun(TestRunner.java:739)
at org.testng.TestRunner.run(TestRunner.java:614)
at org.testng.SuiteRunner.runTest(SuiteRunner.java:421)
at org.testng.SuiteRunner.runSequentially(SuiteRunner.java:413)
at org.testng.SuiteRunner.privateRun(SuiteRunner.java:373)
at org.testng.SuiteRunner.run(SuiteRunner.java:312)
at org.testng.SuiteRunnerWorker.runSuite(SuiteRunnerWorker.java:52)
at org.testng.SuiteRunnerWorker.run(SuiteRunnerWorker.java:95)
at org.testng.TestNG.runSuitesSequentially(TestNG.java:1274)
at org.testng.TestNG.runSuitesLocally(TestNG.java:1208)
at org.testng.TestNG.runSuites(TestNG.java:1112)
at org.testng.TestNG.run(TestNG.java:1079)
at org.apache.maven.surefire.testng.TestNGExecutor.run(TestNGExecutor.java:308)
at org.apache.maven.surefire.testng.TestNGXmlTestSuite.execute(TestNGXmlTestSuite.java:71)
at org.apache.maven.surefire.testng.TestNGProvider.invoke(TestNGProvider.java:113)
at org.apache.maven.surefire.booter.ForkedBooter.runSuitesInProcess(ForkedBooter.java:385)
at org.apache.maven.surefire.booter.ForkedBooter.execute(ForkedBooter.java:162)
at org.apache.maven.surefire.booter.ForkedBooter.run(ForkedBooter.java:507)
at org.apache.maven.surefire.booter.ForkedBooter.main(ForkedBooter.java:495)
]]>
            </full-stacktrace>
          </exception> <!-- java.lang.AssertionError -->
          <reporter-output>
          </reporter-output>
        </test-method> <!-- productAddedToCart -->
        <test-method is-config="true" signature="logout()[pri:0, instance:Amazon_Project.Final.Test_9@353352b6]" started-at="2024-10-24T11:32:47 CDT" name="logout" finished-at="2024-10-24T11:32:53 CDT" duration-ms="6399" status="PASS">
          <reporter-output>
          </reporter-output>
        </test-method> <!-- logout -->
        <test-method is-config="true" signature="launch_browser_login(java.lang.String)[pri:0, instance:Amazon_Project.Final.Test_9@353352b6]" started-at="2024-10-24T11:32:53 CDT" name="launch_browser_login" finished-at="2024-10-24T11:33:02 CDT" duration-ms="8329" status="PASS">
          <params>
            <param index="0">
              <value>
                <![CDATA[edge]]>
              </value>
            </param>
          </params>
          <reporter-output>
          </reporter-output>
        </test-method> <!-- launch_browser_login -->
        <test-method retried="true" signature="productAddedToCart()[pri:0, instance:Amazon_Project.Final.Test_9@353352b6]" started-at="2024-10-24T11:33:02 CDT" name="productAddedToCart" finished-at="2024-10-24T11:33:29 CDT" duration-ms="27344" status="SKIP">
          <exception class="java.lang.AssertionError">
            <message>
              <![CDATA[Test Case 9 Failed-Particular item was not added to cart expected [Campus Mens Oxyfit (N) Walking S] but found [Campus Men's OXYFIT (N) BLU/Gry ]]]>
            </message>
            <full-stacktrace>
              <![CDATA[java.lang.AssertionError: Test Case 9 Failed-Particular item was not added to cart expected [Campus Mens Oxyfit (N) Walking S] but found [Campus Men's OXYFIT (N) BLU/Gry ]
at org.testng.Assert.fail(Assert.java:111)
at org.testng.Assert.failNotEquals(Assert.java:1578)
at org.testng.Assert.assertEqualsImpl(Assert.java:150)
at org.testng.Assert.assertEquals(Assert.java:132)
at org.testng.Assert.assertEquals(Assert.java:656)
at Amazon_Project.Final.Amz_CartPage.producttitleincart(Amz_CartPage.java:81)
at Amazon_Project.Final.Test_9.productAddedToCart(Test_9.java:29)
at java.base/jdk.internal.reflect.NativeMethodAccessorImpl.invoke0(Native Method)
at java.base/jdk.internal.reflect.NativeMethodAccessorImpl.invoke(NativeMethodAccessorImpl.java:77)
at java.base/jdk.internal.reflect.DelegatingMethodAccessorImpl.invoke(DelegatingMethodAccessorImpl.java:43)
at java.base/java.lang.reflect.Method.invoke(Method.java:568)
at org.testng.internal.invokers.MethodInvocationHelper.invokeMethod(MethodInvocationHelper.java:141)
at org.testng.internal.invokers.TestInvoker.invokeMethod(TestInvoker.java:686)
at org.testng.internal.invokers.TestInvoker.retryFailed(TestInvoker.java:269)
at org.testng.internal.invokers.MethodRunner.runInSequence(MethodRunner.java:76)
at org.testng.internal.invokers.TestInvoker$MethodInvocationAgent.invoke(TestInvoker.java:992)
at org.testng.internal.invokers.TestInvoker.invokeTestMethods(TestInvoker.java:203)
at org.testng.internal.invokers.TestMethodWorker.invokeTestMethods(TestMethodWorker.java:154)
at org.testng.internal.invokers.TestMethodWorker.run(TestMethodWorker.java:134)
at java.base/java.util.ArrayList.forEach(ArrayList.java:1511)
at org.testng.TestRunner.privateRun(TestRunner.java:739)
at org.testng.TestRunner.run(TestRunner.java:614)
at org.testng.SuiteRunner.runTest(SuiteRunner.java:421)
at org.testng.SuiteRunner.runSequentially(SuiteRunner.java:413)
at org.testng.SuiteRunner.privateRun(SuiteRunner.java:373)
at org.testng.SuiteRunner.run(SuiteRunner.java:312)
at org.testng.SuiteRunnerWorker.runSuite(SuiteRunnerWorker.java:52)
at org.testng.SuiteRunnerWorker.run(SuiteRunnerWorker.java:95)
at org.testng.TestNG.runSuitesSequentially(TestNG.java:1274)
at org.testng.TestNG.runSuitesLocally(TestNG.java:1208)
at org.testng.TestNG.runSuites(TestNG.java:1112)
at org.testng.TestNG.run(TestNG.java:1079)
at org.apache.maven.surefire.testng.TestNGExecutor.run(TestNGExecutor.java:308)
at org.apache.maven.surefire.testng.TestNGXmlTestSuite.execute(TestNGXmlTestSuite.java:71)
at org.apache.maven.surefire.testng.TestNGProvider.invoke(TestNGProvider.java:113)
at org.apache.maven.surefire.booter.ForkedBooter.runSuitesInProcess(ForkedBooter.java:385)
at org.apache.maven.surefire.booter.ForkedBooter.execute(ForkedBooter.java:162)
at org.apache.maven.surefire.booter.ForkedBooter.run(ForkedBooter.java:507)
at org.apache.maven.surefire.booter.ForkedBooter.main(ForkedBooter.java:495)
]]>
            </full-stacktrace>
          </exception> <!-- java.lang.AssertionError -->
          <reporter-output>
          </reporter-output>
        </test-method> <!-- productAddedToCart -->
        <test-method is-config="true" signature="logout()[pri:0, instance:Amazon_Project.Final.Test_9@353352b6]" started-at="2024-10-24T11:33:29 CDT" name="logout" finished-at="2024-10-24T11:33:35 CDT" duration-ms="6403" status="PASS">
          <reporter-output>
          </reporter-output>
        </test-method> <!-- logout -->
        <test-method is-config="true" signature="launch_browser_login(java.lang.String)[pri:0, instance:Amazon_Project.Final.Test_9@353352b6]" started-at="2024-10-24T11:33:35 CDT" name="launch_browser_login" finished-at="2024-10-24T11:33:40 CDT" duration-ms="4311" status="PASS">
          <params>
            <param index="0">
              <value>
                <![CDATA[edge]]>
              </value>
            </param>
          </params>
          <reporter-output>
          </reporter-output>
        </test-method> <!-- launch_browser_login -->
        <test-method signature="productAddedToCart()[pri:0, instance:Amazon_Project.Final.Test_9@353352b6]" started-at="2024-10-24T11:33:40 CDT" name="productAddedToCart" finished-at="2024-10-24T11:34:08 CDT" duration-ms="28108" status="FAIL">
          <exception class="java.lang.AssertionError">
            <message>
              <![CDATA[Test Case 9 Failed-Particular item was not added to cart expected [Campus Mens Oxyfit (N) Walking S] but found [Campus Men's OXYFIT (N) BLU/Gry ]]]>
            </message>
            <full-stacktrace>
              <![CDATA[java.lang.AssertionError: Test Case 9 Failed-Particular item was not added to cart expected [Campus Mens Oxyfit (N) Walking S] but found [Campus Men's OXYFIT (N) BLU/Gry ]
at org.testng.Assert.fail(Assert.java:111)
at org.testng.Assert.failNotEquals(Assert.java:1578)
at org.testng.Assert.assertEqualsImpl(Assert.java:150)
at org.testng.Assert.assertEquals(Assert.java:132)
at org.testng.Assert.assertEquals(Assert.java:656)
at Amazon_Project.Final.Amz_CartPage.producttitleincart(Amz_CartPage.java:81)
at Amazon_Project.Final.Test_9.productAddedToCart(Test_9.java:29)
at java.base/jdk.internal.reflect.NativeMethodAccessorImpl.invoke0(Native Method)
at java.base/jdk.internal.reflect.NativeMethodAccessorImpl.invoke(NativeMethodAccessorImpl.java:77)
at java.base/jdk.internal.reflect.DelegatingMethodAccessorImpl.invoke(DelegatingMethodAccessorImpl.java:43)
at java.base/java.lang.reflect.Method.invoke(Method.java:568)
at org.testng.internal.invokers.MethodInvocationHelper.invokeMethod(MethodInvocationHelper.java:141)
at org.testng.internal.invokers.TestInvoker.invokeMethod(TestInvoker.java:686)
at org.testng.internal.invokers.TestInvoker.retryFailed(TestInvoker.java:269)
at org.testng.internal.invokers.MethodRunner.runInSequence(MethodRunner.java:76)
at org.testng.internal.invokers.TestInvoker$MethodInvocationAgent.invoke(TestInvoker.java:992)
at org.testng.internal.invokers.TestInvoker.invokeTestMethods(TestInvoker.java:203)
at org.testng.internal.invokers.TestMethodWorker.invokeTestMethods(TestMethodWorker.java:154)
at org.testng.internal.invokers.TestMethodWorker.run(TestMethodWorker.java:134)
at java.base/java.util.ArrayList.forEach(ArrayList.java:1511)
at org.testng.TestRunner.privateRun(TestRunner.java:739)
at org.testng.TestRunner.run(TestRunner.java:614)
at org.testng.SuiteRunner.runTest(SuiteRunner.java:421)
at org.testng.SuiteRunner.runSequentially(SuiteRunner.java:413)
at org.testng.SuiteRunner.privateRun(SuiteRunner.java:373)
at org.testng.SuiteRunner.run(SuiteRunner.java:312)
at org.testng.SuiteRunnerWorker.runSuite(SuiteRunnerWorker.java:52)
at org.testng.SuiteRunnerWorker.run(SuiteRunnerWorker.java:95)
at org.testng.TestNG.runSuitesSequentially(TestNG.java:1274)
at org.testng.TestNG.runSuitesLocally(TestNG.java:1208)
at org.testng.TestNG.runSuites(TestNG.java:1112)
at org.testng.TestNG.run(TestNG.java:1079)
at org.apache.maven.surefire.testng.TestNGExecutor.run(TestNGExecutor.java:308)
at org.apache.maven.surefire.testng.TestNGXmlTestSuite.execute(TestNGXmlTestSuite.java:71)
at org.apache.maven.surefire.testng.TestNGProvider.invoke(TestNGProvider.java:113)
at org.apache.maven.surefire.booter.ForkedBooter.runSuitesInProcess(ForkedBooter.java:385)
at org.apache.maven.surefire.booter.ForkedBooter.execute(ForkedBooter.java:162)
at org.apache.maven.surefire.booter.ForkedBooter.run(ForkedBooter.java:507)
at org.apache.maven.surefire.booter.ForkedBooter.main(ForkedBooter.java:495)
]]>
            </full-stacktrace>
          </exception> <!-- java.lang.AssertionError -->
          <reporter-output>
          </reporter-output>
        </test-method> <!-- productAddedToCart -->
        <test-method is-config="true" signature="logout()[pri:0, instance:Amazon_Project.Final.Test_9@353352b6]" started-at="2024-10-24T11:34:10 CDT" name="logout" finished-at="2024-10-24T11:34:17 CDT" duration-ms="6393" status="PASS">
          <reporter-output>
          </reporter-output>
        </test-method> <!-- logout -->
      </class> <!-- Amazon_Project.Final.Test_9 -->
      <class name="Amazon_Project.Final.Test_6">
        <test-method is-config="true" signature="launch_browser_login(java.lang.String)[pri:0, instance:Amazon_Project.Final.Test_6@5524cca1]" started-at="2024-10-24T11:30:30 CDT" name="launch_browser_login" finished-at="2024-10-24T11:30:35 CDT" duration-ms="4919" status="PASS">
          <params>
            <param index="0">
              <value>
                <![CDATA[edge]]>
              </value>
            </param>
          </params>
          <reporter-output>
          </reporter-output>
        </test-method> <!-- launch_browser_login -->
        <test-method signature="categoryPriceRange()[pri:0, instance:Amazon_Project.Final.Test_6@5524cca1]" started-at="2024-10-24T11:30:35 CDT" name="categoryPriceRange" finished-at="2024-10-24T11:30:57 CDT" duration-ms="21748" status="PASS">
          <reporter-output>
            <line>
              <![CDATA[Test 6 Category passed-Category search resulted in around 54 searches based on category Women's Casual Shoes]]>
            </line>
            <line>
              <![CDATA[Test Case 6 Passed-The price slider is giving accurate results]]>
            </line>
          </reporter-output>
        </test-method> <!-- categoryPriceRange -->
        <test-method is-config="true" signature="logout()[pri:0, instance:Amazon_Project.Final.Test_6@5524cca1]" started-at="2024-10-24T11:30:59 CDT" name="logout" finished-at="2024-10-24T11:31:05 CDT" duration-ms="6406" status="PASS">
          <reporter-output>
          </reporter-output>
        </test-method> <!-- logout -->
      </class> <!-- Amazon_Project.Final.Test_6 -->
      <class name="Amazon_Project.Final.Test_5">
        <test-method is-config="true" signature="launch_browser_login(java.lang.String)[pri:0, instance:Amazon_Project.Final.Test_5@1a75e76a]" started-at="2024-10-24T11:30:11 CDT" name="launch_browser_login" finished-at="2024-10-24T11:30:18 CDT" duration-ms="6702" status="PASS">
          <params>
            <param index="0">
              <value>
                <![CDATA[edge]]>
              </value>
            </param>
          </params>
          <reporter-output>
          </reporter-output>
        </test-method> <!-- launch_browser_login -->
        <test-method signature="searchshoe()[pri:0, instance:Amazon_Project.Final.Test_5@1a75e76a]" started-at="2024-10-24T11:30:18 CDT" name="searchshoe" finished-at="2024-10-24T11:30:21 CDT" duration-ms="3100" status="PASS">
          <reporter-output>
            <line>
              <![CDATA[Test Case 5 Passed: Search is giving correct result]]>
            </line>
          </reporter-output>
        </test-method> <!-- searchshoe -->
        <test-method is-config="true" signature="logout()[pri:0, instance:Amazon_Project.Final.Test_5@1a75e76a]" started-at="2024-10-24T11:30:24 CDT" name="logout" finished-at="2024-10-24T11:30:30 CDT" duration-ms="6341" status="PASS">
          <reporter-output>
          </reporter-output>
        </test-method> <!-- logout -->
      </class> <!-- Amazon_Project.Final.Test_5 -->
      <class name="Amazon_Project.Final.Test_8">
        <test-method is-config="true" signature="launch_browser_login(java.lang.String)[pri:0, instance:Amazon_Project.Final.Test_8@48bb62]" started-at="2024-10-24T11:31:27 CDT" name="launch_browser_login" finished-at="2024-10-24T11:31:32 CDT" duration-ms="4518" status="PASS">
          <params>
            <param index="0">
              <value>
                <![CDATA[edge]]>
              </value>
            </param>
          </params>
          <reporter-output>
          </reporter-output>
        </test-method> <!-- launch_browser_login -->
        <test-method signature="productpagedisplay()[pri:0, instance:Amazon_Project.Final.Test_8@48bb62]" started-at="2024-10-24T11:31:32 CDT" name="productpagedisplay" finished-at="2024-10-24T11:32:06 CDT" duration-ms="34046" status="PASS">
          <reporter-output>
            <line>
              <![CDATA[TestCase 8 passed- Sorting low to high successful]]>
            </line>
            <line>
              <![CDATA[TestCase 8 passed- Sorting high to low successful]]>
            </line>
          </reporter-output>
        </test-method> <!-- productpagedisplay -->
        <test-method is-config="true" signature="logout()[pri:0, instance:Amazon_Project.Final.Test_8@48bb62]" started-at="2024-10-24T11:32:08 CDT" name="logout" finished-at="2024-10-24T11:32:15 CDT" duration-ms="6409" status="PASS">
          <reporter-output>
          </reporter-output>
        </test-method> <!-- logout -->
      </class> <!-- Amazon_Project.Final.Test_8 -->
      <class name="Amazon_Project.Final.Test_7">
        <test-method is-config="true" signature="launch_browser_login(java.lang.String)[pri:0, instance:Amazon_Project.Final.Test_7@5032714f]" started-at="2024-10-24T11:31:05 CDT" name="launch_browser_login" finished-at="2024-10-24T11:31:12 CDT" duration-ms="6210" status="PASS">
          <params>
            <param index="0">
              <value>
                <![CDATA[edge]]>
              </value>
            </param>
          </params>
          <reporter-output>
          </reporter-output>
        </test-method> <!-- launch_browser_login -->
        <test-method signature="productpagedisplay()[pri:0, instance:Amazon_Project.Final.Test_7@5032714f]" started-at="2024-10-24T11:31:12 CDT" name="productpagedisplay" finished-at="2024-10-24T11:31:19 CDT" duration-ms="7100" status="PASS">
          <reporter-output>
            <line>
              <![CDATA[Test Case 7 for price display passed]]>
            </line>
            <line>
              <![CDATA[Test Case 7 for product details display or about this item passed]]>
            </line>
            <line>
              <![CDATA[Test Case 7 for customer product rating display passed]]>
            </line>
          </reporter-output>
        </test-method> <!-- productpagedisplay -->
        <test-method is-config="true" signature="logout()[pri:0, instance:Amazon_Project.Final.Test_7@5032714f]" started-at="2024-10-24T11:31:21 CDT" name="logout" finished-at="2024-10-24T11:31:27 CDT" duration-ms="6386" status="PASS">
          <reporter-output>
          </reporter-output>
        </test-method> <!-- logout -->
      </class> <!-- Amazon_Project.Final.Test_7 -->
      <class name="Amazon_Project.Final.Test14">
        <test-method is-config="true" signature="launch_browser_login(java.lang.String)[pri:0, instance:Amazon_Project.Final.Test14@2767e23c]" started-at="2024-10-24T11:40:57 CDT" name="launch_browser_login" finished-at="2024-10-24T11:41:02 CDT" duration-ms="5181" status="PASS">
          <params>
            <param index="0">
              <value>
                <![CDATA[edge]]>
              </value>
            </param>
          </params>
          <reporter-output>
          </reporter-output>
        </test-method> <!-- launch_browser_login -->
        <test-method signature="orderRating()[pri:0, instance:Amazon_Project.Final.Test14@2767e23c]" started-at="2024-10-24T11:41:02 CDT" name="orderRating" finished-at="2024-10-24T11:41:11 CDT" duration-ms="8589" status="PASS">
          <reporter-output>
            <line>
              <![CDATA[Test Case 14 passed-5 star rating on product ordered successful]]>
            </line>
          </reporter-output>
        </test-method> <!-- orderRating -->
        <test-method is-config="true" signature="logout()[pri:0, instance:Amazon_Project.Final.Test14@2767e23c]" started-at="2024-10-24T11:41:13 CDT" name="logout" finished-at="2024-10-24T11:41:20 CDT" duration-ms="6371" status="PASS">
          <reporter-output>
          </reporter-output>
        </test-method> <!-- logout -->
      </class> <!-- Amazon_Project.Final.Test14 -->
      <class name="Amazon_Project.Final.Test13">
        <test-method is-config="true" signature="launch_browser_login(java.lang.String)[pri:0, instance:Amazon_Project.Final.Test13@6fa51cd4]" started-at="2024-10-24T11:40:29 CDT" name="launch_browser_login" finished-at="2024-10-24T11:40:33 CDT" duration-ms="4749" status="PASS">
          <params>
            <param index="0">
              <value>
                <![CDATA[edge]]>
              </value>
            </param>
          </params>
          <reporter-output>
          </reporter-output>
        </test-method> <!-- launch_browser_login -->
        <test-method signature="selectCoupon()[pri:0, instance:Amazon_Project.Final.Test13@6fa51cd4]" started-at="2024-10-24T11:40:33 CDT" name="selectCoupon" finished-at="2024-10-24T11:40:49 CDT" duration-ms="15372" status="PASS">
          <reporter-output>
            <line>
              <![CDATA[Test Case 13 passed-Coupon click successful]]>
            </line>
          </reporter-output>
        </test-method> <!-- selectCoupon -->
        <test-method is-config="true" signature="logout()[pri:0, instance:Amazon_Project.Final.Test13@6fa51cd4]" started-at="2024-10-24T11:40:51 CDT" name="logout" finished-at="2024-10-24T11:40:57 CDT" duration-ms="6386" status="PASS">
          <reporter-output>
          </reporter-output>
        </test-method> <!-- logout -->
      </class> <!-- Amazon_Project.Final.Test13 -->
      <class name="Amazon_Project.Final.Test15">
        <test-method is-config="true" signature="launch_browser_login(java.lang.String)[pri:0, instance:Amazon_Project.Final.Test15@710c2b53]" started-at="2024-10-24T11:41:20 CDT" name="launch_browser_login" finished-at="2024-10-24T11:41:25 CDT" duration-ms="5447" status="PASS">
          <params>
            <param index="0">
              <value>
                <![CDATA[edge]]>
              </value>
            </param>
          </params>
          <reporter-output>
          </reporter-output>
        </test-method> <!-- launch_browser_login -->
        <test-method signature="cartWithoutlogging()[pri:0, instance:Amazon_Project.Final.Test15@710c2b53]" started-at="2024-10-24T11:41:25 CDT" name="cartWithoutlogging" finished-at="2024-10-24T11:41:35 CDT" duration-ms="10274" status="PASS">
          <reporter-output>
            <line>
              <![CDATA[Test Case 5 Passed: Search is giving correct result]]>
            </line>
            <line>
              <![CDATA[Test Case 15 passed-Reaching the cart page without logging in successful]]>
            </line>
          </reporter-output>
        </test-method> <!-- cartWithoutlogging -->
        <test-method is-config="true" signature="logout()[pri:0, instance:Amazon_Project.Final.Test15@710c2b53]" started-at="2024-10-24T11:41:38 CDT" name="logout" finished-at="2024-10-24T11:41:44 CDT" duration-ms="6383" status="PASS">
          <reporter-output>
          </reporter-output>
        </test-method> <!-- logout -->
      </class> <!-- Amazon_Project.Final.Test15 -->
      <class name="Amazon_Project.Final.Test10">
        <test-method is-config="true" signature="launch_browser_login(java.lang.String)[pri:0, instance:Amazon_Project.Final.Test10@4681c175]" started-at="2024-10-24T11:34:17 CDT" name="launch_browser_login" finished-at="2024-10-24T11:34:22 CDT" duration-ms="4909" status="PASS">
          <params>
            <param index="0">
              <value>
                <![CDATA[edge]]>
              </value>
            </param>
          </params>
          <reporter-output>
          </reporter-output>
        </test-method> <!-- launch_browser_login -->
        <test-method retried="true" signature="CartQuantityandDeletion()[pri:0, instance:Amazon_Project.Final.Test10@4681c175]" started-at="2024-10-24T11:34:22 CDT" name="CartQuantityandDeletion" finished-at="2024-10-24T11:34:56 CDT" duration-ms="34798" status="SKIP">
          <exception class="java.lang.IndexOutOfBoundsException">
            <message>
              <![CDATA[Index 2 out of bounds for length 2]]>
            </message>
            <full-stacktrace>
              <![CDATA[java.lang.IndexOutOfBoundsException: Index 2 out of bounds for length 2
at java.base/jdk.internal.util.Preconditions.outOfBounds(Preconditions.java:64)
at java.base/jdk.internal.util.Preconditions.outOfBoundsCheckIndex(Preconditions.java:70)
at java.base/jdk.internal.util.Preconditions.checkIndex(Preconditions.java:266)
at java.base/java.util.Objects.checkIndex(Objects.java:361)
at java.base/java.util.ArrayList.get(ArrayList.java:427)
at java.base/jdk.internal.reflect.GeneratedMethodAccessor2.invoke(Unknown Source)
at java.base/jdk.internal.reflect.DelegatingMethodAccessorImpl.invoke(DelegatingMethodAccessorImpl.java:43)
at java.base/java.lang.reflect.Method.invoke(Method.java:568)
at org.openqa.selenium.support.pagefactory.internal.LocatingElementListHandler.invoke(LocatingElementListHandler.java:39)
at jdk.proxy2/jdk.proxy2.$Proxy13.get(Unknown Source)
at Amazon_Project.Final.Amz_CartPage.quantityAndDelete(Amz_CartPage.java:149)
at Amazon_Project.Final.Test10.CartQuantityandDeletion(Test10.java:30)
at java.base/jdk.internal.reflect.NativeMethodAccessorImpl.invoke0(Native Method)
at java.base/jdk.internal.reflect.NativeMethodAccessorImpl.invoke(NativeMethodAccessorImpl.java:77)
at java.base/jdk.internal.reflect.DelegatingMethodAccessorImpl.invoke(DelegatingMethodAccessorImpl.java:43)
at java.base/java.lang.reflect.Method.invoke(Method.java:568)
at org.testng.internal.invokers.MethodInvocationHelper.invokeMethod(MethodInvocationHelper.java:141)
at org.testng.internal.invokers.TestInvoker.invokeMethod(TestInvoker.java:686)
at org.testng.internal.invokers.TestInvoker.invokeTestMethod(TestInvoker.java:230)
at org.testng.internal.invokers.MethodRunner.runInSequence(MethodRunner.java:63)
at org.testng.internal.invokers.TestInvoker$MethodInvocationAgent.invoke(TestInvoker.java:992)
at org.testng.internal.invokers.TestInvoker.invokeTestMethods(TestInvoker.java:203)
at org.testng.internal.invokers.TestMethodWorker.invokeTestMethods(TestMethodWorker.java:154)
at org.testng.internal.invokers.TestMethodWorker.run(TestMethodWorker.java:134)
at java.base/java.util.ArrayList.forEach(ArrayList.java:1511)
at org.testng.TestRunner.privateRun(TestRunner.java:739)
at org.testng.TestRunner.run(TestRunner.java:614)
at org.testng.SuiteRunner.runTest(SuiteRunner.java:421)
at org.testng.SuiteRunner.runSequentially(SuiteRunner.java:413)
at org.testng.SuiteRunner.privateRun(SuiteRunner.java:373)
at org.testng.SuiteRunner.run(SuiteRunner.java:312)
at org.testng.SuiteRunnerWorker.runSuite(SuiteRunnerWorker.java:52)
at org.testng.SuiteRunnerWorker.run(SuiteRunnerWorker.java:95)
at org.testng.TestNG.runSuitesSequentially(TestNG.java:1274)
at org.testng.TestNG.runSuitesLocally(TestNG.java:1208)
at org.testng.TestNG.runSuites(TestNG.java:1112)
at org.testng.TestNG.run(TestNG.java:1079)
at org.apache.maven.surefire.testng.TestNGExecutor.run(TestNGExecutor.java:308)
at org.apache.maven.surefire.testng.TestNGXmlTestSuite.execute(TestNGXmlTestSuite.java:71)
at org.apache.maven.surefire.testng.TestNGProvider.invoke(TestNGProvider.java:113)
at org.apache.maven.surefire.booter.ForkedBooter.runSuitesInProcess(ForkedBooter.java:385)
at org.apache.maven.surefire.booter.ForkedBooter.execute(ForkedBooter.java:162)
at org.apache.maven.surefire.booter.ForkedBooter.run(ForkedBooter.java:507)
at org.apache.maven.surefire.booter.ForkedBooter.main(ForkedBooter.java:495)
]]>
            </full-stacktrace>
          </exception> <!-- java.lang.IndexOutOfBoundsException -->
          <reporter-output>
            <line>
              <![CDATA[Test Case 10 Passed-Qty change Successful]]>
            </line>
          </reporter-output>
        </test-method> <!-- CartQuantityandDeletion -->
        <test-method is-config="true" signature="logout()[pri:0, instance:Amazon_Project.Final.Test10@4681c175]" started-at="2024-10-24T11:34:56 CDT" name="logout" finished-at="2024-10-24T11:35:03 CDT" duration-ms="6416" status="PASS">
          <reporter-output>
          </reporter-output>
        </test-method> <!-- logout -->
        <test-method is-config="true" signature="launch_browser_login(java.lang.String)[pri:0, instance:Amazon_Project.Final.Test10@4681c175]" started-at="2024-10-24T11:35:03 CDT" name="launch_browser_login" finished-at="2024-10-24T11:35:08 CDT" duration-ms="4874" status="PASS">
          <params>
            <param index="0">
              <value>
                <![CDATA[edge]]>
              </value>
            </param>
          </params>
          <reporter-output>
          </reporter-output>
        </test-method> <!-- launch_browser_login -->
        <test-method signature="CartQuantityandDeletion()[pri:0, instance:Amazon_Project.Final.Test10@4681c175]" started-at="2024-10-24T11:35:08 CDT" name="CartQuantityandDeletion" finished-at="2024-10-24T11:35:44 CDT" duration-ms="35897" status="PASS">
          <reporter-output>
            <line>
              <![CDATA[Test Case 10 Passed-Qty change Successful]]>
            </line>
            <line>
              <![CDATA[Test Case 10 Passed-Deletion of product from cart was successful]]>
            </line>
          </reporter-output>
        </test-method> <!-- CartQuantityandDeletion -->
        <test-method is-config="true" signature="logout()[pri:0, instance:Amazon_Project.Final.Test10@4681c175]" started-at="2024-10-24T11:35:46 CDT" name="logout" finished-at="2024-10-24T11:35:52 CDT" duration-ms="6408" status="PASS">
          <reporter-output>
          </reporter-output>
        </test-method> <!-- logout -->
      </class> <!-- Amazon_Project.Final.Test10 -->
      <class name="Amazon_Project.Final.Test12">
        <test-method is-config="true" signature="launch_browser_login(java.lang.String)[pri:0, instance:Amazon_Project.Final.Test12@402c4085]" started-at="2024-10-24T11:39:36 CDT" name="launch_browser_login" finished-at="2024-10-24T11:39:43 CDT" duration-ms="6841" status="PASS">
          <params>
            <param index="0">
              <value>
                <![CDATA[edge]]>
              </value>
            </param>
          </params>
          <reporter-output>
          </reporter-output>
        </test-method> <!-- launch_browser_login -->
        <test-method signature="selectVariousPayementMethod()[pri:0, instance:Amazon_Project.Final.Test12@402c4085]" started-at="2024-10-24T11:39:43 CDT" name="selectVariousPayementMethod" finished-at="2024-10-24T11:40:20 CDT" duration-ms="37090" status="PASS">
          <reporter-output>
            <line>
              <![CDATA[TestCase 12 Passed-Selection of credit or debit card successful]]>
            </line>
            <line>
              <![CDATA[TestCase 12 Passed-Selection of NetBanking successful]]>
            </line>
            <line>
              <![CDATA[TestCase 12 Passed-Selection of upi successful]]>
            </line>
          </reporter-output>
        </test-method> <!-- selectVariousPayementMethod -->
        <test-method is-config="true" signature="logout()[pri:0, instance:Amazon_Project.Final.Test12@402c4085]" started-at="2024-10-24T11:40:22 CDT" name="logout" finished-at="2024-10-24T11:40:29 CDT" duration-ms="6408" status="PASS">
          <reporter-output>
          </reporter-output>
        </test-method> <!-- logout -->
      </class> <!-- Amazon_Project.Final.Test12 -->
      <class name="Amazon_Project.Final.Test11">
        <test-method is-config="true" signature="launch_browser_login(java.lang.String)[pri:0, instance:Amazon_Project.Final.Test11@57a78e3]" started-at="2024-10-24T11:35:52 CDT" name="launch_browser_login" finished-at="2024-10-24T11:35:57 CDT" duration-ms="4778" status="PASS">
          <params>
            <param index="0">
              <value>
                <![CDATA[edge]]>
              </value>
            </param>
          </params>
          <reporter-output>
          </reporter-output>
        </test-method> <!-- launch_browser_login -->
        <test-method retried="true" signature="checkoutProcess()[pri:0, instance:Amazon_Project.Final.Test11@57a78e3]" started-at="2024-10-24T11:35:57 CDT" name="checkoutProcess" finished-at="2024-10-24T11:37:20 CDT" duration-ms="83451" status="SKIP">
          <exception class="org.openqa.selenium.NoSuchElementException">
            <message>
              <![CDATA[no such element: Unable to locate element: {"method":"xpath","selector":"//span[@class='order-summary']"}
  (Session info: MicrosoftEdge=129.0.2792.79)
For documentation on this error, please visit: https://www.selenium.dev/documentation/webdriver/troubleshooting/errors#no-such-element-exception
Build info: version: '4.23.1', revision: '656257d8e9'
System info: os.name: 'Windows 11', os.arch: 'amd64', os.version: '10.0', java.version: '17.0.11'
Driver info: org.openqa.selenium.edge.EdgeDriver
Command: [d097b24ec95ee86d9743862c3fab153b, findElement {value=//span[@class='order-summary'], using=xpath}]
Capabilities {acceptInsecureCerts: false, browserName: MicrosoftEdge, browserVersion: 129.0.2792.79, fedcm:accounts: true, ms:edgeOptions: {debuggerAddress: localhost:57661}, msedge: {msedgedriverVersion: 129.0.2792.89 (65986ec8d2a8..., userDataDir: C:\Users\mailt\AppData\Loca...}, networkConnectionEnabled: false, pageLoadStrategy: normal, platformName: windows, proxy: Proxy(), se:cdp: ws://localhost:57661/devtoo..., se:cdpVersion: 129.0.2792.79, setWindowRect: true, strictFileInteractability: false, timeouts: {implicit: 0, pageLoad: 300000, script: 30000}, unhandledPromptBehavior: dismiss and notify, webauthn:extension:credBlob: true, webauthn:extension:largeBlob: true, webauthn:extension:minPinLength: true, webauthn:extension:prf: true, webauthn:virtualAuthenticators: true}
Session ID: d097b24ec95ee86d9743862c3fab153b]]>
            </message>
            <full-stacktrace>
              <![CDATA[org.openqa.selenium.NoSuchElementException: no such element: Unable to locate element: {"method":"xpath","selector":"//span[@class='order-summary']"}
  (Session info: MicrosoftEdge=129.0.2792.79)
For documentation on this error, please visit: https://www.selenium.dev/documentation/webdriver/troubleshooting/errors#no-such-element-exception
Build info: version: '4.23.1', revision: '656257d8e9'
System info: os.name: 'Windows 11', os.arch: 'amd64', os.version: '10.0', java.version: '17.0.11'
Driver info: org.openqa.selenium.edge.EdgeDriver
Command: [d097b24ec95ee86d9743862c3fab153b, findElement {value=//span[@class='order-summary'], using=xpath}]
Capabilities {acceptInsecureCerts: false, browserName: MicrosoftEdge, browserVersion: 129.0.2792.79, fedcm:accounts: true, ms:edgeOptions: {debuggerAddress: localhost:57661}, msedge: {msedgedriverVersion: 129.0.2792.89 (65986ec8d2a8..., userDataDir: C:\Users\mailt\AppData\Loca...}, networkConnectionEnabled: false, pageLoadStrategy: normal, platformName: windows, proxy: Proxy(), se:cdp: ws://localhost:57661/devtoo..., se:cdpVersion: 129.0.2792.79, setWindowRect: true, strictFileInteractability: false, timeouts: {implicit: 0, pageLoad: 300000, script: 30000}, unhandledPromptBehavior: dismiss and notify, webauthn:extension:credBlob: true, webauthn:extension:largeBlob: true, webauthn:extension:minPinLength: true, webauthn:extension:prf: true, webauthn:virtualAuthenticators: true}
Session ID: d097b24ec95ee86d9743862c3fab153b
at java.base/jdk.internal.reflect.NativeConstructorAccessorImpl.newInstance0(Native Method)
at java.base/jdk.internal.reflect.NativeConstructorAccessorImpl.newInstance(NativeConstructorAccessorImpl.java:77)
at java.base/jdk.internal.reflect.DelegatingConstructorAccessorImpl.newInstance(DelegatingConstructorAccessorImpl.java:45)
at java.base/java.lang.reflect.Constructor.newInstanceWithCaller(Constructor.java:499)
at java.base/java.lang.reflect.Constructor.newInstance(Constructor.java:480)
at org.openqa.selenium.remote.ErrorCodec.decode(ErrorCodec.java:167)
at org.openqa.selenium.remote.codec.w3c.W3CHttpResponseCodec.decode(W3CHttpResponseCodec.java:138)
at org.openqa.selenium.remote.codec.w3c.W3CHttpResponseCodec.decode(W3CHttpResponseCodec.java:50)
at org.openqa.selenium.remote.HttpCommandExecutor.execute(HttpCommandExecutor.java:190)
at org.openqa.selenium.remote.service.DriverCommandExecutor.invokeExecute(DriverCommandExecutor.java:216)
at org.openqa.selenium.remote.service.DriverCommandExecutor.execute(DriverCommandExecutor.java:174)
at org.openqa.selenium.remote.RemoteWebDriver.execute(RemoteWebDriver.java:545)
at org.openqa.selenium.remote.ElementLocation$ElementFinder$2.findElement(ElementLocation.java:165)
at org.openqa.selenium.remote.ElementLocation.findElement(ElementLocation.java:59)
at org.openqa.selenium.remote.RemoteWebDriver.findElement(RemoteWebDriver.java:368)
at org.openqa.selenium.remote.RemoteWebDriver.findElement(RemoteWebDriver.java:362)
at org.openqa.selenium.support.pagefactory.DefaultElementLocator.findElement(DefaultElementLocator.java:68)
at org.openqa.selenium.support.pagefactory.internal.LocatingElementHandler.invoke(LocatingElementHandler.java:38)
at jdk.proxy2/jdk.proxy2.$Proxy12.getLocation(Unknown Source)
at Amazon_Project.Final.Amz_CheckoutPage.EnterCardDetails(Amz_CheckoutPage.java:242)
at Amazon_Project.Final.Test11.checkoutProcess(Test11.java:35)
at java.base/jdk.internal.reflect.NativeMethodAccessorImpl.invoke0(Native Method)
at java.base/jdk.internal.reflect.NativeMethodAccessorImpl.invoke(NativeMethodAccessorImpl.java:77)
at java.base/jdk.internal.reflect.DelegatingMethodAccessorImpl.invoke(DelegatingMethodAccessorImpl.java:43)
at java.base/java.lang.reflect.Method.invoke(Method.java:568)
at org.testng.internal.invokers.MethodInvocationHelper.invokeMethod(MethodInvocationHelper.java:141)
at org.testng.internal.invokers.TestInvoker.invokeMethod(TestInvoker.java:686)
at org.testng.internal.invokers.TestInvoker.invokeTestMethod(TestInvoker.java:230)
at org.testng.internal.invokers.MethodRunner.runInSequence(MethodRunner.java:63)
at org.testng.internal.invokers.TestInvoker$MethodInvocationAgent.invoke(TestInvoker.java:992)
at org.testng.internal.invokers.TestInvoker.invokeTestMethods(TestInvoker.java:203)
at org.testng.internal.invokers.TestMethodWorker.invokeTestMethods(TestMethodWorker.java:154)
at org.testng.internal.invokers.TestMethodWorker.run(TestMethodWorker.java:134)
at java.base/java.util.ArrayList.forEach(ArrayList.java:1511)
at org.testng.TestRunner.privateRun(TestRunner.java:739)
at org.testng.TestRunner.run(TestRunner.java:614)
at org.testng.SuiteRunner.runTest(SuiteRunner.java:421)
at org.testng.SuiteRunner.runSequentially(SuiteRunner.java:413)
at org.testng.SuiteRunner.privateRun(SuiteRunner.java:373)
at org.testng.SuiteRunner.run(SuiteRunner.java:312)
at org.testng.SuiteRunnerWorker.runSuite(SuiteRunnerWorker.java:52)
at org.testng.SuiteRunnerWorker.run(SuiteRunnerWorker.java:95)
at org.testng.TestNG.runSuitesSequentially(TestNG.java:1274)
at org.testng.TestNG.runSuitesLocally(TestNG.java:1208)
at org.testng.TestNG.runSuites(TestNG.java:1112)
at org.testng.TestNG.run(TestNG.java:1079)
at org.apache.maven.surefire.testng.TestNGExecutor.run(TestNGExecutor.java:308)
at org.apache.maven.surefire.testng.TestNGXmlTestSuite.execute(TestNGXmlTestSuite.java:71)
at org.apache.maven.surefire.testng.TestNGProvider.invoke(TestNGProvider.java:113)
at org.apache.maven.surefire.booter.ForkedBooter.runSuitesInProcess(ForkedBooter.java:385)
at org.apache.maven.surefire.booter.ForkedBooter.execute(ForkedBooter.java:162)
at org.apache.maven.surefire.booter.ForkedBooter.run(ForkedBooter.java:507)
at org.apache.maven.surefire.booter.ForkedBooter.main(ForkedBooter.java:495)
]]>
            </full-stacktrace>
          </exception> <!-- org.openqa.selenium.NoSuchElementException -->
          <reporter-output>
            <line>
              <![CDATA[Test Case 11 passed-Address selected successfully]]>
            </line>
            <line>
              <![CDATA[Test Case 11 passed-Payment type selected successfully]]>
            </line>
          </reporter-output>
        </test-method> <!-- checkoutProcess -->
        <test-method is-config="true" signature="logout()[pri:0, instance:Amazon_Project.Final.Test11@57a78e3]" started-at="2024-10-24T11:37:20 CDT" name="logout" finished-at="2024-10-24T11:37:27 CDT" duration-ms="6439" status="PASS">
          <reporter-output>
          </reporter-output>
        </test-method> <!-- logout -->
        <test-method is-config="true" signature="launch_browser_login(java.lang.String)[pri:0, instance:Amazon_Project.Final.Test11@57a78e3]" started-at="2024-10-24T11:37:27 CDT" name="launch_browser_login" finished-at="2024-10-24T11:37:33 CDT" duration-ms="6602" status="PASS">
          <params>
            <param index="0">
              <value>
                <![CDATA[edge]]>
              </value>
            </param>
          </params>
          <reporter-output>
          </reporter-output>
        </test-method> <!-- launch_browser_login -->
        <test-method retried="true" signature="checkoutProcess()[pri:0, instance:Amazon_Project.Final.Test11@57a78e3]" started-at="2024-10-24T11:37:33 CDT" name="checkoutProcess" finished-at="2024-10-24T11:38:05 CDT" duration-ms="31287" status="SKIP">
          <exception class="org.openqa.selenium.ElementNotInteractableException">
            <message>
              <![CDATA[element not interactable
  (Session info: MicrosoftEdge=129.0.2792.79)
Build info: version: '4.23.1', revision: '656257d8e9'
System info: os.name: 'Windows 11', os.arch: 'amd64', os.version: '10.0', java.version: '17.0.11'
Driver info: org.openqa.selenium.edge.EdgeDriver
Command: [f451510355a8914395a8887e85b53f15, clickElement {id=f.BE3195B47592BEC1A6AF54E89507442F.d.338470956DD103DB563637183BA3B744.e.4090}]
Capabilities {acceptInsecureCerts: false, browserName: MicrosoftEdge, browserVersion: 129.0.2792.79, fedcm:accounts: true, ms:edgeOptions: {debuggerAddress: localhost:57933}, msedge: {msedgedriverVersion: 129.0.2792.89 (65986ec8d2a8..., userDataDir: C:\Users\mailt\AppData\Loca...}, networkConnectionEnabled: false, pageLoadStrategy: normal, platformName: windows, proxy: Proxy(), se:cdp: ws://localhost:57933/devtoo..., se:cdpVersion: 129.0.2792.79, setWindowRect: true, strictFileInteractability: false, timeouts: {implicit: 0, pageLoad: 300000, script: 30000}, unhandledPromptBehavior: dismiss and notify, webauthn:extension:credBlob: true, webauthn:extension:largeBlob: true, webauthn:extension:minPinLength: true, webauthn:extension:prf: true, webauthn:virtualAuthenticators: true}
Element: [[EdgeDriver: MicrosoftEdge on windows (f451510355a8914395a8887e85b53f15)] -> xpath: //span[.='Sign in']]
Session ID: f451510355a8914395a8887e85b53f15]]>
            </message>
            <full-stacktrace>
              <![CDATA[org.openqa.selenium.ElementNotInteractableException: element not interactable
  (Session info: MicrosoftEdge=129.0.2792.79)
Build info: version: '4.23.1', revision: '656257d8e9'
System info: os.name: 'Windows 11', os.arch: 'amd64', os.version: '10.0', java.version: '17.0.11'
Driver info: org.openqa.selenium.edge.EdgeDriver
Command: [f451510355a8914395a8887e85b53f15, clickElement {id=f.BE3195B47592BEC1A6AF54E89507442F.d.338470956DD103DB563637183BA3B744.e.4090}]
Capabilities {acceptInsecureCerts: false, browserName: MicrosoftEdge, browserVersion: 129.0.2792.79, fedcm:accounts: true, ms:edgeOptions: {debuggerAddress: localhost:57933}, msedge: {msedgedriverVersion: 129.0.2792.89 (65986ec8d2a8..., userDataDir: C:\Users\mailt\AppData\Loca...}, networkConnectionEnabled: false, pageLoadStrategy: normal, platformName: windows, proxy: Proxy(), se:cdp: ws://localhost:57933/devtoo..., se:cdpVersion: 129.0.2792.79, setWindowRect: true, strictFileInteractability: false, timeouts: {implicit: 0, pageLoad: 300000, script: 30000}, unhandledPromptBehavior: dismiss and notify, webauthn:extension:credBlob: true, webauthn:extension:largeBlob: true, webauthn:extension:minPinLength: true, webauthn:extension:prf: true, webauthn:virtualAuthenticators: true}
Element: [[EdgeDriver: MicrosoftEdge on windows (f451510355a8914395a8887e85b53f15)] -> xpath: //span[.='Sign in']]
Session ID: f451510355a8914395a8887e85b53f15
at java.base/jdk.internal.reflect.NativeConstructorAccessorImpl.newInstance0(Native Method)
at java.base/jdk.internal.reflect.NativeConstructorAccessorImpl.newInstance(NativeConstructorAccessorImpl.java:77)
at java.base/jdk.internal.reflect.DelegatingConstructorAccessorImpl.newInstance(DelegatingConstructorAccessorImpl.java:45)
at java.base/java.lang.reflect.Constructor.newInstanceWithCaller(Constructor.java:499)
at java.base/java.lang.reflect.Constructor.newInstance(Constructor.java:480)
at org.openqa.selenium.remote.ErrorCodec.decode(ErrorCodec.java:167)
at org.openqa.selenium.remote.codec.w3c.W3CHttpResponseCodec.decode(W3CHttpResponseCodec.java:138)
at org.openqa.selenium.remote.codec.w3c.W3CHttpResponseCodec.decode(W3CHttpResponseCodec.java:50)
at org.openqa.selenium.remote.HttpCommandExecutor.execute(HttpCommandExecutor.java:190)
at org.openqa.selenium.remote.service.DriverCommandExecutor.invokeExecute(DriverCommandExecutor.java:216)
at org.openqa.selenium.remote.service.DriverCommandExecutor.execute(DriverCommandExecutor.java:174)
at org.openqa.selenium.remote.RemoteWebDriver.execute(RemoteWebDriver.java:545)
at org.openqa.selenium.remote.RemoteWebElement.execute(RemoteWebElement.java:223)
at org.openqa.selenium.remote.RemoteWebElement.click(RemoteWebElement.java:76)
at jdk.internal.reflect.GeneratedMethodAccessor1.invoke(Unknown Source)
at java.base/jdk.internal.reflect.DelegatingMethodAccessorImpl.invoke(DelegatingMethodAccessorImpl.java:43)
at java.base/java.lang.reflect.Method.invoke(Method.java:568)
at org.openqa.selenium.support.pagefactory.internal.LocatingElementHandler.invoke(LocatingElementHandler.java:51)
at jdk.proxy2/jdk.proxy2.$Proxy12.click(Unknown Source)
at Amazon_Project.Final.Amz_HomePage.signin(Amz_HomePage.java:55)
at Amazon_Project.Final.Test11.checkoutProcess(Test11.java:17)
at java.base/jdk.internal.reflect.NativeMethodAccessorImpl.invoke0(Native Method)
at java.base/jdk.internal.reflect.NativeMethodAccessorImpl.invoke(NativeMethodAccessorImpl.java:77)
at java.base/jdk.internal.reflect.DelegatingMethodAccessorImpl.invoke(DelegatingMethodAccessorImpl.java:43)
at java.base/java.lang.reflect.Method.invoke(Method.java:568)
at org.testng.internal.invokers.MethodInvocationHelper.invokeMethod(MethodInvocationHelper.java:141)
at org.testng.internal.invokers.TestInvoker.invokeMethod(TestInvoker.java:686)
at org.testng.internal.invokers.TestInvoker.retryFailed(TestInvoker.java:269)
at org.testng.internal.invokers.MethodRunner.runInSequence(MethodRunner.java:76)
at org.testng.internal.invokers.TestInvoker$MethodInvocationAgent.invoke(TestInvoker.java:992)
at org.testng.internal.invokers.TestInvoker.invokeTestMethods(TestInvoker.java:203)
at org.testng.internal.invokers.TestMethodWorker.invokeTestMethods(TestMethodWorker.java:154)
at org.testng.internal.invokers.TestMethodWorker.run(TestMethodWorker.java:134)
at java.base/java.util.ArrayList.forEach(ArrayList.java:1511)
at org.testng.TestRunner.privateRun(TestRunner.java:739)
at org.testng.TestRunner.run(TestRunner.java:614)
at org.testng.SuiteRunner.runTest(SuiteRunner.java:421)
at org.testng.SuiteRunner.runSequentially(SuiteRunner.java:413)
at org.testng.SuiteRunner.privateRun(SuiteRunner.java:373)
at org.testng.SuiteRunner.run(SuiteRunner.java:312)
at org.testng.SuiteRunnerWorker.runSuite(SuiteRunnerWorker.java:52)
at org.testng.SuiteRunnerWorker.run(SuiteRunnerWorker.java:95)
at org.testng.TestNG.runSuitesSequentially(TestNG.java:1274)
at org.testng.TestNG.runSuitesLocally(TestNG.java:1208)
at org.testng.TestNG.runSuites(TestNG.java:1112)
at org.testng.TestNG.run(TestNG.java:1079)
at org.apache.maven.surefire.testng.TestNGExecutor.run(TestNGExecutor.java:308)
at org.apache.maven.surefire.testng.TestNGXmlTestSuite.execute(TestNGXmlTestSuite.java:71)
at org.apache.maven.surefire.testng.TestNGProvider.invoke(TestNGProvider.java:113)
at org.apache.maven.surefire.booter.ForkedBooter.runSuitesInProcess(ForkedBooter.java:385)
at org.apache.maven.surefire.booter.ForkedBooter.execute(ForkedBooter.java:162)
at org.apache.maven.surefire.booter.ForkedBooter.run(ForkedBooter.java:507)
at org.apache.maven.surefire.booter.ForkedBooter.main(ForkedBooter.java:495)
]]>
            </full-stacktrace>
          </exception> <!-- org.openqa.selenium.ElementNotInteractableException -->
          <reporter-output>
          </reporter-output>
        </test-method> <!-- checkoutProcess -->
        <test-method is-config="true" signature="logout()[pri:0, instance:Amazon_Project.Final.Test11@57a78e3]" started-at="2024-10-24T11:38:05 CDT" name="logout" finished-at="2024-10-24T11:38:11 CDT" duration-ms="6338" status="PASS">
          <reporter-output>
          </reporter-output>
        </test-method> <!-- logout -->
        <test-method is-config="true" signature="launch_browser_login(java.lang.String)[pri:0, instance:Amazon_Project.Final.Test11@57a78e3]" started-at="2024-10-24T11:38:11 CDT" name="launch_browser_login" finished-at="2024-10-24T11:38:16 CDT" duration-ms="5227" status="PASS">
          <params>
            <param index="0">
              <value>
                <![CDATA[edge]]>
              </value>
            </param>
          </params>
          <reporter-output>
          </reporter-output>
        </test-method> <!-- launch_browser_login -->
        <test-method signature="checkoutProcess()[pri:0, instance:Amazon_Project.Final.Test11@57a78e3]" started-at="2024-10-24T11:38:16 CDT" name="checkoutProcess" finished-at="2024-10-24T11:39:27 CDT" duration-ms="71026" status="PASS">
          <reporter-output>
            <line>
              <![CDATA[Test Case 11 passed-Address selected successfully]]>
            </line>
            <line>
              <![CDATA[Test Case 11 passed-Payment type selected successfully]]>
            </line>
            <line>
              <![CDATA[Test Case 11 Passed-Order review successful- Campus Men's OXYFIT (N) BLU/Gry Walking Shoes - 8UK/India 22G-574 displayed on the checkout page]]>
            </line>
          </reporter-output>
        </test-method> <!-- checkoutProcess -->
        <test-method is-config="true" signature="logout()[pri:0, instance:Amazon_Project.Final.Test11@57a78e3]" started-at="2024-10-24T11:39:30 CDT" name="logout" finished-at="2024-10-24T11:39:36 CDT" duration-ms="6448" status="PASS">
          <reporter-output>
          </reporter-output>
        </test-method> <!-- logout -->
      </class> <!-- Amazon_Project.Final.Test11 -->
      <class name="Amazon_Project.Final.Test_2">
        <test-method is-config="true" signature="launch_browser_login(java.lang.String)[pri:0, instance:Amazon_Project.Final.Test_2@16eb3ea3]" started-at="2024-10-24T11:28:40 CDT" name="launch_browser_login" finished-at="2024-10-24T11:28:45 CDT" duration-ms="5140" status="PASS">
          <params>
            <param index="0">
              <value>
                <![CDATA[edge]]>
              </value>
            </param>
          </params>
          <reporter-output>
          </reporter-output>
        </test-method> <!-- launch_browser_login -->
        <test-method signature="login()[pri:0, instance:Amazon_Project.Final.Test_2@16eb3ea3]" started-at="2024-10-24T11:28:45 CDT" name="login" finished-at="2024-10-24T11:28:58 CDT" duration-ms="12830" status="PASS">
          <reporter-output>
            <line>
              <![CDATA[Test Case 2 Passed -Login successful]]>
            </line>
          </reporter-output>
        </test-method> <!-- login -->
        <test-method is-config="true" signature="logout()[pri:0, instance:Amazon_Project.Final.Test_2@16eb3ea3]" started-at="2024-10-24T11:29:01 CDT" name="logout" finished-at="2024-10-24T11:29:07 CDT" duration-ms="6370" status="PASS">
          <reporter-output>
          </reporter-output>
        </test-method> <!-- logout -->
      </class> <!-- Amazon_Project.Final.Test_2 -->
      <class name="Amazon_Project.Final.Test_1">
        <test-method is-config="true" signature="launch_browser_login(java.lang.String)[pri:0, instance:Amazon_Project.Final.Test_1@413d1baf]" started-at="2024-10-24T11:28:13 CDT" name="launch_browser_login" finished-at="2024-10-24T11:28:19 CDT" duration-ms="5373" status="PASS">
          <params>
            <param index="0">
              <value>
                <![CDATA[edge]]>
              </value>
            </param>
          </params>
          <reporter-output>
          </reporter-output>
        </test-method> <!-- launch_browser_login -->
        <test-method signature="newUserRegistration()[pri:0, instance:Amazon_Project.Final.Test_1@413d1baf]" started-at="2024-10-24T11:28:19 CDT" name="newUserRegistration" finished-at="2024-10-24T11:28:32 CDT" duration-ms="13140" status="PASS">
          <reporter-output>
            <line>
              <![CDATA[Test Case 1 Passed-New user registration successful]]>
            </line>
          </reporter-output>
        </test-method> <!-- newUserRegistration -->
        <test-method is-config="true" signature="logout()[pri:0, instance:Amazon_Project.Final.Test_1@413d1baf]" started-at="2024-10-24T11:28:34 CDT" name="logout" finished-at="2024-10-24T11:28:40 CDT" duration-ms="6393" status="PASS">
          <reporter-output>
          </reporter-output>
        </test-method> <!-- logout -->
      </class> <!-- Amazon_Project.Final.Test_1 -->
      <class name="Amazon_Project.Final.Test_4">
        <test-method is-config="true" signature="launch_browser_login(java.lang.String)[pri:0, instance:Amazon_Project.Final.Test_4@33bc72d1]" started-at="2024-10-24T11:29:25 CDT" name="launch_browser_login" finished-at="2024-10-24T11:29:30 CDT" duration-ms="4721" status="PASS">
          <params>
            <param index="0">
              <value>
                <![CDATA[edge]]>
              </value>
            </param>
          </params>
          <reporter-output>
          </reporter-output>
        </test-method> <!-- launch_browser_login -->
        <test-method signature="editprofileinfo()[pri:0, instance:Amazon_Project.Final.Test_4@33bc72d1]" started-at="2024-10-24T11:29:30 CDT" name="editprofileinfo" finished-at="2024-10-24T11:30:02 CDT" duration-ms="32543" status="PASS">
          <reporter-output>
            <line>
              <![CDATA[The original profile name is Sanji0.7443324574849827]]>
            </line>
            <line>
              <![CDATA[Test Case 4 passed-Change profile name successful]]>
            </line>
          </reporter-output>
        </test-method> <!-- editprofileinfo -->
        <test-method is-config="true" signature="logout()[pri:0, instance:Amazon_Project.Final.Test_4@33bc72d1]" started-at="2024-10-24T11:30:05 CDT" name="logout" finished-at="2024-10-24T11:30:11 CDT" duration-ms="6380" status="PASS">
          <reporter-output>
          </reporter-output>
        </test-method> <!-- logout -->
      </class> <!-- Amazon_Project.Final.Test_4 -->
      <class name="Amazon_Project.Final.Test_3">
        <test-method is-config="true" signature="launch_browser_login(java.lang.String)[pri:0, instance:Amazon_Project.Final.Test_3@273444fe]" started-at="2024-10-24T11:29:07 CDT" name="launch_browser_login" finished-at="2024-10-24T11:29:13 CDT" duration-ms="5939" status="PASS">
          <params>
            <param index="0">
              <value>
                <![CDATA[edge]]>
              </value>
            </param>
          </params>
          <reporter-output>
          </reporter-output>
        </test-method> <!-- launch_browser_login -->
        <test-method signature="incorrectlogin()[pri:0, instance:Amazon_Project.Final.Test_3@273444fe]" started-at="2024-10-24T11:29:13 CDT" name="incorrectlogin" finished-at="2024-10-24T11:29:17 CDT" duration-ms="3432" status="PASS">
          <reporter-output>
          </reporter-output>
        </test-method> <!-- incorrectlogin -->
        <test-method is-config="true" signature="logout()[pri:0, instance:Amazon_Project.Final.Test_3@273444fe]" started-at="2024-10-24T11:29:19 CDT" name="logout" finished-at="2024-10-24T11:29:25 CDT" duration-ms="6356" status="PASS">
          <reporter-output>
          </reporter-output>
        </test-method> <!-- logout -->
      </class> <!-- Amazon_Project.Final.Test_3 -->
    </test> <!-- Testing on Edge -->
  </suite> <!-- Suite -->
</testng-results>
